nohup: ignoring input
/venv/waft/lib/python3.12/site-packages/torch/utils/data/dataloader.py:627: UserWarning: This DataLoader will create 32 worker processes in total. Our suggested max number of worker in current system is 20, which is smaller than what this DataLoader is going to create. Please be aware that excessive worker creation might get DataLoader running slow or even freeze, lower the worker number to avoid potential slowness/freeze if necessary.
  warnings.warn(
Training with 22232 image pairs
/venv/waft/lib/python3.12/site-packages/torch/functional.py:505: UserWarning: torch.meshgrid: in an upcoming release, it will be required to pass the indexing argument. (Triggered internally at /pytorch/aten/src/ATen/native/TensorShape.cpp:4317.)
  return _VF.meshgrid(tensors, **kwargs)  # type: ignore[attr-defined]
[000000] Loss: 91.1284, EPE: 25.6173
[000100] Loss: 62.0688, EPE: 26.4633
[000200] Loss: 25.2329, EPE: 24.1789
[000300] Loss: 25.2870, EPE: 25.7083
[000400] Loss: 25.1117, EPE: 25.6246
[000500] Loss: 24.9592, EPE: 25.0036
[000600] Loss: 24.8670, EPE: 25.1705
[000700] Loss: 24.8234, EPE: 24.7996
[000800] Loss: 25.1258, EPE: 25.8484
[000900] Loss: 25.1716, EPE: 26.2661
[001000] Loss: 24.6578, EPE: 25.0684
[001100] Loss: 24.7461, EPE: 24.8587
[001200] Loss: 24.6600, EPE: 24.9963
[001300] Loss: 24.7959, EPE: 25.5829
[001400] Loss: 24.5320, EPE: 25.2836
[001500] Loss: 24.5170, EPE: 24.8809
[001600] Loss: 24.2418, EPE: 23.9846
[001700] Loss: 24.5064, EPE: 25.1016
[001800] Loss: 24.2286, EPE: 24.1826
[001900] Loss: 24.2046, EPE: 24.4005
[002000] Loss: 24.5346, EPE: 25.4723
[002100] Loss: 24.3993, EPE: 24.9098
[002200] Loss: 24.2409, EPE: 24.6830
[002300] Loss: 24.3853, EPE: 25.0646
[002400] Loss: 24.2281, EPE: 24.6980
[002500] Loss: 24.4959, EPE: 24.7890
[002600] Loss: 24.1001, EPE: 24.1486
[002700] Loss: 24.4048, EPE: 24.9678
[002800] Loss: 23.9800, EPE: 23.4733
[002900] Loss: 24.0352, EPE: 23.6094
[003000] Loss: 24.1173, EPE: 24.0362
[003100] Loss: 23.8241, EPE: 23.3131
[003200] Loss: 23.9233, EPE: 23.5958
[003300] Loss: 23.9271, EPE: 23.7128
[003400] Loss: 24.0042, EPE: 23.8028
[003500] Loss: 23.6493, EPE: 22.4165
[003600] Loss: 23.5682, EPE: 21.9617
[003700] Loss: 23.7532, EPE: 22.6055
[003800] Loss: 23.5192, EPE: 21.3906
[003900] Loss: 23.4949, EPE: 21.0255
[004000] Loss: 23.0554, EPE: 20.0131
[004100] Loss: 22.9963, EPE: 19.4229
[004200] Loss: 22.9606, EPE: 18.8114
[004300] Loss: 22.4246, EPE: 17.1272
[004400] Loss: 22.4332, EPE: 17.1683
[004500] Loss: 22.2374, EPE: 16.8176
[004600] Loss: 22.0338, EPE: 15.9635
[004700] Loss: 21.6588, EPE: 14.6835
[004800] Loss: 21.0955, EPE: 13.1301
[004900] Loss: 20.3998, EPE: 11.6933
[005000] Loss: 20.1949, EPE: 11.3864
[005100] Loss: 20.0131, EPE: 10.9220
[005200] Loss: 19.6790, EPE: 10.5513
[005300] Loss: 19.4811, EPE: 10.4528
[005400] Loss: 19.2481, EPE: 9.8541
[005500] Loss: 19.2362, EPE: 10.0094
[005600] Loss: 19.1772, EPE: 10.5363
[005700] Loss: 18.5395, EPE: 8.7932
[005800] Loss: 18.7658, EPE: 9.6452
[005900] Loss: 19.0918, EPE: 10.1164
[006000] Loss: 18.5242, EPE: 9.0623
[006100] Loss: 18.4399, EPE: 9.0555
[006200] Loss: 18.1581, EPE: 8.8665
[006300] Loss: 18.4914, EPE: 9.1051
[006400] Loss: 18.3061, EPE: 9.3796
[006500] Loss: 18.0272, EPE: 8.6157
[006600] Loss: 18.0773, EPE: 9.1704
[006700] Loss: 18.1603, EPE: 9.0303
[006800] Loss: 17.9579, EPE: 9.0614
[006900] Loss: 17.9056, EPE: 9.1427
[007000] Loss: 17.4788, EPE: 8.0919
[007100] Loss: 17.6324, EPE: 8.4530
[007200] Loss: 17.4580, EPE: 8.1218
[007300] Loss: 17.4033, EPE: 8.3474
[007400] Loss: 17.2928, EPE: 7.9475
[007500] Loss: 17.3065, EPE: 8.7616
[007600] Loss: 17.3719, EPE: 8.5222
[007700] Loss: 16.9556, EPE: 7.3579
[007800] Loss: 16.9685, EPE: 7.8414
[007900] Loss: 16.8331, EPE: 7.6062
[008000] Loss: 16.9369, EPE: 7.7792
[008100] Loss: 16.8639, EPE: 8.1393
[008200] Loss: 17.0448, EPE: 8.4165
[008300] Loss: 17.4722, EPE: 8.8671
[008400] Loss: 17.5746, EPE: 9.3131
[008500] Loss: 16.3981, EPE: 7.6742
[008600] Loss: 16.9604, EPE: 8.5371
[008700] Loss: 16.2925, EPE: 6.8737
[008800] Loss: 16.8499, EPE: 8.0704
[008900] Loss: 16.7989, EPE: 7.9770
[009000] Loss: 16.5296, EPE: 7.4906
[009100] Loss: 16.4999, EPE: 7.5975
[009200] Loss: 16.8099, EPE: 8.4933
[009300] Loss: 16.2316, EPE: 7.3870
[009400] Loss: 16.4677, EPE: 7.4272
[009500] Loss: 16.4207, EPE: 7.9460
[009600] Loss: 16.2222, EPE: 7.1760
[009700] Loss: 16.5967, EPE: 8.4288
[009800] Loss: 16.6348, EPE: 8.9952
[009900] Loss: 16.4678, EPE: 7.4786
[010000] Loss: 16.2353, EPE: 7.2919
[010100] Loss: 16.3072, EPE: 7.8449
[010200] Loss: 16.2507, EPE: 7.2168
[010300] Loss: 16.2516, EPE: 8.1401
[010400] Loss: 16.4814, EPE: 7.7611
[010500] Loss: 15.9945, EPE: 7.5130
[010600] Loss: 16.5170, EPE: 8.3476
[010700] Loss: 15.9209, EPE: 7.6769
[010800] Loss: 16.0261, EPE: 7.3754
[010900] Loss: 15.6819, EPE: 7.3673
[011000] Loss: 15.6842, EPE: 6.7209
[011100] Loss: 15.8012, EPE: 7.5651
[011200] Loss: 15.6573, EPE: 7.3999
[011300] Loss: 15.7630, EPE: 7.5314
[011400] Loss: 15.2612, EPE: 6.9861
[011500] Loss: 15.7440, EPE: 7.5428
[011600] Loss: 15.8447, EPE: 8.4931
[011700] Loss: 15.8989, EPE: 7.3671
[011800] Loss: 15.2614, EPE: 6.7209
[011900] Loss: 15.3806, EPE: 6.7698
[012000] Loss: 15.6298, EPE: 7.3571
[012100] Loss: 15.0132, EPE: 6.6824
[012200] Loss: 15.3530, EPE: 7.4326
[012300] Loss: 15.3954, EPE: 7.5013
[012400] Loss: 15.4899, EPE: 7.1286
[012500] Loss: 15.2208, EPE: 6.9402
[012600] Loss: 15.2415, EPE: 6.6453
[012700] Loss: 15.4190, EPE: 6.9453
[012800] Loss: 15.4970, EPE: 7.1915
[012900] Loss: 15.2514, EPE: 7.1637
[013000] Loss: 15.2933, EPE: 6.8678
[013100] Loss: 14.9189, EPE: 5.8534
[013200] Loss: 15.1678, EPE: 7.0416
[013300] Loss: 15.3873, EPE: 7.2538
[013400] Loss: 15.4516, EPE: 8.0022
[013500] Loss: 15.0696, EPE: 7.1004
[013600] Loss: 15.2545, EPE: 7.5827
[013700] Loss: 15.0458, EPE: 7.0663
[013800] Loss: 14.9688, EPE: 6.9826
[013900] Loss: 14.9060, EPE: 6.7921
[014000] Loss: 14.9514, EPE: 6.5000
[014100] Loss: 15.2586, EPE: 7.2453
[014200] Loss: 15.0529, EPE: 6.8857
[014300] Loss: 15.0992, EPE: 7.1775
[014400] Loss: 14.6116, EPE: 6.7083
[014500] Loss: 14.6891, EPE: 6.1644
[014600] Loss: 14.7123, EPE: 6.3883
[014700] Loss: 15.0770, EPE: 6.9129
[014800] Loss: 14.9865, EPE: 7.0512
[014900] Loss: 14.8458, EPE: 6.8558
[015000] Loss: 14.8339, EPE: 6.5687
[015100] Loss: 14.6561, EPE: 6.4307
[015200] Loss: 14.9374, EPE: 7.3031
[015300] Loss: 14.5212, EPE: 6.3474
[015400] Loss: 14.5896, EPE: 6.9210
[015500] Loss: 14.7474, EPE: 6.8619
[015600] Loss: 14.4071, EPE: 6.0974
[015700] Loss: 14.3697, EPE: 5.9458
[015800] Loss: 14.6168, EPE: 7.0980
[015900] Loss: 14.5397, EPE: 6.5888
[016000] Loss: 14.8406, EPE: 6.5578
[016100] Loss: 14.4611, EPE: 6.2683
[016200] Loss: 14.2827, EPE: 6.0538
[016300] Loss: 14.3389, EPE: 6.0562
[016400] Loss: 14.6842, EPE: 7.6919
[016500] Loss: 14.6430, EPE: 6.9910
[016600] Loss: 14.5260, EPE: 6.4886
[016700] Loss: 14.3040, EPE: 6.0467
[016800] Loss: 14.5752, EPE: 6.7801
[016900] Loss: 14.3039, EPE: 5.4915
[017000] Loss: 14.0969, EPE: 5.7307
[017100] Loss: 14.6403, EPE: 7.1722
[017200] Loss: 14.1062, EPE: 5.6827
[017300] Loss: 14.5229, EPE: 7.1672
[017400] Loss: 14.4071, EPE: 6.6275
[017500] Loss: 14.3009, EPE: 6.7058
[017600] Loss: 14.4470, EPE: 6.4142
[017700] Loss: 14.3375, EPE: 6.6719
[017800] Loss: 14.3307, EPE: 6.2898
[017900] Loss: 13.9333, EPE: 5.9484
[018000] Loss: 14.2588, EPE: 6.3236
[018100] Loss: 14.0718, EPE: 6.0464
[018200] Loss: 14.2122, EPE: 5.9675
[018300] Loss: 14.1772, EPE: 5.9767
[018400] Loss: 13.9761, EPE: 5.6067
[018500] Loss: 13.7783, EPE: 5.0438
[018600] Loss: 14.0835, EPE: 5.4402
[018700] Loss: 13.8528, EPE: 5.4336
[018800] Loss: 14.0616, EPE: 6.0592
[018900] Loss: 14.4510, EPE: 6.7110
[019000] Loss: 14.4519, EPE: 7.2735
[019100] Loss: 14.1213, EPE: 6.5491
[019200] Loss: 14.0549, EPE: 5.7632
[019300] Loss: 14.2400, EPE: 6.5526
[019400] Loss: 13.9887, EPE: 5.5337
[019500] Loss: 13.8864, EPE: 5.7261
[019600] Loss: 13.6902, EPE: 5.4531
[019700] Loss: 13.8619, EPE: 5.3494
[019800] Loss: 14.1782, EPE: 6.1426
[019900] Loss: 13.8720, EPE: 5.4943
[020000] Loss: 13.6062, EPE: 5.4817
[020100] Loss: 14.0919, EPE: 5.8342
[020200] Loss: 13.9838, EPE: 5.8135
[020300] Loss: 13.9931, EPE: 5.9149
[020400] Loss: 13.7681, EPE: 5.6726
[020500] Loss: 13.9413, EPE: 5.9547
[020600] Loss: 14.0540, EPE: 6.1239
[020700] Loss: 13.9611, EPE: 5.8789
[020800] Loss: 14.2717, EPE: 6.2273
[020900] Loss: 13.7908, EPE: 5.8891
[021000] Loss: 13.9763, EPE: 5.9263
[021100] Loss: 13.7078, EPE: 5.3796
[021200] Loss: 13.6223, EPE: 5.6976
[021300] Loss: 14.1285, EPE: 6.4764
[021400] Loss: 13.6037, EPE: 5.2735
[021500] Loss: 13.7758, EPE: 6.2119
[021600] Loss: 13.7052, EPE: 6.3529
[021700] Loss: 13.6832, EPE: 5.8256
[021800] Loss: 13.3501, EPE: 4.8830
[021900] Loss: 13.4959, EPE: 5.3802
[022000] Loss: 13.5601, EPE: 5.4309
[022100] Loss: 13.9543, EPE: 6.3424
[022200] Loss: 13.7597, EPE: 6.0944
[022300] Loss: 13.2658, EPE: 5.1717
[022400] Loss: 13.0955, EPE: 4.7495
[022500] Loss: 13.6765, EPE: 5.4320
[022600] Loss: 13.7902, EPE: 6.3057
[022700] Loss: 13.7427, EPE: 5.6832
[022800] Loss: 13.8225, EPE: 5.6546
[022900] Loss: 13.6000, EPE: 5.3204
[023000] Loss: 13.4161, EPE: 5.3288
[023100] Loss: 13.5770, EPE: 5.9182
[023200] Loss: 13.3720, EPE: 5.0821
[023300] Loss: 13.4598, EPE: 5.6586
[023400] Loss: 13.4761, EPE: 5.3855
[023500] Loss: 13.5068, EPE: 5.3444
[023600] Loss: 13.5030, EPE: 5.4853
[023700] Loss: 13.3494, EPE: 5.3672
[023800] Loss: 13.2946, EPE: 5.1886
[023900] Loss: 13.7020, EPE: 5.9203
[024000] Loss: 13.5832, EPE: 5.6853
[024100] Loss: 13.6446, EPE: 5.5306
[024200] Loss: 13.8448, EPE: 5.7551
[024300] Loss: 13.4915, EPE: 5.3183
[024400] Loss: 13.6668, EPE: 5.9226
[024500] Loss: 13.4838, EPE: 5.3124
[024600] Loss: 13.6140, EPE: 5.7910
[024700] Loss: 13.6506, EPE: 6.0550
[024800] Loss: 13.4234, EPE: 5.4341
[024900] Loss: 13.3801, EPE: 5.4937
[025000] Loss: 13.6588, EPE: 6.1681
[025100] Loss: 13.4655, EPE: 5.3634
[025200] Loss: 13.3364, EPE: 5.8131
[025300] Loss: 13.3964, EPE: 5.5757
[025400] Loss: 13.5647, EPE: 5.3881
[025500] Loss: 13.3105, EPE: 5.4944
[025600] Loss: 13.0782, EPE: 4.9572
[025700] Loss: 13.4059, EPE: 5.3456
[025800] Loss: 13.2552, EPE: 5.3283
[025900] Loss: 12.9999, EPE: 4.7252
[026000] Loss: 13.2176, EPE: 4.9527
[026100] Loss: 13.0334, EPE: 5.1452
[026200] Loss: 13.1810, EPE: 5.2606
[026300] Loss: 13.4962, EPE: 5.5290
[026400] Loss: 13.2946, EPE: 4.9548
[026500] Loss: 13.4470, EPE: 5.5637
[026600] Loss: 13.7610, EPE: 5.6637
[026700] Loss: 13.3574, EPE: 5.1707
[026800] Loss: 13.6336, EPE: 5.6845
[026900] Loss: 13.1984, EPE: 4.8532
[027000] Loss: 13.3685, EPE: 5.6577
[027100] Loss: 13.2458, EPE: 5.0366
[027200] Loss: 13.2073, EPE: 5.4300
[027300] Loss: 13.3530, EPE: 5.6575
[027400] Loss: 13.0138, EPE: 4.5926
[027500] Loss: 13.2608, EPE: 5.2011
[027600] Loss: 13.3520, EPE: 5.2851
[027700] Loss: 13.2106, EPE: 5.0887
[027800] Loss: 13.3649, EPE: 5.2977
[027900] Loss: 13.5021, EPE: 5.4809
[028000] Loss: 13.1061, EPE: 5.5099
[028100] Loss: 13.2154, EPE: 5.3962
[028200] Loss: 13.5158, EPE: 5.8097
[028300] Loss: 13.3150, EPE: 5.6133
[028400] Loss: 13.1824, EPE: 5.4122
[028500] Loss: 13.3537, EPE: 5.7967
[028600] Loss: 13.3200, EPE: 5.6319
[028700] Loss: 13.1362, EPE: 4.7440
[028800] Loss: 12.9687, EPE: 4.7511
[028900] Loss: 13.3229, EPE: 5.6387
[029000] Loss: 12.9201, EPE: 4.3972
[029100] Loss: 13.3664, EPE: 5.2656
[029200] Loss: 12.9251, EPE: 4.9686
[029300] Loss: 12.9174, EPE: 4.5884
[029400] Loss: 13.1204, EPE: 5.0923
[029500] Loss: 13.0369, EPE: 5.4087
[029600] Loss: 12.8897, EPE: 4.6009
[029700] Loss: 13.0983, EPE: 5.2915
[029800] Loss: 12.7989, EPE: 4.7141
[029900] Loss: 12.9946, EPE: 5.1919
[030000] Loss: 12.9302, EPE: 4.5834
[030100] Loss: 13.0067, EPE: 5.4009
[030200] Loss: 13.1128, EPE: 4.8814
[030300] Loss: 13.1756, EPE: 5.2065
[030400] Loss: 13.4175, EPE: 6.1989
[030500] Loss: 12.9804, EPE: 4.9653
[030600] Loss: 13.2889, EPE: 5.9645
[030700] Loss: 13.4160, EPE: 5.4799
[030800] Loss: 12.7651, EPE: 4.7076
[030900] Loss: 12.7428, EPE: 4.9307
[031000] Loss: 12.7775, EPE: 4.4908
[031100] Loss: 12.6507, EPE: 4.7393
[031200] Loss: 12.7553, EPE: 4.7413
[031300] Loss: 12.9622, EPE: 5.1054
[031400] Loss: 13.0432, EPE: 5.1742
[031500] Loss: 12.7654, EPE: 4.8133
[031600] Loss: 13.0466, EPE: 5.3855
[031700] Loss: 12.9310, EPE: 5.0911
[031800] Loss: 12.8107, EPE: 5.0472
[031900] Loss: 12.6293, EPE: 4.5016
[032000] Loss: 13.0390, EPE: 5.5185
[032100] Loss: 12.7125, EPE: 4.5793
[032200] Loss: 12.6707, EPE: 4.4895
[032300] Loss: 12.8453, EPE: 4.6216
[032400] Loss: 12.8572, EPE: 4.6893
[032500] Loss: 12.8083, EPE: 5.0068
[032600] Loss: 12.8694, EPE: 4.7392
[032700] Loss: 12.9836, EPE: 5.3785
[032800] Loss: 12.8039, EPE: 4.9653
[032900] Loss: 12.9051, EPE: 5.1349
[033000] Loss: 12.6213, EPE: 4.6957
[033100] Loss: 12.9604, EPE: 5.4083
[033200] Loss: 12.9238, EPE: 5.1192
[033300] Loss: 12.7558, EPE: 4.7057
[033400] Loss: 12.5167, EPE: 4.3051
[033500] Loss: 12.8539, EPE: 4.6656
[033600] Loss: 12.6365, EPE: 4.7046
[033700] Loss: 13.0406, EPE: 5.3844
[033800] Loss: 12.8499, EPE: 4.8875
[033900] Loss: 12.5624, EPE: 4.4826
[034000] Loss: 12.8784, EPE: 5.2731
[034100] Loss: 12.4524, EPE: 4.4123
[034200] Loss: 12.5960, EPE: 4.8750
[034300] Loss: 12.5735, EPE: 4.4627
[034400] Loss: 12.6031, EPE: 4.8066
[034500] Loss: 12.6140, EPE: 4.4186
[034600] Loss: 12.6999, EPE: 4.5718
[034700] Loss: 12.6479, EPE: 4.7178
[034800] Loss: 13.0107, EPE: 5.5380
[034900] Loss: 12.7097, EPE: 4.8405
[035000] Loss: 12.7425, EPE: 4.7348
[035100] Loss: 12.5299, EPE: 4.8425
[035200] Loss: 12.7023, EPE: 4.6403
[035300] Loss: 12.6800, EPE: 4.6894
[035400] Loss: 12.5558, EPE: 4.5785
[035500] Loss: 12.8324, EPE: 5.2154
[035600] Loss: 12.3547, EPE: 4.4834
[035700] Loss: 12.9098, EPE: 5.3078
[035800] Loss: 12.8944, EPE: 4.8497
[035900] Loss: 12.5937, EPE: 4.1440
[036000] Loss: 13.0192, EPE: 5.3407
[036100] Loss: 12.6850, EPE: 5.0704
[036200] Loss: 12.8292, EPE: 5.1234
[036300] Loss: 12.5600, EPE: 4.6720
[036400] Loss: 12.6596, EPE: 5.1018
[036500] Loss: 12.6561, EPE: 4.5246
[036600] Loss: 12.4917, EPE: 4.6804
[036700] Loss: 13.0108, EPE: 5.0218
[036800] Loss: 12.7001, EPE: 4.6149
[036900] Loss: 12.7203, EPE: 4.5650
[037000] Loss: 12.4613, EPE: 5.1510
[037100] Loss: 12.9307, EPE: 5.5872
[037200] Loss: 12.5166, EPE: 4.4899
[037300] Loss: 12.6702, EPE: 5.0379
[037400] Loss: 12.3876, EPE: 4.2393
[037500] Loss: 12.5085, EPE: 4.6078
[037600] Loss: 12.8600, EPE: 5.5771
[037700] Loss: 12.4588, EPE: 4.4225
[037800] Loss: 12.3521, EPE: 4.1204
[037900] Loss: 12.4388, EPE: 4.3632
[038000] Loss: 12.2490, EPE: 4.0450
[038100] Loss: 12.3404, EPE: 4.5330
[038200] Loss: 12.6490, EPE: 5.2022
[038300] Loss: 12.7149, EPE: 5.3269
[038400] Loss: 12.5389, EPE: 4.8708
[038500] Loss: 12.2586, EPE: 4.1435
[038600] Loss: 12.4758, EPE: 4.5476
[038700] Loss: 12.3811, EPE: 4.4299
[038800] Loss: 12.5685, EPE: 4.8841
[038900] Loss: 12.4264, EPE: 4.7633
[039000] Loss: 12.5096, EPE: 4.9361
[039100] Loss: 12.5857, EPE: 4.8376
[039200] Loss: 12.2735, EPE: 4.2345
[039300] Loss: 12.4265, EPE: 4.4315
[039400] Loss: 12.4247, EPE: 4.6651
[039500] Loss: 12.5283, EPE: 4.9025
[039600] Loss: 12.2936, EPE: 4.3093
[039700] Loss: 12.4749, EPE: 4.5080
[039800] Loss: 12.1280, EPE: 4.1438
[039900] Loss: 12.4581, EPE: 4.4983
[040000] Loss: 12.4515, EPE: 4.5132
[040100] Loss: 12.4846, EPE: 4.6009
[040200] Loss: 12.3214, EPE: 4.5193
[040300] Loss: 12.3522, EPE: 4.6267
[040400] Loss: 12.4604, EPE: 4.5486
[040500] Loss: 12.5446, EPE: 4.6602
[040600] Loss: 12.2899, EPE: 4.7452
[040700] Loss: 12.6492, EPE: 4.5890
[040800] Loss: 12.5773, EPE: 5.0936
[040900] Loss: 12.5672, EPE: 5.1213
[041000] Loss: 12.8973, EPE: 5.3093
[041100] Loss: 12.5090, EPE: 5.0111
[041200] Loss: 12.3656, EPE: 4.6165
[041300] Loss: 12.7835, EPE: 4.6888
[041400] Loss: 12.3972, EPE: 5.0198
[041500] Loss: 12.4735, EPE: 4.6333
[041600] Loss: 12.0507, EPE: 3.9618
[041700] Loss: 12.2234, EPE: 4.0904
[041800] Loss: 12.6728, EPE: 4.9947
[041900] Loss: 12.7439, EPE: 5.0173
[042000] Loss: 12.0424, EPE: 4.1233
[042100] Loss: 12.4500, EPE: 4.6716
[042200] Loss: 12.1049, EPE: 3.8227
[042300] Loss: 12.3574, EPE: 4.5489
[042400] Loss: 12.1115, EPE: 3.9431
[042500] Loss: 11.9798, EPE: 3.9828
[042600] Loss: 12.2200, EPE: 4.1189
[042700] Loss: 12.0403, EPE: 4.1466
[042800] Loss: 12.3652, EPE: 4.3312
[042900] Loss: 12.2916, EPE: 4.6735
[043000] Loss: 12.4293, EPE: 4.8813
[043100] Loss: 12.2315, EPE: 4.6588
[043200] Loss: 12.1958, EPE: 4.7031
[043300] Loss: 12.2654, EPE: 5.0227
[043400] Loss: 12.2098, EPE: 4.2389
[043500] Loss: 12.2567, EPE: 4.0415
[043600] Loss: 12.2743, EPE: 4.7372
[043700] Loss: 12.2978, EPE: 4.5201
[043800] Loss: 12.3998, EPE: 5.1661
[043900] Loss: 12.0555, EPE: 4.1314
[044000] Loss: 12.2025, EPE: 4.3587
[044100] Loss: 12.2852, EPE: 4.6189
[044200] Loss: 12.4555, EPE: 4.8245
[044300] Loss: 12.2482, EPE: 4.6021
[044400] Loss: 12.3534, EPE: 4.4984
[044500] Loss: 12.2357, EPE: 4.6686
[044600] Loss: 12.3285, EPE: 4.6386
[044700] Loss: 12.5371, EPE: 4.4681
[044800] Loss: 12.3482, EPE: 4.2462
[044900] Loss: 12.3505, EPE: 4.9521
[045000] Loss: 12.0527, EPE: 4.2615
[045100] Loss: 12.3583, EPE: 4.6572
[045200] Loss: 12.1582, EPE: 4.5190
[045300] Loss: 12.3474, EPE: 4.2987
[045400] Loss: 12.2679, EPE: 4.8778
[045500] Loss: 12.2228, EPE: 4.5364
[045600] Loss: 12.1776, EPE: 4.1015
[045700] Loss: 12.2065, EPE: 4.0702
[045800] Loss: 11.8961, EPE: 4.1136
[045900] Loss: 12.1164, EPE: 4.0424
[046000] Loss: 12.6519, EPE: 5.3722
[046100] Loss: 12.1466, EPE: 4.6197
[046200] Loss: 11.9196, EPE: 3.9341
[046300] Loss: 12.0707, EPE: 4.0626
[046400] Loss: 12.0644, EPE: 4.3283
[046500] Loss: 12.2137, EPE: 4.3528
[046600] Loss: 12.1439, EPE: 4.4882
[046700] Loss: 12.1615, EPE: 4.6200
[046800] Loss: 11.9098, EPE: 4.0182
[046900] Loss: 12.0300, EPE: 4.3171
[047000] Loss: 11.7947, EPE: 3.8644
[047100] Loss: 11.9813, EPE: 4.1598
[047200] Loss: 12.5815, EPE: 5.2845
[047300] Loss: 11.9832, EPE: 4.1397
[047400] Loss: 12.3045, EPE: 4.4127
[047500] Loss: 12.0195, EPE: 4.6366
[047600] Loss: 12.1554, EPE: 4.8314
[047700] Loss: 12.1967, EPE: 4.7879
[047800] Loss: 12.1061, EPE: 4.3028
[047900] Loss: 12.0579, EPE: 4.1681
[048000] Loss: 12.1489, EPE: 5.1242
[048100] Loss: 11.9693, EPE: 3.9129
[048200] Loss: 12.0606, EPE: 4.1695
[048300] Loss: 12.1556, EPE: 4.0736
[048400] Loss: 12.1917, EPE: 4.7042
[048500] Loss: 12.1429, EPE: 4.5351
[048600] Loss: 11.9117, EPE: 4.2621
[048700] Loss: 11.9004, EPE: 4.1454
[048800] Loss: 11.9211, EPE: 4.6516
[048900] Loss: 11.8500, EPE: 3.7348
[049000] Loss: 12.0722, EPE: 4.6591
[049100] Loss: 11.9559, EPE: 3.7868
[049200] Loss: 12.1361, EPE: 4.3856
[049300] Loss: 11.8891, EPE: 4.0180
[049400] Loss: 11.7462, EPE: 3.9518
[049500] Loss: 12.1044, EPE: 4.6629
[049600] Loss: 11.8006, EPE: 4.3333
[049700] Loss: 11.9795, EPE: 3.7947
[049800] Loss: 12.1138, EPE: 4.2674
[049900] Loss: 12.0685, EPE: 4.4624
[050000] Loss: 12.0625, EPE: 4.7106
[050100] Loss: 11.9671, EPE: 4.3754
[050200] Loss: 11.9332, EPE: 4.0774
[050300] Loss: 11.9189, EPE: 4.0960
[050400] Loss: 12.0281, EPE: 4.4527
[050500] Loss: 11.8391, EPE: 4.2040
[050600] Loss: 11.9861, EPE: 4.0830
[050700] Loss: 12.1639, EPE: 4.5896
[050800] Loss: 11.9860, EPE: 4.4713
[050900] Loss: 12.0491, EPE: 4.4131
[051000] Loss: 11.7797, EPE: 4.0358
[051100] Loss: 11.8508, EPE: 4.1870
[051200] Loss: 11.7408, EPE: 3.9221
[051300] Loss: 12.1229, EPE: 4.4383
[051400] Loss: 11.8665, EPE: 4.4947
[051500] Loss: 11.8042, EPE: 3.9412
[051600] Loss: 11.8175, EPE: 4.6605
[051700] Loss: 11.7381, EPE: 4.2726
[051800] Loss: 11.6384, EPE: 3.7407
[051900] Loss: 11.8689, EPE: 4.2982
[052000] Loss: 11.7643, EPE: 4.1131
[052100] Loss: 11.9348, EPE: 4.6324
[052200] Loss: 11.6423, EPE: 4.4883
[052300] Loss: 11.6678, EPE: 3.8615
[052400] Loss: 11.7198, EPE: 3.8992
[052500] Loss: 11.7215, EPE: 3.8438
[052600] Loss: 11.7619, EPE: 4.2158
[052700] Loss: 12.0593, EPE: 4.9152
[052800] Loss: 12.1148, EPE: 4.3753
[052900] Loss: 11.7446, EPE: 4.3020
[053000] Loss: 12.0357, EPE: 5.0892
[053100] Loss: 11.6031, EPE: 3.6970
[053200] Loss: 11.8975, EPE: 4.3640
[053300] Loss: 11.9102, EPE: 4.4776
[053400] Loss: 11.7923, EPE: 4.1544
[053500] Loss: 11.8036, EPE: 3.9323
[053600] Loss: 11.7864, EPE: 4.2253
[053700] Loss: 11.8070, EPE: 4.2987
[053800] Loss: 11.5709, EPE: 3.9978
[053900] Loss: 11.5157, EPE: 3.8315
[054000] Loss: 11.7326, EPE: 3.7513
[054100] Loss: 11.8913, EPE: 4.3984
[054200] Loss: 11.6037, EPE: 4.3453
[054300] Loss: 11.7758, EPE: 3.9992
[054400] Loss: 11.5389, EPE: 3.9035
[054500] Loss: 11.6896, EPE: 3.7948
[054600] Loss: 11.3863, EPE: 3.6237
[054700] Loss: 11.9332, EPE: 4.5969
[054800] Loss: 11.4504, EPE: 4.1802
[054900] Loss: 11.5937, EPE: 3.8371
[055000] Loss: 11.4999, EPE: 3.7316
[055100] Loss: 11.6865, EPE: 4.2415
[055200] Loss: 11.7556, EPE: 3.9877
[055300] Loss: 11.4593, EPE: 3.9014
[055400] Loss: 11.9427, EPE: 4.0694
[055500] Loss: 11.5550, EPE: 3.5550
[055600] Loss: 11.4954, EPE: 3.8933
[055700] Loss: 11.6698, EPE: 3.6907
[055800] Loss: 11.7116, EPE: 3.9863
[055900] Loss: 11.6898, EPE: 3.9417
[056000] Loss: 11.4943, EPE: 3.8335
[056100] Loss: 11.6065, EPE: 4.0138
[056200] Loss: 11.6539, EPE: 3.9707
[056300] Loss: 11.4514, EPE: 3.8352
[056400] Loss: 11.8190, EPE: 4.4224
[056500] Loss: 11.7522, EPE: 4.2311
[056600] Loss: 11.2544, EPE: 3.5598
[056700] Loss: 11.6575, EPE: 3.9187
[056800] Loss: 11.5349, EPE: 4.1014
[056900] Loss: 11.6899, EPE: 4.1730
[057000] Loss: 11.5365, EPE: 3.9359
[057100] Loss: 11.5902, EPE: 4.3114
[057200] Loss: 11.4571, EPE: 4.0320
[057300] Loss: 11.5587, EPE: 4.1596
[057400] Loss: 11.4155, EPE: 3.5446
[057500] Loss: 11.3885, EPE: 3.6456
[057600] Loss: 11.5655, EPE: 3.7108
[057700] Loss: 11.7154, EPE: 4.1754
[057800] Loss: 11.4620, EPE: 3.9927
[057900] Loss: 11.3830, EPE: 3.6250
[058000] Loss: 11.4203, EPE: 3.9589
[058100] Loss: 11.5769, EPE: 3.8872
[058200] Loss: 11.3664, EPE: 3.7024
[058300] Loss: 11.3956, EPE: 3.8641
[058400] Loss: 11.5107, EPE: 4.2137
[058500] Loss: 11.3690, EPE: 3.6637
[058600] Loss: 11.6093, EPE: 4.3263
[058700] Loss: 11.0838, EPE: 3.5205
[058800] Loss: 11.4976, EPE: 4.1083
[058900] Loss: 11.3616, EPE: 3.6835
[059000] Loss: 11.4453, EPE: 3.9247
[059100] Loss: 11.2246, EPE: 3.6865
[059200] Loss: 11.2503, EPE: 3.4603
[059300] Loss: 11.2038, EPE: 3.5801
[059400] Loss: 11.3991, EPE: 4.1153
[059500] Loss: 11.3344, EPE: 4.6936
[059600] Loss: 11.2868, EPE: 3.6198
[059700] Loss: 11.4433, EPE: 4.0415
[059800] Loss: 11.0395, EPE: 3.7356
[059900] Loss: 11.2290, EPE: 3.7431
[060000] Loss: 11.3127, EPE: 3.6147
[060100] Loss: 11.3227, EPE: 3.5826
[060200] Loss: 11.3890, EPE: 3.7006
[060300] Loss: 11.1658, EPE: 3.7054
[060400] Loss: 11.6426, EPE: 3.8605
[060500] Loss: 11.2424, EPE: 3.7483
[060600] Loss: 11.5742, EPE: 4.2523
[060700] Loss: 11.2253, EPE: 3.5967
[060800] Loss: 11.3671, EPE: 3.8588
[060900] Loss: 11.2910, EPE: 3.9934
[061000] Loss: 11.3303, EPE: 4.1984
[061100] Loss: 11.2762, EPE: 4.0270
[061200] Loss: 11.1719, EPE: 4.2225
[061300] Loss: 10.9164, EPE: 3.4056
[061400] Loss: 11.3961, EPE: 4.0290
[061500] Loss: 11.3181, EPE: 4.0121
[061600] Loss: 11.2060, EPE: 3.9333
[061700] Loss: 11.3013, EPE: 3.7981
[061800] Loss: 11.1418, EPE: 3.9663
[061900] Loss: 11.0599, EPE: 3.7984
[062000] Loss: 11.2583, EPE: 4.1071
[062100] Loss: 11.0518, EPE: 3.6826
[062200] Loss: 11.2713, EPE: 4.4050
[062300] Loss: 11.2576, EPE: 3.8777
[062400] Loss: 11.2692, EPE: 4.4545
[062500] Loss: 11.0346, EPE: 3.9360
[062600] Loss: 11.2354, EPE: 3.9304
[062700] Loss: 11.0593, EPE: 3.6876
[062800] Loss: 10.9503, EPE: 3.6036
[062900] Loss: 11.0562, EPE: 3.9314
[063000] Loss: 10.8906, EPE: 3.6284
[063100] Loss: 10.9112, EPE: 4.0031
[063200] Loss: 11.0618, EPE: 4.1324
[063300] Loss: 11.0680, EPE: 3.8357
[063400] Loss: 10.9453, EPE: 3.5945
[063500] Loss: 11.2805, EPE: 4.0320
[063600] Loss: 10.7143, EPE: 3.2579
[063700] Loss: 11.2185, EPE: 3.9114
[063800] Loss: 10.9427, EPE: 3.6479
[063900] Loss: 10.8054, EPE: 3.5812
[064000] Loss: 10.8739, EPE: 3.5809
[064100] Loss: 10.6415, EPE: 3.3211
[064200] Loss: 11.0771, EPE: 3.7379
[064300] Loss: 11.1729, EPE: 4.3241
[064400] Loss: 10.5802, EPE: 3.0975
[064500] Loss: 10.8710, EPE: 3.8834
[064600] Loss: 10.6763, EPE: 3.4197
[064700] Loss: 10.8034, EPE: 3.6915
[064800] Loss: 10.8315, EPE: 3.9632
[064900] Loss: 10.9519, EPE: 4.0756
[065000] Loss: 10.7432, EPE: 3.7649
[065100] Loss: 10.6529, EPE: 3.3757
[065200] Loss: 10.7090, EPE: 3.3244
[065300] Loss: 10.7117, EPE: 3.4710
[065400] Loss: 10.7272, EPE: 3.5632
[065500] Loss: 10.9921, EPE: 3.8050
[065600] Loss: 10.6516, EPE: 3.4500
[065700] Loss: 10.7037, EPE: 3.3641
[065800] Loss: 10.7794, EPE: 3.6780
[065900] Loss: 10.6152, EPE: 3.3633
[066000] Loss: 10.8852, EPE: 3.6778
[066100] Loss: 10.6710, EPE: 3.8418
[066200] Loss: 10.5300, EPE: 3.4338
[066300] Loss: 10.6741, EPE: 3.6872
[066400] Loss: 11.1499, EPE: 4.7868
[066500] Loss: 10.5706, EPE: 3.5927
[066600] Loss: 11.1764, EPE: 4.7446
[066700] Loss: 10.7131, EPE: 3.6824
[066800] Loss: 10.5504, EPE: 3.4410
[066900] Loss: 10.6320, EPE: 3.6078
[067000] Loss: 10.9340, EPE: 4.1231
[067100] Loss: 10.5273, EPE: 3.4093
[067200] Loss: 10.6654, EPE: 3.6125
[067300] Loss: 10.8516, EPE: 3.8443
[067400] Loss: 10.8066, EPE: 3.5557
[067500] Loss: 10.7733, EPE: 4.0550
[067600] Loss: 10.6844, EPE: 3.7736
[067700] Loss: 10.7305, EPE: 3.8518
[067800] Loss: 10.5559, EPE: 3.7001
[067900] Loss: 10.4244, EPE: 3.1730
[068000] Loss: 10.9696, EPE: 4.1577
[068100] Loss: 10.8744, EPE: 4.1121
[068200] Loss: 10.6243, EPE: 3.8104
[068300] Loss: 10.7100, EPE: 3.8311
[068400] Loss: 10.5619, EPE: 3.3663
[068500] Loss: 10.6103, EPE: 3.2699
[068600] Loss: 10.4778, EPE: 3.3520
[068700] Loss: 11.0505, EPE: 4.3195
[068800] Loss: 11.1489, EPE: 4.4807
[068900] Loss: 10.5659, EPE: 3.6047
[069000] Loss: 10.9155, EPE: 4.3179
[069100] Loss: 10.7014, EPE: 3.8944
[069200] Loss: 10.6177, EPE: 3.6177
[069300] Loss: 10.5140, EPE: 3.6279
[069400] Loss: 10.3979, EPE: 3.3720
[069500] Loss: 10.4337, EPE: 3.4480
[069600] Loss: 10.4803, EPE: 3.4064
[069700] Loss: 10.3874, EPE: 3.6220
[069800] Loss: 10.4840, EPE: 3.7746
[069900] Loss: 10.4004, EPE: 3.3773
[070000] Loss: 10.3326, EPE: 3.2978
[070100] Loss: 10.6201, EPE: 3.7100
[070200] Loss: 10.6659, EPE: 3.4957
[070300] Loss: 10.5598, EPE: 3.7235
[070400] Loss: 10.5641, EPE: 3.9910
[070500] Loss: 10.7437, EPE: 3.8297
[070600] Loss: 10.3347, EPE: 3.2509
[070700] Loss: 10.2452, EPE: 3.4749
[070800] Loss: 10.5489, EPE: 3.7795
[070900] Loss: 10.4381, EPE: 3.5617
[071000] Loss: 10.4771, EPE: 3.3037
[071100] Loss: 10.5269, EPE: 3.6416
[071200] Loss: 10.3295, EPE: 3.3690
[071300] Loss: 10.1791, EPE: 3.1423
[071400] Loss: 10.0165, EPE: 3.1076
[071500] Loss: 10.3605, EPE: 3.4368
[071600] Loss: 10.5251, EPE: 3.5221
[071700] Loss: 10.6783, EPE: 3.6445
[071800] Loss: 10.3518, EPE: 3.4814
[071900] Loss: 10.4829, EPE: 3.4606
[072000] Loss: 10.4275, EPE: 3.8519
[072100] Loss: 10.6799, EPE: 3.9371
[072200] Loss: 10.5729, EPE: 3.5805
[072300] Loss: 10.3767, EPE: 3.2527
[072400] Loss: 10.5386, EPE: 3.9005
[072500] Loss: 10.5283, EPE: 3.6526
[072600] Loss: 10.6200, EPE: 3.8609
[072700] Loss: 10.4385, EPE: 3.4400
[072800] Loss: 10.5102, EPE: 3.5663
[072900] Loss: 10.3007, EPE: 3.2636
[073000] Loss: 10.4367, EPE: 3.4862
[073100] Loss: 10.7443, EPE: 4.1177
[073200] Loss: 10.2457, EPE: 3.0656
[073300] Loss: 10.4145, EPE: 3.3829
[073400] Loss: 10.5320, EPE: 3.7870
[073500] Loss: 10.4863, EPE: 3.8883
[073600] Loss: 10.1946, EPE: 3.1139
[073700] Loss: 10.4012, EPE: 3.8463
[073800] Loss: 10.5156, EPE: 3.7516
[073900] Loss: 10.3247, EPE: 3.5451
[074000] Loss: 10.4716, EPE: 3.9236
[074100] Loss: 10.4875, EPE: 3.9519
[074200] Loss: 10.3887, EPE: 3.3594
[074300] Loss: 10.3788, EPE: 4.1528
[074400] Loss: 10.4326, EPE: 3.5533
[074500] Loss: 10.3920, EPE: 3.2628
[074600] Loss: 10.2355, EPE: 3.0871
[074700] Loss: 10.2344, EPE: 3.5416
[074800] Loss: 10.3240, EPE: 3.6070
[074900] Loss: 10.6584, EPE: 3.7110
[075000] Loss: 10.3575, EPE: 3.4583
[075100] Loss: 10.3887, EPE: 3.8667
[075200] Loss: 10.2733, EPE: 3.2553
[075300] Loss: 10.5494, EPE: 3.9082
[075400] Loss: 10.0366, EPE: 3.1399
[075500] Loss: 10.1249, EPE: 3.5639
[075600] Loss: 10.3865, EPE: 3.7276
[075700] Loss: 10.2329, EPE: 3.4413
[075800] Loss: 10.2550, EPE: 3.8727
[075900] Loss: 10.1793, EPE: 3.4986
[076000] Loss: 10.5296, EPE: 3.8031
[076100] Loss: 10.2126, EPE: 3.3401
[076200] Loss: 10.3409, EPE: 3.8495
[076300] Loss: 10.3506, EPE: 3.3327
[076400] Loss: 10.3966, EPE: 3.4825
[076500] Loss: 10.4199, EPE: 4.1514
[076600] Loss: 10.4023, EPE: 3.6048
[076700] Loss: 10.2003, EPE: 3.1369
[076800] Loss: 10.4782, EPE: 3.5319
[076900] Loss: 10.2980, EPE: 3.4546
[077000] Loss: 10.2118, EPE: 3.1802
[077100] Loss: 10.4057, EPE: 3.7250
[077200] Loss: 10.1763, EPE: 3.7085
[077300] Loss: 10.2915, EPE: 3.7421
[077400] Loss: 10.2857, EPE: 3.5244
[077500] Loss: 10.2747, EPE: 3.4987
[077600] Loss: 10.1410, EPE: 3.4087
[077700] Loss: 10.2110, EPE: 3.3059
[077800] Loss: 10.4559, EPE: 3.4779
[077900] Loss: 10.3690, EPE: 4.0041
[078000] Loss: 10.1688, EPE: 3.2695
[078100] Loss: 10.1714, EPE: 3.1876
[078200] Loss: 10.3353, EPE: 3.5239
[078300] Loss: 10.4783, EPE: 3.4989
[078400] Loss: 10.1932, EPE: 3.3021
[078500] Loss: 10.2867, EPE: 3.8201
[078600] Loss: 10.2691, EPE: 3.4484
[078700] Loss: 10.1772, EPE: 3.5795
[078800] Loss: 10.2269, EPE: 3.6211
[078900] Loss: 10.0836, EPE: 3.2704
[079000] Loss: 10.3279, EPE: 3.4681
[079100] Loss: 10.3054, EPE: 3.5516
[079200] Loss: 10.1585, EPE: 3.2477
[079300] Loss: 10.1981, EPE: 3.5121
[079400] Loss: 10.1370, EPE: 3.5577
[079500] Loss: 10.3636, EPE: 3.4813
[079600] Loss: 10.2277, EPE: 3.3027
[079700] Loss: 10.4495, EPE: 3.5952
[079800] Loss: 10.0987, EPE: 3.6070
[079900] Loss: 10.0600, EPE: 3.1829
[080000] Loss: 10.1055, EPE: 3.2409
[080100] Loss: 10.0056, EPE: 3.2528
[080200] Loss: 10.3366, EPE: 3.6390
[080300] Loss: 10.1274, EPE: 3.4242
[080400] Loss: 10.3014, EPE: 3.6696
[080500] Loss: 10.1711, EPE: 3.3793
[080600] Loss: 10.3000, EPE: 3.7007
[080700] Loss: 9.9986, EPE: 3.2057
[080800] Loss: 10.1264, EPE: 3.1339
[080900] Loss: 10.2848, EPE: 3.3071
[081000] Loss: 10.2262, EPE: 3.5903
[081100] Loss: 10.2738, EPE: 3.5260
[081200] Loss: 10.2184, EPE: 3.4410
[081300] Loss: 10.1598, EPE: 3.5512
[081400] Loss: 10.1192, EPE: 3.4677
[081500] Loss: 10.0653, EPE: 3.3078
[081600] Loss: 10.3710, EPE: 3.7044
[081700] Loss: 9.9659, EPE: 3.5834
[081800] Loss: 9.9229, EPE: 2.9935
[081900] Loss: 10.3392, EPE: 3.8939
[082000] Loss: 10.2179, EPE: 3.5064
[082100] Loss: 10.1758, EPE: 3.5544
[082200] Loss: 10.1144, EPE: 3.2803
[082300] Loss: 10.2618, EPE: 3.9025
[082400] Loss: 10.3002, EPE: 3.6476
[082500] Loss: 10.2572, EPE: 3.3454
[082600] Loss: 10.3268, EPE: 3.7862
[082700] Loss: 10.1848, EPE: 3.5520
[082800] Loss: 10.2606, EPE: 3.4331
[082900] Loss: 10.0587, EPE: 3.4055
[083000] Loss: 9.8516, EPE: 3.2080
[083100] Loss: 9.9992, EPE: 3.1808
[083200] Loss: 10.1626, EPE: 3.6868
[083300] Loss: 10.0270, EPE: 3.5942
[083400] Loss: 9.9520, EPE: 3.1390
[083500] Loss: 9.9346, EPE: 3.0349
[083600] Loss: 10.2292, EPE: 3.5366
[083700] Loss: 10.1919, EPE: 3.4361
[083800] Loss: 10.2165, EPE: 3.8722
[083900] Loss: 10.1874, EPE: 3.4723
[084000] Loss: 10.2111, EPE: 3.4132
[084100] Loss: 10.2242, EPE: 3.2788
[084200] Loss: 9.7370, EPE: 2.8343
[084300] Loss: 9.9399, EPE: 3.1541
[084400] Loss: 9.9520, EPE: 3.3806
[084500] Loss: 9.8535, EPE: 3.2820
[084600] Loss: 10.0446, EPE: 3.2683
[084700] Loss: 10.1639, EPE: 3.9440
[084800] Loss: 9.9927, EPE: 3.5164
[084900] Loss: 10.1802, EPE: 3.6502
[085000] Loss: 10.0916, EPE: 3.7191
[085100] Loss: 10.0338, EPE: 3.3069
[085200] Loss: 10.0899, EPE: 3.5640
[085300] Loss: 10.0545, EPE: 3.5219
[085400] Loss: 9.9640, EPE: 3.0664
[085500] Loss: 10.2532, EPE: 3.9265
[085600] Loss: 10.1585, EPE: 3.2738
[085700] Loss: 9.8326, EPE: 3.0655
[085800] Loss: 9.8579, EPE: 3.6167
[085900] Loss: 10.2040, EPE: 3.5587
[086000] Loss: 10.0601, EPE: 3.4923
[086100] Loss: 10.1312, EPE: 3.2901
[086200] Loss: 10.1990, EPE: 3.4326
[086300] Loss: 10.3046, EPE: 4.1881
[086400] Loss: 10.0002, EPE: 3.4053
[086500] Loss: 9.9405, EPE: 3.3117
[086600] Loss: 10.2417, EPE: 3.6557
[086700] Loss: 10.0057, EPE: 3.3230
[086800] Loss: 9.7575, EPE: 3.1303
[086900] Loss: 9.8930, EPE: 3.0099
[087000] Loss: 9.6961, EPE: 3.1379
[087100] Loss: 10.1633, EPE: 3.7765
[087200] Loss: 10.0986, EPE: 3.8290
[087300] Loss: 9.8461, EPE: 3.1281
[087400] Loss: 9.9423, EPE: 3.1804
[087500] Loss: 10.0664, EPE: 3.1812
[087600] Loss: 9.9437, EPE: 3.1086
[087700] Loss: 9.7891, EPE: 3.4583
[087800] Loss: 9.8697, EPE: 3.0833
[087900] Loss: 10.1089, EPE: 3.7072
[088000] Loss: 9.9627, EPE: 3.4596
[088100] Loss: 9.9637, EPE: 3.1160
[088200] Loss: 9.9041, EPE: 3.2892
[088300] Loss: 9.9638, EPE: 3.3222
[088400] Loss: 10.0074, EPE: 3.2612
[088500] Loss: 9.8688, EPE: 3.1754
[088600] Loss: 9.9439, EPE: 3.1963
[088700] Loss: 10.2640, EPE: 3.5112
[088800] Loss: 10.2632, EPE: 3.7879
[088900] Loss: 9.8740, EPE: 3.2954
[089000] Loss: 9.8105, EPE: 3.0940
[089100] Loss: 10.0507, EPE: 3.4986
[089200] Loss: 9.9793, EPE: 3.4772
[089300] Loss: 9.8952, EPE: 3.4430
[089400] Loss: 9.9267, EPE: 3.2785
[089500] Loss: 9.9060, EPE: 3.1586
[089600] Loss: 9.9155, EPE: 3.1780
[089700] Loss: 9.8454, EPE: 3.1487
[089800] Loss: 9.9923, EPE: 3.8398
[089900] Loss: 9.9809, EPE: 3.1824
[090000] Loss: 10.2034, EPE: 3.6389
[090100] Loss: 10.0190, EPE: 3.2803
[090200] Loss: 9.9223, EPE: 3.2267
[090300] Loss: 10.2217, EPE: 3.7752
[090400] Loss: 10.0287, EPE: 3.3921
[090500] Loss: 9.7883, EPE: 3.0036
[090600] Loss: 10.1574, EPE: 3.4535
[090700] Loss: 9.9444, EPE: 3.0969
[090800] Loss: 9.8839, EPE: 3.1087
[090900] Loss: 9.7038, EPE: 3.0376
[091000] Loss: 10.1217, EPE: 3.7820
[091100] Loss: 9.8584, EPE: 2.8761
[091200] Loss: 10.1820, EPE: 3.3337
[091300] Loss: 9.9313, EPE: 3.5537
[091400] Loss: 9.8363, EPE: 3.0234
[091500] Loss: 9.8895, EPE: 3.4553
[091600] Loss: 9.7801, EPE: 3.2760
[091700] Loss: 9.8093, EPE: 3.0907
[091800] Loss: 10.0291, EPE: 3.6641
[091900] Loss: 9.8620, EPE: 3.1987
[092000] Loss: 10.0488, EPE: 3.3732
[092100] Loss: 9.8434, EPE: 2.9719
[092200] Loss: 9.9557, EPE: 3.1569
[092300] Loss: 10.0883, EPE: 3.3390
[092400] Loss: 9.8685, EPE: 3.2443
[092500] Loss: 9.8735, EPE: 3.1874
[092600] Loss: 9.9259, EPE: 3.7297
[092700] Loss: 9.9119, EPE: 3.6870
[092800] Loss: 9.8473, EPE: 3.3480
[092900] Loss: 9.8124, EPE: 3.4105
[093000] Loss: 9.8128, EPE: 2.9696
[093100] Loss: 9.7559, EPE: 2.9370
[093200] Loss: 10.0575, EPE: 3.6029
[093300] Loss: 9.9282, EPE: 3.2291
[093400] Loss: 10.1336, EPE: 3.7502
[093500] Loss: 9.9008, EPE: 3.4749
[093600] Loss: 9.9298, EPE: 3.2540
[093700] Loss: 9.6794, EPE: 3.0002
[093800] Loss: 9.7611, EPE: 3.1210
[093900] Loss: 9.8836, EPE: 3.0161
[094000] Loss: 9.7970, EPE: 3.1763
[094100] Loss: 9.9689, EPE: 3.3734
[094200] Loss: 9.8397, EPE: 3.1885
[094300] Loss: 9.8880, EPE: 3.2585
[094400] Loss: 10.0256, EPE: 3.6876
[094500] Loss: 9.8052, EPE: 3.1735
[094600] Loss: 9.7912, EPE: 3.2676
[094700] Loss: 9.8378, EPE: 3.1651
[094800] Loss: 9.5898, EPE: 3.1709
[094900] Loss: 9.6452, EPE: 3.1442
[095000] Loss: 9.9429, EPE: 3.4762
[095100] Loss: 9.7208, EPE: 3.2163
[095200] Loss: 9.7771, EPE: 3.1106
[095300] Loss: 9.8711, EPE: 3.3986
[095400] Loss: 10.0038, EPE: 3.1861
[095500] Loss: 9.7514, EPE: 3.4089
[095600] Loss: 9.7392, EPE: 3.0447
[095700] Loss: 9.9644, EPE: 3.4869
[095800] Loss: 9.7933, EPE: 3.3821
[095900] Loss: 9.8178, EPE: 3.0569
[096000] Loss: 9.7643, EPE: 3.2124
[096100] Loss: 9.9196, EPE: 3.1232
[096200] Loss: 9.6341, EPE: 2.9602
[096300] Loss: 9.5861, EPE: 2.8781
[096400] Loss: 9.6825, EPE: 3.2367
[096500] Loss: 9.9347, EPE: 3.2643
[096600] Loss: 9.7112, EPE: 3.1018
[096700] Loss: 9.7106, EPE: 3.1968
[096800] Loss: 9.8511, EPE: 3.0850
[096900] Loss: 9.7623, EPE: 3.2526
[097000] Loss: 9.7406, EPE: 3.1602
[097100] Loss: 9.9001, EPE: 3.4148
[097200] Loss: 9.6774, EPE: 3.2118
[097300] Loss: 9.6023, EPE: 2.8311
[097400] Loss: 9.7073, EPE: 3.2388
[097500] Loss: 9.7617, EPE: 2.9542
[097600] Loss: 9.8078, EPE: 3.2064
[097700] Loss: 10.0155, EPE: 3.4397
[097800] Loss: 9.8151, EPE: 3.1790
[097900] Loss: 9.7763, EPE: 3.1989
[098000] Loss: 9.9073, EPE: 3.6144
[098100] Loss: 10.0100, EPE: 3.8748
[098200] Loss: 9.8322, EPE: 3.2564
[098300] Loss: 9.6702, EPE: 3.1461
[098400] Loss: 9.6888, EPE: 3.1887
[098500] Loss: 9.8820, EPE: 3.3733
[098600] Loss: 9.8204, EPE: 3.3811
[098700] Loss: 9.8013, EPE: 3.3196
[098800] Loss: 9.9214, EPE: 3.5778
[098900] Loss: 9.5645, EPE: 2.8716
[099000] Loss: 9.5083, EPE: 2.9526
[099100] Loss: 9.7389, EPE: 2.8509
[099200] Loss: 9.8833, EPE: 3.1484
[099300] Loss: 9.6576, EPE: 2.9412
[099400] Loss: 9.5859, EPE: 3.0696
[099500] Loss: 9.9448, EPE: 3.3194
[099600] Loss: 9.6909, EPE: 3.3069
[099700] Loss: 9.4993, EPE: 3.0010
[099800] Loss: 9.7997, EPE: 3.3918
[099900] Loss: 9.7844, EPE: 3.2645
[100000] Loss: 9.7328, EPE: 3.1852
[100100] Loss: 9.5523, EPE: 2.8811
[100200] Loss: 9.7851, EPE: 3.1684
[100300] Loss: 9.5692, EPE: 2.8799
[100400] Loss: 9.7803, EPE: 3.4814
[100500] Loss: 9.7183, EPE: 3.0253
[100600] Loss: 9.7784, EPE: 3.0458
[100700] Loss: 9.6231, EPE: 3.1237
[100800] Loss: 9.5518, EPE: 3.6276
[100900] Loss: 9.6883, EPE: 3.5328
[101000] Loss: 9.8107, EPE: 3.4581
[101100] Loss: 9.8190, EPE: 3.5657
[101200] Loss: 9.8395, EPE: 3.1601
[101300] Loss: 9.7502, EPE: 3.3623
[101400] Loss: 9.8639, EPE: 3.4915
[101500] Loss: 9.7272, EPE: 3.2872
[101600] Loss: 9.8113, EPE: 3.2877
[101700] Loss: 9.7218, EPE: 3.4725
[101800] Loss: 9.6142, EPE: 3.3262
[101900] Loss: 9.6208, EPE: 3.1607
[102000] Loss: 9.5320, EPE: 3.1982
[102100] Loss: 9.7974, EPE: 3.3113
[102200] Loss: 9.6887, EPE: 3.2627
[102300] Loss: 9.2607, EPE: 2.5316
[102400] Loss: 9.5328, EPE: 3.0243
[102500] Loss: 9.7443, EPE: 3.2272
[102600] Loss: 9.5732, EPE: 2.8543
[102700] Loss: 9.6466, EPE: 3.0252
[102800] Loss: 9.7839, EPE: 3.2125
[102900] Loss: 9.7329, EPE: 2.9328
[103000] Loss: 9.7767, EPE: 3.2573
[103100] Loss: 9.6524, EPE: 3.0901
[103200] Loss: 9.5034, EPE: 2.7667
[103300] Loss: 9.5316, EPE: 2.7916
[103400] Loss: 9.6054, EPE: 3.2105
[103500] Loss: 9.7324, EPE: 3.1342
[103600] Loss: 9.8711, EPE: 3.6239
[103700] Loss: 9.5296, EPE: 3.1372
[103800] Loss: 9.5257, EPE: 3.1364
[103900] Loss: 9.9262, EPE: 3.3483
[104000] Loss: 9.5334, EPE: 2.9515
[104100] Loss: 9.5069, EPE: 2.9969
[104200] Loss: 9.5603, EPE: 2.8969
[104300] Loss: 9.6602, EPE: 3.3826
[104400] Loss: 9.5332, EPE: 2.7553
[104500] Loss: 9.5994, EPE: 3.2397
[104600] Loss: 9.9397, EPE: 3.5498
[104700] Loss: 9.8899, EPE: 3.6738
[104800] Loss: 9.3598, EPE: 2.8208
[104900] Loss: 9.6968, EPE: 3.3584
[105000] Loss: 9.4907, EPE: 3.0276
[105100] Loss: 9.6274, EPE: 3.3062
[105200] Loss: 9.6329, EPE: 3.1247
[105300] Loss: 9.5319, EPE: 2.9775
[105400] Loss: 9.5294, EPE: 3.0077
[105500] Loss: 9.5631, EPE: 3.0928
[105600] Loss: 9.6430, EPE: 3.0505
[105700] Loss: 9.3817, EPE: 2.6245
[105800] Loss: 9.5381, EPE: 3.2998
[105900] Loss: 9.6456, EPE: 3.1316
[106000] Loss: 9.7770, EPE: 3.6917
[106100] Loss: 9.5075, EPE: 2.7140
[106200] Loss: 9.5191, EPE: 2.9414
[106300] Loss: 9.4975, EPE: 3.0891
[106400] Loss: 9.5523, EPE: 3.2409
[106500] Loss: 9.6070, EPE: 3.1365
[106600] Loss: 9.5446, EPE: 3.2941
[106700] Loss: 9.5667, EPE: 3.0333
[106800] Loss: 9.5360, EPE: 2.8267
[106900] Loss: 9.6284, EPE: 3.2231
[107000] Loss: 10.0138, EPE: 3.7638
[107100] Loss: 9.5451, EPE: 2.8988
[107200] Loss: 9.5147, EPE: 2.8271
[107300] Loss: 9.3971, EPE: 2.7252
[107400] Loss: 9.5386, EPE: 3.0704
[107500] Loss: 9.6213, EPE: 3.0372
[107600] Loss: 9.6610, EPE: 3.4663
[107700] Loss: 9.5484, EPE: 3.6425
[107800] Loss: 9.5639, EPE: 2.9656
[107900] Loss: 9.5183, EPE: 3.1425
[108000] Loss: 9.5420, EPE: 3.0811
[108100] Loss: 9.5698, EPE: 3.0167
[108200] Loss: 9.4882, EPE: 2.8359
[108300] Loss: 9.4935, EPE: 3.0019
[108400] Loss: 9.7354, EPE: 3.3274
[108500] Loss: 9.6323, EPE: 3.2274
[108600] Loss: 9.6560, EPE: 3.0436
[108700] Loss: 9.6503, EPE: 3.0154
[108800] Loss: 9.5340, EPE: 2.7632
[108900] Loss: 9.4516, EPE: 2.9121
[109000] Loss: 9.8486, EPE: 3.6440
[109100] Loss: 9.6019, EPE: 3.1743
[109200] Loss: 9.5938, EPE: 2.9593
[109300] Loss: 9.5976, EPE: 3.2274
[109400] Loss: 9.5863, EPE: 3.1689
[109500] Loss: 9.4853, EPE: 2.8691
[109600] Loss: 9.6079, EPE: 3.7485
[109700] Loss: 9.5173, EPE: 2.7039
[109800] Loss: 9.7453, EPE: 3.7622
[109900] Loss: 9.4899, EPE: 2.9376
[110000] Loss: 9.5649, EPE: 2.8933
[110100] Loss: 9.2568, EPE: 2.9645
[110200] Loss: 9.4167, EPE: 2.8407
[110300] Loss: 9.6013, EPE: 3.0904
[110400] Loss: 9.4970, EPE: 3.2396
[110500] Loss: 9.1606, EPE: 2.7386
[110600] Loss: 9.3042, EPE: 2.7120
[110700] Loss: 9.5625, EPE: 3.3059
[110800] Loss: 9.5829, EPE: 3.2295
[110900] Loss: 9.2924, EPE: 3.0427
[111000] Loss: 9.5627, EPE: 3.3970
[111100] Loss: 9.4293, EPE: 2.9798
[111200] Loss: 9.3643, EPE: 3.1605
[111300] Loss: 9.5169, EPE: 3.4909
[111400] Loss: 9.4569, EPE: 2.9047
[111500] Loss: 9.3277, EPE: 2.7674
[111600] Loss: 9.2587, EPE: 2.9616
[111700] Loss: 9.5082, EPE: 3.3179
[111800] Loss: 9.3715, EPE: 3.1466
[111900] Loss: 9.5483, EPE: 3.1523
[112000] Loss: 9.4626, EPE: 3.0952
[112100] Loss: 9.5329, EPE: 3.0817
[112200] Loss: 9.4708, EPE: 2.8344
[112300] Loss: 9.5313, EPE: 3.0369
[112400] Loss: 9.5627, EPE: 3.0512
[112500] Loss: 9.4367, EPE: 3.0766
[112600] Loss: 9.5459, EPE: 3.0548
[112700] Loss: 9.5414, EPE: 3.2547
[112800] Loss: 9.1605, EPE: 2.5868
[112900] Loss: 9.3231, EPE: 3.0376
[113000] Loss: 9.4601, EPE: 2.8626
[113100] Loss: 9.6812, EPE: 3.2736
[113200] Loss: 9.5038, EPE: 3.1283
[113300] Loss: 9.5177, EPE: 3.2537
[113400] Loss: 9.5056, EPE: 3.0829
[113500] Loss: 9.4736, EPE: 2.8950
[113600] Loss: 9.4175, EPE: 2.9265
[113700] Loss: 9.3910, EPE: 3.0924
[113800] Loss: 9.3739, EPE: 2.7323
[113900] Loss: 9.8644, EPE: 3.6919
[114000] Loss: 9.2373, EPE: 2.9884
[114100] Loss: 9.4024, EPE: 3.0343
[114200] Loss: 9.5424, EPE: 3.3546
[114300] Loss: 9.1992, EPE: 2.6723
[114400] Loss: 9.2784, EPE: 2.8112
[114500] Loss: 9.3350, EPE: 2.8679
[114600] Loss: 9.2171, EPE: 2.6230
[114700] Loss: 9.3847, EPE: 3.2195
[114800] Loss: 9.5931, EPE: 3.1990
[114900] Loss: 9.1376, EPE: 2.6821
[115000] Loss: 9.3479, EPE: 3.1111
[115100] Loss: 9.2773, EPE: 2.9097
[115200] Loss: 9.5541, EPE: 3.4056
[115300] Loss: 9.2543, EPE: 2.5775
[115400] Loss: 9.5797, EPE: 3.2916
[115500] Loss: 9.1624, EPE: 2.8181
[115600] Loss: 9.4111, EPE: 3.0222
[115700] Loss: 9.3060, EPE: 2.9471
[115800] Loss: 9.3377, EPE: 3.1293
[115900] Loss: 9.2366, EPE: 2.7428
[116000] Loss: 9.5236, EPE: 2.9643
[116100] Loss: 9.4618, EPE: 2.9581
[116200] Loss: 9.5243, EPE: 2.8182
[116300] Loss: 9.3943, EPE: 2.8194
[116400] Loss: 9.3701, EPE: 3.3655
[116500] Loss: 9.3990, EPE: 3.1832
[116600] Loss: 9.5001, EPE: 3.0355
[116700] Loss: 9.4771, EPE: 3.0754
[116800] Loss: 9.3574, EPE: 2.7259
[116900] Loss: 9.3926, EPE: 2.9593
[117000] Loss: 9.4459, EPE: 3.3174
[117100] Loss: 9.2061, EPE: 2.9645
[117200] Loss: 9.4285, EPE: 3.2243
[117300] Loss: 9.2527, EPE: 2.8779
[117400] Loss: 9.4438, EPE: 3.0376
[117500] Loss: 9.4147, EPE: 3.1386
[117600] Loss: 9.3206, EPE: 2.9019
[117700] Loss: 9.2060, EPE: 2.6925
[117800] Loss: 9.3656, EPE: 3.0635
[117900] Loss: 9.3088, EPE: 2.7859
[118000] Loss: 9.1980, EPE: 2.8776
[118100] Loss: 9.3949, EPE: 2.9449
[118200] Loss: 9.3926, EPE: 3.0127
[118300] Loss: 9.3666, EPE: 2.9708
[118400] Loss: 9.4360, EPE: 2.8460
[118500] Loss: 9.1647, EPE: 2.6669
[118600] Loss: 9.5607, EPE: 3.2807
[118700] Loss: 9.4308, EPE: 3.2752
[118800] Loss: 9.2322, EPE: 2.8723
[118900] Loss: 9.4488, EPE: 3.1093
[119000] Loss: 9.3109, EPE: 2.9421
[119100] Loss: 9.2860, EPE: 2.8774
[119200] Loss: 9.4739, EPE: 3.0114
[119300] Loss: 9.2753, EPE: 2.7410
[119400] Loss: 9.4966, EPE: 3.5459
[119500] Loss: 9.5235, EPE: 3.3095
[119600] Loss: 9.3463, EPE: 3.0609
[119700] Loss: 9.1516, EPE: 2.6771
[119800] Loss: 9.3776, EPE: 2.8977
[119900] Loss: 9.2844, EPE: 2.7583
[120000] Loss: 9.4140, EPE: 3.1894
[120100] Loss: 9.1382, EPE: 2.7432
[120200] Loss: 9.4421, EPE: 3.0476
[120300] Loss: 9.1342, EPE: 2.5885
[120400] Loss: 9.1934, EPE: 2.7383
[120500] Loss: 9.3613, EPE: 3.0672
[120600] Loss: 9.2581, EPE: 3.1322
[120700] Loss: 9.2855, EPE: 2.8943
[120800] Loss: 9.1737, EPE: 2.7574
[120900] Loss: 9.4482, EPE: 2.9930
[121000] Loss: 9.2332, EPE: 2.7514
[121100] Loss: 9.4579, EPE: 3.3183
[121200] Loss: 9.2554, EPE: 3.0677
[121300] Loss: 9.1901, EPE: 2.6736
[121400] Loss: 9.2767, EPE: 3.2207
[121500] Loss: 9.2093, EPE: 2.8204
[121600] Loss: 9.2772, EPE: 2.7607
[121700] Loss: 9.2667, EPE: 3.0468
[121800] Loss: 9.3553, EPE: 3.0610
[121900] Loss: 9.1923, EPE: 2.8836
[122000] Loss: 9.2935, EPE: 2.8475
[122100] Loss: 9.4352, EPE: 3.2347
[122200] Loss: 9.2279, EPE: 2.8066
[122300] Loss: 9.2650, EPE: 3.0758
[122400] Loss: 9.4978, EPE: 3.2702
[122500] Loss: 9.1970, EPE: 2.7081
[122600] Loss: 9.3039, EPE: 2.8179
[122700] Loss: 9.2767, EPE: 2.9057
[122800] Loss: 9.1679, EPE: 2.8909
[122900] Loss: 9.0283, EPE: 2.8290
[123000] Loss: 9.0245, EPE: 2.4827
[123100] Loss: 9.1678, EPE: 2.5615
[123200] Loss: 9.2925, EPE: 2.8619
[123300] Loss: 9.2483, EPE: 3.0990
[123400] Loss: 9.2476, EPE: 3.0562
[123500] Loss: 9.3018, EPE: 3.1521
[123600] Loss: 9.3799, EPE: 3.2400
[123700] Loss: 9.0388, EPE: 2.6352
[123800] Loss: 9.1301, EPE: 2.7303
[123900] Loss: 9.1915, EPE: 2.7286
[124000] Loss: 9.5128, EPE: 3.1478
[124100] Loss: 9.2523, EPE: 2.7493
[124200] Loss: 9.3729, EPE: 3.0754
[124300] Loss: 9.1730, EPE: 2.8056
[124400] Loss: 9.1885, EPE: 2.7087
[124500] Loss: 9.3307, EPE: 3.1466
[124600] Loss: 9.1873, EPE: 2.8210
[124700] Loss: 9.1820, EPE: 2.6487
[124800] Loss: 9.3434, EPE: 3.3301
[124900] Loss: 9.1020, EPE: 2.5961
[125000] Loss: 9.3057, EPE: 3.1119
[125100] Loss: 9.2748, EPE: 2.8053
[125200] Loss: 9.0790, EPE: 2.8583
[125300] Loss: 8.9045, EPE: 2.3710
[125400] Loss: 9.3462, EPE: 3.2502
[125500] Loss: 9.1011, EPE: 2.7983
[125600] Loss: 9.5734, EPE: 3.5224
[125700] Loss: 9.2434, EPE: 2.7097
[125800] Loss: 9.2660, EPE: 2.8370
[125900] Loss: 9.2162, EPE: 2.7945
[126000] Loss: 9.1368, EPE: 2.8613
[126100] Loss: 9.1383, EPE: 2.8066
[126200] Loss: 9.2537, EPE: 2.8722
[126300] Loss: 9.2555, EPE: 2.8335
[126400] Loss: 9.3227, EPE: 3.0414
[126500] Loss: 9.4444, EPE: 3.2115
[126600] Loss: 9.1789, EPE: 2.8574
[126700] Loss: 9.0325, EPE: 2.4422
[126800] Loss: 9.1190, EPE: 2.7384
[126900] Loss: 9.4418, EPE: 3.1244
[127000] Loss: 9.1485, EPE: 2.9437
[127100] Loss: 9.1554, EPE: 3.0285
[127200] Loss: 9.0451, EPE: 2.6536
[127300] Loss: 9.2086, EPE: 3.0353
[127400] Loss: 9.0276, EPE: 2.5649
[127500] Loss: 9.1773, EPE: 2.8233
[127600] Loss: 9.2028, EPE: 3.0071
[127700] Loss: 9.0832, EPE: 2.7046
[127800] Loss: 9.2632, EPE: 2.9219
[127900] Loss: 9.2087, EPE: 2.8879
[128000] Loss: 9.1712, EPE: 2.8550
[128100] Loss: 9.0872, EPE: 2.8287
[128200] Loss: 9.1941, EPE: 2.6692
[128300] Loss: 9.1635, EPE: 2.7198
[128400] Loss: 9.2654, EPE: 3.0973
[128500] Loss: 9.2150, EPE: 2.9782
[128600] Loss: 9.0318, EPE: 2.6646
[128700] Loss: 9.1969, EPE: 2.6797
[128800] Loss: 8.9652, EPE: 2.4593
[128900] Loss: 9.1866, EPE: 2.6918
[129000] Loss: 9.1873, EPE: 2.6177
[129100] Loss: 9.1623, EPE: 2.7060
[129200] Loss: 9.0285, EPE: 2.5848
[129300] Loss: 9.0749, EPE: 2.6504
[129400] Loss: 9.1519, EPE: 3.0024
[129500] Loss: 9.1392, EPE: 2.8739
[129600] Loss: 9.4287, EPE: 2.9989
[129700] Loss: 9.1950, EPE: 2.7524
[129800] Loss: 9.2388, EPE: 2.9766
[129900] Loss: 9.2112, EPE: 3.2366
[130000] Loss: 9.1896, EPE: 2.6079
[130100] Loss: 9.1371, EPE: 2.7359
[130200] Loss: 9.0195, EPE: 2.6071
[130300] Loss: 9.0009, EPE: 2.5407
[130400] Loss: 8.9662, EPE: 2.5755
[130500] Loss: 9.2154, EPE: 2.9726
[130600] Loss: 9.1814, EPE: 2.8626
[130700] Loss: 9.0695, EPE: 2.7481
[130800] Loss: 8.9758, EPE: 2.4946
[130900] Loss: 9.1327, EPE: 3.0920
[131000] Loss: 9.2356, EPE: 2.8725
[131100] Loss: 9.0236, EPE: 2.5201
[131200] Loss: 9.1021, EPE: 2.9114
[131300] Loss: 9.0734, EPE: 2.6669
[131400] Loss: 9.0622, EPE: 2.6316
[131500] Loss: 8.9497, EPE: 2.8635
[131600] Loss: 9.0149, EPE: 2.7129
[131700] Loss: 9.0079, EPE: 2.5111
[131800] Loss: 8.9810, EPE: 2.4846
[131900] Loss: 9.0523, EPE: 2.7816
[132000] Loss: 9.2224, EPE: 2.8227
[132100] Loss: 9.0618, EPE: 2.7113
[132200] Loss: 9.3055, EPE: 3.0223
[132300] Loss: 8.9856, EPE: 2.4641
[132400] Loss: 9.1155, EPE: 2.9045
[132500] Loss: 9.2141, EPE: 3.1466
[132600] Loss: 9.3896, EPE: 2.9025
[132700] Loss: 9.3183, EPE: 2.9973
[132800] Loss: 9.1089, EPE: 2.6664
[132900] Loss: 8.9410, EPE: 2.4823
[133000] Loss: 9.0318, EPE: 2.8517
[133100] Loss: 9.0266, EPE: 2.4245
[133200] Loss: 9.1262, EPE: 2.7532
[133300] Loss: 9.1247, EPE: 2.7504
[133400] Loss: 9.0541, EPE: 2.6212
[133500] Loss: 9.1098, EPE: 2.9912
[133600] Loss: 8.9726, EPE: 2.5802
[133700] Loss: 9.2787, EPE: 3.0310
[133800] Loss: 9.1115, EPE: 2.9604
[133900] Loss: 9.0069, EPE: 2.7313
[134000] Loss: 9.1120, EPE: 2.8885
[134100] Loss: 9.0654, EPE: 2.5727
[134200] Loss: 9.0651, EPE: 2.7898
[134300] Loss: 9.0425, EPE: 2.6397
[134400] Loss: 8.8382, EPE: 2.4849
[134500] Loss: 9.1529, EPE: 3.0001
[134600] Loss: 8.8956, EPE: 2.6388
[134700] Loss: 8.9595, EPE: 2.6562
[134800] Loss: 9.1246, EPE: 2.7617
[134900] Loss: 8.9469, EPE: 2.4952
[135000] Loss: 9.0160, EPE: 2.8286
[135100] Loss: 8.9111, EPE: 2.6021
[135200] Loss: 8.8082, EPE: 2.4458
[135300] Loss: 9.0167, EPE: 2.4349
[135400] Loss: 8.8570, EPE: 2.3452
[135500] Loss: 9.1401, EPE: 2.8940
[135600] Loss: 9.0522, EPE: 2.7783
[135700] Loss: 8.9668, EPE: 2.7707
[135800] Loss: 9.2185, EPE: 3.2697
[135900] Loss: 8.8240, EPE: 2.3463
[136000] Loss: 8.8739, EPE: 2.4011
[136100] Loss: 9.2301, EPE: 3.0209
[136200] Loss: 8.9923, EPE: 2.7537
[136300] Loss: 9.0493, EPE: 2.6654
[136400] Loss: 8.9460, EPE: 2.7588
[136500] Loss: 9.0794, EPE: 2.8810
[136600] Loss: 8.9251, EPE: 2.6633
[136700] Loss: 8.8046, EPE: 2.5179
[136800] Loss: 9.1389, EPE: 2.6439
[136900] Loss: 9.0830, EPE: 2.8127
[137000] Loss: 9.0212, EPE: 2.8068
[137100] Loss: 8.9453, EPE: 2.5867
[137200] Loss: 9.1910, EPE: 2.8221
[137300] Loss: 9.0583, EPE: 2.8145
[137400] Loss: 9.0029, EPE: 2.5569
[137500] Loss: 8.8471, EPE: 2.6435
[137600] Loss: 9.0733, EPE: 2.6280
[137700] Loss: 9.0163, EPE: 2.6839
[137800] Loss: 8.8599, EPE: 2.6588
[137900] Loss: 8.9925, EPE: 2.7515
[138000] Loss: 9.1472, EPE: 2.8872
[138100] Loss: 9.1979, EPE: 2.8550
[138200] Loss: 8.7881, EPE: 2.5481
[138300] Loss: 8.9734, EPE: 2.3856
[138400] Loss: 9.0373, EPE: 2.7311
[138500] Loss: 8.9767, EPE: 2.6585
[138600] Loss: 9.0306, EPE: 2.4967
[138700] Loss: 8.7424, EPE: 2.4635
[138800] Loss: 9.1115, EPE: 2.5466
[138900] Loss: 9.1778, EPE: 3.1906
[139000] Loss: 9.0947, EPE: 2.7249
[139100] Loss: 8.9743, EPE: 2.6276
[139200] Loss: 8.9091, EPE: 2.3778
[139300] Loss: 9.1302, EPE: 2.9543
[139400] Loss: 9.1908, EPE: 2.9581
[139500] Loss: 8.8711, EPE: 2.5301
[139600] Loss: 8.8588, EPE: 2.4602
[139700] Loss: 9.0157, EPE: 2.7440
[139800] Loss: 8.9072, EPE: 2.4741
[139900] Loss: 8.9659, EPE: 2.6943
[140000] Loss: 8.9436, EPE: 2.8592
[140100] Loss: 8.6606, EPE: 2.4215
[140200] Loss: 8.8663, EPE: 2.5867
[140300] Loss: 8.9809, EPE: 2.6941
[140400] Loss: 8.9767, EPE: 2.5592
[140500] Loss: 9.1773, EPE: 2.8271
[140600] Loss: 9.0189, EPE: 2.9053
[140700] Loss: 8.9090, EPE: 2.7749
[140800] Loss: 9.2034, EPE: 2.8284
[140900] Loss: 8.9938, EPE: 2.5984
[141000] Loss: 9.0799, EPE: 2.8129
[141100] Loss: 8.8697, EPE: 2.3918
[141200] Loss: 9.1313, EPE: 3.1310
[141300] Loss: 8.9612, EPE: 2.7422
[141400] Loss: 8.7254, EPE: 2.3116
[141500] Loss: 8.7557, EPE: 2.1099
[141600] Loss: 8.8454, EPE: 2.6165
[141700] Loss: 9.1029, EPE: 2.7567
[141800] Loss: 9.1575, EPE: 2.7824
[141900] Loss: 9.0492, EPE: 2.7288
[142000] Loss: 8.8874, EPE: 2.4056
[142100] Loss: 9.0285, EPE: 2.4661
[142200] Loss: 9.0950, EPE: 2.7298
[142300] Loss: 9.0454, EPE: 2.6555
[142400] Loss: 8.9281, EPE: 2.6778
[142500] Loss: 9.2127, EPE: 3.0536
[142600] Loss: 8.9426, EPE: 2.4781
[142700] Loss: 9.0448, EPE: 2.6851
[142800] Loss: 8.7477, EPE: 2.6856
[142900] Loss: 8.9968, EPE: 2.8447
[143000] Loss: 9.0918, EPE: 2.7002
[143100] Loss: 8.8615, EPE: 2.4249
[143200] Loss: 8.8622, EPE: 2.7021
[143300] Loss: 8.9193, EPE: 2.6171
[143400] Loss: 8.6475, EPE: 2.5948
[143500] Loss: 8.7816, EPE: 2.4872
[143600] Loss: 9.1794, EPE: 2.7786
[143700] Loss: 8.9938, EPE: 2.6415
[143800] Loss: 8.8294, EPE: 2.7474
[143900] Loss: 9.0396, EPE: 2.8781
[144000] Loss: 9.0260, EPE: 2.8809
[144100] Loss: 9.0124, EPE: 2.7777
[144200] Loss: 8.7456, EPE: 2.5140
[144300] Loss: 8.8028, EPE: 2.5565
[144400] Loss: 8.8197, EPE: 2.4196
[144500] Loss: 8.6804, EPE: 2.3003
[144600] Loss: 8.8796, EPE: 2.4770
[144700] Loss: 8.9089, EPE: 2.4899
[144800] Loss: 8.8519, EPE: 2.5458
[144900] Loss: 9.0043, EPE: 2.8132
[145000] Loss: 8.7781, EPE: 2.4957
[145100] Loss: 8.8960, EPE: 2.6759
[145200] Loss: 8.9887, EPE: 2.8350
[145300] Loss: 8.9682, EPE: 2.7766
[145400] Loss: 8.8096, EPE: 2.5473
[145500] Loss: 8.9689, EPE: 2.7578
[145600] Loss: 9.1119, EPE: 2.8907
[145700] Loss: 8.9584, EPE: 2.6057
[145800] Loss: 8.9674, EPE: 2.7740
[145900] Loss: 8.8503, EPE: 2.4231
[146000] Loss: 8.7134, EPE: 2.6297
[146100] Loss: 8.8752, EPE: 2.5315
[146200] Loss: 8.8419, EPE: 2.6416
[146300] Loss: 8.8063, EPE: 2.4013
[146400] Loss: 9.0970, EPE: 2.9281
[146500] Loss: 8.9049, EPE: 2.6718
[146600] Loss: 8.9944, EPE: 2.6273
[146700] Loss: 8.8061, EPE: 2.3896
[146800] Loss: 9.0129, EPE: 2.7209
[146900] Loss: 8.9197, EPE: 2.8598
[147000] Loss: 9.0184, EPE: 2.4878
[147100] Loss: 8.7816, EPE: 2.4026
[147200] Loss: 8.9496, EPE: 2.6233
[147300] Loss: 8.8091, EPE: 2.4042
[147400] Loss: 8.9143, EPE: 2.7752
[147500] Loss: 8.7139, EPE: 2.4922
[147600] Loss: 8.8769, EPE: 2.6860
[147700] Loss: 8.9647, EPE: 2.4876
[147800] Loss: 8.8129, EPE: 2.6939
[147900] Loss: 8.9642, EPE: 2.8508
[148000] Loss: 8.8007, EPE: 2.6168
[148100] Loss: 8.9587, EPE: 2.5158
[148200] Loss: 8.6710, EPE: 2.3008
[148300] Loss: 8.8105, EPE: 2.4785
[148400] Loss: 8.8923, EPE: 2.6028
[148500] Loss: 8.9021, EPE: 2.5753
[148600] Loss: 8.9995, EPE: 2.6392
[148700] Loss: 8.9105, EPE: 2.6384
[148800] Loss: 8.6442, EPE: 2.5254
[148900] Loss: 8.7587, EPE: 2.2430
[149000] Loss: 8.9778, EPE: 2.9053
[149100] Loss: 8.9240, EPE: 2.5404
[149200] Loss: 9.0080, EPE: 2.8635
[149300] Loss: 8.8131, EPE: 2.4047
[149400] Loss: 8.9855, EPE: 2.7626
[149500] Loss: 8.7166, EPE: 2.4746
[149600] Loss: 8.8379, EPE: 2.4654
[149700] Loss: 8.7585, EPE: 2.5647
[149800] Loss: 8.8938, EPE: 2.3650
[149900] Loss: 8.8039, EPE: 2.3328
[150000] Loss: 8.8183, EPE: 2.5737
[150100] Loss: 8.8538, EPE: 2.5600
[150200] Loss: 8.9719, EPE: 2.6554
[150300] Loss: 8.7028, EPE: 2.3326
[150400] Loss: 8.8903, EPE: 2.5868
[150500] Loss: 8.8992, EPE: 2.5542
[150600] Loss: 8.7067, EPE: 2.4512
[150700] Loss: 8.6925, EPE: 2.3717
[150800] Loss: 8.9766, EPE: 2.9249
[150900] Loss: 8.8038, EPE: 2.4406
[151000] Loss: 8.9637, EPE: 3.0321
[151100] Loss: 8.8378, EPE: 2.5801
[151200] Loss: 8.7845, EPE: 2.5018
[151300] Loss: 8.9122, EPE: 2.6043
[151400] Loss: 8.7919, EPE: 2.5163
[151500] Loss: 8.6553, EPE: 2.6499
[151600] Loss: 8.7964, EPE: 2.4038
[151700] Loss: 8.8099, EPE: 2.6097
[151800] Loss: 8.7597, EPE: 2.6742
[151900] Loss: 8.8152, EPE: 2.6717
[152000] Loss: 8.8923, EPE: 2.6731
[152100] Loss: 8.7622, EPE: 2.6881
[152200] Loss: 8.8268, EPE: 2.5138
[152300] Loss: 8.7478, EPE: 2.3052
[152400] Loss: 8.7222, EPE: 2.4858
[152500] Loss: 8.8229, EPE: 2.5496
[152600] Loss: 8.7411, EPE: 2.3361
[152700] Loss: 8.9368, EPE: 2.8372
[152800] Loss: 8.9523, EPE: 2.4784
[152900] Loss: 8.9185, EPE: 2.6599
[153000] Loss: 8.6660, EPE: 2.4642
[153100] Loss: 8.8287, EPE: 2.5206
[153200] Loss: 8.6688, EPE: 2.2748
[153300] Loss: 8.6984, EPE: 2.6625
[153400] Loss: 8.7267, EPE: 2.4782
[153500] Loss: 8.7984, EPE: 2.5028
[153600] Loss: 8.8709, EPE: 2.3496
[153700] Loss: 8.8148, EPE: 2.6519
[153800] Loss: 8.9175, EPE: 2.4724
[153900] Loss: 8.8382, EPE: 2.3615
[154000] Loss: 8.6914, EPE: 2.3550
[154100] Loss: 8.7162, EPE: 2.4416
[154200] Loss: 8.6049, EPE: 2.2285
[154300] Loss: 8.8351, EPE: 2.4209
[154400] Loss: 8.9958, EPE: 2.8092
[154500] Loss: 8.7934, EPE: 2.7091
[154600] Loss: 8.7215, EPE: 2.4297
[154700] Loss: 8.6872, EPE: 2.3661
[154800] Loss: 8.7946, EPE: 2.6191
[154900] Loss: 8.6241, EPE: 2.5266
[155000] Loss: 8.7767, EPE: 2.6059
[155100] Loss: 8.6989, EPE: 2.2294
[155200] Loss: 8.7297, EPE: 2.2931
[155300] Loss: 8.7041, EPE: 2.5337
[155400] Loss: 8.7890, EPE: 2.6719
[155500] Loss: 8.8063, EPE: 2.4099
[155600] Loss: 8.7709, EPE: 2.5925
[155700] Loss: 8.8709, EPE: 2.3363
[155800] Loss: 8.7316, EPE: 2.5765
[155900] Loss: 8.6750, EPE: 2.5531
[156000] Loss: 8.8107, EPE: 2.6586
[156100] Loss: 8.5872, EPE: 2.2870
[156200] Loss: 8.7941, EPE: 2.7629
[156300] Loss: 8.8103, EPE: 2.5799
[156400] Loss: 8.6259, EPE: 2.3124
[156500] Loss: 8.5866, EPE: 2.3700
[156600] Loss: 8.6624, EPE: 2.3788
[156700] Loss: 8.6868, EPE: 2.4032
[156800] Loss: 8.7361, EPE: 2.5311
[156900] Loss: 8.5165, EPE: 2.2785
[157000] Loss: 8.5770, EPE: 2.2887
[157100] Loss: 8.6827, EPE: 2.2655
[157200] Loss: 8.8407, EPE: 2.5757
[157300] Loss: 8.9720, EPE: 2.7533
[157400] Loss: 8.6764, EPE: 2.7406
[157500] Loss: 8.8501, EPE: 2.6671
[157600] Loss: 8.6945, EPE: 2.4737
[157700] Loss: 8.8801, EPE: 2.4665
[157800] Loss: 8.6927, EPE: 2.4507
[157900] Loss: 8.7730, EPE: 2.4368
[158000] Loss: 8.5127, EPE: 2.3848
[158100] Loss: 8.6295, EPE: 2.4647
[158200] Loss: 8.9553, EPE: 2.8036
[158300] Loss: 8.7712, EPE: 2.5418
[158400] Loss: 8.6057, EPE: 2.3906
[158500] Loss: 8.7601, EPE: 2.5644
[158600] Loss: 8.6749, EPE: 2.2546
[158700] Loss: 8.5673, EPE: 2.2320
[158800] Loss: 8.7969, EPE: 2.4453
[158900] Loss: 8.5669, EPE: 2.3538
[159000] Loss: 8.7411, EPE: 2.3430
[159100] Loss: 8.6362, EPE: 2.3994
[159200] Loss: 8.6064, EPE: 2.3914
[159300] Loss: 8.7170, EPE: 2.5153
[159400] Loss: 8.9421, EPE: 2.7294
[159500] Loss: 8.8283, EPE: 2.5159
[159600] Loss: 8.5552, EPE: 2.2902
[159700] Loss: 8.5526, EPE: 2.4250
[159800] Loss: 8.8174, EPE: 2.6388
[159900] Loss: 8.8032, EPE: 2.4302
[160000] Loss: 8.7878, EPE: 2.5215
[160100] Loss: 9.0040, EPE: 3.0011
[160200] Loss: 8.7493, EPE: 2.4196
[160300] Loss: 9.0596, EPE: 3.0118
[160400] Loss: 8.6967, EPE: 2.5851
[160500] Loss: 8.6715, EPE: 2.2741
[160600] Loss: 8.6780, EPE: 2.4633
[160700] Loss: 8.4529, EPE: 2.1833
[160800] Loss: 8.8143, EPE: 2.5205
[160900] Loss: 8.6533, EPE: 2.5300
[161000] Loss: 8.5901, EPE: 2.4920
[161100] Loss: 8.8629, EPE: 2.6919
[161200] Loss: 8.6318, EPE: 2.4452
[161300] Loss: 8.6114, EPE: 2.3846
[161400] Loss: 8.7274, EPE: 2.3035
[161500] Loss: 8.7393, EPE: 2.3651
[161600] Loss: 8.7093, EPE: 2.5616
[161700] Loss: 8.5954, EPE: 2.3460
[161800] Loss: 8.5041, EPE: 2.2645
[161900] Loss: 8.3541, EPE: 2.0044
[162000] Loss: 8.6641, EPE: 2.4384
[162100] Loss: 8.7326, EPE: 2.4839
[162200] Loss: 8.4967, EPE: 2.3613
[162300] Loss: 8.7357, EPE: 2.4661
[162400] Loss: 8.6091, EPE: 2.2559
[162500] Loss: 8.6989, EPE: 2.3376
[162600] Loss: 8.4692, EPE: 2.2344
[162700] Loss: 8.5522, EPE: 2.3926
[162800] Loss: 8.5606, EPE: 2.4587
[162900] Loss: 8.7671, EPE: 2.6036
[163000] Loss: 8.6819, EPE: 2.5362
[163100] Loss: 8.5700, EPE: 2.3387
[163200] Loss: 8.6784, EPE: 2.5229
[163300] Loss: 8.4966, EPE: 2.1453
[163400] Loss: 8.6062, EPE: 2.5901
[163500] Loss: 8.7036, EPE: 2.3536
[163600] Loss: 8.5714, EPE: 2.3984
[163700] Loss: 8.7483, EPE: 2.5000
[163800] Loss: 8.6924, EPE: 2.5083
[163900] Loss: 8.7043, EPE: 2.7896
[164000] Loss: 8.7397, EPE: 2.4287
[164100] Loss: 8.5871, EPE: 2.3931
[164200] Loss: 8.5969, EPE: 2.6214
[164300] Loss: 8.5321, EPE: 2.3150
[164400] Loss: 8.4793, EPE: 2.2161
[164500] Loss: 8.7961, EPE: 2.6262
[164600] Loss: 8.6300, EPE: 2.8480
[164700] Loss: 8.5000, EPE: 2.1245
[164800] Loss: 8.7458, EPE: 2.6828
[164900] Loss: 8.7641, EPE: 2.6203
[165000] Loss: 8.5921, EPE: 2.5055
[165100] Loss: 8.6008, EPE: 2.5097
[165200] Loss: 8.6777, EPE: 2.6349
[165300] Loss: 8.7590, EPE: 2.6045
[165400] Loss: 8.6941, EPE: 2.7125
[165500] Loss: 8.6428, EPE: 2.3191
[165600] Loss: 8.9099, EPE: 2.8268
[165700] Loss: 8.6092, EPE: 2.3910
[165800] Loss: 8.6628, EPE: 2.5150
[165900] Loss: 8.6291, EPE: 2.5476
[166000] Loss: 8.6597, EPE: 2.3454
[166100] Loss: 8.7589, EPE: 2.7638
[166200] Loss: 8.5855, EPE: 2.4017
[166300] Loss: 8.5628, EPE: 2.2243
[166400] Loss: 8.4104, EPE: 2.1726
[166500] Loss: 8.8251, EPE: 2.9102
[166600] Loss: 8.7266, EPE: 2.5834
[166700] Loss: 8.6070, EPE: 2.4156
[166800] Loss: 8.6435, EPE: 2.4998
[166900] Loss: 8.7508, EPE: 2.4973
[167000] Loss: 8.3863, EPE: 2.1171
[167100] Loss: 8.6894, EPE: 2.3824
[167200] Loss: 8.6120, EPE: 2.2407
[167300] Loss: 8.6019, EPE: 2.2411
[167400] Loss: 8.5614, EPE: 2.2480
[167500] Loss: 8.6409, EPE: 2.5475
[167600] Loss: 8.7163, EPE: 2.7558
[167700] Loss: 8.6442, EPE: 2.4391
[167800] Loss: 8.6448, EPE: 2.3332
[167900] Loss: 8.4743, EPE: 2.4386
[168000] Loss: 8.4975, EPE: 2.1288
[168100] Loss: 8.5595, EPE: 2.4156
[168200] Loss: 8.6758, EPE: 2.3487
[168300] Loss: 8.4931, EPE: 2.1442
[168400] Loss: 8.6245, EPE: 2.4553
[168500] Loss: 8.7320, EPE: 2.7058
[168600] Loss: 8.5176, EPE: 2.2301
[168700] Loss: 8.5331, EPE: 2.5089
[168800] Loss: 8.5113, EPE: 2.2727
[168900] Loss: 8.5601, EPE: 2.4612
[169000] Loss: 8.7667, EPE: 2.5085
[169100] Loss: 8.6027, EPE: 2.3878
[169200] Loss: 8.6209, EPE: 2.4461
[169300] Loss: 8.5805, EPE: 2.3424
[169400] Loss: 8.4753, EPE: 2.1852
[169500] Loss: 8.4026, EPE: 2.1266
[169600] Loss: 8.8037, EPE: 2.5666
[169700] Loss: 8.4222, EPE: 2.1504
[169800] Loss: 8.6363, EPE: 2.4623
[169900] Loss: 8.7072, EPE: 2.4183
[170000] Loss: 8.7366, EPE: 2.4813
[170100] Loss: 8.7087, EPE: 2.3412
[170200] Loss: 8.5151, EPE: 2.0874
[170300] Loss: 8.4079, EPE: 2.2309
[170400] Loss: 8.6096, EPE: 2.4273
[170500] Loss: 8.4146, EPE: 2.0721
[170600] Loss: 8.5806, EPE: 2.4208
[170700] Loss: 8.5724, EPE: 2.3804
[170800] Loss: 8.4789, EPE: 2.2171
[170900] Loss: 8.4586, EPE: 2.2321
[171000] Loss: 8.4802, EPE: 2.4251
[171100] Loss: 8.6309, EPE: 2.4809
[171200] Loss: 8.6120, EPE: 2.3827
[171300] Loss: 8.6723, EPE: 2.3879
[171400] Loss: 8.3555, EPE: 2.2064
[171500] Loss: 8.4777, EPE: 2.2420
[171600] Loss: 8.5135, EPE: 2.4087
[171700] Loss: 8.6598, EPE: 2.2664
[171800] Loss: 8.3463, EPE: 2.1999
[171900] Loss: 8.5650, EPE: 2.4143
[172000] Loss: 8.6561, EPE: 2.4994
[172100] Loss: 8.4295, EPE: 2.1689
[172200] Loss: 8.6614, EPE: 2.3681
[172300] Loss: 8.6259, EPE: 2.2703
[172400] Loss: 8.6602, EPE: 2.3768
[172500] Loss: 8.5562, EPE: 2.5409
[172600] Loss: 8.6758, EPE: 2.6085
[172700] Loss: 8.5468, EPE: 2.3294
[172800] Loss: 8.9176, EPE: 2.6200
[172900] Loss: 8.3909, EPE: 2.1328
[173000] Loss: 8.4703, EPE: 2.2004
[173100] Loss: 8.6481, EPE: 2.5107
[173200] Loss: 8.5315, EPE: 2.2754
[173300] Loss: 8.6322, EPE: 2.6467
[173400] Loss: 8.5897, EPE: 2.6548
[173500] Loss: 8.4832, EPE: 2.2273
[173600] Loss: 8.5970, EPE: 2.4613
[173700] Loss: 8.5518, EPE: 2.2301
[173800] Loss: 8.6365, EPE: 2.2071
[173900] Loss: 8.5839, EPE: 2.3684
[174000] Loss: 8.6435, EPE: 2.4471
[174100] Loss: 8.6556, EPE: 2.6177
[174200] Loss: 8.6239, EPE: 2.2512
[174300] Loss: 8.4028, EPE: 2.2074
[174400] Loss: 8.4024, EPE: 2.2792
[174500] Loss: 8.3624, EPE: 2.2197
[174600] Loss: 8.3935, EPE: 2.1761
[174700] Loss: 8.5254, EPE: 2.2795
[174800] Loss: 8.5905, EPE: 2.2833
[174900] Loss: 8.5343, EPE: 2.3134
[175000] Loss: 8.7783, EPE: 2.3872
[175100] Loss: 8.5721, EPE: 2.3147
[175200] Loss: 8.4721, EPE: 2.2162
[175300] Loss: 8.6667, EPE: 2.4961
[175400] Loss: 8.4854, EPE: 2.1806
[175500] Loss: 8.6061, EPE: 2.6102
[175600] Loss: 8.4078, EPE: 2.1300
[175700] Loss: 8.4777, EPE: 2.4195
[175800] Loss: 8.6129, EPE: 2.4903
[175900] Loss: 8.4760, EPE: 2.3261
[176000] Loss: 8.4909, EPE: 2.2673
[176100] Loss: 8.6810, EPE: 2.4431
[176200] Loss: 8.5050, EPE: 2.1978
[176300] Loss: 8.7058, EPE: 2.5908
[176400] Loss: 8.6430, EPE: 2.3562
[176500] Loss: 8.4706, EPE: 2.4775
[176600] Loss: 8.6050, EPE: 2.3853
[176700] Loss: 8.3429, EPE: 2.3091
[176800] Loss: 8.4331, EPE: 2.2771
[176900] Loss: 8.5898, EPE: 2.4899
[177000] Loss: 8.5317, EPE: 2.5893
[177100] Loss: 8.5180, EPE: 2.4027
[177200] Loss: 8.3447, EPE: 2.3381
[177300] Loss: 8.5342, EPE: 2.4290
[177400] Loss: 8.4959, EPE: 2.2080
[177500] Loss: 8.5483, EPE: 2.4158
[177600] Loss: 8.5198, EPE: 2.3340
[177700] Loss: 8.6814, EPE: 2.4458
[177800] Loss: 8.6144, EPE: 2.3218
[177900] Loss: 8.3276, EPE: 2.0969
[178000] Loss: 8.5126, EPE: 2.2320
[178100] Loss: 8.5365, EPE: 2.3108
[178200] Loss: 8.4066, EPE: 2.1845
[178300] Loss: 8.5375, EPE: 2.3621
[178400] Loss: 8.4583, EPE: 2.2639
[178500] Loss: 8.6148, EPE: 2.3892
[178600] Loss: 8.4527, EPE: 2.2203
[178700] Loss: 8.3079, EPE: 2.2440
[178800] Loss: 8.5876, EPE: 2.3106
[178900] Loss: 8.2968, EPE: 2.1520
[179000] Loss: 8.3529, EPE: 2.1756
[179100] Loss: 8.5013, EPE: 2.4429
[179200] Loss: 8.5617, EPE: 2.4707
[179300] Loss: 8.3706, EPE: 2.2067
[179400] Loss: 8.4565, EPE: 2.2845
[179500] Loss: 8.3215, EPE: 1.9732
[179600] Loss: 8.2686, EPE: 2.1179
[179700] Loss: 8.6010, EPE: 2.5977
[179800] Loss: 8.5355, EPE: 2.4758
[179900] Loss: 8.4930, EPE: 2.1682
[180000] Loss: 8.4755, EPE: 2.5279
[180100] Loss: 8.5323, EPE: 2.4127
[180200] Loss: 8.4398, EPE: 2.4346
[180300] Loss: 8.3677, EPE: 2.0858
[180400] Loss: 8.4630, EPE: 2.3434
[180500] Loss: 8.5866, EPE: 2.3779
[180600] Loss: 8.6674, EPE: 2.4316
[180700] Loss: 8.5067, EPE: 2.3064
[180800] Loss: 8.6081, EPE: 2.3434
[180900] Loss: 8.4102, EPE: 2.3505
[181000] Loss: 8.5943, EPE: 2.5807
[181100] Loss: 8.3768, EPE: 2.1743
[181200] Loss: 8.4421, EPE: 2.2816
[181300] Loss: 8.5565, EPE: 2.5621
[181400] Loss: 8.4922, EPE: 2.1826
[181500] Loss: 8.2311, EPE: 2.0604
[181600] Loss: 8.3723, EPE: 2.2058
[181700] Loss: 8.4832, EPE: 2.1195
[181800] Loss: 8.5723, EPE: 2.4366
[181900] Loss: 8.4948, EPE: 2.3077
[182000] Loss: 8.4143, EPE: 2.2976
[182100] Loss: 8.5863, EPE: 2.4469
[182200] Loss: 8.4476, EPE: 2.4223
[182300] Loss: 8.4402, EPE: 2.2059
[182400] Loss: 8.4482, EPE: 2.3709
[182500] Loss: 8.3280, EPE: 2.1229
[182600] Loss: 8.5415, EPE: 2.4236
[182700] Loss: 8.4036, EPE: 2.1095
[182800] Loss: 8.4213, EPE: 2.4217
[182900] Loss: 8.4562, EPE: 2.5225
[183000] Loss: 8.6156, EPE: 2.4869
[183100] Loss: 8.4103, EPE: 2.2788
[183200] Loss: 8.3990, EPE: 2.5536
[183300] Loss: 8.4257, EPE: 2.1475
[183400] Loss: 8.5922, EPE: 2.3462
[183500] Loss: 8.4295, EPE: 2.2422
[183600] Loss: 8.3035, EPE: 1.9895
[183700] Loss: 8.5438, EPE: 2.4168
[183800] Loss: 8.3097, EPE: 2.2882
[183900] Loss: 8.4225, EPE: 2.1658
[184000] Loss: 8.5540, EPE: 2.3917
[184100] Loss: 8.3063, EPE: 2.0264
[184200] Loss: 8.5224, EPE: 2.2648
[184300] Loss: 8.6508, EPE: 2.4767
[184400] Loss: 8.3207, EPE: 2.0020
[184500] Loss: 8.4077, EPE: 2.3663
[184600] Loss: 8.5034, EPE: 2.4608
[184700] Loss: 8.3905, EPE: 2.4063
[184800] Loss: 8.2694, EPE: 2.1970
[184900] Loss: 8.6561, EPE: 2.4345
[185000] Loss: 8.3533, EPE: 2.1254
[185100] Loss: 8.4929, EPE: 2.4057
[185200] Loss: 8.4747, EPE: 2.5501
[185300] Loss: 8.3520, EPE: 2.3700
[185400] Loss: 8.4014, EPE: 2.2185
[185500] Loss: 8.4156, EPE: 2.2358
[185600] Loss: 8.6238, EPE: 2.6140
[185700] Loss: 8.3640, EPE: 2.0118
[185800] Loss: 8.3395, EPE: 2.2312
[185900] Loss: 8.3836, EPE: 2.1856
[186000] Loss: 8.3834, EPE: 2.1401
[186100] Loss: 8.2475, EPE: 2.1464
[186200] Loss: 8.4195, EPE: 2.2439
[186300] Loss: 8.3918, EPE: 2.3545
[186400] Loss: 8.2736, EPE: 2.1256
[186500] Loss: 8.3703, EPE: 2.4126
[186600] Loss: 8.4382, EPE: 2.2889
[186700] Loss: 8.3475, EPE: 2.3195
[186800] Loss: 8.3011, EPE: 2.2403
[186900] Loss: 8.3711, EPE: 2.3927
[187000] Loss: 8.5422, EPE: 2.2899
[187100] Loss: 8.4591, EPE: 2.3332
[187200] Loss: 8.3834, EPE: 2.3635
[187300] Loss: 8.4401, EPE: 2.2319
[187400] Loss: 8.4528, EPE: 2.3770
[187500] Loss: 8.4090, EPE: 2.0950
[187600] Loss: 8.3912, EPE: 2.2776
[187700] Loss: 8.2218, EPE: 2.0666
[187800] Loss: 8.5596, EPE: 2.4116
[187900] Loss: 8.3566, EPE: 2.2812
[188000] Loss: 8.2266, EPE: 2.1464
[188100] Loss: 8.3711, EPE: 2.2290
[188200] Loss: 8.3419, EPE: 2.3311
[188300] Loss: 8.5396, EPE: 2.4778
[188400] Loss: 8.3492, EPE: 2.0869
[188500] Loss: 8.6032, EPE: 2.6094
[188600] Loss: 8.2955, EPE: 2.0853
[188700] Loss: 8.3702, EPE: 1.9882
[188800] Loss: 8.3087, EPE: 2.0966
[188900] Loss: 8.3943, EPE: 2.3211
[189000] Loss: 8.3022, EPE: 2.2672
[189100] Loss: 8.3310, EPE: 2.2619
[189200] Loss: 8.4332, EPE: 2.3799
[189300] Loss: 8.4042, EPE: 2.2963
[189400] Loss: 8.3556, EPE: 2.2443
[189500] Loss: 8.4183, EPE: 2.2704
[189600] Loss: 8.2843, EPE: 2.2812
[189700] Loss: 8.3513, EPE: 2.1467
[189800] Loss: 8.4514, EPE: 2.1198
[189900] Loss: 8.4012, EPE: 2.2459
[190000] Loss: 8.4521, EPE: 2.1720
[190100] Loss: 8.4351, EPE: 2.2790
[190200] Loss: 8.3147, EPE: 2.2961
[190300] Loss: 8.3709, EPE: 2.0161
[190400] Loss: 8.1825, EPE: 2.2150
[190500] Loss: 8.3253, EPE: 2.1482
[190600] Loss: 8.7186, EPE: 2.6266
[190700] Loss: 8.4637, EPE: 2.3321
[190800] Loss: 8.4188, EPE: 2.5427
[190900] Loss: 8.3596, EPE: 2.2056
[191000] Loss: 8.2202, EPE: 2.2514
[191100] Loss: 8.3178, EPE: 2.2068
[191200] Loss: 8.4398, EPE: 2.2589
[191300] Loss: 8.4423, EPE: 2.5192
[191400] Loss: 8.3532, EPE: 2.0339
[191500] Loss: 8.1797, EPE: 2.1778
[191600] Loss: 8.3244, EPE: 2.1158
[191700] Loss: 8.3610, EPE: 2.1926
[191800] Loss: 8.3496, EPE: 1.9970
[191900] Loss: 8.3417, EPE: 2.1691
[192000] Loss: 8.4174, EPE: 2.0449
[192100] Loss: 8.3960, EPE: 2.2542
[192200] Loss: 8.1419, EPE: 1.8966
[192300] Loss: 8.2754, EPE: 1.9957
[192400] Loss: 8.3563, EPE: 2.3195
[192500] Loss: 8.4917, EPE: 2.2969
[192600] Loss: 8.3723, EPE: 2.4430
[192700] Loss: 8.6138, EPE: 2.5273
[192800] Loss: 8.3930, EPE: 2.1224
[192900] Loss: 8.3136, EPE: 2.0914
[193000] Loss: 8.3508, EPE: 2.1277
[193100] Loss: 8.4744, EPE: 2.7244
[193200] Loss: 8.3090, EPE: 2.0596
[193300] Loss: 8.1926, EPE: 2.0412
[193400] Loss: 8.3376, EPE: 2.1462
[193500] Loss: 8.2298, EPE: 2.1056
[193600] Loss: 8.3133, EPE: 2.2534
[193700] Loss: 8.3825, EPE: 2.1583
[193800] Loss: 8.1963, EPE: 1.8979
[193900] Loss: 8.2811, EPE: 2.0441
[194000] Loss: 8.3045, EPE: 2.0518
[194100] Loss: 8.2834, EPE: 2.2234
[194200] Loss: 8.4547, EPE: 2.3452
[194300] Loss: 8.1226, EPE: 1.9993
[194400] Loss: 8.2606, EPE: 2.0737
[194500] Loss: 8.5329, EPE: 2.4480
[194600] Loss: 8.5530, EPE: 2.3694
[194700] Loss: 8.3729, EPE: 2.0674
[194800] Loss: 8.3791, EPE: 2.4804
[194900] Loss: 8.3656, EPE: 2.1268
[195000] Loss: 8.1759, EPE: 2.0733
[195100] Loss: 8.5943, EPE: 2.5121
[195200] Loss: 8.5207, EPE: 2.2291
[195300] Loss: 8.2923, EPE: 2.1294
[195400] Loss: 8.2608, EPE: 1.9920
[195500] Loss: 8.2971, EPE: 2.0469
[195600] Loss: 8.2502, EPE: 2.2413
[195700] Loss: 8.3930, EPE: 2.4308
[195800] Loss: 8.3518, EPE: 2.0702
[195900] Loss: 8.4106, EPE: 2.2051
[196000] Loss: 8.2967, EPE: 2.0902
[196100] Loss: 8.3045, EPE: 2.2473
[196200] Loss: 8.3880, EPE: 2.2210
[196300] Loss: 8.3921, EPE: 2.3353
[196400] Loss: 8.2279, EPE: 2.2056
[196500] Loss: 8.3473, EPE: 2.1774
[196600] Loss: 8.5110, EPE: 2.3358
[196700] Loss: 8.3166, EPE: 2.1002
[196800] Loss: 8.2392, EPE: 2.1874
[196900] Loss: 8.2576, EPE: 2.0722
[197000] Loss: 8.3664, EPE: 2.1346
[197100] Loss: 8.4186, EPE: 2.2019
[197200] Loss: 8.3115, EPE: 2.1418
[197300] Loss: 8.3662, EPE: 2.2171
[197400] Loss: 8.4424, EPE: 2.3294
[197500] Loss: 8.2239, EPE: 2.1202
[197600] Loss: 8.3569, EPE: 2.2341
[197700] Loss: 8.3992, EPE: 2.1088
[197800] Loss: 8.2299, EPE: 2.0387
[197900] Loss: 8.3742, EPE: 2.2438
[198000] Loss: 8.3636, EPE: 2.2284
[198100] Loss: 8.1892, EPE: 2.1492
[198200] Loss: 8.2406, EPE: 1.9980
[198300] Loss: 8.2863, EPE: 2.2796
[198400] Loss: 8.2791, EPE: 2.2184
[198500] Loss: 8.4015, EPE: 2.6108
[198600] Loss: 8.1861, EPE: 2.0273
[198700] Loss: 8.3496, EPE: 2.1689
[198800] Loss: 8.2495, EPE: 2.0929
[198900] Loss: 8.3677, EPE: 2.3797
[199000] Loss: 8.1931, EPE: 2.0828
[199100] Loss: 8.1946, EPE: 2.1008
[199200] Loss: 8.4849, EPE: 2.3745
[199300] Loss: 8.1202, EPE: 2.0683
[199400] Loss: 8.2700, EPE: 2.1449
[199500] Loss: 8.4486, EPE: 2.2650
[199600] Loss: 8.2061, EPE: 2.1862
[199700] Loss: 8.2636, EPE: 2.1330
[199800] Loss: 8.4286, EPE: 2.1730
[199900] Loss: 8.4048, EPE: 2.2305
[200000] Loss: 8.2947, EPE: 1.9675
Done!
