nohup: ignoring input
/venv/waft/lib/python3.12/site-packages/torch/utils/data/dataloader.py:627: UserWarning: This DataLoader will create 32 worker processes in total. Our suggested max number of worker in current system is 20, which is smaller than what this DataLoader is going to create. Please be aware that excessive worker creation might get DataLoader running slow or even freeze, lower the worker number to avoid potential slowness/freeze if necessary.
  warnings.warn(
Training with 22232 image pairs
/venv/waft/lib/python3.12/site-packages/torch/functional.py:505: UserWarning: torch.meshgrid: in an upcoming release, it will be required to pass the indexing argument. (Triggered internally at /pytorch/aten/src/ATen/native/TensorShape.cpp:4317.)
  return _VF.meshgrid(tensors, **kwargs)  # type: ignore[attr-defined]
[000000] Loss: 85.1947, EPE: 23.3516
[000100] Loss: 55.2039, EPE: 24.9975
[000200] Loss: 25.5052, EPE: 23.4065
[000300] Loss: 24.4348, EPE: 21.4990
[000400] Loss: 24.5734, EPE: 22.6636
[000500] Loss: 24.2052, EPE: 21.3758
[000600] Loss: 24.2027, EPE: 21.5307
[000700] Loss: 24.0320, EPE: 21.4138
[000800] Loss: 23.9257, EPE: 21.3269
[000900] Loss: 24.0322, EPE: 21.5743
[001000] Loss: 23.6566, EPE: 20.2405
[001100] Loss: 23.7871, EPE: 20.9840
[001200] Loss: 23.6196, EPE: 21.1436
[001300] Loss: 23.7168, EPE: 21.7627
[001400] Loss: 23.4269, EPE: 20.6752
[001500] Loss: 23.4568, EPE: 20.4756
[001600] Loss: 23.6535, EPE: 21.3621
[001700] Loss: 23.4853, EPE: 20.6161
[001800] Loss: 23.7353, EPE: 21.1396
[001900] Loss: 23.5151, EPE: 20.9860
[002000] Loss: 23.5771, EPE: 20.6521
[002100] Loss: 23.4781, EPE: 20.5835
[002200] Loss: 23.2943, EPE: 20.2185
[002300] Loss: 23.3061, EPE: 20.1027
[002400] Loss: 23.2555, EPE: 19.9636
[002500] Loss: 23.3927, EPE: 20.8668
[002600] Loss: 23.2822, EPE: 20.0742
[002700] Loss: 23.1428, EPE: 20.0918
[002800] Loss: 23.3924, EPE: 20.4326
[002900] Loss: 23.4614, EPE: 20.8139
[003000] Loss: 23.2669, EPE: 20.2282
[003100] Loss: 22.9650, EPE: 19.2737
[003200] Loss: 23.2780, EPE: 20.4013
[003300] Loss: 23.0803, EPE: 19.2164
[003400] Loss: 22.9583, EPE: 19.1855
[003500] Loss: 23.1046, EPE: 19.8526
[003600] Loss: 22.8297, EPE: 19.5794
[003700] Loss: 22.7762, EPE: 18.8194
[003800] Loss: 22.8210, EPE: 18.9674
[003900] Loss: 23.0628, EPE: 19.7428
[004000] Loss: 22.9162, EPE: 19.4502
[004100] Loss: 22.7178, EPE: 18.5272
[004200] Loss: 22.5461, EPE: 17.9221
[004300] Loss: 22.7336, EPE: 18.6718
[004400] Loss: 22.3764, EPE: 17.4576
[004500] Loss: 22.2850, EPE: 16.8568
[004600] Loss: 22.3128, EPE: 17.1436
[004700] Loss: 22.0004, EPE: 15.9329
[004800] Loss: 21.7046, EPE: 15.3123
[004900] Loss: 21.5529, EPE: 14.8289
[005000] Loss: 21.5786, EPE: 14.7032
[005100] Loss: 21.1670, EPE: 13.6698
[005200] Loss: 21.1837, EPE: 13.9920
[005300] Loss: 21.0649, EPE: 13.3880
[005400] Loss: 20.5657, EPE: 12.5577
[005500] Loss: 20.5311, EPE: 12.1730
[005600] Loss: 20.1591, EPE: 11.6013
[005700] Loss: 20.3006, EPE: 12.0586
[005800] Loss: 19.9987, EPE: 11.0592
[005900] Loss: 19.7664, EPE: 11.2554
[006000] Loss: 19.7090, EPE: 10.7098
[006100] Loss: 19.6240, EPE: 10.4676
[006200] Loss: 19.6583, EPE: 10.6222
[006300] Loss: 19.4238, EPE: 10.8659
[006400] Loss: 19.4590, EPE: 10.1630
[006500] Loss: 19.1201, EPE: 9.6972
[006600] Loss: 19.4441, EPE: 10.6286
[006700] Loss: 18.9731, EPE: 9.4657
[006800] Loss: 19.1112, EPE: 10.0170
[006900] Loss: 18.9680, EPE: 9.4089
[007000] Loss: 18.9135, EPE: 9.3719
[007100] Loss: 18.7999, EPE: 9.5192
[007200] Loss: 18.5726, EPE: 8.9123
[007300] Loss: 18.3478, EPE: 8.3757
[007400] Loss: 18.1286, EPE: 8.1407
[007500] Loss: 17.8864, EPE: 8.1277
[007600] Loss: 17.8008, EPE: 7.8695
[007700] Loss: 17.7991, EPE: 8.1615
[007800] Loss: 17.7826, EPE: 7.8274
[007900] Loss: 17.6805, EPE: 7.8435
[008000] Loss: 17.4681, EPE: 7.8532
[008100] Loss: 17.2286, EPE: 7.3642
[008200] Loss: 17.2642, EPE: 7.6951
[008300] Loss: 17.1219, EPE: 7.2682
[008400] Loss: 16.7477, EPE: 6.9714
[008500] Loss: 16.7899, EPE: 7.2559
[008600] Loss: 16.9396, EPE: 7.5102
[008700] Loss: 17.1118, EPE: 7.6589
[008800] Loss: 17.1825, EPE: 8.4617
[008900] Loss: 16.7958, EPE: 6.9139
[009000] Loss: 16.4693, EPE: 7.2849
[009100] Loss: 15.8878, EPE: 6.4673
[009200] Loss: 16.2698, EPE: 7.0009
[009300] Loss: 16.2835, EPE: 6.8249
[009400] Loss: 17.0085, EPE: 8.2887
[009500] Loss: 15.4515, EPE: 6.6303
[009600] Loss: 16.1403, EPE: 7.3096
[009700] Loss: 16.6341, EPE: 7.7796
[009800] Loss: 15.7714, EPE: 6.9868
[009900] Loss: 16.3931, EPE: 7.0625
[010000] Loss: 15.6176, EPE: 6.7593
[010100] Loss: 17.0136, EPE: 8.6823
[010200] Loss: 15.8654, EPE: 7.0769
[010300] Loss: 15.3516, EPE: 6.4165
[010400] Loss: 14.9788, EPE: 6.0780
[010500] Loss: 15.5614, EPE: 7.5130
[010600] Loss: 15.0983, EPE: 6.4488
[010700] Loss: 15.1561, EPE: 6.3454
[010800] Loss: 15.2833, EPE: 7.0744
[010900] Loss: 16.3353, EPE: 7.6912
[011000] Loss: 15.2119, EPE: 6.5610
[011100] Loss: 14.7635, EPE: 5.8572
[011200] Loss: 15.2431, EPE: 7.1618
[011300] Loss: 14.5712, EPE: 6.1108
[011400] Loss: 14.8204, EPE: 6.2614
[011500] Loss: 14.6521, EPE: 6.0886
[011600] Loss: 14.9339, EPE: 6.4001
[011700] Loss: 14.6478, EPE: 6.4898
[011800] Loss: 14.5357, EPE: 5.6170
[011900] Loss: 15.2907, EPE: 7.3130
[012000] Loss: 14.7178, EPE: 6.7608
[012100] Loss: 14.8760, EPE: 6.9121
[012200] Loss: 15.3547, EPE: 8.0096
[012300] Loss: 14.6193, EPE: 6.5686
[012400] Loss: 15.3553, EPE: 6.9715
[012500] Loss: 14.9584, EPE: 6.5298
[012600] Loss: 14.8748, EPE: 6.3112
[012700] Loss: 14.6356, EPE: 6.3067
[012800] Loss: 14.3227, EPE: 6.0895
[012900] Loss: 14.9710, EPE: 6.6715
[013000] Loss: 14.6262, EPE: 6.8817
[013100] Loss: 14.1697, EPE: 5.6471
[013200] Loss: 14.2999, EPE: 6.2978
[013300] Loss: 14.8980, EPE: 6.5356
[013400] Loss: 14.3578, EPE: 5.7532
[013500] Loss: 14.0343, EPE: 6.2310
[013600] Loss: 14.0936, EPE: 5.9832
[013700] Loss: 13.8757, EPE: 5.3497
[013800] Loss: 14.2074, EPE: 6.8289
[013900] Loss: 13.8287, EPE: 6.1833
[014000] Loss: 13.9498, EPE: 5.8234
[014100] Loss: 13.8037, EPE: 5.9365
[014200] Loss: 14.0320, EPE: 6.1055
[014300] Loss: 13.8742, EPE: 6.3999
[014400] Loss: 13.6420, EPE: 5.9783
[014500] Loss: 13.5503, EPE: 5.7359
[014600] Loss: 13.3475, EPE: 5.2191
[014700] Loss: 13.1370, EPE: 5.8506
[014800] Loss: 13.9623, EPE: 6.5759
[014900] Loss: 13.1710, EPE: 5.4137
[015000] Loss: 13.0914, EPE: 5.6643
[015100] Loss: 13.5181, EPE: 6.2009
[015200] Loss: 13.3576, EPE: 5.8169
[015300] Loss: 13.3508, EPE: 5.7795
[015400] Loss: 12.6987, EPE: 5.4179
[015500] Loss: 13.5208, EPE: 6.8086
[015600] Loss: 13.1451, EPE: 5.9091
[015700] Loss: 12.8305, EPE: 5.8436
[015800] Loss: 13.3972, EPE: 6.2235
[015900] Loss: 13.4025, EPE: 6.0564
[016000] Loss: 13.6130, EPE: 6.5720
[016100] Loss: 12.9217, EPE: 4.9696
[016200] Loss: 13.3370, EPE: 5.7998
[016300] Loss: 13.2150, EPE: 6.5177
[016400] Loss: 12.5051, EPE: 5.7542
[016500] Loss: 12.7007, EPE: 5.7346
[016600] Loss: 12.6256, EPE: 5.3972
[016700] Loss: 12.6639, EPE: 5.8481
[016800] Loss: 13.0047, EPE: 5.8431
[016900] Loss: 13.1001, EPE: 6.6450
[017000] Loss: 12.8212, EPE: 5.3940
[017100] Loss: 13.1631, EPE: 6.4012
[017200] Loss: 13.2596, EPE: 5.9939
[017300] Loss: 13.4504, EPE: 6.2579
[017400] Loss: 12.5689, EPE: 5.3412
[017500] Loss: 13.6115, EPE: 7.0246
[017600] Loss: 13.1343, EPE: 6.4127
[017700] Loss: 12.8746, EPE: 5.5391
[017800] Loss: 12.6605, EPE: 5.3944
[017900] Loss: 12.4755, EPE: 5.6928
[018000] Loss: 12.7643, EPE: 5.5208
[018100] Loss: 12.5871, EPE: 5.7642
[018200] Loss: 12.4357, EPE: 5.2675
[018300] Loss: 13.1316, EPE: 6.2006
[018400] Loss: 13.3946, EPE: 5.3759
[018500] Loss: 13.1857, EPE: 5.8633
[018600] Loss: 12.3635, EPE: 4.8959
[018700] Loss: 12.6287, EPE: 5.6358
[018800] Loss: 12.3374, EPE: 5.5542
[018900] Loss: 12.2923, EPE: 5.5015
[019000] Loss: 12.4762, EPE: 5.5278
[019100] Loss: 12.2932, EPE: 5.0832
[019200] Loss: 12.5994, EPE: 5.6503
[019300] Loss: 12.7698, EPE: 6.3369
[019400] Loss: 12.4067, EPE: 5.0433
[019500] Loss: 13.4054, EPE: 6.0975
[019600] Loss: 12.2911, EPE: 5.0798
[019700] Loss: 12.3043, EPE: 5.2533
[019800] Loss: 12.3880, EPE: 5.2885
[019900] Loss: 12.8238, EPE: 5.9749
[020000] Loss: 12.4974, EPE: 5.1618
[020100] Loss: 12.3488, EPE: 4.9219
[020200] Loss: 12.3092, EPE: 5.4083
[020300] Loss: 12.4480, EPE: 5.1379
[020400] Loss: 12.6251, EPE: 5.3197
[020500] Loss: 12.2720, EPE: 5.4906
[020600] Loss: 12.3568, EPE: 5.7217
[020700] Loss: 12.3271, EPE: 5.4053
[020800] Loss: 11.7909, EPE: 4.5072
[020900] Loss: 12.3492, EPE: 5.8723
[021000] Loss: 11.6109, EPE: 4.5934
[021100] Loss: 11.9140, EPE: 4.7853
[021200] Loss: 12.5387, EPE: 5.6095
[021300] Loss: 11.8972, EPE: 4.7743
[021400] Loss: 11.9659, EPE: 4.9560
[021500] Loss: 11.7003, EPE: 4.4801
[021600] Loss: 12.1580, EPE: 5.2721
[021700] Loss: 11.9742, EPE: 4.8412
[021800] Loss: 11.8511, EPE: 4.9600
[021900] Loss: 11.9926, EPE: 5.0518
[022000] Loss: 12.1817, EPE: 5.2664
[022100] Loss: 11.8236, EPE: 5.0327
[022200] Loss: 11.8107, EPE: 5.3523
[022300] Loss: 11.5965, EPE: 5.1700
[022400] Loss: 11.6500, EPE: 5.0747
[022500] Loss: 12.0154, EPE: 4.9100
[022600] Loss: 12.2601, EPE: 4.8617
[022700] Loss: 12.4166, EPE: 5.3208
[022800] Loss: 12.2514, EPE: 5.2939
[022900] Loss: 11.6954, EPE: 4.9766
[023000] Loss: 11.8620, EPE: 5.2015
[023100] Loss: 12.3234, EPE: 5.3471
[023200] Loss: 11.6301, EPE: 5.0886
[023300] Loss: 11.7179, EPE: 5.0310
[023400] Loss: 11.7451, EPE: 5.0740
[023500] Loss: 12.1502, EPE: 5.7582
[023600] Loss: 12.6545, EPE: 6.9274
[023700] Loss: 11.5192, EPE: 4.6571
[023800] Loss: 11.4681, EPE: 4.6431
[023900] Loss: 12.8029, EPE: 5.6348
[024000] Loss: 12.2682, EPE: 5.5386
[024100] Loss: 12.0162, EPE: 4.9854
[024200] Loss: 11.9475, EPE: 5.1548
[024300] Loss: 12.1276, EPE: 5.3677
[024400] Loss: 12.0825, EPE: 4.9715
[024500] Loss: 11.6464, EPE: 4.4195
[024600] Loss: 11.9040, EPE: 4.8000
[024700] Loss: 11.7860, EPE: 4.6484
[024800] Loss: 11.5460, EPE: 5.0807
[024900] Loss: 11.6280, EPE: 4.5508
[025000] Loss: 11.3884, EPE: 4.7545
[025100] Loss: 11.9599, EPE: 5.0072
[025200] Loss: 11.3995, EPE: 4.6081
[025300] Loss: 11.2362, EPE: 4.3509
[025400] Loss: 11.3558, EPE: 4.5466
[025500] Loss: 11.3522, EPE: 4.1415
[025600] Loss: 11.8743, EPE: 5.5079
[025700] Loss: 11.7167, EPE: 4.6132
[025800] Loss: 11.2448, EPE: 4.6261
[025900] Loss: 11.6358, EPE: 5.0683
[026000] Loss: 11.5075, EPE: 4.6989
[026100] Loss: 11.4836, EPE: 4.1762
[026200] Loss: 10.9674, EPE: 4.2756
[026300] Loss: 11.1538, EPE: 4.2291
[026400] Loss: 11.9919, EPE: 5.6372
[026500] Loss: 12.0368, EPE: 4.7612
[026600] Loss: 11.3201, EPE: 5.0915
[026700] Loss: 11.2761, EPE: 4.3481
[026800] Loss: 11.2062, EPE: 4.4284
[026900] Loss: 11.1893, EPE: 4.7827
[027000] Loss: 11.1379, EPE: 4.3126
[027100] Loss: 11.7132, EPE: 4.6324
[027200] Loss: 10.9296, EPE: 4.4362
[027300] Loss: 11.5435, EPE: 4.6625
[027400] Loss: 11.8296, EPE: 5.1884
[027500] Loss: 11.0294, EPE: 4.4757
[027600] Loss: 11.0047, EPE: 4.1535
[027700] Loss: 11.1486, EPE: 4.6907
[027800] Loss: 11.1112, EPE: 4.4490
[027900] Loss: 10.9005, EPE: 3.9501
[028000] Loss: 11.5924, EPE: 5.0450
[028100] Loss: 11.2709, EPE: 4.6156
[028200] Loss: 11.5890, EPE: 4.9281
[028300] Loss: 11.3707, EPE: 4.7809
[028400] Loss: 11.1623, EPE: 4.2840
[028500] Loss: 11.2778, EPE: 4.4815
[028600] Loss: 11.2154, EPE: 5.1809
[028700] Loss: 11.4194, EPE: 4.7766
[028800] Loss: 11.0112, EPE: 3.9881
[028900] Loss: 11.1476, EPE: 4.7707
[029000] Loss: 11.0953, EPE: 4.1743
[029100] Loss: 11.5586, EPE: 5.4647
[029200] Loss: 11.3844, EPE: 4.5142
[029300] Loss: 10.6790, EPE: 3.9220
[029400] Loss: 10.8185, EPE: 3.8344
[029500] Loss: 11.6220, EPE: 4.9059
[029600] Loss: 10.8400, EPE: 4.3044
[029700] Loss: 10.9436, EPE: 4.0349
[029800] Loss: 11.1122, EPE: 4.3766
[029900] Loss: 10.9815, EPE: 4.6290
[030000] Loss: 10.7957, EPE: 4.3594
[030100] Loss: 10.9687, EPE: 4.5547
[030200] Loss: 11.2558, EPE: 4.9568
[030300] Loss: 11.1280, EPE: 4.7201
[030400] Loss: 10.6695, EPE: 4.1567
[030500] Loss: 10.8294, EPE: 4.2499
[030600] Loss: 10.7068, EPE: 4.2767
[030700] Loss: 10.5500, EPE: 3.8309
[030800] Loss: 11.1840, EPE: 4.1178
[030900] Loss: 10.6316, EPE: 4.0546
[031000] Loss: 10.8221, EPE: 4.3934
[031100] Loss: 10.7580, EPE: 4.3170
[031200] Loss: 10.5408, EPE: 3.7093
[031300] Loss: 10.9324, EPE: 4.4157
[031400] Loss: 10.5634, EPE: 3.9623
[031500] Loss: 10.6100, EPE: 4.3023
[031600] Loss: 10.6173, EPE: 4.1509
[031700] Loss: 10.5164, EPE: 3.8844
[031800] Loss: 10.7996, EPE: 4.2747
[031900] Loss: 10.8191, EPE: 3.8740
[032000] Loss: 10.3794, EPE: 4.6173
[032100] Loss: 10.5740, EPE: 4.0461
[032200] Loss: 10.5974, EPE: 4.2019
[032300] Loss: 10.6826, EPE: 4.4789
[032400] Loss: 10.3778, EPE: 3.8803
[032500] Loss: 10.2857, EPE: 3.5439
[032600] Loss: 10.9315, EPE: 4.6135
[032700] Loss: 10.6058, EPE: 4.1203
[032800] Loss: 10.3189, EPE: 4.0303
[032900] Loss: 10.2841, EPE: 3.7581
[033000] Loss: 10.4259, EPE: 4.2299
[033100] Loss: 10.2581, EPE: 3.7339
[033200] Loss: 10.5461, EPE: 4.3123
[033300] Loss: 10.1643, EPE: 3.6137
[033400] Loss: 10.5335, EPE: 4.3652
[033500] Loss: 10.5153, EPE: 3.9664
[033600] Loss: 10.5765, EPE: 4.0516
[033700] Loss: 10.6733, EPE: 4.2929
[033800] Loss: 10.4562, EPE: 3.8851
[033900] Loss: 10.4604, EPE: 4.1241
[034000] Loss: 10.2394, EPE: 4.1133
[034100] Loss: 10.1809, EPE: 3.7446
[034200] Loss: 10.3137, EPE: 3.7366
[034300] Loss: 10.3555, EPE: 4.0773
[034400] Loss: 10.3512, EPE: 4.0665
[034500] Loss: 10.3629, EPE: 4.5616
[034600] Loss: 10.2161, EPE: 3.8683
[034700] Loss: 10.5527, EPE: 4.2083
[034800] Loss: 10.3974, EPE: 3.8507
[034900] Loss: 10.4930, EPE: 4.0892
[035000] Loss: 10.3276, EPE: 3.9328
[035100] Loss: 10.4997, EPE: 4.3617
[035200] Loss: 10.3068, EPE: 4.1797
[035300] Loss: 10.3723, EPE: 4.0400
[035400] Loss: 10.5113, EPE: 4.0229
[035500] Loss: 10.3597, EPE: 3.9935
[035600] Loss: 10.0714, EPE: 3.4974
[035700] Loss: 10.0253, EPE: 4.0603
[035800] Loss: 10.1699, EPE: 3.9927
[035900] Loss: 10.2452, EPE: 3.9969
[036000] Loss: 10.7790, EPE: 3.8573
[036100] Loss: 10.3723, EPE: 3.8796
[036200] Loss: 10.3765, EPE: 4.2008
[036300] Loss: 10.4479, EPE: 3.9963
[036400] Loss: 9.9711, EPE: 3.4400
[036500] Loss: 10.1999, EPE: 3.5689
[036600] Loss: 10.1897, EPE: 3.7181
[036700] Loss: 10.3001, EPE: 3.6567
[036800] Loss: 10.1844, EPE: 3.5219
[036900] Loss: 10.3418, EPE: 3.8716
[037000] Loss: 10.3405, EPE: 3.8690
[037100] Loss: 10.1693, EPE: 3.7610
[037200] Loss: 10.2905, EPE: 4.0244
[037300] Loss: 10.4710, EPE: 4.4861
[037400] Loss: 10.2332, EPE: 4.0061
[037500] Loss: 10.0403, EPE: 3.6288
[037600] Loss: 10.1527, EPE: 3.8523
[037700] Loss: 10.1740, EPE: 3.7277
[037800] Loss: 9.9283, EPE: 3.5403
[037900] Loss: 10.1716, EPE: 3.9132
[038000] Loss: 10.0924, EPE: 3.9448
[038100] Loss: 10.3290, EPE: 4.2976
[038200] Loss: 10.1008, EPE: 4.0474
[038300] Loss: 10.0431, EPE: 3.8408
[038400] Loss: 10.0513, EPE: 3.7015
[038500] Loss: 10.2689, EPE: 4.1902
[038600] Loss: 10.2138, EPE: 4.0306
[038700] Loss: 10.4317, EPE: 3.9587
[038800] Loss: 10.1978, EPE: 3.8993
[038900] Loss: 10.2005, EPE: 3.9890
[039000] Loss: 10.0815, EPE: 4.4441
[039100] Loss: 10.2114, EPE: 3.7817
[039200] Loss: 10.1036, EPE: 3.8309
[039300] Loss: 10.1132, EPE: 4.3199
[039400] Loss: 9.9661, EPE: 4.1161
[039500] Loss: 9.9555, EPE: 3.7305
[039600] Loss: 9.8741, EPE: 3.4628
[039700] Loss: 9.8552, EPE: 3.9245
[039800] Loss: 10.0345, EPE: 4.0685
[039900] Loss: 10.3354, EPE: 4.3861
[040000] Loss: 9.6422, EPE: 3.3875
[040100] Loss: 9.8859, EPE: 3.7706
[040200] Loss: 10.1291, EPE: 4.0151
[040300] Loss: 10.1815, EPE: 3.9389
[040400] Loss: 9.7949, EPE: 3.7465
[040500] Loss: 9.8154, EPE: 3.4459
[040600] Loss: 10.0571, EPE: 3.8338
[040700] Loss: 9.5096, EPE: 3.1771
[040800] Loss: 9.7715, EPE: 3.3710
[040900] Loss: 10.0064, EPE: 3.8163
[041000] Loss: 9.9569, EPE: 3.6906
[041100] Loss: 10.0613, EPE: 3.7154
[041200] Loss: 10.0117, EPE: 3.8134
[041300] Loss: 9.9211, EPE: 3.8790
[041400] Loss: 10.0714, EPE: 4.0597
[041500] Loss: 9.8638, EPE: 3.7998
[041600] Loss: 9.5956, EPE: 3.3889
[041700] Loss: 9.6479, EPE: 3.1915
[041800] Loss: 9.7162, EPE: 3.3495
[041900] Loss: 9.8974, EPE: 3.7469
[042000] Loss: 9.5425, EPE: 3.2537
[042100] Loss: 10.0433, EPE: 4.2476
[042200] Loss: 9.8296, EPE: 3.4963
[042300] Loss: 9.8784, EPE: 3.6533
[042400] Loss: 9.6638, EPE: 3.4645
[042500] Loss: 9.4800, EPE: 3.3668
[042600] Loss: 9.9302, EPE: 3.9870
[042700] Loss: 9.8199, EPE: 3.7198
[042800] Loss: 9.8051, EPE: 3.6729
[042900] Loss: 9.7044, EPE: 3.3449
[043000] Loss: 9.7716, EPE: 3.3223
[043100] Loss: 9.8361, EPE: 3.4360
[043200] Loss: 9.8110, EPE: 3.6566
[043300] Loss: 9.8006, EPE: 3.5322
[043400] Loss: 9.7943, EPE: 3.4711
[043500] Loss: 9.9592, EPE: 3.7800
[043600] Loss: 9.8997, EPE: 3.6016
[043700] Loss: 9.5926, EPE: 3.4895
[043800] Loss: 9.6295, EPE: 3.5506
[043900] Loss: 9.6061, EPE: 3.6308
[044000] Loss: 9.5669, EPE: 3.4008
[044100] Loss: 9.6932, EPE: 3.3935
[044200] Loss: 9.8302, EPE: 3.9092
[044300] Loss: 9.6089, EPE: 3.3207
[044400] Loss: 9.7463, EPE: 3.4386
[044500] Loss: 9.5132, EPE: 3.4541
[044600] Loss: 9.5803, EPE: 3.4583
[044700] Loss: 10.0160, EPE: 4.0386
[044800] Loss: 9.6573, EPE: 3.7036
[044900] Loss: 9.8613, EPE: 3.8557
[045000] Loss: 9.6419, EPE: 3.6202
[045100] Loss: 9.7250, EPE: 3.4191
[045200] Loss: 9.4153, EPE: 3.3498
[045300] Loss: 9.6163, EPE: 3.4442
[045400] Loss: 9.6827, EPE: 3.7811
[045500] Loss: 9.7495, EPE: 3.6083
[045600] Loss: 9.5339, EPE: 3.5502
[045700] Loss: 9.7559, EPE: 3.7606
[045800] Loss: 9.5847, EPE: 3.3744
[045900] Loss: 9.4993, EPE: 3.3537
[046000] Loss: 9.4909, EPE: 3.4392
[046100] Loss: 9.4783, EPE: 3.2268
[046200] Loss: 9.4100, EPE: 3.3251
[046300] Loss: 9.6144, EPE: 3.2938
[046400] Loss: 9.6461, EPE: 3.5294
[046500] Loss: 9.5691, EPE: 3.3646
[046600] Loss: 9.6138, EPE: 3.5452
[046700] Loss: 9.4797, EPE: 3.2003
[046800] Loss: 9.4250, EPE: 3.5798
[046900] Loss: 9.8146, EPE: 3.6476
[047000] Loss: 9.7351, EPE: 3.4305
[047100] Loss: 9.5798, EPE: 3.4755
[047200] Loss: 9.8016, EPE: 3.9519
[047300] Loss: 9.5077, EPE: 3.1780
[047400] Loss: 9.5265, EPE: 3.3077
[047500] Loss: 9.4740, EPE: 3.4569
[047600] Loss: 9.6562, EPE: 3.3705
[047700] Loss: 9.7736, EPE: 3.5396
[047800] Loss: 9.4408, EPE: 3.3545
[047900] Loss: 9.3415, EPE: 3.2521
[048000] Loss: 9.4911, EPE: 3.1755
[048100] Loss: 9.5722, EPE: 3.4255
[048200] Loss: 9.4328, EPE: 3.7141
[048300] Loss: 9.3049, EPE: 3.0806
[048400] Loss: 9.5898, EPE: 3.4247
[048500] Loss: 9.4265, EPE: 3.3923
[048600] Loss: 9.5898, EPE: 3.5848
[048700] Loss: 9.5317, EPE: 3.6494
[048800] Loss: 9.8513, EPE: 4.3226
[048900] Loss: 9.4384, EPE: 3.6519
[049000] Loss: 9.6895, EPE: 4.1280
[049100] Loss: 9.5037, EPE: 3.3538
[049200] Loss: 9.5219, EPE: 3.4270
[049300] Loss: 9.7214, EPE: 3.7567
[049400] Loss: 9.8180, EPE: 3.7190
[049500] Loss: 9.4726, EPE: 3.1887
[049600] Loss: 9.5661, EPE: 3.2800
[049700] Loss: 9.5477, EPE: 3.6345
[049800] Loss: 9.2114, EPE: 3.2130
[049900] Loss: 9.5440, EPE: 3.4398
[050000] Loss: 9.4308, EPE: 3.1866
[050100] Loss: 9.4912, EPE: 3.3405
[050200] Loss: 9.4148, EPE: 3.2784
[050300] Loss: 9.4700, EPE: 3.5229
[050400] Loss: 9.1679, EPE: 3.0810
[050500] Loss: 9.2593, EPE: 3.1573
[050600] Loss: 9.3148, EPE: 3.2344
[050700] Loss: 9.6617, EPE: 3.5629
[050800] Loss: 9.3246, EPE: 3.4622
[050900] Loss: 9.4889, EPE: 3.1630
[051000] Loss: 9.4611, EPE: 3.6022
[051100] Loss: 9.5644, EPE: 3.5407
[051200] Loss: 9.2047, EPE: 3.1329
[051300] Loss: 9.3486, EPE: 3.5118
[051400] Loss: 9.0742, EPE: 2.9995
[051500] Loss: 9.6371, EPE: 3.7145
[051600] Loss: 9.2084, EPE: 3.0686
[051700] Loss: 9.2444, EPE: 3.3516
[051800] Loss: 9.3456, EPE: 3.5089
[051900] Loss: 9.4536, EPE: 3.3991
[052000] Loss: 9.4377, EPE: 3.4336
[052100] Loss: 9.4895, EPE: 3.4868
[052200] Loss: 9.3126, EPE: 3.3518
[052300] Loss: 9.2670, EPE: 3.0926
[052400] Loss: 9.5996, EPE: 3.6417
[052500] Loss: 9.2223, EPE: 3.2815
[052600] Loss: 9.2329, EPE: 2.9869
[052700] Loss: 9.2695, EPE: 3.2011
[052800] Loss: 9.2624, EPE: 3.2391
[052900] Loss: 9.5091, EPE: 3.2861
[053000] Loss: 9.6759, EPE: 3.3863
[053100] Loss: 9.3414, EPE: 3.1202
[053200] Loss: 9.2324, EPE: 3.1153
[053300] Loss: 9.3888, EPE: 3.1873
[053400] Loss: 9.1926, EPE: 3.3374
[053500] Loss: 9.3037, EPE: 3.0496
[053600] Loss: 9.5228, EPE: 3.6492
[053700] Loss: 8.9882, EPE: 2.9205
[053800] Loss: 9.4668, EPE: 3.4966
[053900] Loss: 9.1831, EPE: 3.2636
[054000] Loss: 9.2690, EPE: 3.0976
[054100] Loss: 9.3589, EPE: 3.2482
[054200] Loss: 9.0864, EPE: 2.8708
[054300] Loss: 9.1189, EPE: 3.2432
[054400] Loss: 9.0840, EPE: 3.1273
[054500] Loss: 9.2833, EPE: 3.1524
[054600] Loss: 9.3507, EPE: 3.4830
[054700] Loss: 9.3133, EPE: 3.2545
[054800] Loss: 9.2592, EPE: 3.5561
[054900] Loss: 9.3690, EPE: 3.1070
[055000] Loss: 9.1842, EPE: 3.2657
[055100] Loss: 9.1743, EPE: 3.0043
[055200] Loss: 9.1297, EPE: 3.1835
[055300] Loss: 9.3158, EPE: 3.4411
[055400] Loss: 9.1893, EPE: 2.9615
[055500] Loss: 9.3924, EPE: 3.2830
[055600] Loss: 9.0311, EPE: 2.9763
[055700] Loss: 9.1425, EPE: 3.4031
[055800] Loss: 9.1641, EPE: 3.4541
[055900] Loss: 9.1761, EPE: 3.1765
[056000] Loss: 9.3106, EPE: 3.5898
[056100] Loss: 9.0711, EPE: 3.0038
[056200] Loss: 9.2430, EPE: 3.3141
[056300] Loss: 9.2480, EPE: 3.1515
[056400] Loss: 9.0832, EPE: 2.9098
[056500] Loss: 9.5769, EPE: 3.8556
[056600] Loss: 9.1818, EPE: 3.3590
[056700] Loss: 9.1247, EPE: 3.1816
[056800] Loss: 9.3622, EPE: 3.3990
[056900] Loss: 8.9985, EPE: 2.8381
[057000] Loss: 8.9983, EPE: 3.2646
[057100] Loss: 9.1446, EPE: 3.1530
[057200] Loss: 9.1265, EPE: 3.0975
[057300] Loss: 9.2364, EPE: 3.1943
[057400] Loss: 9.1558, EPE: 3.1826
[057500] Loss: 9.2342, EPE: 3.1531
[057600] Loss: 9.0959, EPE: 3.2300
[057700] Loss: 8.9717, EPE: 2.9669
[057800] Loss: 9.2214, EPE: 3.2929
[057900] Loss: 9.1644, EPE: 2.9892
[058000] Loss: 9.0740, EPE: 3.0354
[058100] Loss: 9.3471, EPE: 3.1391
[058200] Loss: 9.1986, EPE: 3.0043
[058300] Loss: 9.0837, EPE: 2.9718
[058400] Loss: 9.0904, EPE: 3.2993
[058500] Loss: 9.0414, EPE: 3.2310
[058600] Loss: 9.1043, EPE: 3.1985
[058700] Loss: 9.0525, EPE: 2.9738
[058800] Loss: 9.1694, EPE: 3.0986
[058900] Loss: 9.1582, EPE: 3.0036
[059000] Loss: 9.0276, EPE: 3.0155
[059100] Loss: 9.1044, EPE: 3.3192
[059200] Loss: 9.0898, EPE: 3.0180
[059300] Loss: 9.0629, EPE: 3.0425
[059400] Loss: 9.0188, EPE: 3.2033
[059500] Loss: 9.4616, EPE: 3.2866
[059600] Loss: 9.0380, EPE: 2.9898
[059700] Loss: 9.2407, EPE: 3.0631
[059800] Loss: 9.0548, EPE: 3.0211
[059900] Loss: 9.0241, EPE: 3.1833
[060000] Loss: 9.1878, EPE: 3.1439
[060100] Loss: 8.9180, EPE: 2.9510
[060200] Loss: 8.9165, EPE: 2.8378
[060300] Loss: 9.4722, EPE: 3.4596
[060400] Loss: 9.2110, EPE: 3.3981
[060500] Loss: 9.2789, EPE: 3.2770
[060600] Loss: 9.1477, EPE: 3.1841
[060700] Loss: 9.1551, EPE: 3.2130
[060800] Loss: 9.0771, EPE: 3.0956
[060900] Loss: 8.9463, EPE: 2.9766
[061000] Loss: 8.9105, EPE: 2.9437
[061100] Loss: 8.9450, EPE: 3.0705
[061200] Loss: 8.9531, EPE: 2.8249
[061300] Loss: 9.1652, EPE: 3.0879
[061400] Loss: 8.8995, EPE: 3.0533
[061500] Loss: 9.2331, EPE: 3.0360
[061600] Loss: 9.3920, EPE: 3.6210
[061700] Loss: 8.9607, EPE: 3.1308
[061800] Loss: 8.7292, EPE: 2.7043
[061900] Loss: 8.8190, EPE: 2.7248
[062000] Loss: 9.1013, EPE: 3.2899
[062100] Loss: 8.9612, EPE: 2.8882
[062200] Loss: 9.1575, EPE: 3.3386
[062300] Loss: 9.0288, EPE: 2.9123
[062400] Loss: 8.9329, EPE: 3.1234
[062500] Loss: 9.0298, EPE: 3.0161
[062600] Loss: 8.8198, EPE: 2.9078
[062700] Loss: 8.8213, EPE: 2.8473
[062800] Loss: 8.9237, EPE: 2.8978
[062900] Loss: 8.7780, EPE: 2.8438
[063000] Loss: 8.8042, EPE: 2.7218
[063100] Loss: 8.7788, EPE: 2.8264
[063200] Loss: 9.2052, EPE: 3.3858
[063300] Loss: 9.2273, EPE: 3.1661
[063400] Loss: 8.9279, EPE: 2.9332
[063500] Loss: 8.6235, EPE: 2.6345
[063600] Loss: 8.9386, EPE: 2.9316
[063700] Loss: 9.0017, EPE: 3.1092
[063800] Loss: 8.7449, EPE: 2.6400
[063900] Loss: 8.8887, EPE: 2.9346
[064000] Loss: 8.9513, EPE: 3.0407
[064100] Loss: 9.0548, EPE: 3.0529
[064200] Loss: 9.0373, EPE: 3.1581
[064300] Loss: 9.1349, EPE: 3.0048
[064400] Loss: 8.7248, EPE: 2.6285
[064500] Loss: 8.8685, EPE: 2.8334
[064600] Loss: 8.9670, EPE: 3.0320
[064700] Loss: 8.9063, EPE: 2.9616
[064800] Loss: 8.9041, EPE: 3.1819
[064900] Loss: 9.0763, EPE: 3.1408
[065000] Loss: 8.9956, EPE: 2.9907
[065100] Loss: 9.1225, EPE: 3.0965
[065200] Loss: 8.7805, EPE: 2.7373
[065300] Loss: 8.8628, EPE: 2.9700
[065400] Loss: 9.0044, EPE: 3.4193
[065500] Loss: 9.2048, EPE: 3.0259
[065600] Loss: 9.0582, EPE: 3.2705
[065700] Loss: 9.0175, EPE: 2.9834
[065800] Loss: 8.8393, EPE: 3.0011
[065900] Loss: 8.8699, EPE: 2.8140
[066000] Loss: 8.8589, EPE: 2.9185
[066100] Loss: 8.9702, EPE: 3.0510
[066200] Loss: 9.0388, EPE: 3.0677
[066300] Loss: 8.9435, EPE: 2.6596
[066400] Loss: 8.9617, EPE: 2.9018
[066500] Loss: 8.8360, EPE: 2.8739
[066600] Loss: 9.0398, EPE: 2.9375
[066700] Loss: 8.9151, EPE: 3.0338
[066800] Loss: 8.8539, EPE: 2.8652
[066900] Loss: 9.0423, EPE: 3.2182
[067000] Loss: 8.9670, EPE: 3.0442
[067100] Loss: 9.0399, EPE: 2.9429
[067200] Loss: 8.7897, EPE: 2.7814
[067300] Loss: 8.8852, EPE: 2.9589
[067400] Loss: 8.9269, EPE: 3.1699
[067500] Loss: 8.7951, EPE: 2.7538
[067600] Loss: 8.7988, EPE: 2.8466
[067700] Loss: 8.7432, EPE: 2.9599
[067800] Loss: 9.0111, EPE: 3.1471
[067900] Loss: 9.0341, EPE: 3.2366
[068000] Loss: 8.9525, EPE: 2.8990
[068100] Loss: 8.8394, EPE: 2.7483
[068200] Loss: 8.9189, EPE: 2.8273
[068300] Loss: 8.9482, EPE: 2.7927
[068400] Loss: 8.9305, EPE: 3.0708
[068500] Loss: 8.8657, EPE: 2.7082
[068600] Loss: 8.9078, EPE: 2.7763
[068700] Loss: 8.9417, EPE: 2.9186
[068800] Loss: 8.8292, EPE: 3.0311
[068900] Loss: 8.8629, EPE: 2.9792
[069000] Loss: 8.8304, EPE: 2.9041
[069100] Loss: 8.6682, EPE: 2.5592
[069200] Loss: 9.1100, EPE: 3.3885
[069300] Loss: 8.8779, EPE: 3.2693
[069400] Loss: 8.9141, EPE: 2.9843
[069500] Loss: 8.9390, EPE: 2.9756
[069600] Loss: 8.9570, EPE: 3.0680
[069700] Loss: 8.6271, EPE: 2.7475
[069800] Loss: 8.7454, EPE: 2.8756
[069900] Loss: 8.8071, EPE: 2.8826
[070000] Loss: 8.5483, EPE: 2.7242
[070100] Loss: 8.9818, EPE: 2.8742
[070200] Loss: 8.7302, EPE: 2.7259
[070300] Loss: 8.6368, EPE: 2.7844
[070400] Loss: 8.8507, EPE: 2.7529
[070500] Loss: 8.6510, EPE: 2.6718
[070600] Loss: 8.7378, EPE: 2.6724
[070700] Loss: 8.7941, EPE: 2.8342
[070800] Loss: 8.6601, EPE: 2.7328
[070900] Loss: 8.9163, EPE: 2.8801
[071000] Loss: 8.9744, EPE: 2.9084
[071100] Loss: 8.8263, EPE: 2.9564
[071200] Loss: 8.6325, EPE: 2.6569
[071300] Loss: 8.7162, EPE: 2.6560
[071400] Loss: 8.8797, EPE: 2.8333
[071500] Loss: 8.7748, EPE: 2.7592
[071600] Loss: 8.8708, EPE: 2.9223
[071700] Loss: 8.8480, EPE: 3.0073
[071800] Loss: 8.6684, EPE: 2.8178
[071900] Loss: 8.7583, EPE: 2.7308
[072000] Loss: 8.8996, EPE: 3.0250
[072100] Loss: 8.9295, EPE: 2.6747
[072200] Loss: 8.9978, EPE: 3.0652
[072300] Loss: 8.6866, EPE: 2.7082
[072400] Loss: 8.5629, EPE: 2.7154
[072500] Loss: 8.7100, EPE: 2.9881
[072600] Loss: 8.8956, EPE: 2.8805
[072700] Loss: 8.6712, EPE: 2.7564
[072800] Loss: 8.9527, EPE: 3.0441
[072900] Loss: 8.7957, EPE: 3.0000
[073000] Loss: 8.7752, EPE: 2.9898
[073100] Loss: 8.8139, EPE: 2.8692
[073200] Loss: 8.7704, EPE: 2.9709
[073300] Loss: 8.5765, EPE: 2.6133
[073400] Loss: 8.7017, EPE: 2.6873
[073500] Loss: 8.8315, EPE: 2.8741
[073600] Loss: 8.8163, EPE: 2.9356
[073700] Loss: 8.7408, EPE: 3.3515
[073800] Loss: 8.8237, EPE: 2.9794
[073900] Loss: 8.7943, EPE: 2.7714
[074000] Loss: 8.6286, EPE: 2.5829
[074100] Loss: 8.6952, EPE: 3.0586
[074200] Loss: 8.8594, EPE: 2.9349
[074300] Loss: 8.7275, EPE: 3.0013
[074400] Loss: 8.8604, EPE: 2.9418
[074500] Loss: 8.5161, EPE: 2.5771
[074600] Loss: 8.8958, EPE: 2.8769
[074700] Loss: 8.8588, EPE: 2.9944
[074800] Loss: 8.7170, EPE: 2.8459
[074900] Loss: 8.6745, EPE: 2.6962
[075000] Loss: 8.6240, EPE: 2.6130
[075100] Loss: 8.7463, EPE: 3.0629
[075200] Loss: 8.8319, EPE: 2.8808
[075300] Loss: 8.5406, EPE: 2.5449
[075400] Loss: 8.7410, EPE: 2.7812
[075500] Loss: 8.7114, EPE: 2.6080
[075600] Loss: 8.7966, EPE: 2.9245
[075700] Loss: 8.7070, EPE: 2.7128
[075800] Loss: 8.7854, EPE: 2.7819
[075900] Loss: 8.6888, EPE: 2.7799
[076000] Loss: 8.7647, EPE: 2.9996
[076100] Loss: 8.6172, EPE: 2.5714
[076200] Loss: 8.5870, EPE: 2.4057
[076300] Loss: 8.6050, EPE: 2.6787
[076400] Loss: 8.6334, EPE: 2.8186
[076500] Loss: 8.6337, EPE: 2.8382
[076600] Loss: 8.6576, EPE: 2.7485
[076700] Loss: 8.6793, EPE: 2.8588
[076800] Loss: 8.9696, EPE: 3.2326
[076900] Loss: 8.7111, EPE: 2.8736
[077000] Loss: 8.7287, EPE: 2.7541
[077100] Loss: 8.5285, EPE: 2.7118
[077200] Loss: 8.5475, EPE: 2.4383
[077300] Loss: 8.6750, EPE: 2.9084
[077400] Loss: 8.7599, EPE: 2.6526
[077500] Loss: 8.6425, EPE: 2.8631
[077600] Loss: 8.4152, EPE: 2.6579
[077700] Loss: 8.5253, EPE: 2.6343
[077800] Loss: 8.5862, EPE: 2.8810
[077900] Loss: 8.7158, EPE: 3.3218
[078000] Loss: 8.5063, EPE: 2.5257
[078100] Loss: 8.7118, EPE: 2.7413
[078200] Loss: 8.7210, EPE: 2.7001
[078300] Loss: 8.4910, EPE: 2.4261
[078400] Loss: 8.6470, EPE: 2.7767
[078500] Loss: 8.6248, EPE: 2.8677
[078600] Loss: 8.6987, EPE: 2.6702
[078700] Loss: 8.5976, EPE: 2.6079
[078800] Loss: 8.5018, EPE: 2.7849
[078900] Loss: 8.7671, EPE: 2.8268
[079000] Loss: 8.6173, EPE: 2.8499
[079100] Loss: 8.7699, EPE: 2.8157
[079200] Loss: 8.6137, EPE: 2.7842
[079300] Loss: 8.5673, EPE: 2.6924
[079400] Loss: 8.8849, EPE: 2.9408
[079500] Loss: 8.7300, EPE: 2.6870
[079600] Loss: 8.5452, EPE: 2.5514
[079700] Loss: 8.6855, EPE: 2.8239
[079800] Loss: 8.4901, EPE: 2.5029
[079900] Loss: 8.5907, EPE: 2.8735
[080000] Loss: 8.6741, EPE: 2.8768
[080100] Loss: 8.5087, EPE: 2.5434
[080200] Loss: 8.5291, EPE: 2.6920
[080300] Loss: 8.6998, EPE: 2.8683
[080400] Loss: 8.5132, EPE: 2.7346
[080500] Loss: 8.8678, EPE: 2.9257
[080600] Loss: 8.3267, EPE: 2.4953
[080700] Loss: 8.4216, EPE: 2.5444
[080800] Loss: 8.6335, EPE: 2.7595
[080900] Loss: 8.4557, EPE: 2.5907
[081000] Loss: 8.5339, EPE: 2.5825
[081100] Loss: 8.5346, EPE: 2.6754
[081200] Loss: 8.7372, EPE: 2.8776
[081300] Loss: 8.6708, EPE: 2.8646
[081400] Loss: 8.7067, EPE: 2.8500
[081500] Loss: 8.5657, EPE: 2.4851
[081600] Loss: 8.4451, EPE: 2.5302
[081700] Loss: 8.3591, EPE: 2.4308
[081800] Loss: 8.4776, EPE: 2.4368
[081900] Loss: 8.5246, EPE: 2.4676
[082000] Loss: 8.5755, EPE: 2.7336
[082100] Loss: 8.6241, EPE: 2.9099
[082200] Loss: 8.9253, EPE: 3.1811
[082300] Loss: 8.4659, EPE: 2.6322
[082400] Loss: 8.7918, EPE: 2.7865
[082500] Loss: 8.6136, EPE: 2.5559
[082600] Loss: 8.7866, EPE: 3.1591
[082700] Loss: 8.6333, EPE: 2.8306
[082800] Loss: 8.6457, EPE: 2.7501
[082900] Loss: 8.5180, EPE: 2.7780
[083000] Loss: 8.6661, EPE: 2.8459
[083100] Loss: 8.8824, EPE: 3.3318
[083200] Loss: 8.5570, EPE: 2.6412
[083300] Loss: 8.5066, EPE: 2.6850
[083400] Loss: 8.6568, EPE: 2.7393
[083500] Loss: 8.6776, EPE: 2.6679
[083600] Loss: 8.6278, EPE: 2.8458
[083700] Loss: 8.5183, EPE: 2.3951
[083800] Loss: 8.5464, EPE: 2.4998
[083900] Loss: 8.4347, EPE: 2.5533
[084000] Loss: 8.4099, EPE: 2.4801
[084100] Loss: 8.6180, EPE: 2.6469
[084200] Loss: 8.5220, EPE: 2.7452
[084300] Loss: 8.4903, EPE: 2.9803
[084400] Loss: 8.4459, EPE: 2.5402
[084500] Loss: 8.3826, EPE: 2.7112
[084600] Loss: 8.7336, EPE: 2.9053
[084700] Loss: 8.5512, EPE: 2.7298
[084800] Loss: 8.6033, EPE: 2.6985
[084900] Loss: 8.5800, EPE: 3.1431
[085000] Loss: 8.4249, EPE: 2.6235
[085100] Loss: 8.4363, EPE: 2.7263
[085200] Loss: 8.5808, EPE: 2.7631
[085300] Loss: 8.5873, EPE: 2.6517
[085400] Loss: 8.3660, EPE: 2.5209
[085500] Loss: 8.4759, EPE: 2.6620
[085600] Loss: 8.6546, EPE: 2.7843
[085700] Loss: 8.4563, EPE: 2.4499
[085800] Loss: 8.5701, EPE: 2.7061
[085900] Loss: 8.5807, EPE: 2.6052
[086000] Loss: 8.7052, EPE: 2.9482
[086100] Loss: 8.3294, EPE: 2.5764
[086200] Loss: 8.5531, EPE: 2.6809
[086300] Loss: 8.3748, EPE: 2.6250
[086400] Loss: 8.5608, EPE: 2.7236
[086500] Loss: 8.6674, EPE: 2.6561
[086600] Loss: 8.5286, EPE: 2.6614
[086700] Loss: 8.7071, EPE: 2.7083
[086800] Loss: 8.5156, EPE: 2.6011
[086900] Loss: 8.3407, EPE: 2.3127
[087000] Loss: 8.5790, EPE: 2.6039
[087100] Loss: 8.6320, EPE: 2.7380
[087200] Loss: 8.3831, EPE: 2.6218
[087300] Loss: 8.4470, EPE: 2.7105
[087400] Loss: 8.6775, EPE: 2.6255
[087500] Loss: 8.4001, EPE: 2.5056
[087600] Loss: 8.3324, EPE: 2.4416
[087700] Loss: 8.3951, EPE: 2.3070
[087800] Loss: 8.4296, EPE: 2.4881
[087900] Loss: 8.5397, EPE: 2.6931
[088000] Loss: 8.2605, EPE: 2.4289
[088100] Loss: 8.5117, EPE: 2.5610
[088200] Loss: 8.4343, EPE: 2.7067
[088300] Loss: 8.5865, EPE: 2.8571
[088400] Loss: 8.5304, EPE: 2.7694
[088500] Loss: 8.4306, EPE: 2.5619
[088600] Loss: 8.1044, EPE: 2.2122
[088700] Loss: 8.6120, EPE: 2.7605
[088800] Loss: 8.4622, EPE: 2.3247
[088900] Loss: 8.2519, EPE: 2.3733
[089000] Loss: 8.4373, EPE: 2.6402
[089100] Loss: 8.4088, EPE: 2.6002
[089200] Loss: 8.6445, EPE: 3.0007
[089300] Loss: 8.2197, EPE: 2.2161
[089400] Loss: 8.4690, EPE: 2.5957
[089500] Loss: 8.5457, EPE: 2.4974
[089600] Loss: 8.4722, EPE: 2.6145
[089700] Loss: 8.4707, EPE: 2.6121
[089800] Loss: 8.1217, EPE: 2.3047
[089900] Loss: 8.5010, EPE: 2.9392
[090000] Loss: 8.5086, EPE: 2.7331
[090100] Loss: 8.5893, EPE: 2.6504
[090200] Loss: 8.3872, EPE: 2.5333
[090300] Loss: 8.4418, EPE: 2.6168
[090400] Loss: 8.5524, EPE: 2.7898
[090500] Loss: 8.5589, EPE: 3.0215
[090600] Loss: 8.4062, EPE: 2.5290
[090700] Loss: 8.3783, EPE: 2.5373
[090800] Loss: 8.3983, EPE: 2.4523
[090900] Loss: 8.3144, EPE: 2.4136
[091000] Loss: 8.3357, EPE: 2.5923
[091100] Loss: 8.3150, EPE: 2.6112
[091200] Loss: 8.4223, EPE: 2.6240
[091300] Loss: 8.5362, EPE: 2.5905
[091400] Loss: 8.4689, EPE: 2.6832
[091500] Loss: 8.4297, EPE: 2.5411
[091600] Loss: 8.3024, EPE: 2.5335
[091700] Loss: 8.6024, EPE: 2.6631
[091800] Loss: 8.5523, EPE: 2.6844
[091900] Loss: 8.4451, EPE: 2.7556
[092000] Loss: 8.3046, EPE: 2.6772
[092100] Loss: 8.4692, EPE: 2.4235
[092200] Loss: 8.3895, EPE: 2.6576
[092300] Loss: 8.3997, EPE: 2.4572
[092400] Loss: 8.4005, EPE: 2.5505
[092500] Loss: 8.3631, EPE: 2.5238
[092600] Loss: 8.1553, EPE: 2.3141
[092700] Loss: 8.3403, EPE: 2.4716
[092800] Loss: 8.2921, EPE: 2.4366
[092900] Loss: 8.4567, EPE: 2.7579
[093000] Loss: 8.2810, EPE: 2.5186
[093100] Loss: 8.6354, EPE: 2.7162
[093200] Loss: 8.3688, EPE: 2.3975
[093300] Loss: 8.4268, EPE: 2.6288
[093400] Loss: 8.6237, EPE: 2.9922
[093500] Loss: 8.2637, EPE: 2.4066
[093600] Loss: 8.2450, EPE: 2.6621
[093700] Loss: 8.2569, EPE: 2.5238
[093800] Loss: 8.4654, EPE: 2.7069
[093900] Loss: 8.2601, EPE: 2.2522
[094000] Loss: 8.3103, EPE: 2.5735
[094100] Loss: 8.1735, EPE: 2.1817
[094200] Loss: 8.2496, EPE: 2.4498
[094300] Loss: 8.4279, EPE: 2.4063
[094400] Loss: 8.3147, EPE: 2.5547
[094500] Loss: 8.4049, EPE: 2.5949
[094600] Loss: 8.1720, EPE: 2.4592
[094700] Loss: 8.3960, EPE: 2.7116
[094800] Loss: 8.3696, EPE: 2.4035
[094900] Loss: 8.5122, EPE: 2.5692
[095000] Loss: 8.2742, EPE: 2.3644
[095100] Loss: 8.0589, EPE: 2.1178
[095200] Loss: 8.4862, EPE: 2.5363
[095300] Loss: 8.1909, EPE: 2.5387
[095400] Loss: 8.3596, EPE: 2.5737
[095500] Loss: 8.1845, EPE: 2.2810
[095600] Loss: 8.3204, EPE: 2.1917
[095700] Loss: 8.3948, EPE: 2.6269
[095800] Loss: 8.3607, EPE: 2.4317
[095900] Loss: 8.3228, EPE: 2.4765
[096000] Loss: 8.2924, EPE: 2.6218
[096100] Loss: 8.2638, EPE: 2.5111
[096200] Loss: 8.3334, EPE: 2.8002
[096300] Loss: 8.2500, EPE: 2.4708
[096400] Loss: 8.1925, EPE: 2.3102
[096500] Loss: 8.5078, EPE: 2.7960
[096600] Loss: 8.4559, EPE: 2.7866
[096700] Loss: 8.4289, EPE: 2.6204
[096800] Loss: 8.2233, EPE: 2.4794
[096900] Loss: 8.3025, EPE: 2.3242
[097000] Loss: 8.1569, EPE: 2.4463
[097100] Loss: 8.2760, EPE: 2.6107
[097200] Loss: 8.2351, EPE: 2.4530
[097300] Loss: 8.3357, EPE: 2.4556
[097400] Loss: 8.1382, EPE: 2.2408
[097500] Loss: 8.3286, EPE: 2.7191
[097600] Loss: 8.2251, EPE: 2.2411
[097700] Loss: 8.0669, EPE: 2.1852
[097800] Loss: 8.4669, EPE: 3.1135
[097900] Loss: 8.3017, EPE: 2.5674
[098000] Loss: 8.6097, EPE: 2.7269
[098100] Loss: 8.1187, EPE: 2.2228
[098200] Loss: 8.2155, EPE: 2.3712
[098300] Loss: 8.4522, EPE: 2.7122
[098400] Loss: 8.2298, EPE: 2.4527
[098500] Loss: 8.3734, EPE: 2.5487
[098600] Loss: 8.3058, EPE: 2.4954
[098700] Loss: 8.2226, EPE: 2.3668
[098800] Loss: 8.2113, EPE: 2.3475
[098900] Loss: 8.3271, EPE: 2.5528
[099000] Loss: 8.1358, EPE: 2.4421
[099100] Loss: 8.4011, EPE: 2.5994
[099200] Loss: 8.4762, EPE: 2.5334
[099300] Loss: 8.2092, EPE: 2.4406
[099400] Loss: 8.4201, EPE: 2.6920
[099500] Loss: 8.3937, EPE: 2.6077
[099600] Loss: 8.1676, EPE: 2.3917
[099700] Loss: 8.3756, EPE: 2.5917
[099800] Loss: 8.2750, EPE: 2.4573
[099900] Loss: 8.3925, EPE: 2.6233
[100000] Loss: 8.0377, EPE: 2.1141
[100100] Loss: 8.2738, EPE: 2.4377
[100200] Loss: 8.2041, EPE: 2.2912
[100300] Loss: 8.0829, EPE: 2.3878
[100400] Loss: 8.3122, EPE: 2.4877
[100500] Loss: 8.1119, EPE: 2.2853
[100600] Loss: 8.4394, EPE: 2.6796
[100700] Loss: 8.3142, EPE: 2.4165
[100800] Loss: 8.2324, EPE: 2.4221
[100900] Loss: 8.1677, EPE: 2.4339
[101000] Loss: 8.1210, EPE: 2.2991
[101100] Loss: 8.1179, EPE: 2.3041
[101200] Loss: 8.2805, EPE: 2.3555
[101300] Loss: 8.3134, EPE: 2.4004
[101400] Loss: 8.3385, EPE: 2.6743
[101500] Loss: 8.3641, EPE: 2.6120
[101600] Loss: 8.1257, EPE: 2.4742
[101700] Loss: 8.2331, EPE: 2.6388
[101800] Loss: 8.2147, EPE: 2.3967
[101900] Loss: 8.1604, EPE: 2.2959
[102000] Loss: 8.1485, EPE: 2.3475
[102100] Loss: 8.3297, EPE: 2.4437
[102200] Loss: 8.4605, EPE: 2.5363
[102300] Loss: 8.3080, EPE: 2.6062
[102400] Loss: 7.8955, EPE: 2.1504
[102500] Loss: 8.2099, EPE: 2.6109
[102600] Loss: 8.1269, EPE: 2.4171
[102700] Loss: 8.2717, EPE: 2.3959
[102800] Loss: 8.1721, EPE: 2.6531
[102900] Loss: 8.2189, EPE: 2.4142
[103000] Loss: 8.1991, EPE: 2.6937
[103100] Loss: 8.3240, EPE: 2.3963
[103200] Loss: 8.1848, EPE: 2.3388
[103300] Loss: 8.1165, EPE: 2.2186
[103400] Loss: 8.1533, EPE: 2.3256
[103500] Loss: 8.0564, EPE: 2.2593
[103600] Loss: 8.0658, EPE: 2.1717
[103700] Loss: 8.1460, EPE: 2.3939
[103800] Loss: 8.3837, EPE: 2.5318
[103900] Loss: 8.2155, EPE: 2.3117
[104000] Loss: 8.0939, EPE: 2.2995
[104100] Loss: 8.0150, EPE: 2.5316
[104200] Loss: 8.3186, EPE: 2.6821
[104300] Loss: 8.3417, EPE: 2.4468
[104400] Loss: 8.3103, EPE: 2.7668
[104500] Loss: 8.2455, EPE: 2.4331
[104600] Loss: 8.1877, EPE: 2.3510
[104700] Loss: 8.0121, EPE: 2.3414
[104800] Loss: 7.9434, EPE: 2.1377
[104900] Loss: 8.1809, EPE: 2.2397
[105000] Loss: 8.1553, EPE: 2.4753
[105100] Loss: 8.2326, EPE: 2.3520
[105200] Loss: 8.1381, EPE: 2.3577
[105300] Loss: 8.0883, EPE: 2.3816
[105400] Loss: 8.2437, EPE: 2.4040
[105500] Loss: 8.2618, EPE: 2.4946
[105600] Loss: 8.2314, EPE: 2.5372
[105700] Loss: 7.9222, EPE: 2.0064
[105800] Loss: 8.0808, EPE: 2.2494
[105900] Loss: 8.1863, EPE: 2.3296
[106000] Loss: 8.3371, EPE: 2.5107
[106100] Loss: 8.1399, EPE: 2.5930
[106200] Loss: 8.1561, EPE: 2.3392
[106300] Loss: 8.1933, EPE: 2.4038
[106400] Loss: 8.1989, EPE: 2.3576
[106500] Loss: 8.0837, EPE: 2.3475
[106600] Loss: 8.1226, EPE: 2.3023
[106700] Loss: 8.0909, EPE: 2.2011
[106800] Loss: 7.9545, EPE: 2.2476
[106900] Loss: 7.9656, EPE: 2.2607
[107000] Loss: 7.9737, EPE: 2.1733
[107100] Loss: 8.2129, EPE: 2.5484
[107200] Loss: 8.2746, EPE: 2.7281
[107300] Loss: 8.2298, EPE: 2.6275
[107400] Loss: 8.1330, EPE: 2.5442
[107500] Loss: 8.0809, EPE: 2.4150
[107600] Loss: 8.0483, EPE: 2.5133
[107700] Loss: 8.2081, EPE: 2.4075
[107800] Loss: 8.1857, EPE: 2.4630
[107900] Loss: 8.1492, EPE: 2.4027
[108000] Loss: 8.0517, EPE: 2.1643
[108100] Loss: 8.1023, EPE: 2.2871
[108200] Loss: 8.0640, EPE: 2.2232
[108300] Loss: 8.1184, EPE: 2.3730
[108400] Loss: 7.8991, EPE: 2.2290
[108500] Loss: 8.1837, EPE: 2.4238
[108600] Loss: 8.0699, EPE: 2.3139
[108700] Loss: 8.1399, EPE: 2.4596
[108800] Loss: 8.0963, EPE: 2.1787
[108900] Loss: 8.2201, EPE: 2.4494
[109000] Loss: 8.1034, EPE: 2.3842
[109100] Loss: 8.1330, EPE: 2.1275
[109200] Loss: 8.2720, EPE: 2.3472
[109300] Loss: 7.9925, EPE: 2.0502
[109400] Loss: 8.2551, EPE: 2.5777
[109500] Loss: 8.1505, EPE: 2.4062
[109600] Loss: 8.2285, EPE: 2.4277
[109700] Loss: 7.9935, EPE: 2.2986
[109800] Loss: 7.9625, EPE: 2.1151
[109900] Loss: 8.0373, EPE: 2.1243
[110000] Loss: 8.0585, EPE: 2.2219
[110100] Loss: 7.9539, EPE: 2.1688
[110200] Loss: 8.1010, EPE: 2.4010
[110300] Loss: 8.1936, EPE: 2.4403
[110400] Loss: 8.1866, EPE: 2.4332
[110500] Loss: 8.0242, EPE: 2.1478
[110600] Loss: 8.4048, EPE: 2.7109
[110700] Loss: 8.0528, EPE: 2.4987
[110800] Loss: 7.9897, EPE: 2.3140
[110900] Loss: 7.9536, EPE: 2.2474
[111000] Loss: 8.2337, EPE: 2.6207
[111100] Loss: 8.0624, EPE: 2.2807
[111200] Loss: 7.9090, EPE: 2.2535
[111300] Loss: 8.0135, EPE: 2.4577
[111400] Loss: 8.0095, EPE: 2.1439
[111500] Loss: 8.1437, EPE: 2.3007
[111600] Loss: 8.0484, EPE: 2.2244
[111700] Loss: 8.0460, EPE: 2.2721
[111800] Loss: 8.0270, EPE: 2.2669
[111900] Loss: 8.0247, EPE: 2.3189
[112000] Loss: 8.0524, EPE: 2.2854
[112100] Loss: 7.7897, EPE: 2.0624
[112200] Loss: 8.1986, EPE: 2.5061
[112300] Loss: 7.8683, EPE: 2.1318
[112400] Loss: 7.8571, EPE: 1.9780
[112500] Loss: 8.1460, EPE: 2.4817
[112600] Loss: 8.1318, EPE: 2.3810
[112700] Loss: 8.0084, EPE: 2.1196
[112800] Loss: 8.0467, EPE: 2.2556
[112900] Loss: 8.2232, EPE: 2.5128
[113000] Loss: 8.0902, EPE: 2.2445
[113100] Loss: 7.9981, EPE: 2.2765
[113200] Loss: 7.9714, EPE: 2.1962
[113300] Loss: 8.0626, EPE: 2.2949
[113400] Loss: 8.0049, EPE: 2.1046
[113500] Loss: 7.9151, EPE: 1.9881
[113600] Loss: 8.0593, EPE: 2.3323
[113700] Loss: 7.8364, EPE: 2.1890
[113800] Loss: 7.8935, EPE: 2.2656
[113900] Loss: 8.0706, EPE: 2.3675
[114000] Loss: 8.1912, EPE: 2.4712
[114100] Loss: 7.9271, EPE: 2.1379
[114200] Loss: 8.0837, EPE: 2.3958
[114300] Loss: 8.0799, EPE: 2.3955
[114400] Loss: 7.9418, EPE: 2.2874
[114500] Loss: 8.2149, EPE: 2.5150
[114600] Loss: 8.0523, EPE: 2.5092
[114700] Loss: 8.1614, EPE: 2.4401
[114800] Loss: 7.9923, EPE: 2.2711
[114900] Loss: 7.9810, EPE: 2.2590
[115000] Loss: 7.8431, EPE: 2.1085
[115100] Loss: 8.0537, EPE: 2.1100
[115200] Loss: 8.1209, EPE: 2.3391
[115300] Loss: 8.0338, EPE: 2.2023
[115400] Loss: 8.0170, EPE: 2.2098
[115500] Loss: 8.1913, EPE: 2.4562
[115600] Loss: 7.9125, EPE: 2.3886
[115700] Loss: 8.0027, EPE: 2.2662
[115800] Loss: 8.0416, EPE: 2.4648
[115900] Loss: 7.8368, EPE: 2.1527
[116000] Loss: 7.9282, EPE: 2.2092
[116100] Loss: 8.0476, EPE: 2.3356
[116200] Loss: 7.8236, EPE: 2.0958
[116300] Loss: 8.0673, EPE: 2.4180
[116400] Loss: 8.1964, EPE: 2.5503
[116500] Loss: 8.0906, EPE: 2.4479
[116600] Loss: 8.0425, EPE: 2.3000
[116700] Loss: 8.1052, EPE: 2.3831
[116800] Loss: 7.8879, EPE: 2.2273
[116900] Loss: 8.0683, EPE: 2.3904
[117000] Loss: 7.9213, EPE: 2.1594
[117100] Loss: 8.0393, EPE: 2.4246
[117200] Loss: 8.0921, EPE: 2.2588
[117300] Loss: 7.8780, EPE: 2.0382
[117400] Loss: 8.0486, EPE: 2.7421
[117500] Loss: 8.0327, EPE: 2.2341
[117600] Loss: 7.9777, EPE: 2.3591
[117700] Loss: 8.0504, EPE: 2.2815
[117800] Loss: 8.1228, EPE: 2.4193
[117900] Loss: 7.6892, EPE: 2.0104
[118000] Loss: 7.8091, EPE: 2.0952
[118100] Loss: 7.9451, EPE: 2.1466
[118200] Loss: 8.0259, EPE: 2.3090
[118300] Loss: 7.7894, EPE: 1.9526
[118400] Loss: 7.9321, EPE: 2.1547
[118500] Loss: 8.0918, EPE: 2.2876
[118600] Loss: 8.0081, EPE: 2.2416
[118700] Loss: 8.0134, EPE: 2.4140
[118800] Loss: 8.2291, EPE: 2.5037
[118900] Loss: 8.0292, EPE: 2.3449
[119000] Loss: 7.9086, EPE: 2.1382
[119100] Loss: 7.9119, EPE: 2.2093
[119200] Loss: 8.0004, EPE: 2.4217
[119300] Loss: 8.0264, EPE: 2.1993
[119400] Loss: 7.8408, EPE: 2.1442
[119500] Loss: 7.8446, EPE: 2.0679
[119600] Loss: 7.8524, EPE: 2.1724
[119700] Loss: 7.9533, EPE: 2.1157
[119800] Loss: 8.1163, EPE: 2.3943
[119900] Loss: 7.9382, EPE: 2.2952
[120000] Loss: 7.8502, EPE: 2.2799
[120100] Loss: 7.8378, EPE: 1.9996
[120200] Loss: 7.8275, EPE: 2.1506
[120300] Loss: 7.8592, EPE: 2.1599
[120400] Loss: 7.8779, EPE: 2.1071
[120500] Loss: 7.8620, EPE: 2.0780
[120600] Loss: 7.8990, EPE: 2.0135
[120700] Loss: 7.8352, EPE: 2.2469
[120800] Loss: 7.8759, EPE: 2.1678
[120900] Loss: 7.8450, EPE: 1.9456
[121000] Loss: 8.0091, EPE: 2.2448
[121100] Loss: 7.8759, EPE: 2.2120
[121200] Loss: 7.9305, EPE: 2.1447
[121300] Loss: 7.8899, EPE: 2.1290
[121400] Loss: 7.9321, EPE: 2.2229
[121500] Loss: 7.8850, EPE: 2.1909
[121600] Loss: 7.7495, EPE: 1.9905
[121700] Loss: 8.1559, EPE: 2.5308
[121800] Loss: 8.0094, EPE: 2.4302
[121900] Loss: 7.8749, EPE: 2.1393
[122000] Loss: 7.8834, EPE: 2.1873
[122100] Loss: 7.9291, EPE: 2.1152
[122200] Loss: 8.0354, EPE: 2.4154
[122300] Loss: 7.9211, EPE: 2.1917
[122400] Loss: 7.8719, EPE: 2.1897
[122500] Loss: 7.9924, EPE: 2.3270
[122600] Loss: 7.9321, EPE: 2.1758
[122700] Loss: 7.9101, EPE: 2.1560
[122800] Loss: 7.7981, EPE: 2.0850
[122900] Loss: 7.9861, EPE: 2.2589
[123000] Loss: 7.8755, EPE: 2.1920
[123100] Loss: 7.9498, EPE: 2.1447
[123200] Loss: 7.8334, EPE: 2.2005
[123300] Loss: 7.9583, EPE: 2.3768
[123400] Loss: 7.8671, EPE: 2.1762
[123500] Loss: 7.9047, EPE: 2.2341
[123600] Loss: 8.0417, EPE: 2.1941
[123700] Loss: 7.9744, EPE: 2.3391
[123800] Loss: 8.0445, EPE: 2.2968
[123900] Loss: 7.8858, EPE: 2.3279
[124000] Loss: 8.0499, EPE: 2.3528
[124100] Loss: 7.7649, EPE: 1.9786
[124200] Loss: 7.6723, EPE: 2.0161
[124300] Loss: 7.9634, EPE: 2.3050
[124400] Loss: 7.9564, EPE: 2.3058
[124500] Loss: 7.9244, EPE: 2.1891
[124600] Loss: 7.8912, EPE: 2.1415
[124700] Loss: 7.7791, EPE: 2.0804
[124800] Loss: 7.8098, EPE: 2.0775
[124900] Loss: 7.8791, EPE: 2.1477
[125000] Loss: 7.8329, EPE: 2.0472
[125100] Loss: 7.8825, EPE: 2.0636
[125200] Loss: 7.7617, EPE: 2.0571
[125300] Loss: 8.0361, EPE: 2.2276
[125400] Loss: 7.8058, EPE: 2.1691
[125500] Loss: 7.8458, EPE: 2.2427
[125600] Loss: 7.8584, EPE: 2.3333
[125700] Loss: 7.9589, EPE: 2.2393
[125800] Loss: 7.8448, EPE: 2.0565
[125900] Loss: 8.0170, EPE: 2.3530
[126000] Loss: 7.9041, EPE: 2.2908
[126100] Loss: 7.8173, EPE: 2.0068
[126200] Loss: 7.9184, EPE: 1.9808
[126300] Loss: 7.8324, EPE: 2.3001
[126400] Loss: 7.9113, EPE: 2.1387
[126500] Loss: 7.9739, EPE: 2.3007
[126600] Loss: 8.0005, EPE: 2.2362
[126700] Loss: 7.6711, EPE: 2.0175
[126800] Loss: 7.7256, EPE: 1.7851
[126900] Loss: 7.8513, EPE: 2.0892
[127000] Loss: 7.8651, EPE: 2.1381
[127100] Loss: 7.8621, EPE: 2.3637
[127200] Loss: 7.9364, EPE: 2.3042
[127300] Loss: 8.0585, EPE: 2.2450
[127400] Loss: 7.8203, EPE: 2.0085
[127500] Loss: 7.8611, EPE: 2.0751
[127600] Loss: 7.9085, EPE: 2.1621
[127700] Loss: 7.8734, EPE: 2.0976
[127800] Loss: 7.7821, EPE: 2.1157
[127900] Loss: 7.7487, EPE: 1.9972
[128000] Loss: 7.8717, EPE: 2.1548
[128100] Loss: 7.9969, EPE: 2.2892
[128200] Loss: 7.7675, EPE: 2.0946
[128300] Loss: 7.8838, EPE: 2.2908
[128400] Loss: 7.7485, EPE: 1.9740
[128500] Loss: 7.9071, EPE: 2.2717
[128600] Loss: 7.8233, EPE: 2.1658
[128700] Loss: 7.8333, EPE: 2.0586
[128800] Loss: 7.8958, EPE: 2.4242
[128900] Loss: 7.7340, EPE: 1.9595
[129000] Loss: 7.8568, EPE: 2.1654
[129100] Loss: 7.7515, EPE: 2.0654
[129200] Loss: 7.7268, EPE: 1.9402
[129300] Loss: 7.8600, EPE: 2.2119
[129400] Loss: 7.7765, EPE: 2.0894
[129500] Loss: 7.6608, EPE: 1.9652
[129600] Loss: 7.7775, EPE: 2.1007
[129700] Loss: 8.0108, EPE: 2.4661
[129800] Loss: 7.8576, EPE: 2.2710
[129900] Loss: 7.9288, EPE: 2.1320
[130000] Loss: 7.9542, EPE: 2.2947
[130100] Loss: 7.7223, EPE: 1.9233
[130200] Loss: 7.7135, EPE: 2.1408
[130300] Loss: 7.7143, EPE: 2.0134
[130400] Loss: 7.8248, EPE: 2.2134
[130500] Loss: 7.8039, EPE: 2.1605
[130600] Loss: 7.7929, EPE: 2.0693
[130700] Loss: 7.6899, EPE: 2.0342
[130800] Loss: 7.9050, EPE: 2.1276
[130900] Loss: 7.6489, EPE: 2.1027
[131000] Loss: 7.8190, EPE: 2.1119
[131100] Loss: 7.7684, EPE: 2.0000
[131200] Loss: 7.8103, EPE: 2.1374
[131300] Loss: 7.7811, EPE: 2.2024
[131400] Loss: 7.9369, EPE: 2.2964
[131500] Loss: 7.8014, EPE: 2.2006
[131600] Loss: 7.7004, EPE: 1.9387
[131700] Loss: 7.7397, EPE: 2.0428
[131800] Loss: 7.8449, EPE: 2.1021
[131900] Loss: 7.7519, EPE: 2.1148
[132000] Loss: 7.7743, EPE: 2.1791
[132100] Loss: 8.0144, EPE: 2.5270
[132200] Loss: 7.5601, EPE: 1.9197
[132300] Loss: 7.7855, EPE: 2.0153
[132400] Loss: 7.7618, EPE: 2.1254
[132500] Loss: 7.6915, EPE: 1.9534
[132600] Loss: 7.8465, EPE: 2.0389
[132700] Loss: 7.7127, EPE: 2.0745
[132800] Loss: 7.5753, EPE: 1.8979
[132900] Loss: 7.6901, EPE: 2.0224
[133000] Loss: 7.8324, EPE: 2.1193
[133100] Loss: 7.8506, EPE: 2.1856
[133200] Loss: 7.6907, EPE: 2.0163
[133300] Loss: 7.7842, EPE: 2.0737
[133400] Loss: 7.7010, EPE: 1.9545
[133500] Loss: 7.6610, EPE: 2.0330
[133600] Loss: 7.9241, EPE: 2.1946
[133700] Loss: 7.6604, EPE: 2.0094
[133800] Loss: 7.8024, EPE: 2.1770
[133900] Loss: 7.8611, EPE: 2.0905
[134000] Loss: 7.7138, EPE: 2.0478
[134100] Loss: 7.8008, EPE: 2.3153
[134200] Loss: 8.0168, EPE: 2.4607
[134300] Loss: 7.5943, EPE: 1.8098
[134400] Loss: 7.9845, EPE: 2.4173
[134500] Loss: 7.9245, EPE: 2.2050
[134600] Loss: 7.6752, EPE: 1.8161
[134700] Loss: 7.6401, EPE: 1.9777
[134800] Loss: 7.6730, EPE: 1.9951
[134900] Loss: 7.7335, EPE: 1.8832
[135000] Loss: 7.8119, EPE: 2.0944
[135100] Loss: 7.8077, EPE: 2.2537
[135200] Loss: 7.6492, EPE: 1.9039
[135300] Loss: 7.7112, EPE: 2.0817
[135400] Loss: 7.6326, EPE: 1.9058
[135500] Loss: 7.9840, EPE: 2.3264
[135600] Loss: 7.7121, EPE: 1.8679
[135700] Loss: 7.8475, EPE: 2.1676
[135800] Loss: 7.8559, EPE: 2.1382
[135900] Loss: 7.7374, EPE: 2.1648
[136000] Loss: 7.8222, EPE: 2.0675
[136100] Loss: 7.7609, EPE: 2.0460
[136200] Loss: 7.7092, EPE: 2.0683
[136300] Loss: 7.8102, EPE: 2.1867
[136400] Loss: 7.6772, EPE: 2.0161
[136500] Loss: 7.8240, EPE: 2.1669
[136600] Loss: 7.6360, EPE: 2.1129
[136700] Loss: 7.6842, EPE: 1.9105
[136800] Loss: 7.7654, EPE: 2.0542
[136900] Loss: 7.7355, EPE: 2.0328
[137000] Loss: 7.6041, EPE: 2.1499
[137100] Loss: 7.6834, EPE: 1.8848
[137200] Loss: 7.7982, EPE: 1.9827
[137300] Loss: 7.7816, EPE: 1.9032
[137400] Loss: 7.5008, EPE: 1.8789
[137500] Loss: 7.6334, EPE: 1.9865
[137600] Loss: 7.9992, EPE: 2.6865
[137700] Loss: 7.7038, EPE: 2.0097
[137800] Loss: 7.7430, EPE: 2.1345
[137900] Loss: 7.8147, EPE: 1.9991
[138000] Loss: 7.6806, EPE: 2.1524
[138100] Loss: 7.8051, EPE: 2.0615
[138200] Loss: 7.6953, EPE: 2.0693
[138300] Loss: 7.7041, EPE: 1.9818
[138400] Loss: 7.7847, EPE: 2.1629
[138500] Loss: 7.7089, EPE: 2.1991
[138600] Loss: 7.8330, EPE: 2.0698
[138700] Loss: 7.7395, EPE: 2.0901
[138800] Loss: 7.7123, EPE: 2.2000
[138900] Loss: 7.5972, EPE: 1.9145
[139000] Loss: 7.6084, EPE: 2.0189
[139100] Loss: 7.6545, EPE: 2.0067
[139200] Loss: 7.7160, EPE: 2.2183
[139300] Loss: 7.7110, EPE: 2.0696
[139400] Loss: 7.7379, EPE: 2.0674
[139500] Loss: 7.9404, EPE: 2.1583
[139600] Loss: 7.6185, EPE: 2.0263
[139700] Loss: 7.7668, EPE: 1.9877
[139800] Loss: 7.6792, EPE: 2.0190
[139900] Loss: 7.7953, EPE: 2.3078
[140000] Loss: 7.5234, EPE: 1.7789
[140100] Loss: 7.8339, EPE: 2.2327
[140200] Loss: 7.6546, EPE: 1.9609
[140300] Loss: 7.6659, EPE: 2.0101
[140400] Loss: 7.5666, EPE: 1.9567
[140500] Loss: 7.5735, EPE: 2.0028
[140600] Loss: 7.6175, EPE: 2.0223
[140700] Loss: 7.7539, EPE: 2.0647
[140800] Loss: 7.4038, EPE: 1.8542
[140900] Loss: 7.5706, EPE: 1.8394
[141000] Loss: 7.8018, EPE: 2.2253
[141100] Loss: 7.7578, EPE: 2.2413
[141200] Loss: 7.5812, EPE: 1.9109
[141300] Loss: 7.6686, EPE: 2.0765
[141400] Loss: 7.7495, EPE: 2.0539
[141500] Loss: 7.7393, EPE: 2.0505
[141600] Loss: 7.6819, EPE: 2.0288
[141700] Loss: 7.6424, EPE: 1.8311
[141800] Loss: 7.8549, EPE: 2.2564
[141900] Loss: 7.8435, EPE: 2.0449
[142000] Loss: 7.6883, EPE: 2.0939
[142100] Loss: 7.5999, EPE: 1.9549
[142200] Loss: 7.6274, EPE: 1.9806
[142300] Loss: 7.7460, EPE: 2.1304
[142400] Loss: 7.7501, EPE: 2.0675
[142500] Loss: 7.5556, EPE: 1.8643
[142600] Loss: 7.6911, EPE: 2.0250
[142700] Loss: 7.5347, EPE: 2.0637
[142800] Loss: 7.6203, EPE: 2.0054
[142900] Loss: 7.6182, EPE: 1.8723
[143000] Loss: 7.6493, EPE: 1.9246
[143100] Loss: 7.5454, EPE: 1.8106
[143200] Loss: 7.6214, EPE: 1.9816
[143300] Loss: 7.9129, EPE: 2.3252
[143400] Loss: 7.7253, EPE: 2.0867
[143500] Loss: 7.6979, EPE: 2.0751
[143600] Loss: 7.6377, EPE: 2.0164
[143700] Loss: 7.6336, EPE: 2.0240
[143800] Loss: 7.6531, EPE: 2.1401
[143900] Loss: 7.5401, EPE: 1.9595
[144000] Loss: 7.7064, EPE: 1.9931
[144100] Loss: 7.5210, EPE: 1.9715
[144200] Loss: 7.6036, EPE: 1.9472
[144300] Loss: 7.5080, EPE: 1.8984
[144400] Loss: 7.5456, EPE: 1.9449
[144500] Loss: 7.7195, EPE: 2.1281
[144600] Loss: 7.5131, EPE: 1.8845
[144700] Loss: 7.7029, EPE: 2.1204
[144800] Loss: 7.6943, EPE: 2.1597
[144900] Loss: 7.5019, EPE: 1.9282
[145000] Loss: 7.5991, EPE: 1.8553
[145100] Loss: 7.6702, EPE: 2.0841
[145200] Loss: 7.6768, EPE: 1.9870
[145300] Loss: 7.4780, EPE: 2.0191
[145400] Loss: 7.6915, EPE: 2.0460
[145500] Loss: 7.4510, EPE: 1.8008
[145600] Loss: 7.7061, EPE: 2.0890
[145700] Loss: 7.7338, EPE: 2.1521
[145800] Loss: 7.6179, EPE: 1.9923
[145900] Loss: 7.6501, EPE: 1.9347
[146000] Loss: 7.6203, EPE: 2.0093
[146100] Loss: 7.4358, EPE: 1.8063
[146200] Loss: 7.6448, EPE: 2.0845
[146300] Loss: 7.7307, EPE: 2.0509
[146400] Loss: 7.6797, EPE: 2.0069
[146500] Loss: 7.4876, EPE: 1.8630
[146600] Loss: 7.6242, EPE: 1.9736
[146700] Loss: 7.5483, EPE: 1.8736
[146800] Loss: 7.4485, EPE: 1.8373
[146900] Loss: 7.5523, EPE: 1.9275
[147000] Loss: 7.5728, EPE: 2.0666
[147100] Loss: 7.5257, EPE: 1.9400
[147200] Loss: 7.7057, EPE: 2.2070
[147300] Loss: 7.5586, EPE: 2.1485
[147400] Loss: 7.7325, EPE: 2.0887
[147500] Loss: 7.8153, EPE: 2.1116
[147600] Loss: 7.6343, EPE: 1.9782
[147700] Loss: 7.6458, EPE: 2.1795
[147800] Loss: 7.6024, EPE: 1.9584
[147900] Loss: 7.5355, EPE: 1.8784
[148000] Loss: 7.5732, EPE: 1.9989
[148100] Loss: 7.5202, EPE: 1.9648
[148200] Loss: 7.5802, EPE: 1.9909
[148300] Loss: 7.6249, EPE: 2.0461
[148400] Loss: 7.7854, EPE: 2.2169
[148500] Loss: 7.6496, EPE: 2.0685
[148600] Loss: 7.5555, EPE: 1.9320
[148700] Loss: 7.7243, EPE: 2.2688
[148800] Loss: 7.8938, EPE: 2.2032
[148900] Loss: 7.5819, EPE: 1.8606
[149000] Loss: 7.6953, EPE: 2.1484
[149100] Loss: 7.6301, EPE: 1.9466
[149200] Loss: 7.5491, EPE: 1.8949
[149300] Loss: 7.6523, EPE: 1.9671
[149400] Loss: 7.4644, EPE: 1.9525
[149500] Loss: 7.4776, EPE: 1.9056
[149600] Loss: 7.5515, EPE: 1.7928
[149700] Loss: 7.6665, EPE: 2.0462
[149800] Loss: 7.5727, EPE: 1.8440
[149900] Loss: 7.4758, EPE: 1.9202
[150000] Loss: 7.5462, EPE: 2.0027
[150100] Loss: 7.6551, EPE: 2.0555
[150200] Loss: 7.8220, EPE: 2.1653
[150300] Loss: 7.5395, EPE: 1.8616
[150400] Loss: 7.5946, EPE: 1.9714
[150500] Loss: 7.7263, EPE: 2.4877
[150600] Loss: 7.5180, EPE: 1.9247
[150700] Loss: 7.4527, EPE: 1.7994
[150800] Loss: 7.5167, EPE: 1.9796
[150900] Loss: 7.6478, EPE: 2.0201
[151000] Loss: 7.6426, EPE: 2.0440
[151100] Loss: 7.6121, EPE: 1.9983
[151200] Loss: 7.5362, EPE: 1.8322
[151300] Loss: 7.5997, EPE: 1.9038
[151400] Loss: 7.5542, EPE: 1.9767
[151500] Loss: 7.4162, EPE: 1.8031
[151600] Loss: 7.6742, EPE: 2.1618
[151700] Loss: 7.4993, EPE: 1.9773
[151800] Loss: 7.5185, EPE: 1.8482
[151900] Loss: 7.5958, EPE: 2.0920
[152000] Loss: 7.6098, EPE: 1.9371
[152100] Loss: 7.5632, EPE: 1.8960
[152200] Loss: 7.6391, EPE: 1.9788
[152300] Loss: 7.5746, EPE: 1.9600
[152400] Loss: 7.4083, EPE: 1.8740
[152500] Loss: 7.5156, EPE: 1.8752
[152600] Loss: 7.4596, EPE: 1.8264
[152700] Loss: 7.6524, EPE: 2.0573
[152800] Loss: 7.4325, EPE: 1.7763
[152900] Loss: 7.5440, EPE: 1.9063
[153000] Loss: 7.5322, EPE: 1.9116
[153100] Loss: 7.5994, EPE: 1.8947
[153200] Loss: 7.6074, EPE: 1.9287
[153300] Loss: 7.7223, EPE: 2.1383
[153400] Loss: 7.7408, EPE: 2.0187
[153500] Loss: 7.5646, EPE: 1.8670
[153600] Loss: 7.4625, EPE: 1.9185
[153700] Loss: 7.4518, EPE: 1.8936
[153800] Loss: 7.5634, EPE: 1.8380
[153900] Loss: 7.7289, EPE: 2.0041
[154000] Loss: 7.5413, EPE: 1.8309
[154100] Loss: 7.4590, EPE: 1.6505
[154200] Loss: 7.4685, EPE: 1.8699
[154300] Loss: 7.5351, EPE: 2.0904
[154400] Loss: 7.4506, EPE: 1.9382
[154500] Loss: 7.4740, EPE: 1.8306
[154600] Loss: 7.4374, EPE: 1.7139
[154700] Loss: 7.6256, EPE: 1.9406
[154800] Loss: 7.5447, EPE: 1.9089
[154900] Loss: 7.5632, EPE: 1.9941
[155000] Loss: 7.5875, EPE: 2.0022
[155100] Loss: 7.3188, EPE: 1.8019
[155200] Loss: 7.3586, EPE: 1.8001
[155300] Loss: 7.5200, EPE: 1.8016
[155400] Loss: 7.5735, EPE: 2.0046
[155500] Loss: 7.5646, EPE: 1.9539
[155600] Loss: 7.5039, EPE: 1.9075
[155700] Loss: 7.5189, EPE: 1.9827
[155800] Loss: 7.3733, EPE: 1.7060
[155900] Loss: 7.4148, EPE: 1.7960
[156000] Loss: 7.3756, EPE: 1.7807
[156100] Loss: 7.6069, EPE: 2.0179
[156200] Loss: 7.4648, EPE: 1.8838
[156300] Loss: 7.4855, EPE: 1.9806
[156400] Loss: 7.6197, EPE: 2.0714
[156500] Loss: 7.6667, EPE: 1.9026
[156600] Loss: 7.5402, EPE: 1.9505
[156700] Loss: 7.3728, EPE: 1.9022
[156800] Loss: 7.5610, EPE: 1.9285
[156900] Loss: 7.4418, EPE: 1.7653
[157000] Loss: 7.5390, EPE: 1.9977
[157100] Loss: 7.5990, EPE: 1.9758
[157200] Loss: 7.4406, EPE: 1.9249
[157300] Loss: 7.5119, EPE: 1.8333
[157400] Loss: 7.3403, EPE: 1.8142
[157500] Loss: 7.3506, EPE: 1.7445
[157600] Loss: 7.4614, EPE: 1.8950
[157700] Loss: 7.4972, EPE: 1.8733
[157800] Loss: 7.4546, EPE: 1.8043
[157900] Loss: 7.4700, EPE: 2.0749
[158000] Loss: 7.3851, EPE: 1.7149
[158100] Loss: 7.3867, EPE: 1.7359
[158200] Loss: 7.4366, EPE: 1.7603
[158300] Loss: 7.5883, EPE: 1.8702
[158400] Loss: 7.6357, EPE: 2.0108
[158500] Loss: 7.4659, EPE: 1.7902
[158600] Loss: 7.5953, EPE: 2.0590
[158700] Loss: 7.5851, EPE: 1.8601
[158800] Loss: 7.5316, EPE: 2.0448
[158900] Loss: 7.4330, EPE: 2.1708
[159000] Loss: 7.3442, EPE: 1.8373
[159100] Loss: 7.4541, EPE: 1.7988
[159200] Loss: 7.3221, EPE: 1.7839
[159300] Loss: 7.5653, EPE: 1.9894
[159400] Loss: 7.4026, EPE: 1.7481
[159500] Loss: 7.3911, EPE: 1.8173
[159600] Loss: 7.6168, EPE: 2.0651
[159700] Loss: 7.3842, EPE: 1.7834
[159800] Loss: 7.4549, EPE: 1.8697
[159900] Loss: 7.5333, EPE: 2.1111
[160000] Loss: 7.4412, EPE: 1.8851
[160100] Loss: 7.5281, EPE: 1.8646
[160200] Loss: 7.4054, EPE: 1.8197
[160300] Loss: 7.5397, EPE: 1.8793
[160400] Loss: 7.4525, EPE: 1.8145
[160500] Loss: 7.5078, EPE: 1.9418
[160600] Loss: 7.3849, EPE: 1.7194
[160700] Loss: 7.4795, EPE: 2.1014
[160800] Loss: 7.4749, EPE: 1.7989
[160900] Loss: 7.5213, EPE: 1.8827
[161000] Loss: 7.5201, EPE: 1.9563
[161100] Loss: 7.4224, EPE: 1.9061
[161200] Loss: 7.3276, EPE: 1.6619
[161300] Loss: 7.3712, EPE: 1.8230
[161400] Loss: 7.5786, EPE: 2.0003
[161500] Loss: 7.2783, EPE: 1.5846
[161600] Loss: 7.3852, EPE: 1.7940
[161700] Loss: 7.3006, EPE: 1.8860
[161800] Loss: 7.3976, EPE: 1.9689
[161900] Loss: 7.4217, EPE: 1.8197
[162000] Loss: 7.4317, EPE: 1.8208
[162100] Loss: 7.5009, EPE: 2.0573
[162200] Loss: 7.3280, EPE: 1.8262
[162300] Loss: 7.4039, EPE: 1.8669
[162400] Loss: 7.5746, EPE: 2.0193
[162500] Loss: 7.5712, EPE: 1.9063
[162600] Loss: 7.5687, EPE: 1.8474
[162700] Loss: 7.4382, EPE: 1.8020
[162800] Loss: 7.5598, EPE: 1.8772
[162900] Loss: 7.6126, EPE: 1.9326
[163000] Loss: 7.3166, EPE: 1.7271
[163100] Loss: 7.3059, EPE: 1.6961
[163200] Loss: 7.4208, EPE: 1.8242
[163300] Loss: 7.4894, EPE: 1.8506
[163400] Loss: 7.3616, EPE: 1.7247
[163500] Loss: 7.4171, EPE: 1.8730
[163600] Loss: 7.3957, EPE: 1.9288
[163700] Loss: 7.5019, EPE: 1.9437
[163800] Loss: 7.3663, EPE: 1.8306
[163900] Loss: 7.4417, EPE: 1.7489
[164000] Loss: 7.4327, EPE: 1.8075
[164100] Loss: 7.4312, EPE: 1.8692
[164200] Loss: 7.3801, EPE: 1.9049
[164300] Loss: 7.4097, EPE: 1.9260
[164400] Loss: 7.4171, EPE: 2.1247
[164500] Loss: 7.3985, EPE: 1.8822
[164600] Loss: 7.4752, EPE: 1.7818
[164700] Loss: 7.4521, EPE: 1.8409
[164800] Loss: 7.3201, EPE: 1.7009
[164900] Loss: 7.5914, EPE: 1.9599
[165000] Loss: 7.6116, EPE: 2.0788
[165100] Loss: 7.4595, EPE: 1.8131
[165200] Loss: 7.5471, EPE: 2.1160
[165300] Loss: 7.3982, EPE: 1.7383
[165400] Loss: 7.2379, EPE: 1.6804
[165500] Loss: 7.2835, EPE: 1.8529
[165600] Loss: 7.3778, EPE: 1.6977
[165700] Loss: 7.5635, EPE: 1.9032
[165800] Loss: 7.4859, EPE: 1.7997
[165900] Loss: 7.4600, EPE: 1.8497
[166000] Loss: 7.4305, EPE: 1.8448
[166100] Loss: 7.4293, EPE: 1.7378
[166200] Loss: 7.3631, EPE: 1.7813
[166300] Loss: 7.2304, EPE: 1.7269
[166400] Loss: 7.4596, EPE: 1.9009
[166500] Loss: 7.4001, EPE: 1.8275
[166600] Loss: 7.2317, EPE: 1.6958
[166700] Loss: 7.3855, EPE: 1.7962
[166800] Loss: 7.3012, EPE: 1.7190
[166900] Loss: 7.4803, EPE: 1.9195
[167000] Loss: 7.4071, EPE: 1.8131
[167100] Loss: 7.4663, EPE: 1.9160
[167200] Loss: 7.4787, EPE: 1.8553
[167300] Loss: 7.3451, EPE: 1.8218
[167400] Loss: 7.1880, EPE: 1.6352
[167500] Loss: 7.3370, EPE: 1.7631
[167600] Loss: 7.2957, EPE: 1.6944
[167700] Loss: 7.3036, EPE: 1.6474
[167800] Loss: 7.4728, EPE: 1.8690
[167900] Loss: 7.5557, EPE: 1.8374
[168000] Loss: 7.4268, EPE: 1.8350
[168100] Loss: 7.3513, EPE: 1.7308
[168200] Loss: 7.3727, EPE: 1.8714
[168300] Loss: 7.4552, EPE: 1.9039
[168400] Loss: 7.4644, EPE: 1.9544
[168500] Loss: 7.3793, EPE: 1.8334
[168600] Loss: 7.3947, EPE: 1.8526
[168700] Loss: 7.3731, EPE: 1.8745
[168800] Loss: 7.4329, EPE: 1.8435
[168900] Loss: 7.3964, EPE: 1.7615
[169000] Loss: 7.3887, EPE: 1.9512
[169100] Loss: 7.5236, EPE: 1.8910
[169200] Loss: 7.2269, EPE: 1.8373
[169300] Loss: 7.3996, EPE: 1.8776
[169400] Loss: 7.3601, EPE: 1.7232
[169500] Loss: 7.4539, EPE: 1.7908
[169600] Loss: 7.2607, EPE: 1.7449
[169700] Loss: 7.4338, EPE: 1.9618
[169800] Loss: 7.5794, EPE: 2.1162
[169900] Loss: 7.4619, EPE: 1.9153
[170000] Loss: 7.1908, EPE: 1.5914
[170100] Loss: 7.4481, EPE: 1.9668
[170200] Loss: 7.3315, EPE: 1.7806
[170300] Loss: 7.2144, EPE: 1.6339
[170400] Loss: 7.3285, EPE: 1.7480
[170500] Loss: 7.3021, EPE: 1.7682
[170600] Loss: 7.4779, EPE: 2.0359
[170700] Loss: 7.4393, EPE: 1.8438
[170800] Loss: 7.3422, EPE: 1.7456
[170900] Loss: 7.5899, EPE: 1.9792
[171000] Loss: 7.3352, EPE: 1.7787
[171100] Loss: 7.4898, EPE: 1.9787
[171200] Loss: 7.2380, EPE: 1.8015
[171300] Loss: 7.4042, EPE: 1.6921
[171400] Loss: 7.2719, EPE: 1.6689
[171500] Loss: 7.3154, EPE: 1.8277
[171600] Loss: 7.3302, EPE: 1.7751
[171700] Loss: 7.2230, EPE: 1.6910
[171800] Loss: 7.4176, EPE: 1.8770
[171900] Loss: 7.3734, EPE: 1.8149
[172000] Loss: 7.3126, EPE: 1.6695
[172100] Loss: 7.2914, EPE: 1.8382
[172200] Loss: 7.1608, EPE: 1.5836
[172300] Loss: 7.3552, EPE: 1.8518
[172400] Loss: 7.4043, EPE: 1.9133
[172500] Loss: 7.3189, EPE: 1.7098
[172600] Loss: 7.4402, EPE: 1.8181
[172700] Loss: 7.2819, EPE: 1.7390
[172800] Loss: 7.5447, EPE: 1.8926
[172900] Loss: 7.3055, EPE: 1.6644
[173000] Loss: 7.2983, EPE: 1.6292
[173100] Loss: 7.3980, EPE: 1.8695
[173200] Loss: 7.2827, EPE: 1.7288
[173300] Loss: 7.2987, EPE: 1.7745
[173400] Loss: 7.2775, EPE: 1.8361
[173500] Loss: 7.2707, EPE: 1.7154
[173600] Loss: 7.3037, EPE: 1.8243
[173700] Loss: 7.4550, EPE: 1.9594
[173800] Loss: 7.3997, EPE: 1.7406
[173900] Loss: 7.3048, EPE: 1.8361
[174000] Loss: 7.3276, EPE: 1.8588
[174100] Loss: 7.3918, EPE: 1.9623
[174200] Loss: 7.3824, EPE: 1.9779
[174300] Loss: 7.4365, EPE: 1.8503
[174400] Loss: 7.3666, EPE: 1.6769
[174500] Loss: 7.3346, EPE: 1.9459
[174600] Loss: 7.2680, EPE: 1.7573
[174700] Loss: 7.3849, EPE: 1.7181
[174800] Loss: 7.4260, EPE: 2.0070
[174900] Loss: 7.4199, EPE: 1.9173
[175000] Loss: 7.3276, EPE: 1.6665
[175100] Loss: 7.2742, EPE: 1.6680
[175200] Loss: 7.3993, EPE: 1.7762
[175300] Loss: 7.3254, EPE: 1.9709
[175400] Loss: 7.3858, EPE: 1.7163
[175500] Loss: 7.3494, EPE: 1.7806
[175600] Loss: 7.3334, EPE: 1.7590
[175700] Loss: 7.3629, EPE: 1.7511
[175800] Loss: 7.4317, EPE: 1.8340
[175900] Loss: 7.4726, EPE: 1.9144
[176000] Loss: 7.2971, EPE: 1.7343
[176100] Loss: 7.2444, EPE: 1.7256
[176200] Loss: 7.1129, EPE: 1.6260
[176300] Loss: 7.4424, EPE: 1.8976
[176400] Loss: 7.2338, EPE: 1.7853
[176500] Loss: 7.3123, EPE: 1.8720
[176600] Loss: 7.2382, EPE: 1.7445
[176700] Loss: 7.3075, EPE: 1.7917
[176800] Loss: 7.1748, EPE: 1.6307
[176900] Loss: 7.4702, EPE: 1.9707
[177000] Loss: 7.1710, EPE: 1.7919
[177100] Loss: 7.2939, EPE: 1.7404
[177200] Loss: 7.2978, EPE: 1.8435
[177300] Loss: 7.4070, EPE: 1.8164
[177400] Loss: 7.4519, EPE: 1.8858
[177500] Loss: 7.1686, EPE: 1.5234
[177600] Loss: 7.2203, EPE: 1.7794
[177700] Loss: 7.4745, EPE: 2.0089
[177800] Loss: 7.1469, EPE: 1.6924
[177900] Loss: 7.2821, EPE: 1.7084
[178000] Loss: 7.3614, EPE: 1.8552
[178100] Loss: 7.5142, EPE: 1.8471
[178200] Loss: 7.1950, EPE: 1.7614
[178300] Loss: 7.2169, EPE: 1.7179
[178400] Loss: 7.3752, EPE: 1.7965
[178500] Loss: 7.4333, EPE: 1.9594
[178600] Loss: 7.2467, EPE: 1.7333
[178700] Loss: 7.4078, EPE: 1.7090
[178800] Loss: 7.3346, EPE: 1.9011
[178900] Loss: 7.3109, EPE: 1.7745
[179000] Loss: 7.2608, EPE: 1.7102
[179100] Loss: 7.2721, EPE: 1.7287
[179200] Loss: 7.2062, EPE: 1.6778
[179300] Loss: 7.4662, EPE: 1.9648
[179400] Loss: 7.2504, EPE: 1.5752
[179500] Loss: 7.3077, EPE: 1.7569
[179600] Loss: 7.2848, EPE: 1.8053
[179700] Loss: 7.1898, EPE: 1.7105
[179800] Loss: 7.3379, EPE: 1.8950
[179900] Loss: 7.2590, EPE: 1.8564
[180000] Loss: 7.3246, EPE: 1.7415
[180100] Loss: 7.2372, EPE: 1.6065
[180200] Loss: 7.4478, EPE: 2.1299
[180300] Loss: 7.1834, EPE: 1.6883
[180400] Loss: 7.3972, EPE: 1.7630
[180500] Loss: 7.2828, EPE: 1.8264
[180600] Loss: 7.2447, EPE: 1.8192
[180700] Loss: 7.2771, EPE: 1.8715
[180800] Loss: 7.4329, EPE: 1.9112
[180900] Loss: 7.2609, EPE: 1.6890
[181000] Loss: 7.2866, EPE: 1.7236
[181100] Loss: 7.2404, EPE: 1.7519
[181200] Loss: 7.1045, EPE: 1.5942
[181300] Loss: 7.3812, EPE: 1.8589
[181400] Loss: 7.2679, EPE: 1.8379
[181500] Loss: 7.1363, EPE: 1.6877
[181600] Loss: 7.2253, EPE: 1.6678
[181700] Loss: 7.4406, EPE: 1.9097
[181800] Loss: 7.1937, EPE: 1.7485
[181900] Loss: 7.1556, EPE: 1.7083
[182000] Loss: 7.3470, EPE: 1.7335
[182100] Loss: 7.2253, EPE: 1.6596
[182200] Loss: 7.2341, EPE: 1.6218
[182300] Loss: 7.1251, EPE: 1.5581
[182400] Loss: 7.2437, EPE: 1.6331
[182500] Loss: 7.2179, EPE: 1.7946
[182600] Loss: 7.2290, EPE: 1.7195
[182700] Loss: 7.2631, EPE: 1.7256
[182800] Loss: 7.2338, EPE: 1.8361
[182900] Loss: 7.4830, EPE: 1.9564
[183000] Loss: 7.2623, EPE: 1.8321
[183100] Loss: 7.1671, EPE: 1.5818
[183200] Loss: 7.4389, EPE: 1.9638
[183300] Loss: 7.2194, EPE: 1.7323
[183400] Loss: 7.3475, EPE: 1.8505
[183500] Loss: 7.3501, EPE: 1.7565
[183600] Loss: 7.2348, EPE: 1.8336
[183700] Loss: 7.3798, EPE: 1.7543
[183800] Loss: 7.2286, EPE: 1.6719
[183900] Loss: 7.1591, EPE: 1.6665
[184000] Loss: 7.2830, EPE: 1.7578
[184100] Loss: 7.3217, EPE: 1.8656
[184200] Loss: 7.1807, EPE: 1.6923
[184300] Loss: 7.2683, EPE: 1.8603
[184400] Loss: 7.2740, EPE: 1.8393
[184500] Loss: 7.3093, EPE: 1.7759
[184600] Loss: 7.1566, EPE: 1.5781
[184700] Loss: 7.2856, EPE: 1.7291
[184800] Loss: 7.2081, EPE: 1.6072
[184900] Loss: 7.2809, EPE: 1.7345
[185000] Loss: 7.1255, EPE: 1.5547
[185100] Loss: 7.2737, EPE: 1.8257
[185200] Loss: 7.2946, EPE: 1.7459
[185300] Loss: 7.1680, EPE: 1.6361
[185400] Loss: 7.3199, EPE: 1.8504
[185500] Loss: 7.2845, EPE: 1.7279
[185600] Loss: 7.1207, EPE: 1.6117
[185700] Loss: 7.3188, EPE: 1.8352
[185800] Loss: 7.2505, EPE: 1.7337
[185900] Loss: 7.1222, EPE: 1.5308
[186000] Loss: 7.3094, EPE: 1.8106
[186100] Loss: 7.1360, EPE: 1.6102
[186200] Loss: 7.2511, EPE: 1.7146
[186300] Loss: 7.1248, EPE: 1.7429
[186400] Loss: 7.1396, EPE: 1.6188
[186500] Loss: 7.2583, EPE: 1.7487
[186600] Loss: 7.2718, EPE: 1.6327
[186700] Loss: 7.2547, EPE: 1.7103
[186800] Loss: 7.3370, EPE: 1.8074
[186900] Loss: 7.2846, EPE: 1.7426
[187000] Loss: 7.2901, EPE: 1.7034
[187100] Loss: 7.3249, EPE: 1.8146
[187200] Loss: 7.1971, EPE: 1.7225
[187300] Loss: 7.2508, EPE: 1.8607
[187400] Loss: 7.1829, EPE: 1.7159
[187500] Loss: 7.2917, EPE: 1.9113
[187600] Loss: 7.2104, EPE: 1.7210
[187700] Loss: 7.1751, EPE: 1.6762
[187800] Loss: 7.3580, EPE: 1.8666
[187900] Loss: 7.2631, EPE: 1.7666
[188000] Loss: 7.2444, EPE: 1.7633
[188100] Loss: 7.1422, EPE: 1.6237
[188200] Loss: 7.2025, EPE: 1.7566
[188300] Loss: 7.2656, EPE: 1.7525
[188400] Loss: 7.2533, EPE: 1.7207
[188500] Loss: 7.2500, EPE: 1.7534
[188600] Loss: 7.2999, EPE: 1.7862
[188700] Loss: 7.0850, EPE: 1.7005
[188800] Loss: 7.3024, EPE: 1.6882
[188900] Loss: 7.2659, EPE: 1.8152
[189000] Loss: 7.1817, EPE: 1.6288
[189100] Loss: 7.1270, EPE: 1.6693
[189200] Loss: 7.1494, EPE: 1.7899
[189300] Loss: 7.2313, EPE: 1.7456
[189400] Loss: 7.2655, EPE: 1.7615
[189500] Loss: 7.1673, EPE: 1.6456
[189600] Loss: 7.0414, EPE: 1.6882
[189700] Loss: 7.3282, EPE: 1.8578
[189800] Loss: 7.1528, EPE: 1.7454
[189900] Loss: 7.3089, EPE: 1.7123
[190000] Loss: 7.1490, EPE: 1.6450
[190100] Loss: 7.2022, EPE: 1.7644
[190200] Loss: 7.2473, EPE: 1.8771
[190300] Loss: 7.2009, EPE: 1.7012
[190400] Loss: 7.2791, EPE: 1.8283
[190500] Loss: 7.1441, EPE: 1.5682
[190600] Loss: 7.2423, EPE: 1.6913
[190700] Loss: 7.1980, EPE: 1.6653
[190800] Loss: 7.3052, EPE: 1.6871
[190900] Loss: 7.0865, EPE: 1.5887
[191000] Loss: 7.2958, EPE: 1.7372
[191100] Loss: 7.2375, EPE: 1.7464
[191200] Loss: 7.1027, EPE: 1.5894
[191300] Loss: 7.2719, EPE: 1.7636
[191400] Loss: 7.0646, EPE: 1.5053
[191500] Loss: 7.1784, EPE: 1.5741
[191600] Loss: 7.0823, EPE: 1.6890
[191700] Loss: 7.2979, EPE: 1.7489
[191800] Loss: 7.2659, EPE: 1.7657
[191900] Loss: 7.2608, EPE: 1.8341
[192000] Loss: 7.2380, EPE: 1.7578
[192100] Loss: 7.1651, EPE: 1.6171
[192200] Loss: 7.3441, EPE: 1.7812
[192300] Loss: 7.0072, EPE: 1.5099
[192400] Loss: 7.2965, EPE: 1.8306
[192500] Loss: 7.1143, EPE: 1.6402
[192600] Loss: 7.1824, EPE: 1.7465
[192700] Loss: 7.1799, EPE: 1.7924
[192800] Loss: 7.2642, EPE: 1.7786
[192900] Loss: 7.2455, EPE: 1.6297
[193000] Loss: 7.1221, EPE: 1.6830
[193100] Loss: 7.2901, EPE: 1.7863
[193200] Loss: 7.1535, EPE: 1.6107
[193300] Loss: 7.1577, EPE: 1.6599
[193400] Loss: 7.1701, EPE: 1.5778
[193500] Loss: 7.2338, EPE: 1.7213
[193600] Loss: 7.1863, EPE: 1.6480
[193700] Loss: 7.2818, EPE: 1.7046
[193800] Loss: 7.2478, EPE: 1.7690
[193900] Loss: 7.3836, EPE: 1.8394
[194000] Loss: 7.1776, EPE: 1.6498
[194100] Loss: 7.0842, EPE: 1.5943
[194200] Loss: 7.0939, EPE: 1.5554
[194300] Loss: 7.1665, EPE: 1.6601
[194400] Loss: 7.2323, EPE: 1.8346
[194500] Loss: 7.0999, EPE: 1.7654
[194600] Loss: 7.1881, EPE: 1.7476
[194700] Loss: 7.0886, EPE: 1.5729
[194800] Loss: 7.1132, EPE: 1.7203
[194900] Loss: 7.1470, EPE: 1.5864
[195000] Loss: 7.1923, EPE: 1.7225
[195100] Loss: 7.2357, EPE: 1.8557
[195200] Loss: 7.1175, EPE: 1.7114
[195300] Loss: 7.1826, EPE: 1.6515
[195400] Loss: 7.3075, EPE: 1.8140
[195500] Loss: 7.2480, EPE: 1.6481
[195600] Loss: 7.2505, EPE: 1.8112
[195700] Loss: 7.2099, EPE: 1.6526
[195800] Loss: 7.1043, EPE: 1.5880
[195900] Loss: 7.2231, EPE: 1.8639
[196000] Loss: 7.2276, EPE: 1.6030
[196100] Loss: 7.2735, EPE: 1.9861
[196200] Loss: 7.0790, EPE: 1.5412
[196300] Loss: 7.1431, EPE: 1.6115
[196400] Loss: 7.3009, EPE: 1.7145
[196500] Loss: 7.2017, EPE: 1.7299
[196600] Loss: 7.1812, EPE: 1.6306
[196700] Loss: 7.2028, EPE: 1.7354
[196800] Loss: 7.2676, EPE: 1.8216
[196900] Loss: 7.3025, EPE: 1.8082
[197000] Loss: 7.2250, EPE: 1.7824
[197100] Loss: 7.2369, EPE: 1.7030
[197200] Loss: 7.1276, EPE: 1.5530
[197300] Loss: 7.2010, EPE: 1.6997
[197400] Loss: 7.1583, EPE: 1.6979
[197500] Loss: 7.2713, EPE: 1.7290
[197600] Loss: 7.2107, EPE: 1.6514
[197700] Loss: 7.2470, EPE: 1.6689
[197800] Loss: 7.1125, EPE: 1.6579
[197900] Loss: 7.2542, EPE: 1.7880
[198000] Loss: 7.0568, EPE: 1.6330
[198100] Loss: 7.2956, EPE: 1.6815
[198200] Loss: 7.2240, EPE: 1.7896
[198300] Loss: 7.0576, EPE: 1.5483
[198400] Loss: 7.0649, EPE: 1.6858
[198500] Loss: 6.9983, EPE: 1.4927
[198600] Loss: 7.2465, EPE: 1.7934
[198700] Loss: 7.1077, EPE: 1.5334
[198800] Loss: 7.2819, EPE: 1.8537
[198900] Loss: 7.1929, EPE: 1.7932
[199000] Loss: 7.0837, EPE: 1.5619
[199100] Loss: 7.1764, EPE: 1.8190
[199200] Loss: 7.0892, EPE: 1.5707
[199300] Loss: 7.1366, EPE: 1.6170
[199400] Loss: 7.1192, EPE: 1.6519
[199500] Loss: 7.2379, EPE: 1.7512
[199600] Loss: 7.0224, EPE: 1.6183
[199700] Loss: 7.1503, EPE: 1.7494
[199800] Loss: 7.1996, EPE: 1.7649
[199900] Loss: 7.2083, EPE: 1.6933
[200000] Loss: 7.1829, EPE: 1.6867
Done!
