nohup: ignoring input
/venv/waft/lib/python3.12/site-packages/torch/utils/data/dataloader.py:627: UserWarning: This DataLoader will create 32 worker processes in total. Our suggested max number of worker in current system is 20, which is smaller than what this DataLoader is going to create. Please be aware that excessive worker creation might get DataLoader running slow or even freeze, lower the worker number to avoid potential slowness/freeze if necessary.
  warnings.warn(
Training with 22232 image pairs
/venv/waft/lib/python3.12/site-packages/torch/functional.py:505: UserWarning: torch.meshgrid: in an upcoming release, it will be required to pass the indexing argument. (Triggered internally at /pytorch/aten/src/ATen/native/TensorShape.cpp:4317.)
  return _VF.meshgrid(tensors, **kwargs)  # type: ignore[attr-defined]
[000000] Loss: 61.6327, EPE: 16.7215
[000100] Loss: 61.2272, EPE: 22.8732
[000200] Loss: 25.2026, EPE: 21.1833
[000300] Loss: 24.7795, EPE: 22.2553
[000400] Loss: 24.4569, EPE: 22.0501
[000500] Loss: 24.3372, EPE: 21.7978
[000600] Loss: 23.8095, EPE: 20.5848
[000700] Loss: 23.9941, EPE: 21.5615
[000800] Loss: 23.9952, EPE: 21.8672
[000900] Loss: 23.7006, EPE: 20.8123
[001000] Loss: 23.5508, EPE: 20.3943
[001100] Loss: 23.5978, EPE: 20.8254
[001200] Loss: 23.6611, EPE: 21.0930
[001300] Loss: 23.5015, EPE: 20.7509
[001400] Loss: 23.5696, EPE: 20.6761
[001500] Loss: 23.5413, EPE: 20.6447
[001600] Loss: 23.4388, EPE: 20.0555
[001700] Loss: 23.4546, EPE: 20.5060
[001800] Loss: 23.3544, EPE: 20.2818
[001900] Loss: 23.4858, EPE: 20.2776
[002000] Loss: 23.3951, EPE: 20.3734
[002100] Loss: 23.3464, EPE: 20.3657
[002200] Loss: 23.3954, EPE: 20.4631
[002300] Loss: 23.5684, EPE: 21.0378
[002400] Loss: 23.2242, EPE: 20.2750
[002500] Loss: 23.4628, EPE: 20.7471
[002600] Loss: 23.3349, EPE: 20.4318
[002700] Loss: 23.1703, EPE: 20.3677
[002800] Loss: 23.0462, EPE: 19.4597
[002900] Loss: 23.1533, EPE: 19.8323
[003000] Loss: 23.3649, EPE: 20.4728
[003100] Loss: 22.8878, EPE: 19.3944
[003200] Loss: 23.0197, EPE: 19.4560
[003300] Loss: 23.0861, EPE: 20.2306
[003400] Loss: 23.1958, EPE: 19.8517
[003500] Loss: 23.1956, EPE: 20.2404
[003600] Loss: 23.1761, EPE: 20.0288
[003700] Loss: 23.0511, EPE: 19.3631
[003800] Loss: 22.8462, EPE: 18.6312
[003900] Loss: 23.0720, EPE: 19.9670
[004000] Loss: 22.6615, EPE: 18.3611
[004100] Loss: 23.0097, EPE: 19.7863
[004200] Loss: 22.8514, EPE: 18.7193
[004300] Loss: 22.5714, EPE: 18.0759
[004400] Loss: 22.4233, EPE: 17.4628
[004500] Loss: 22.3428, EPE: 16.9339
[004600] Loss: 22.4549, EPE: 17.4050
[004700] Loss: 21.9295, EPE: 16.1895
[004800] Loss: 22.2168, EPE: 16.9165
[004900] Loss: 21.9278, EPE: 15.4651
[005000] Loss: 21.8579, EPE: 15.3373
[005100] Loss: 21.5154, EPE: 14.0567
[005200] Loss: 21.0880, EPE: 13.1189
[005300] Loss: 21.2539, EPE: 13.6459
[005400] Loss: 20.5816, EPE: 11.7827
[005500] Loss: 20.7655, EPE: 12.6237
[005600] Loss: 20.2390, EPE: 11.2006
[005700] Loss: 20.1046, EPE: 10.6207
[005800] Loss: 19.6493, EPE: 10.1404
[005900] Loss: 19.6076, EPE: 9.9551
[006000] Loss: 19.7606, EPE: 10.4530
[006100] Loss: 19.3678, EPE: 9.9314
[006200] Loss: 19.3008, EPE: 9.5201
[006300] Loss: 19.2817, EPE: 9.5714
[006400] Loss: 18.8746, EPE: 8.7769
[006500] Loss: 18.7612, EPE: 8.7656
[006600] Loss: 18.7359, EPE: 8.7315
[006700] Loss: 18.6717, EPE: 8.7474
[006800] Loss: 18.2219, EPE: 8.0224
[006900] Loss: 18.2697, EPE: 7.9611
[007000] Loss: 18.0978, EPE: 7.9967
[007100] Loss: 17.6799, EPE: 7.5173
[007200] Loss: 17.9495, EPE: 7.7429
[007300] Loss: 17.9765, EPE: 7.6290
[007400] Loss: 17.6865, EPE: 7.7564
[007500] Loss: 17.5666, EPE: 7.4069
[007600] Loss: 17.3652, EPE: 7.1721
[007700] Loss: 17.1794, EPE: 7.0497
[007800] Loss: 17.2107, EPE: 7.2052
[007900] Loss: 16.7952, EPE: 6.5554
[008000] Loss: 16.6909, EPE: 6.4464
[008100] Loss: 16.9971, EPE: 7.5911
[008200] Loss: 17.0547, EPE: 7.5971
[008300] Loss: 16.6764, EPE: 6.5906
[008400] Loss: 16.6361, EPE: 6.6824
[008500] Loss: 16.5834, EPE: 7.0126
[008600] Loss: 16.8272, EPE: 7.0576
[008700] Loss: 16.5062, EPE: 6.6392
[008800] Loss: 16.5713, EPE: 6.7844
[008900] Loss: 16.0349, EPE: 6.2316
[009000] Loss: 16.2679, EPE: 6.3571
[009100] Loss: 16.0638, EPE: 6.0957
[009200] Loss: 15.9628, EPE: 6.1679
[009300] Loss: 15.6256, EPE: 5.6539
[009400] Loss: 15.7210, EPE: 5.8584
[009500] Loss: 16.1127, EPE: 6.4683
[009600] Loss: 16.4007, EPE: 7.0834
[009700] Loss: 15.9546, EPE: 6.1927
[009800] Loss: 16.1390, EPE: 6.2767
[009900] Loss: 16.1787, EPE: 7.0421
[010000] Loss: 15.8847, EPE: 6.3419
[010100] Loss: 15.9121, EPE: 6.8460
[010200] Loss: 15.7629, EPE: 6.6864
[010300] Loss: 15.6162, EPE: 5.8819
[010400] Loss: 16.0147, EPE: 6.2805
[010500] Loss: 15.4050, EPE: 5.7130
[010600] Loss: 15.2199, EPE: 5.5845
[010700] Loss: 15.3906, EPE: 5.8065
[010800] Loss: 15.2341, EPE: 5.5922
[010900] Loss: 15.1329, EPE: 5.5814
[011000] Loss: 15.4417, EPE: 6.1727
[011100] Loss: 15.1811, EPE: 5.7315
[011200] Loss: 15.2165, EPE: 5.8491
[011300] Loss: 15.0337, EPE: 5.6610
[011400] Loss: 15.6013, EPE: 6.0915
[011500] Loss: 15.4336, EPE: 6.2230
[011600] Loss: 15.1466, EPE: 5.9011
[011700] Loss: 15.3652, EPE: 6.1142
[011800] Loss: 14.8928, EPE: 5.9583
[011900] Loss: 14.7456, EPE: 5.4773
[012000] Loss: 14.5872, EPE: 4.9739
[012100] Loss: 14.9499, EPE: 6.1157
[012200] Loss: 14.9551, EPE: 6.4064
[012300] Loss: 15.0331, EPE: 5.7525
[012400] Loss: 14.9938, EPE: 5.4317
[012500] Loss: 14.7654, EPE: 6.2410
[012600] Loss: 14.5195, EPE: 5.7207
[012700] Loss: 14.6337, EPE: 5.2571
[012800] Loss: 14.2020, EPE: 4.7957
[012900] Loss: 14.7516, EPE: 6.0483
[013000] Loss: 14.9440, EPE: 5.7369
[013100] Loss: 15.6555, EPE: 6.1485
[013200] Loss: 14.3435, EPE: 5.0957
[013300] Loss: 14.0916, EPE: 5.0553
[013400] Loss: 14.0610, EPE: 5.7928
[013500] Loss: 14.7599, EPE: 6.4424
[013600] Loss: 14.0247, EPE: 5.2953
[013700] Loss: 14.5186, EPE: 6.0332
[013800] Loss: 14.1543, EPE: 5.3880
[013900] Loss: 15.0269, EPE: 5.9419
[014000] Loss: 14.0395, EPE: 5.5044
[014100] Loss: 14.0790, EPE: 5.3340
[014200] Loss: 14.2738, EPE: 5.2682
[014300] Loss: 13.8954, EPE: 5.3082
[014400] Loss: 13.7009, EPE: 5.2354
[014500] Loss: 14.0300, EPE: 5.3146
[014600] Loss: 13.4277, EPE: 4.4827
[014700] Loss: 14.3098, EPE: 5.6225
[014800] Loss: 14.4903, EPE: 5.9895
[014900] Loss: 14.0341, EPE: 5.2375
[015000] Loss: 14.1638, EPE: 5.0750
[015100] Loss: 14.1619, EPE: 5.7259
[015200] Loss: 13.6531, EPE: 5.1785
[015300] Loss: 13.8746, EPE: 5.1686
[015400] Loss: 13.7129, EPE: 5.3543
[015500] Loss: 13.9645, EPE: 5.5289
[015600] Loss: 13.9936, EPE: 5.6318
[015700] Loss: 13.4664, EPE: 5.0327
[015800] Loss: 13.5470, EPE: 4.9819
[015900] Loss: 14.5734, EPE: 5.6916
[016000] Loss: 13.5004, EPE: 5.2137
[016100] Loss: 13.5529, EPE: 4.8752
[016200] Loss: 13.3288, EPE: 4.9976
[016300] Loss: 13.8097, EPE: 4.9727
[016400] Loss: 13.6566, EPE: 5.1911
[016500] Loss: 13.2868, EPE: 4.9227
[016600] Loss: 13.8633, EPE: 5.0194
[016700] Loss: 13.7874, EPE: 5.1358
[016800] Loss: 13.4386, EPE: 5.2944
[016900] Loss: 13.6441, EPE: 5.1853
[017000] Loss: 14.0067, EPE: 5.3785
[017100] Loss: 13.4617, EPE: 4.8187
[017200] Loss: 13.0120, EPE: 5.0356
[017300] Loss: 13.1139, EPE: 4.5060
[017400] Loss: 13.0601, EPE: 5.0021
[017500] Loss: 13.2441, EPE: 4.9795
[017600] Loss: 13.7556, EPE: 5.4358
[017700] Loss: 12.7733, EPE: 4.2718
[017800] Loss: 13.1547, EPE: 4.3584
[017900] Loss: 13.6540, EPE: 5.1100
[018000] Loss: 13.1539, EPE: 4.7772
[018100] Loss: 13.0568, EPE: 4.7215
[018200] Loss: 12.9330, EPE: 4.5809
[018300] Loss: 13.2235, EPE: 4.4752
[018400] Loss: 13.6095, EPE: 4.8997
[018500] Loss: 13.2672, EPE: 5.4844
[018600] Loss: 13.2044, EPE: 4.4961
[018700] Loss: 12.8935, EPE: 4.4774
[018800] Loss: 12.8335, EPE: 4.1865
[018900] Loss: 13.3037, EPE: 4.3865
[019000] Loss: 13.8523, EPE: 4.9227
[019100] Loss: 12.9849, EPE: 4.8447
[019200] Loss: 12.7776, EPE: 4.2760
[019300] Loss: 12.8091, EPE: 4.4506
[019400] Loss: 13.1691, EPE: 5.1970
[019500] Loss: 13.0267, EPE: 4.8999
[019600] Loss: 13.5125, EPE: 5.3062
[019700] Loss: 13.0333, EPE: 4.4891
[019800] Loss: 12.9882, EPE: 4.4450
[019900] Loss: 12.8403, EPE: 4.7209
[020000] Loss: 12.9046, EPE: 4.4850
[020100] Loss: 13.0155, EPE: 4.6011
[020200] Loss: 12.7636, EPE: 4.8456
[020300] Loss: 12.8674, EPE: 4.5286
[020400] Loss: 12.7050, EPE: 4.2098
[020500] Loss: 12.3503, EPE: 4.3799
[020600] Loss: 12.5583, EPE: 4.2272
[020700] Loss: 12.9548, EPE: 4.4015
[020800] Loss: 12.7131, EPE: 4.6525
[020900] Loss: 12.5994, EPE: 4.2163
[021000] Loss: 12.3308, EPE: 4.4215
[021100] Loss: 12.6095, EPE: 4.4407
[021200] Loss: 12.5267, EPE: 4.4113
[021300] Loss: 12.5748, EPE: 4.6300
[021400] Loss: 12.3547, EPE: 4.3564
[021500] Loss: 12.3214, EPE: 4.4552
[021600] Loss: 12.6523, EPE: 4.6049
[021700] Loss: 12.4489, EPE: 4.2203
[021800] Loss: 12.4176, EPE: 4.2200
[021900] Loss: 12.2276, EPE: 4.4843
[022000] Loss: 12.1336, EPE: 4.2187
[022100] Loss: 12.0614, EPE: 4.0202
[022200] Loss: 12.4189, EPE: 4.3926
[022300] Loss: 12.3560, EPE: 4.2891
[022400] Loss: 12.3281, EPE: 4.1918
[022500] Loss: 12.0497, EPE: 4.2174
[022600] Loss: 12.8884, EPE: 4.8113
[022700] Loss: 12.4642, EPE: 4.3593
[022800] Loss: 12.6502, EPE: 4.5219
[022900] Loss: 12.5737, EPE: 4.0617
[023000] Loss: 12.7013, EPE: 4.5193
[023100] Loss: 12.6289, EPE: 4.4435
[023200] Loss: 12.8010, EPE: 4.9763
[023300] Loss: 12.2735, EPE: 4.2924
[023400] Loss: 12.3181, EPE: 4.4429
[023500] Loss: 12.1569, EPE: 4.2021
[023600] Loss: 12.2048, EPE: 4.0885
[023700] Loss: 12.0859, EPE: 3.9867
[023800] Loss: 12.1583, EPE: 4.4336
[023900] Loss: 12.1861, EPE: 4.0774
[024000] Loss: 12.1160, EPE: 4.5110
[024100] Loss: 12.1120, EPE: 4.3949
[024200] Loss: 12.0148, EPE: 4.2794
[024300] Loss: 11.6797, EPE: 4.0360
[024400] Loss: 12.0992, EPE: 4.3860
[024500] Loss: 12.2292, EPE: 4.3377
[024600] Loss: 11.9852, EPE: 3.9842
[024700] Loss: 11.9227, EPE: 3.9000
[024800] Loss: 11.8843, EPE: 4.0314
[024900] Loss: 12.2148, EPE: 4.5482
[025000] Loss: 11.6027, EPE: 3.9276
[025100] Loss: 11.7584, EPE: 4.0746
[025200] Loss: 12.0263, EPE: 4.0320
[025300] Loss: 11.7930, EPE: 4.0707
[025400] Loss: 11.9156, EPE: 4.3045
[025500] Loss: 12.0703, EPE: 4.4589
[025600] Loss: 11.7046, EPE: 3.8149
[025700] Loss: 11.7723, EPE: 4.2490
[025800] Loss: 11.6584, EPE: 3.8057
[025900] Loss: 11.7364, EPE: 3.8749
[026000] Loss: 12.0984, EPE: 4.0881
[026100] Loss: 11.9548, EPE: 4.0486
[026200] Loss: 11.7678, EPE: 4.4624
[026300] Loss: 11.7913, EPE: 4.3027
[026400] Loss: 12.0326, EPE: 4.7275
[026500] Loss: 11.9452, EPE: 3.9366
[026600] Loss: 11.5381, EPE: 3.9144
[026700] Loss: 11.6909, EPE: 4.0684
[026800] Loss: 11.6173, EPE: 3.8732
[026900] Loss: 11.7719, EPE: 3.9091
[027000] Loss: 11.7912, EPE: 4.0005
[027100] Loss: 11.6222, EPE: 3.9592
[027200] Loss: 11.6190, EPE: 3.7509
[027300] Loss: 11.5448, EPE: 3.9387
[027400] Loss: 11.7212, EPE: 4.1046
[027500] Loss: 11.3498, EPE: 3.6259
[027600] Loss: 11.6348, EPE: 3.7169
[027700] Loss: 11.5980, EPE: 3.7286
[027800] Loss: 11.3853, EPE: 3.9479
[027900] Loss: 11.4193, EPE: 3.6792
[028000] Loss: 11.6347, EPE: 3.7701
[028100] Loss: 11.8788, EPE: 3.9043
[028200] Loss: 11.3607, EPE: 3.7463
[028300] Loss: 11.5572, EPE: 3.8513
[028400] Loss: 11.5002, EPE: 3.8083
[028500] Loss: 11.5166, EPE: 3.7213
[028600] Loss: 11.7090, EPE: 3.6602
[028700] Loss: 11.7693, EPE: 4.0308
[028800] Loss: 11.6755, EPE: 3.9130
[028900] Loss: 11.5059, EPE: 3.9237
[029000] Loss: 11.6082, EPE: 3.8357
[029100] Loss: 11.6134, EPE: 4.0136
[029200] Loss: 11.3522, EPE: 3.7050
[029300] Loss: 11.7555, EPE: 4.1081
[029400] Loss: 11.6535, EPE: 4.1562
[029500] Loss: 11.2519, EPE: 3.3674
[029600] Loss: 11.5278, EPE: 4.0507
[029700] Loss: 11.6375, EPE: 4.0912
[029800] Loss: 11.6734, EPE: 4.1043
[029900] Loss: 11.3417, EPE: 3.6176
[030000] Loss: 11.4971, EPE: 4.3269
[030100] Loss: 11.5005, EPE: 3.8590
[030200] Loss: 11.2185, EPE: 3.4759
[030300] Loss: 11.6670, EPE: 3.8821
[030400] Loss: 11.4828, EPE: 3.7281
[030500] Loss: 11.5843, EPE: 3.9903
[030600] Loss: 11.3508, EPE: 3.8196
[030700] Loss: 11.2869, EPE: 3.9925
[030800] Loss: 11.6413, EPE: 4.2224
[030900] Loss: 11.2715, EPE: 3.6743
[031000] Loss: 11.3473, EPE: 3.5357
[031100] Loss: 11.2707, EPE: 3.3109
[031200] Loss: 11.1207, EPE: 3.4018
[031300] Loss: 11.4367, EPE: 3.9423
[031400] Loss: 11.3432, EPE: 3.7802
[031500] Loss: 10.9764, EPE: 3.5494
[031600] Loss: 11.6967, EPE: 4.3594
[031700] Loss: 11.4405, EPE: 3.6901
[031800] Loss: 11.4576, EPE: 3.5991
[031900] Loss: 10.9537, EPE: 3.4513
[032000] Loss: 11.1723, EPE: 3.5688
[032100] Loss: 11.0478, EPE: 3.7237
[032200] Loss: 11.2072, EPE: 3.7972
[032300] Loss: 11.1479, EPE: 3.6266
[032400] Loss: 11.0932, EPE: 3.4672
[032500] Loss: 11.0379, EPE: 3.3013
[032600] Loss: 11.0083, EPE: 3.5223
[032700] Loss: 10.8689, EPE: 3.6870
[032800] Loss: 10.9231, EPE: 3.3410
[032900] Loss: 11.0538, EPE: 3.5092
[033000] Loss: 10.8268, EPE: 3.4443
[033100] Loss: 10.7580, EPE: 3.2511
[033200] Loss: 10.7521, EPE: 3.3937
[033300] Loss: 10.8168, EPE: 3.6393
[033400] Loss: 10.8388, EPE: 3.5155
[033500] Loss: 10.8221, EPE: 3.5091
[033600] Loss: 11.0077, EPE: 3.4794
[033700] Loss: 11.1478, EPE: 4.0893
[033800] Loss: 11.1283, EPE: 3.8460
[033900] Loss: 11.0084, EPE: 4.0039
[034000] Loss: 10.7277, EPE: 3.3906
[034100] Loss: 10.8938, EPE: 3.8003
[034200] Loss: 10.7313, EPE: 3.5233
[034300] Loss: 11.0298, EPE: 3.5913
[034400] Loss: 11.0070, EPE: 3.2979
[034500] Loss: 10.7408, EPE: 3.5130
[034600] Loss: 11.1134, EPE: 3.5896
[034700] Loss: 11.0142, EPE: 3.9119
[034800] Loss: 10.6305, EPE: 3.1226
[034900] Loss: 10.8632, EPE: 3.4292
[035000] Loss: 10.7671, EPE: 3.1470
[035100] Loss: 10.4088, EPE: 2.9563
[035200] Loss: 10.8057, EPE: 3.3515
[035300] Loss: 10.7368, EPE: 3.6032
[035400] Loss: 11.0166, EPE: 3.4660
[035500] Loss: 11.0854, EPE: 3.7536
[035600] Loss: 10.7171, EPE: 3.5353
[035700] Loss: 10.7026, EPE: 3.3322
[035800] Loss: 10.8193, EPE: 3.3445
[035900] Loss: 10.6710, EPE: 3.5650
[036000] Loss: 10.7113, EPE: 3.3452
[036100] Loss: 10.8418, EPE: 3.6407
[036200] Loss: 10.8731, EPE: 3.6537
[036300] Loss: 10.6857, EPE: 3.3029
[036400] Loss: 10.6886, EPE: 3.2458
[036500] Loss: 10.7426, EPE: 3.6040
[036600] Loss: 10.7575, EPE: 3.7086
[036700] Loss: 10.2822, EPE: 2.8902
[036800] Loss: 10.7192, EPE: 3.5932
[036900] Loss: 10.6088, EPE: 3.2388
[037000] Loss: 10.6900, EPE: 3.3861
[037100] Loss: 10.8363, EPE: 3.5104
[037200] Loss: 10.9109, EPE: 3.4666
[037300] Loss: 10.2599, EPE: 3.0784
[037400] Loss: 10.8774, EPE: 3.5375
[037500] Loss: 10.6425, EPE: 3.2642
[037600] Loss: 10.6987, EPE: 3.4517
[037700] Loss: 10.8213, EPE: 3.3806
[037800] Loss: 10.7085, EPE: 3.3910
[037900] Loss: 10.6446, EPE: 3.3480
[038000] Loss: 10.9421, EPE: 3.4845
[038100] Loss: 10.6143, EPE: 3.3404
[038200] Loss: 10.6481, EPE: 3.6696
[038300] Loss: 10.4977, EPE: 3.1888
[038400] Loss: 10.5620, EPE: 3.0678
[038500] Loss: 10.5614, EPE: 3.2724
[038600] Loss: 10.7733, EPE: 3.6847
[038700] Loss: 10.4770, EPE: 3.2620
[038800] Loss: 10.4872, EPE: 3.2637
[038900] Loss: 10.3502, EPE: 2.9795
[039000] Loss: 10.6181, EPE: 3.3080
[039100] Loss: 10.2960, EPE: 3.3351
[039200] Loss: 10.4597, EPE: 3.0562
[039300] Loss: 10.4002, EPE: 3.0702
[039400] Loss: 10.3902, EPE: 3.1984
[039500] Loss: 10.6458, EPE: 3.3494
[039600] Loss: 10.5050, EPE: 3.2632
[039700] Loss: 10.6515, EPE: 3.3490
[039800] Loss: 10.4654, EPE: 3.0866
[039900] Loss: 10.6442, EPE: 3.1109
[040000] Loss: 10.6249, EPE: 3.6573
[040100] Loss: 10.1325, EPE: 2.9374
[040200] Loss: 10.4549, EPE: 3.4112
[040300] Loss: 10.7366, EPE: 3.8271
[040400] Loss: 10.5211, EPE: 3.4272
[040500] Loss: 10.1214, EPE: 2.8263
[040600] Loss: 10.6629, EPE: 3.0394
[040700] Loss: 10.4968, EPE: 3.2086
[040800] Loss: 10.3538, EPE: 3.5635
[040900] Loss: 10.4218, EPE: 3.2432
[041000] Loss: 10.5564, EPE: 3.0724
[041100] Loss: 10.5938, EPE: 3.5012
[041200] Loss: 10.5860, EPE: 3.3038
[041300] Loss: 10.7765, EPE: 3.3888
[041400] Loss: 10.6509, EPE: 3.3136
[041500] Loss: 10.3401, EPE: 3.3187
[041600] Loss: 10.7037, EPE: 3.5432
[041700] Loss: 10.1706, EPE: 3.0089
[041800] Loss: 10.3600, EPE: 3.2177
[041900] Loss: 10.6098, EPE: 3.5424
[042000] Loss: 10.4956, EPE: 3.1381
[042100] Loss: 10.3424, EPE: 3.0841
[042200] Loss: 10.4628, EPE: 3.2801
[042300] Loss: 10.5306, EPE: 3.2383
[042400] Loss: 10.4229, EPE: 3.4622
[042500] Loss: 10.3938, EPE: 3.2284
[042600] Loss: 10.4605, EPE: 2.8565
[042700] Loss: 10.3363, EPE: 3.1104
[042800] Loss: 10.3611, EPE: 3.4328
[042900] Loss: 10.2779, EPE: 2.8740
[043000] Loss: 10.3872, EPE: 3.2409
[043100] Loss: 10.3940, EPE: 3.3033
[043200] Loss: 10.4737, EPE: 3.1933
[043300] Loss: 10.2548, EPE: 2.9055
[043400] Loss: 10.4314, EPE: 3.3587
[043500] Loss: 10.6757, EPE: 3.6386
[043600] Loss: 10.0204, EPE: 2.6992
[043700] Loss: 10.1370, EPE: 2.8967
[043800] Loss: 10.6239, EPE: 3.5907
[043900] Loss: 10.3825, EPE: 3.1751
[044000] Loss: 10.4005, EPE: 3.4515
[044100] Loss: 10.1003, EPE: 2.6531
[044200] Loss: 10.2885, EPE: 2.9131
[044300] Loss: 10.2937, EPE: 3.0899
[044400] Loss: 10.0689, EPE: 2.9290
[044500] Loss: 10.0445, EPE: 2.8097
[044600] Loss: 10.5277, EPE: 3.6876
[044700] Loss: 10.2027, EPE: 3.0203
[044800] Loss: 10.5021, EPE: 3.4069
[044900] Loss: 10.4987, EPE: 3.4208
[045000] Loss: 10.2060, EPE: 3.1946
[045100] Loss: 10.2052, EPE: 3.2336
[045200] Loss: 10.0376, EPE: 3.1102
[045300] Loss: 9.9840, EPE: 2.8594
[045400] Loss: 10.1241, EPE: 2.9947
[045500] Loss: 10.1349, EPE: 2.8821
[045600] Loss: 10.2829, EPE: 3.1532
[045700] Loss: 10.3775, EPE: 3.3199
[045800] Loss: 10.2964, EPE: 3.3412
[045900] Loss: 10.1964, EPE: 3.1557
[046000] Loss: 10.0514, EPE: 2.9701
[046100] Loss: 10.4719, EPE: 3.5134
[046200] Loss: 10.3411, EPE: 3.1434
[046300] Loss: 10.0346, EPE: 3.1087
[046400] Loss: 9.9361, EPE: 2.6665
[046500] Loss: 10.4076, EPE: 3.1326
[046600] Loss: 10.1831, EPE: 3.1422
[046700] Loss: 10.0533, EPE: 2.9101
[046800] Loss: 10.1500, EPE: 2.8612
[046900] Loss: 10.4290, EPE: 3.3259
[047000] Loss: 9.8864, EPE: 2.8853
[047100] Loss: 9.9329, EPE: 2.8306
[047200] Loss: 9.8863, EPE: 3.2825
[047300] Loss: 9.9976, EPE: 2.8300
[047400] Loss: 10.2434, EPE: 3.1136
[047500] Loss: 10.1845, EPE: 2.9904
[047600] Loss: 10.1357, EPE: 2.9118
[047700] Loss: 10.1499, EPE: 2.9472
[047800] Loss: 9.9848, EPE: 2.9919
[047900] Loss: 9.8966, EPE: 2.7792
[048000] Loss: 10.0122, EPE: 3.0112
[048100] Loss: 10.0496, EPE: 2.9083
[048200] Loss: 10.1804, EPE: 3.2614
[048300] Loss: 10.0327, EPE: 2.8138
[048400] Loss: 10.3542, EPE: 3.3758
[048500] Loss: 10.0799, EPE: 3.0186
[048600] Loss: 10.2030, EPE: 3.2780
[048700] Loss: 9.9199, EPE: 2.7613
[048800] Loss: 9.9005, EPE: 2.7986
[048900] Loss: 9.8662, EPE: 2.7642
[049000] Loss: 9.9665, EPE: 3.0406
[049100] Loss: 9.9205, EPE: 2.8070
[049200] Loss: 10.1181, EPE: 3.1466
[049300] Loss: 10.0758, EPE: 3.0428
[049400] Loss: 10.1821, EPE: 3.1916
[049500] Loss: 9.9047, EPE: 2.9143
[049600] Loss: 9.9516, EPE: 2.9313
[049700] Loss: 10.1873, EPE: 3.2354
[049800] Loss: 9.8051, EPE: 2.7841
[049900] Loss: 9.9884, EPE: 2.7215
[050000] Loss: 10.1222, EPE: 3.2241
[050100] Loss: 9.8581, EPE: 2.9245
[050200] Loss: 10.0290, EPE: 2.7472
[050300] Loss: 10.2187, EPE: 3.0482
[050400] Loss: 9.9008, EPE: 2.9634
[050500] Loss: 10.1425, EPE: 3.0733
[050600] Loss: 9.8859, EPE: 2.8555
[050700] Loss: 9.9634, EPE: 3.0693
[050800] Loss: 9.9716, EPE: 2.8137
[050900] Loss: 9.9236, EPE: 2.6929
[051000] Loss: 10.1181, EPE: 2.9964
[051100] Loss: 9.9223, EPE: 2.8509
[051200] Loss: 9.7631, EPE: 2.8120
[051300] Loss: 9.8068, EPE: 2.8152
[051400] Loss: 9.6262, EPE: 2.5943
[051500] Loss: 9.8147, EPE: 2.8308
[051600] Loss: 9.8793, EPE: 3.0132
[051700] Loss: 9.7923, EPE: 2.7623
[051800] Loss: 9.9267, EPE: 2.9581
[051900] Loss: 10.1133, EPE: 2.8887
[052000] Loss: 10.1091, EPE: 3.2105
[052100] Loss: 9.9925, EPE: 2.7697
[052200] Loss: 9.8294, EPE: 2.7279
[052300] Loss: 9.7347, EPE: 2.7908
[052400] Loss: 10.0702, EPE: 2.9568
[052500] Loss: 10.0965, EPE: 3.0621
[052600] Loss: 9.9316, EPE: 2.7720
[052700] Loss: 9.9515, EPE: 3.0616
[052800] Loss: 9.8319, EPE: 3.0213
[052900] Loss: 9.6456, EPE: 2.5267
[053000] Loss: 9.7727, EPE: 2.8454
[053100] Loss: 9.8991, EPE: 2.8622
[053200] Loss: 9.8573, EPE: 2.6700
[053300] Loss: 9.9291, EPE: 3.0755
[053400] Loss: 9.9516, EPE: 3.1031
[053500] Loss: 9.9317, EPE: 2.9412
[053600] Loss: 9.7102, EPE: 2.8054
[053700] Loss: 9.8818, EPE: 2.6738
[053800] Loss: 9.9247, EPE: 2.7158
[053900] Loss: 9.8094, EPE: 2.5773
[054000] Loss: 10.0117, EPE: 3.0763
[054100] Loss: 9.9458, EPE: 2.9632
[054200] Loss: 9.8372, EPE: 3.0140
[054300] Loss: 9.8118, EPE: 2.9681
[054400] Loss: 9.8044, EPE: 2.6693
[054500] Loss: 9.8416, EPE: 3.0519
[054600] Loss: 9.7597, EPE: 2.7429
[054700] Loss: 9.9704, EPE: 3.0767
[054800] Loss: 9.8284, EPE: 2.8724
[054900] Loss: 9.9442, EPE: 3.2138
[055000] Loss: 9.6743, EPE: 2.6065
[055100] Loss: 9.6227, EPE: 2.6881
[055200] Loss: 9.8795, EPE: 3.4876
[055300] Loss: 9.4858, EPE: 2.4248
[055400] Loss: 9.6606, EPE: 2.7079
[055500] Loss: 9.7648, EPE: 2.8986
[055600] Loss: 9.8997, EPE: 2.9436
[055700] Loss: 10.0640, EPE: 2.8973
[055800] Loss: 9.7571, EPE: 2.6478
[055900] Loss: 9.7196, EPE: 2.7008
[056000] Loss: 9.6314, EPE: 2.8397
[056100] Loss: 9.7646, EPE: 2.6779
[056200] Loss: 9.8459, EPE: 3.0139
[056300] Loss: 9.6915, EPE: 2.6310
[056400] Loss: 9.7336, EPE: 2.7445
[056500] Loss: 9.7185, EPE: 2.9701
[056600] Loss: 9.7070, EPE: 2.7169
[056700] Loss: 9.7109, EPE: 2.6752
[056800] Loss: 9.6766, EPE: 2.6323
[056900] Loss: 9.7151, EPE: 2.8045
[057000] Loss: 9.9873, EPE: 3.0282
[057100] Loss: 9.6201, EPE: 2.6265
[057200] Loss: 9.6636, EPE: 2.8925
[057300] Loss: 9.7226, EPE: 2.6261
[057400] Loss: 9.6273, EPE: 2.6729
[057500] Loss: 9.7192, EPE: 2.8744
[057600] Loss: 9.6255, EPE: 2.8003
[057700] Loss: 9.7010, EPE: 2.7082
[057800] Loss: 9.8194, EPE: 2.9750
[057900] Loss: 9.7131, EPE: 2.7169
[058000] Loss: 9.4704, EPE: 2.7299
[058100] Loss: 9.7172, EPE: 2.5916
[058200] Loss: 9.7055, EPE: 2.6586
[058300] Loss: 9.6794, EPE: 2.6540
[058400] Loss: 9.6628, EPE: 3.0849
[058500] Loss: 9.4748, EPE: 2.6652
[058600] Loss: 9.4392, EPE: 2.3722
[058700] Loss: 9.8551, EPE: 2.7754
[058800] Loss: 9.4395, EPE: 2.5219
[058900] Loss: 9.5778, EPE: 2.6804
[059000] Loss: 9.5665, EPE: 2.5207
[059100] Loss: 9.7737, EPE: 2.8619
[059200] Loss: 9.6069, EPE: 2.5097
[059300] Loss: 9.4143, EPE: 2.5802
[059400] Loss: 9.4229, EPE: 2.5969
[059500] Loss: 9.4889, EPE: 2.6165
[059600] Loss: 9.4572, EPE: 2.5762
[059700] Loss: 9.5683, EPE: 2.4883
[059800] Loss: 9.7244, EPE: 2.6698
[059900] Loss: 9.5535, EPE: 2.5348
[060000] Loss: 9.6407, EPE: 2.7193
[060100] Loss: 9.5023, EPE: 2.9107
[060200] Loss: 9.5975, EPE: 2.6202
[060300] Loss: 9.6626, EPE: 2.6254
[060400] Loss: 9.4971, EPE: 2.5635
[060500] Loss: 9.5041, EPE: 2.8008
[060600] Loss: 9.3384, EPE: 2.3571
[060700] Loss: 9.6551, EPE: 2.5066
[060800] Loss: 9.6655, EPE: 2.7395
[060900] Loss: 9.4863, EPE: 2.7016
[061000] Loss: 9.3798, EPE: 2.4998
[061100] Loss: 9.4453, EPE: 2.5640
[061200] Loss: 9.7005, EPE: 2.8487
[061300] Loss: 9.8416, EPE: 2.7658
[061400] Loss: 9.4031, EPE: 2.4827
[061500] Loss: 9.6095, EPE: 2.7177
[061600] Loss: 9.4984, EPE: 2.6018
[061700] Loss: 9.5091, EPE: 2.6577
[061800] Loss: 9.5013, EPE: 2.5829
[061900] Loss: 9.5878, EPE: 2.5054
[062000] Loss: 9.6765, EPE: 2.8344
[062100] Loss: 9.5377, EPE: 2.5920
[062200] Loss: 9.5967, EPE: 2.5130
[062300] Loss: 9.7807, EPE: 3.0731
[062400] Loss: 9.5956, EPE: 2.4769
[062500] Loss: 9.7080, EPE: 2.7982
[062600] Loss: 9.5508, EPE: 2.6996
[062700] Loss: 9.5895, EPE: 2.5608
[062800] Loss: 9.2939, EPE: 2.4502
[062900] Loss: 9.3422, EPE: 2.3991
[063000] Loss: 9.6106, EPE: 2.7961
[063100] Loss: 9.4642, EPE: 2.6249
[063200] Loss: 9.4544, EPE: 2.4909
[063300] Loss: 9.4932, EPE: 2.4986
[063400] Loss: 9.7628, EPE: 2.8328
[063500] Loss: 9.7363, EPE: 2.6129
[063600] Loss: 9.4595, EPE: 2.6014
[063700] Loss: 9.3882, EPE: 2.3779
[063800] Loss: 9.6559, EPE: 2.7363
[063900] Loss: 9.4934, EPE: 2.8005
[064000] Loss: 9.7676, EPE: 2.9002
[064100] Loss: 9.4912, EPE: 2.6896
[064200] Loss: 9.5103, EPE: 2.8134
[064300] Loss: 9.4341, EPE: 2.7341
[064400] Loss: 9.5057, EPE: 2.6208
[064500] Loss: 9.3100, EPE: 2.4241
[064600] Loss: 9.7701, EPE: 2.8272
[064700] Loss: 9.5456, EPE: 2.6957
[064800] Loss: 9.3786, EPE: 2.4467
[064900] Loss: 9.3949, EPE: 2.6234
[065000] Loss: 9.5079, EPE: 2.7025
[065100] Loss: 9.2408, EPE: 2.3168
[065200] Loss: 9.3233, EPE: 2.6170
[065300] Loss: 9.3101, EPE: 2.4325
[065400] Loss: 9.4152, EPE: 2.3829
[065500] Loss: 9.4163, EPE: 2.5696
[065600] Loss: 9.5641, EPE: 2.5617
[065700] Loss: 9.4257, EPE: 2.3689
[065800] Loss: 9.4922, EPE: 2.5975
[065900] Loss: 9.3500, EPE: 2.6517
[066000] Loss: 9.2577, EPE: 2.2453
[066100] Loss: 9.3679, EPE: 2.6745
[066200] Loss: 9.5431, EPE: 2.8166
[066300] Loss: 9.3489, EPE: 2.4625
[066400] Loss: 9.3228, EPE: 2.3842
[066500] Loss: 9.3424, EPE: 2.4785
[066600] Loss: 9.2480, EPE: 2.4863
[066700] Loss: 9.3266, EPE: 2.7361
[066800] Loss: 9.3352, EPE: 2.3694
[066900] Loss: 9.3631, EPE: 2.6596
[067000] Loss: 9.4006, EPE: 2.5035
[067100] Loss: 9.2764, EPE: 2.5278
[067200] Loss: 9.6465, EPE: 2.7435
[067300] Loss: 9.3674, EPE: 2.4822
[067400] Loss: 9.3593, EPE: 2.7993
[067500] Loss: 9.4668, EPE: 2.6635
[067600] Loss: 9.4033, EPE: 2.6033
[067700] Loss: 9.7011, EPE: 2.8396
[067800] Loss: 9.4475, EPE: 2.5157
[067900] Loss: 9.3703, EPE: 2.5293
[068000] Loss: 9.2524, EPE: 2.2699
[068100] Loss: 9.4552, EPE: 3.0379
[068200] Loss: 9.4637, EPE: 2.5826
[068300] Loss: 9.1907, EPE: 2.3881
[068400] Loss: 9.3696, EPE: 2.4756
[068500] Loss: 9.2527, EPE: 2.4684
[068600] Loss: 9.3144, EPE: 2.5105
[068700] Loss: 9.3088, EPE: 2.4737
[068800] Loss: 9.3505, EPE: 2.4727
[068900] Loss: 9.4367, EPE: 2.7342
[069000] Loss: 9.1742, EPE: 2.4557
[069100] Loss: 9.2809, EPE: 2.4439
[069200] Loss: 9.3673, EPE: 2.5446
[069300] Loss: 9.4108, EPE: 2.7488
[069400] Loss: 9.4125, EPE: 2.6009
[069500] Loss: 9.4629, EPE: 2.8031
[069600] Loss: 9.3536, EPE: 2.4050
[069700] Loss: 9.4758, EPE: 2.6101
[069800] Loss: 9.2887, EPE: 2.3465
[069900] Loss: 9.3502, EPE: 2.4575
[070000] Loss: 9.4427, EPE: 2.5600
[070100] Loss: 9.4989, EPE: 2.6028
[070200] Loss: 9.2214, EPE: 2.4449
[070300] Loss: 9.1285, EPE: 2.2182
[070400] Loss: 9.3330, EPE: 2.3873
[070500] Loss: 9.2193, EPE: 2.3186
[070600] Loss: 9.1195, EPE: 2.4347
[070700] Loss: 9.1964, EPE: 2.4279
[070800] Loss: 9.2420, EPE: 2.5029
[070900] Loss: 9.3325, EPE: 2.6448
[071000] Loss: 9.2456, EPE: 2.4711
[071100] Loss: 9.4293, EPE: 2.6958
[071200] Loss: 9.2858, EPE: 2.4466
[071300] Loss: 9.2788, EPE: 2.5917
[071400] Loss: 9.2759, EPE: 2.5154
[071500] Loss: 9.1879, EPE: 2.2542
[071600] Loss: 9.1315, EPE: 2.3777
[071700] Loss: 9.2193, EPE: 2.3774
[071800] Loss: 9.3623, EPE: 2.5578
[071900] Loss: 9.1533, EPE: 2.4326
[072000] Loss: 9.1540, EPE: 2.3414
[072100] Loss: 9.4245, EPE: 2.7687
[072200] Loss: 9.3366, EPE: 2.5208
[072300] Loss: 9.4067, EPE: 2.4944
[072400] Loss: 9.1662, EPE: 2.2587
[072500] Loss: 9.0874, EPE: 2.4434
[072600] Loss: 9.0174, EPE: 2.2706
[072700] Loss: 9.1377, EPE: 2.3077
[072800] Loss: 9.5544, EPE: 2.8913
[072900] Loss: 9.3776, EPE: 2.7530
[073000] Loss: 9.2619, EPE: 2.5347
[073100] Loss: 9.2559, EPE: 2.6521
[073200] Loss: 9.1089, EPE: 2.3376
[073300] Loss: 9.2201, EPE: 2.5701
[073400] Loss: 9.1878, EPE: 2.3724
[073500] Loss: 9.0846, EPE: 2.2850
[073600] Loss: 9.3798, EPE: 2.6569
[073700] Loss: 9.4739, EPE: 2.7609
[073800] Loss: 9.0659, EPE: 2.2735
[073900] Loss: 9.2179, EPE: 2.4239
[074000] Loss: 9.2755, EPE: 2.3959
[074100] Loss: 9.2425, EPE: 2.5555
[074200] Loss: 9.2412, EPE: 2.6453
[074300] Loss: 9.2080, EPE: 2.4886
[074400] Loss: 9.0069, EPE: 2.2075
[074500] Loss: 9.3258, EPE: 2.7692
[074600] Loss: 9.2175, EPE: 2.5099
[074700] Loss: 9.0940, EPE: 2.1987
[074800] Loss: 9.1348, EPE: 2.3786
[074900] Loss: 9.2996, EPE: 2.4790
[075000] Loss: 9.2844, EPE: 2.2713
[075100] Loss: 8.9228, EPE: 2.2357
[075200] Loss: 8.9718, EPE: 2.3721
[075300] Loss: 9.1192, EPE: 2.4276
[075400] Loss: 9.2260, EPE: 2.4275
[075500] Loss: 9.2346, EPE: 2.4369
[075600] Loss: 9.1259, EPE: 2.3658
[075700] Loss: 9.4407, EPE: 2.5962
[075800] Loss: 9.0528, EPE: 2.3023
[075900] Loss: 9.2007, EPE: 2.4286
[076000] Loss: 9.0775, EPE: 2.3447
[076100] Loss: 9.1312, EPE: 2.3688
[076200] Loss: 8.9678, EPE: 2.2241
[076300] Loss: 9.2488, EPE: 2.4659
[076400] Loss: 9.1310, EPE: 2.2857
[076500] Loss: 9.4423, EPE: 2.7332
[076600] Loss: 9.2403, EPE: 2.4145
[076700] Loss: 9.0511, EPE: 2.4777
[076800] Loss: 9.1309, EPE: 2.2348
[076900] Loss: 9.0885, EPE: 2.5022
[077000] Loss: 9.1552, EPE: 2.3675
[077100] Loss: 9.1643, EPE: 2.3275
[077200] Loss: 9.0380, EPE: 2.3911
[077300] Loss: 9.1206, EPE: 2.4137
[077400] Loss: 9.3371, EPE: 2.6853
[077500] Loss: 8.9631, EPE: 2.1369
[077600] Loss: 9.3049, EPE: 2.5773
[077700] Loss: 9.0453, EPE: 2.2714
[077800] Loss: 9.1114, EPE: 2.3047
[077900] Loss: 9.0482, EPE: 2.3212
[078000] Loss: 9.0535, EPE: 2.4609
[078100] Loss: 9.1907, EPE: 2.6413
[078200] Loss: 9.0850, EPE: 2.2664
[078300] Loss: 9.2138, EPE: 2.6604
[078400] Loss: 8.9755, EPE: 2.2986
[078500] Loss: 9.0283, EPE: 2.5454
[078600] Loss: 9.1790, EPE: 2.3775
[078700] Loss: 8.9288, EPE: 2.2403
[078800] Loss: 9.1709, EPE: 2.3751
[078900] Loss: 9.2426, EPE: 2.5549
[079000] Loss: 9.0346, EPE: 2.1418
[079100] Loss: 9.0776, EPE: 2.3633
[079200] Loss: 9.0363, EPE: 2.1843
[079300] Loss: 9.0783, EPE: 2.4234
[079400] Loss: 9.0647, EPE: 2.4169
[079500] Loss: 9.0032, EPE: 2.2039
[079600] Loss: 8.9342, EPE: 2.3003
[079700] Loss: 9.1670, EPE: 2.4093
[079800] Loss: 9.0921, EPE: 2.2793
[079900] Loss: 8.9573, EPE: 2.2844
[080000] Loss: 9.1147, EPE: 2.4696
[080100] Loss: 8.8648, EPE: 2.2157
[080200] Loss: 9.1047, EPE: 2.2512
[080300] Loss: 8.9692, EPE: 2.0641
[080400] Loss: 9.2283, EPE: 2.3804
[080500] Loss: 9.1165, EPE: 2.3404
[080600] Loss: 9.0669, EPE: 2.6013
[080700] Loss: 9.1477, EPE: 2.4119
[080800] Loss: 9.1849, EPE: 2.5172
[080900] Loss: 9.0041, EPE: 2.2655
[081000] Loss: 8.9421, EPE: 2.4070
[081100] Loss: 9.2245, EPE: 2.6005
[081200] Loss: 8.9366, EPE: 2.2348
[081300] Loss: 8.9987, EPE: 2.3244
[081400] Loss: 8.8731, EPE: 2.4047
[081500] Loss: 8.9769, EPE: 2.3028
[081600] Loss: 8.9155, EPE: 2.3530
[081700] Loss: 8.9245, EPE: 2.1923
[081800] Loss: 8.9210, EPE: 2.1942
[081900] Loss: 9.0062, EPE: 2.7580
[082000] Loss: 9.0602, EPE: 2.3899
[082100] Loss: 9.2485, EPE: 2.3414
[082200] Loss: 8.9703, EPE: 2.2317
[082300] Loss: 9.1228, EPE: 2.3931
[082400] Loss: 9.0790, EPE: 2.4254
[082500] Loss: 8.8086, EPE: 2.0002
[082600] Loss: 8.8360, EPE: 2.1044
[082700] Loss: 9.0160, EPE: 2.1022
[082800] Loss: 8.9957, EPE: 2.2397
[082900] Loss: 8.9331, EPE: 2.4362
[083000] Loss: 8.8394, EPE: 2.1110
[083100] Loss: 8.8963, EPE: 2.1426
[083200] Loss: 8.9621, EPE: 2.1662
[083300] Loss: 9.0274, EPE: 2.6293
[083400] Loss: 9.0707, EPE: 2.4511
[083500] Loss: 9.0304, EPE: 2.3683
[083600] Loss: 9.1260, EPE: 2.4082
[083700] Loss: 8.8580, EPE: 2.1739
[083800] Loss: 9.1723, EPE: 2.4819
[083900] Loss: 8.9529, EPE: 2.2556
[084000] Loss: 9.1507, EPE: 2.4371
[084100] Loss: 8.9833, EPE: 2.1647
[084200] Loss: 8.9951, EPE: 2.2053
[084300] Loss: 8.9440, EPE: 2.3387
[084400] Loss: 8.8503, EPE: 2.1272
[084500] Loss: 9.1352, EPE: 2.6190
[084600] Loss: 8.9077, EPE: 2.1998
[084700] Loss: 9.0303, EPE: 2.4307
[084800] Loss: 8.8277, EPE: 2.1322
[084900] Loss: 8.8640, EPE: 2.2424
[085000] Loss: 9.0177, EPE: 2.3111
[085100] Loss: 8.8314, EPE: 1.9648
[085200] Loss: 9.0794, EPE: 2.3855
[085300] Loss: 8.8669, EPE: 2.0827
[085400] Loss: 8.9831, EPE: 2.6780
[085500] Loss: 8.8458, EPE: 2.2366
[085600] Loss: 8.7885, EPE: 2.1603
[085700] Loss: 8.7986, EPE: 2.1749
[085800] Loss: 8.9359, EPE: 2.2164
[085900] Loss: 8.8410, EPE: 2.1453
[086000] Loss: 8.7900, EPE: 2.1853
[086100] Loss: 9.1156, EPE: 2.6283
[086200] Loss: 9.0381, EPE: 2.2713
[086300] Loss: 8.9150, EPE: 2.3219
[086400] Loss: 9.0264, EPE: 2.3930
[086500] Loss: 8.8294, EPE: 2.2322
[086600] Loss: 8.7927, EPE: 2.1668
[086700] Loss: 9.1223, EPE: 2.4093
[086800] Loss: 8.8774, EPE: 2.3850
[086900] Loss: 8.9599, EPE: 2.3698
[087000] Loss: 8.7853, EPE: 2.2117
[087100] Loss: 8.8936, EPE: 2.1524
[087200] Loss: 8.8773, EPE: 2.1922
[087300] Loss: 9.0225, EPE: 2.5082
[087400] Loss: 9.1059, EPE: 2.2219
[087500] Loss: 8.8421, EPE: 2.1091
[087600] Loss: 8.9504, EPE: 2.3067
[087700] Loss: 8.8046, EPE: 2.0969
[087800] Loss: 8.9861, EPE: 2.3335
[087900] Loss: 8.9220, EPE: 2.1684
[088000] Loss: 9.0286, EPE: 2.3642
[088100] Loss: 8.8309, EPE: 2.3058
[088200] Loss: 8.9335, EPE: 2.1642
[088300] Loss: 8.8956, EPE: 2.2032
[088400] Loss: 8.8134, EPE: 2.2896
[088500] Loss: 8.8821, EPE: 2.2885
[088600] Loss: 8.6959, EPE: 2.2428
[088700] Loss: 8.8350, EPE: 2.2228
[088800] Loss: 8.8861, EPE: 2.2892
[088900] Loss: 8.9751, EPE: 2.3227
[089000] Loss: 9.0252, EPE: 2.1973
[089100] Loss: 8.7964, EPE: 2.2573
[089200] Loss: 8.6219, EPE: 1.9486
[089300] Loss: 8.8709, EPE: 2.1402
[089400] Loss: 8.7772, EPE: 2.1525
[089500] Loss: 8.7418, EPE: 2.1351
[089600] Loss: 8.8676, EPE: 2.1327
[089700] Loss: 8.8161, EPE: 2.1030
[089800] Loss: 8.7620, EPE: 2.1223
[089900] Loss: 8.9113, EPE: 2.2325
[090000] Loss: 8.8934, EPE: 2.1686
[090100] Loss: 8.9908, EPE: 2.5320
[090200] Loss: 8.9101, EPE: 2.3858
[090300] Loss: 8.9190, EPE: 2.2851
[090400] Loss: 8.9721, EPE: 2.4760
[090500] Loss: 8.8157, EPE: 2.1733
[090600] Loss: 8.8190, EPE: 2.2891
[090700] Loss: 8.9852, EPE: 2.3135
[090800] Loss: 8.8174, EPE: 2.2224
[090900] Loss: 8.9196, EPE: 2.4021
[091000] Loss: 8.8469, EPE: 2.1372
[091100] Loss: 8.7802, EPE: 2.1946
[091200] Loss: 8.9923, EPE: 2.5466
[091300] Loss: 8.9757, EPE: 2.2297
[091400] Loss: 8.7777, EPE: 2.1906
[091500] Loss: 8.9130, EPE: 2.3322
[091600] Loss: 8.7379, EPE: 1.9517
[091700] Loss: 8.7735, EPE: 2.3663
[091800] Loss: 8.6377, EPE: 1.8701
[091900] Loss: 8.8749, EPE: 2.3162
[092000] Loss: 9.0133, EPE: 2.5434
[092100] Loss: 8.8710, EPE: 2.3556
[092200] Loss: 8.9032, EPE: 2.1117
[092300] Loss: 8.8051, EPE: 2.1599
[092400] Loss: 8.8144, EPE: 2.1973
[092500] Loss: 8.8463, EPE: 2.2214
[092600] Loss: 8.7356, EPE: 2.0811
[092700] Loss: 8.7362, EPE: 2.0338
[092800] Loss: 8.7267, EPE: 1.9317
[092900] Loss: 8.8587, EPE: 2.1901
[093000] Loss: 8.7785, EPE: 2.1992
[093100] Loss: 8.7751, EPE: 2.0504
[093200] Loss: 8.9037, EPE: 2.2666
[093300] Loss: 8.7110, EPE: 2.1437
[093400] Loss: 8.8961, EPE: 2.2394
[093500] Loss: 8.6017, EPE: 2.0059
[093600] Loss: 8.8665, EPE: 2.2042
[093700] Loss: 8.7360, EPE: 2.1008
[093800] Loss: 8.7492, EPE: 2.1970
[093900] Loss: 8.7520, EPE: 2.0593
[094000] Loss: 8.7256, EPE: 2.0219
[094100] Loss: 8.7231, EPE: 1.9812
[094200] Loss: 8.7548, EPE: 2.1443
[094300] Loss: 8.8524, EPE: 2.2032
[094400] Loss: 8.8763, EPE: 2.2497
[094500] Loss: 8.8196, EPE: 2.2260
[094600] Loss: 8.6566, EPE: 2.2098
[094700] Loss: 8.6722, EPE: 2.2084
[094800] Loss: 8.9800, EPE: 2.4207
[094900] Loss: 8.9752, EPE: 2.4298
[095000] Loss: 8.7746, EPE: 2.0737
[095100] Loss: 8.7073, EPE: 2.3094
[095200] Loss: 8.8074, EPE: 2.2431
[095300] Loss: 8.8538, EPE: 2.2798
[095400] Loss: 8.7714, EPE: 2.2063
[095500] Loss: 8.7521, EPE: 2.2162
[095600] Loss: 8.7826, EPE: 2.1695
[095700] Loss: 8.7921, EPE: 2.3578
[095800] Loss: 8.8088, EPE: 2.1624
[095900] Loss: 8.8163, EPE: 2.5871
[096000] Loss: 8.9507, EPE: 2.3020
[096100] Loss: 8.6656, EPE: 2.2817
[096200] Loss: 8.6192, EPE: 2.1709
[096300] Loss: 8.8909, EPE: 2.3171
[096400] Loss: 8.6004, EPE: 2.0188
[096500] Loss: 8.7487, EPE: 2.0634
[096600] Loss: 8.8378, EPE: 2.3308
[096700] Loss: 8.6739, EPE: 2.2438
[096800] Loss: 8.8836, EPE: 2.3377
[096900] Loss: 8.7152, EPE: 2.4955
[097000] Loss: 8.9180, EPE: 2.2806
[097100] Loss: 8.7158, EPE: 2.0445
[097200] Loss: 8.5883, EPE: 2.0316
[097300] Loss: 8.6343, EPE: 2.0194
[097400] Loss: 8.8093, EPE: 2.1427
[097500] Loss: 8.4742, EPE: 1.9467
[097600] Loss: 8.9175, EPE: 2.2665
[097700] Loss: 8.8918, EPE: 2.3997
[097800] Loss: 8.7550, EPE: 2.2512
[097900] Loss: 8.7438, EPE: 2.0514
[098000] Loss: 8.8218, EPE: 2.1272
[098100] Loss: 8.6795, EPE: 2.0687
[098200] Loss: 8.7662, EPE: 2.1757
[098300] Loss: 8.6878, EPE: 1.9806
[098400] Loss: 8.6837, EPE: 2.2018
[098500] Loss: 8.7979, EPE: 2.3008
[098600] Loss: 8.8674, EPE: 2.4588
[098700] Loss: 8.6921, EPE: 2.1485
[098800] Loss: 8.7810, EPE: 2.2745
[098900] Loss: 8.6570, EPE: 2.1854
[099000] Loss: 8.7885, EPE: 2.2196
[099100] Loss: 8.6484, EPE: 2.0905
[099200] Loss: 8.7503, EPE: 2.2233
[099300] Loss: 8.6278, EPE: 2.0884
[099400] Loss: 8.8443, EPE: 2.1635
[099500] Loss: 8.7554, EPE: 2.0608
[099600] Loss: 8.8609, EPE: 2.1742
[099700] Loss: 8.8143, EPE: 2.2877
[099800] Loss: 8.7462, EPE: 2.2060
[099900] Loss: 8.7062, EPE: 2.1824
[100000] Loss: 8.7967, EPE: 2.0914
[100100] Loss: 8.6728, EPE: 1.9559
[100200] Loss: 8.6140, EPE: 1.8532
[100300] Loss: 8.6048, EPE: 2.0034
[100400] Loss: 8.6525, EPE: 1.9735
[100500] Loss: 8.7563, EPE: 2.2594
[100600] Loss: 8.8173, EPE: 2.1149
[100700] Loss: 8.6814, EPE: 2.1997
[100800] Loss: 8.6685, EPE: 2.1099
[100900] Loss: 8.5658, EPE: 1.9412
[101000] Loss: 8.6984, EPE: 2.0282
[101100] Loss: 8.7377, EPE: 2.0610
[101200] Loss: 8.7844, EPE: 2.2470
[101300] Loss: 8.5816, EPE: 1.9389
[101400] Loss: 8.6289, EPE: 2.0962
[101500] Loss: 8.6949, EPE: 2.2656
[101600] Loss: 8.4900, EPE: 1.9691
[101700] Loss: 8.7097, EPE: 2.0869
[101800] Loss: 8.6051, EPE: 2.0322
[101900] Loss: 8.7198, EPE: 2.1588
[102000] Loss: 8.6075, EPE: 2.0429
[102100] Loss: 8.5403, EPE: 2.0729
[102200] Loss: 8.7837, EPE: 2.1815
[102300] Loss: 8.6954, EPE: 2.2212
[102400] Loss: 8.7121, EPE: 2.2955
[102500] Loss: 8.7255, EPE: 2.3280
[102600] Loss: 8.5097, EPE: 2.0241
[102700] Loss: 8.7543, EPE: 2.1444
[102800] Loss: 8.7298, EPE: 2.1718
[102900] Loss: 8.9307, EPE: 2.3042
[103000] Loss: 8.7763, EPE: 2.1082
[103100] Loss: 8.5998, EPE: 1.8626
[103200] Loss: 8.6220, EPE: 2.1450
[103300] Loss: 8.6094, EPE: 2.0261
[103400] Loss: 8.6186, EPE: 2.1223
[103500] Loss: 8.7283, EPE: 2.2481
[103600] Loss: 8.6961, EPE: 2.1927
[103700] Loss: 8.5836, EPE: 2.1570
[103800] Loss: 8.6845, EPE: 2.0769
[103900] Loss: 8.6571, EPE: 2.0697
[104000] Loss: 8.6849, EPE: 2.3881
[104100] Loss: 8.5819, EPE: 2.2208
[104200] Loss: 8.7096, EPE: 2.0969
[104300] Loss: 8.7130, EPE: 2.2518
[104400] Loss: 8.5653, EPE: 2.0653
[104500] Loss: 8.7043, EPE: 2.2114
[104600] Loss: 8.6521, EPE: 2.1002
[104700] Loss: 8.6126, EPE: 2.1479
[104800] Loss: 8.6824, EPE: 2.2228
[104900] Loss: 8.6953, EPE: 2.1548
[105000] Loss: 8.5840, EPE: 1.9135
[105100] Loss: 8.6388, EPE: 2.1208
[105200] Loss: 8.5704, EPE: 2.0939
[105300] Loss: 8.5497, EPE: 1.9291
[105400] Loss: 8.5254, EPE: 1.8541
[105500] Loss: 8.5945, EPE: 2.0348
[105600] Loss: 8.4410, EPE: 1.9019
[105700] Loss: 8.6512, EPE: 2.0999
[105800] Loss: 8.6785, EPE: 2.2390
[105900] Loss: 8.5661, EPE: 2.2736
[106000] Loss: 8.4217, EPE: 1.7753
[106100] Loss: 8.5373, EPE: 2.0581
[106200] Loss: 8.5022, EPE: 2.1278
[106300] Loss: 8.6694, EPE: 2.3528
[106400] Loss: 8.4511, EPE: 1.8988
[106500] Loss: 8.4718, EPE: 2.0667
[106600] Loss: 8.4568, EPE: 1.8879
[106700] Loss: 8.5977, EPE: 2.1246
[106800] Loss: 8.6459, EPE: 2.2530
[106900] Loss: 8.4590, EPE: 1.9150
[107000] Loss: 8.6050, EPE: 2.0155
[107100] Loss: 8.4519, EPE: 1.9139
[107200] Loss: 8.4112, EPE: 1.9786
[107300] Loss: 8.6332, EPE: 2.1987
[107400] Loss: 8.5719, EPE: 2.0261
[107500] Loss: 8.5270, EPE: 2.1020
[107600] Loss: 8.4682, EPE: 1.9836
[107700] Loss: 8.4035, EPE: 1.9045
[107800] Loss: 8.5671, EPE: 1.9870
[107900] Loss: 8.7523, EPE: 2.2807
[108000] Loss: 8.6053, EPE: 2.0923
[108100] Loss: 8.6694, EPE: 2.1001
[108200] Loss: 8.5653, EPE: 1.9360
[108300] Loss: 8.4752, EPE: 2.0957
[108400] Loss: 8.4612, EPE: 1.9085
[108500] Loss: 8.3634, EPE: 1.9340
[108600] Loss: 8.5752, EPE: 1.9710
[108700] Loss: 8.5138, EPE: 2.0090
[108800] Loss: 8.5270, EPE: 2.0734
[108900] Loss: 8.3724, EPE: 1.8267
[109000] Loss: 8.6270, EPE: 2.0873
[109100] Loss: 8.5101, EPE: 2.1123
[109200] Loss: 8.4564, EPE: 2.0761
[109300] Loss: 8.5326, EPE: 2.0581
[109400] Loss: 8.5979, EPE: 2.0218
[109500] Loss: 8.4717, EPE: 1.8280
[109600] Loss: 8.3919, EPE: 1.8985
[109700] Loss: 8.6227, EPE: 2.2502
[109800] Loss: 8.5288, EPE: 2.0524
[109900] Loss: 8.5896, EPE: 2.2130
[110000] Loss: 8.5511, EPE: 1.9280
[110100] Loss: 8.6640, EPE: 2.2185
[110200] Loss: 8.5565, EPE: 2.0652
[110300] Loss: 8.6278, EPE: 2.1880
[110400] Loss: 8.4820, EPE: 1.9894
[110500] Loss: 8.6484, EPE: 2.1437
[110600] Loss: 8.6319, EPE: 2.1570
[110700] Loss: 8.5351, EPE: 2.0224
[110800] Loss: 8.4240, EPE: 1.8453
[110900] Loss: 8.3259, EPE: 1.9490
[111000] Loss: 8.4735, EPE: 1.9316
[111100] Loss: 8.5281, EPE: 1.9733
[111200] Loss: 8.4597, EPE: 2.0773
[111300] Loss: 8.3746, EPE: 1.9133
[111400] Loss: 8.4131, EPE: 2.0777
[111500] Loss: 8.4667, EPE: 1.9616
[111600] Loss: 8.5268, EPE: 1.9395
[111700] Loss: 8.5287, EPE: 2.0293
[111800] Loss: 8.4327, EPE: 1.8970
[111900] Loss: 8.4734, EPE: 2.1171
[112000] Loss: 8.4478, EPE: 1.9231
[112100] Loss: 8.4441, EPE: 1.9036
[112200] Loss: 8.3178, EPE: 1.8508
[112300] Loss: 8.5300, EPE: 2.1661
[112400] Loss: 8.5973, EPE: 1.9804
[112500] Loss: 8.5256, EPE: 2.0035
[112600] Loss: 8.3693, EPE: 1.8096
[112700] Loss: 8.4886, EPE: 1.9899
[112800] Loss: 8.6353, EPE: 2.0142
[112900] Loss: 8.3852, EPE: 2.0971
[113000] Loss: 8.7445, EPE: 2.3541
[113100] Loss: 8.5020, EPE: 1.9665
[113200] Loss: 8.3753, EPE: 1.9104
[113300] Loss: 8.2627, EPE: 1.7675
[113400] Loss: 8.4045, EPE: 1.8672
[113500] Loss: 8.4891, EPE: 2.0130
[113600] Loss: 8.4682, EPE: 1.9178
[113700] Loss: 8.2965, EPE: 1.6984
[113800] Loss: 8.4839, EPE: 1.9477
[113900] Loss: 8.4647, EPE: 2.1066
[114000] Loss: 8.4197, EPE: 1.9547
[114100] Loss: 8.4455, EPE: 2.0519
[114200] Loss: 8.3892, EPE: 2.0433
[114300] Loss: 8.5889, EPE: 2.2051
[114400] Loss: 8.5492, EPE: 2.1345
[114500] Loss: 8.6088, EPE: 2.0402
[114600] Loss: 8.5252, EPE: 1.9663
[114700] Loss: 8.5806, EPE: 2.0827
[114800] Loss: 8.3553, EPE: 1.9096
[114900] Loss: 8.3425, EPE: 1.9067
[115000] Loss: 8.4161, EPE: 1.8791
[115100] Loss: 8.4980, EPE: 1.9560
[115200] Loss: 8.3940, EPE: 1.9419
[115300] Loss: 8.3821, EPE: 1.8933
[115400] Loss: 8.3556, EPE: 1.9359
[115500] Loss: 8.2984, EPE: 1.8739
[115600] Loss: 8.4800, EPE: 2.0343
[115700] Loss: 8.5313, EPE: 2.0113
[115800] Loss: 8.4526, EPE: 1.9287
[115900] Loss: 8.3664, EPE: 1.8675
[116000] Loss: 8.2307, EPE: 1.8132
[116100] Loss: 8.2093, EPE: 1.7011
[116200] Loss: 8.4902, EPE: 2.1302
[116300] Loss: 8.3768, EPE: 2.0685
[116400] Loss: 8.3696, EPE: 1.8471
[116500] Loss: 8.5248, EPE: 1.9800
[116600] Loss: 8.6096, EPE: 2.1385
[116700] Loss: 8.3585, EPE: 1.9483
[116800] Loss: 8.4257, EPE: 2.2158
[116900] Loss: 8.3811, EPE: 1.9691
[117000] Loss: 8.4605, EPE: 2.0413
[117100] Loss: 8.4099, EPE: 1.8947
[117200] Loss: 8.5428, EPE: 2.0988
[117300] Loss: 8.4218, EPE: 1.8400
[117400] Loss: 8.5906, EPE: 2.1904
[117500] Loss: 8.4584, EPE: 1.9276
[117600] Loss: 8.4204, EPE: 2.0136
[117700] Loss: 8.3791, EPE: 1.8643
[117800] Loss: 8.4084, EPE: 1.8438
[117900] Loss: 8.4913, EPE: 1.9598
[118000] Loss: 8.3901, EPE: 1.9978
[118100] Loss: 8.4987, EPE: 1.9120
[118200] Loss: 8.4243, EPE: 2.1771
[118300] Loss: 8.2739, EPE: 1.9051
[118400] Loss: 8.4056, EPE: 2.0367
[118500] Loss: 8.4566, EPE: 1.9826
[118600] Loss: 8.1820, EPE: 1.7233
[118700] Loss: 8.3868, EPE: 1.8560
[118800] Loss: 8.6722, EPE: 2.2436
[118900] Loss: 8.2624, EPE: 1.7854
[119000] Loss: 8.4061, EPE: 2.0190
[119100] Loss: 8.3131, EPE: 1.9016
[119200] Loss: 8.5231, EPE: 2.1427
[119300] Loss: 8.3039, EPE: 1.9223
[119400] Loss: 8.3917, EPE: 2.0027
[119500] Loss: 8.3843, EPE: 1.9097
[119600] Loss: 8.4563, EPE: 1.8506
[119700] Loss: 8.2556, EPE: 1.9014
[119800] Loss: 8.3367, EPE: 1.8938
[119900] Loss: 8.3573, EPE: 2.0046
[120000] Loss: 8.3557, EPE: 1.9102
[120100] Loss: 8.2441, EPE: 1.7503
[120200] Loss: 8.5325, EPE: 2.1596
[120300] Loss: 8.3195, EPE: 1.9791
[120400] Loss: 8.3263, EPE: 1.9347
[120500] Loss: 8.3932, EPE: 1.9607
[120600] Loss: 8.3940, EPE: 1.8398
[120700] Loss: 8.4702, EPE: 1.9570
[120800] Loss: 8.3194, EPE: 1.7465
[120900] Loss: 8.3761, EPE: 1.8855
[121000] Loss: 8.3735, EPE: 2.3539
[121100] Loss: 8.4488, EPE: 2.0620
[121200] Loss: 8.3297, EPE: 1.8507
[121300] Loss: 8.2675, EPE: 1.8524
[121400] Loss: 8.3708, EPE: 1.9862
[121500] Loss: 8.3960, EPE: 2.1163
[121600] Loss: 8.3758, EPE: 1.8102
[121700] Loss: 8.4336, EPE: 1.8556
[121800] Loss: 8.3073, EPE: 1.9092
[121900] Loss: 8.3153, EPE: 1.8386
[122000] Loss: 8.2911, EPE: 1.8316
[122100] Loss: 8.3312, EPE: 1.8830
[122200] Loss: 8.2633, EPE: 1.7761
[122300] Loss: 8.2744, EPE: 1.8312
[122400] Loss: 8.3393, EPE: 1.8463
[122500] Loss: 8.4933, EPE: 1.9031
[122600] Loss: 8.2962, EPE: 2.0862
[122700] Loss: 8.3462, EPE: 1.9608
[122800] Loss: 8.3733, EPE: 2.0269
[122900] Loss: 8.3727, EPE: 2.2537
[123000] Loss: 8.4401, EPE: 2.1357
[123100] Loss: 8.2384, EPE: 1.8526
[123200] Loss: 8.3319, EPE: 1.8906
[123300] Loss: 8.3739, EPE: 1.8841
[123400] Loss: 8.2347, EPE: 1.7689
[123500] Loss: 8.3958, EPE: 2.0122
[123600] Loss: 8.2652, EPE: 1.8948
[123700] Loss: 8.3310, EPE: 1.8903
[123800] Loss: 8.2356, EPE: 1.8474
[123900] Loss: 8.3384, EPE: 1.8912
[124000] Loss: 8.2135, EPE: 1.9171
[124100] Loss: 8.4341, EPE: 2.1331
[124200] Loss: 8.3347, EPE: 1.9180
[124300] Loss: 8.2215, EPE: 1.9883
[124400] Loss: 8.3457, EPE: 1.9785
[124500] Loss: 8.4462, EPE: 2.0864
[124600] Loss: 8.2993, EPE: 2.0195
[124700] Loss: 8.3954, EPE: 1.9290
[124800] Loss: 8.3117, EPE: 1.8523
[124900] Loss: 8.2511, EPE: 1.7649
[125000] Loss: 8.2181, EPE: 1.8549
[125100] Loss: 8.1794, EPE: 1.8053
[125200] Loss: 8.2571, EPE: 1.9404
[125300] Loss: 8.3746, EPE: 1.9289
[125400] Loss: 8.3344, EPE: 1.8836
[125500] Loss: 8.2741, EPE: 1.7896
[125600] Loss: 8.4832, EPE: 2.1083
[125700] Loss: 8.4303, EPE: 1.9086
[125800] Loss: 8.3985, EPE: 2.0424
[125900] Loss: 8.2848, EPE: 1.8013
[126000] Loss: 8.2245, EPE: 1.8211
[126100] Loss: 8.1300, EPE: 1.6458
[126200] Loss: 8.2574, EPE: 1.8279
[126300] Loss: 8.4983, EPE: 2.0821
[126400] Loss: 8.2492, EPE: 1.9784
[126500] Loss: 8.1916, EPE: 1.7965
[126600] Loss: 8.1832, EPE: 2.0195
[126700] Loss: 8.3834, EPE: 1.8566
[126800] Loss: 8.0454, EPE: 1.7660
[126900] Loss: 8.3151, EPE: 2.0433
[127000] Loss: 8.2574, EPE: 1.8900
[127100] Loss: 8.2410, EPE: 1.7198
[127200] Loss: 8.3249, EPE: 1.9935
[127300] Loss: 8.3350, EPE: 2.0345
[127400] Loss: 8.1864, EPE: 1.8711
[127500] Loss: 8.2352, EPE: 1.8996
[127600] Loss: 8.4011, EPE: 1.8385
[127700] Loss: 8.1447, EPE: 1.8285
[127800] Loss: 8.4633, EPE: 2.1381
[127900] Loss: 8.2133, EPE: 1.7101
[128000] Loss: 8.3267, EPE: 1.9123
[128100] Loss: 8.3309, EPE: 1.9937
[128200] Loss: 8.3257, EPE: 1.8340
[128300] Loss: 8.4489, EPE: 1.9764
[128400] Loss: 8.3069, EPE: 1.8728
[128500] Loss: 8.1520, EPE: 1.8157
[128600] Loss: 8.2714, EPE: 1.8147
[128700] Loss: 8.2737, EPE: 1.9286
[128800] Loss: 8.3066, EPE: 1.9461
[128900] Loss: 8.3136, EPE: 1.9380
[129000] Loss: 8.2104, EPE: 1.6822
[129100] Loss: 8.2062, EPE: 1.6994
[129200] Loss: 8.0878, EPE: 1.8908
[129300] Loss: 8.0919, EPE: 1.6910
[129400] Loss: 8.1241, EPE: 1.7584
[129500] Loss: 8.1562, EPE: 1.8296
[129600] Loss: 8.1664, EPE: 1.7594
[129700] Loss: 8.2403, EPE: 1.8354
[129800] Loss: 8.2538, EPE: 1.8615
[129900] Loss: 8.3446, EPE: 2.1127
[130000] Loss: 8.3615, EPE: 1.8996
[130100] Loss: 8.0940, EPE: 1.7105
[130200] Loss: 8.3057, EPE: 1.9075
[130300] Loss: 8.2426, EPE: 1.7860
[130400] Loss: 8.3635, EPE: 2.0381
[130500] Loss: 8.3074, EPE: 1.7961
[130600] Loss: 8.1148, EPE: 1.6906
[130700] Loss: 8.2607, EPE: 1.8108
[130800] Loss: 8.2192, EPE: 1.7224
[130900] Loss: 8.3881, EPE: 2.1910
[131000] Loss: 8.1892, EPE: 1.8308
[131100] Loss: 8.1508, EPE: 1.7492
[131200] Loss: 8.1125, EPE: 1.7506
[131300] Loss: 8.1618, EPE: 1.8323
[131400] Loss: 8.2820, EPE: 2.0643
[131500] Loss: 8.2604, EPE: 1.8329
[131600] Loss: 8.2661, EPE: 1.9153
[131700] Loss: 8.1569, EPE: 1.6905
[131800] Loss: 8.2373, EPE: 1.8270
[131900] Loss: 8.1863, EPE: 1.8148
[132000] Loss: 8.0702, EPE: 1.6495
[132100] Loss: 7.9809, EPE: 1.5469
[132200] Loss: 8.0793, EPE: 1.7822
[132300] Loss: 8.2539, EPE: 1.9301
[132400] Loss: 8.3015, EPE: 1.9467
[132500] Loss: 8.2168, EPE: 1.9072
[132600] Loss: 8.1550, EPE: 1.7722
[132700] Loss: 8.3432, EPE: 2.1380
[132800] Loss: 8.0162, EPE: 1.6918
[132900] Loss: 8.1172, EPE: 1.8293
[133000] Loss: 8.0737, EPE: 1.7298
[133100] Loss: 8.1526, EPE: 1.8044
[133200] Loss: 8.0932, EPE: 1.7227
[133300] Loss: 8.2861, EPE: 1.9859
[133400] Loss: 8.1554, EPE: 1.7849
[133500] Loss: 8.0626, EPE: 1.7671
[133600] Loss: 8.3047, EPE: 1.8965
[133700] Loss: 7.9886, EPE: 1.6921
[133800] Loss: 7.8803, EPE: 1.6212
[133900] Loss: 8.1647, EPE: 1.8369
[134000] Loss: 8.2667, EPE: 1.7883
[134100] Loss: 8.2836, EPE: 2.0039
[134200] Loss: 8.2753, EPE: 1.8868
[134300] Loss: 8.1935, EPE: 1.9031
[134400] Loss: 7.9666, EPE: 1.7160
[134500] Loss: 8.1558, EPE: 1.8676
[134600] Loss: 8.1854, EPE: 1.8643
[134700] Loss: 8.0888, EPE: 1.7247
[134800] Loss: 8.2269, EPE: 1.9288
[134900] Loss: 8.1489, EPE: 1.9403
[135000] Loss: 8.2287, EPE: 2.1001
[135100] Loss: 8.3178, EPE: 1.8572
[135200] Loss: 8.0839, EPE: 1.6579
[135300] Loss: 8.3012, EPE: 1.9740
[135400] Loss: 8.0164, EPE: 1.8069
[135500] Loss: 8.2580, EPE: 1.8544
[135600] Loss: 8.1435, EPE: 1.8835
[135700] Loss: 7.9791, EPE: 1.6275
[135800] Loss: 8.1145, EPE: 1.8732
[135900] Loss: 8.0965, EPE: 1.7569
[136000] Loss: 7.9621, EPE: 1.6861
[136100] Loss: 8.0772, EPE: 1.8257
[136200] Loss: 8.1163, EPE: 1.7379
[136300] Loss: 8.1131, EPE: 1.8010
[136400] Loss: 8.1975, EPE: 1.9960
[136500] Loss: 8.1940, EPE: 1.8350
[136600] Loss: 8.1831, EPE: 1.8677
[136700] Loss: 8.1271, EPE: 2.0147
[136800] Loss: 8.1812, EPE: 1.7904
[136900] Loss: 8.0785, EPE: 1.7862
[137000] Loss: 7.9805, EPE: 1.7537
[137100] Loss: 8.2159, EPE: 2.0094
[137200] Loss: 8.0791, EPE: 1.8014
[137300] Loss: 8.0097, EPE: 1.7442
[137400] Loss: 8.1963, EPE: 1.8397
[137500] Loss: 8.2889, EPE: 1.9849
[137600] Loss: 8.1521, EPE: 1.8280
[137700] Loss: 8.1485, EPE: 2.0053
[137800] Loss: 8.0432, EPE: 1.6883
[137900] Loss: 8.0038, EPE: 1.8600
[138000] Loss: 8.0861, EPE: 1.9720
[138100] Loss: 8.0009, EPE: 1.8494
[138200] Loss: 8.1037, EPE: 1.8282
[138300] Loss: 8.1067, EPE: 1.8623
[138400] Loss: 8.0330, EPE: 1.7751
[138500] Loss: 8.0359, EPE: 1.7801
[138600] Loss: 8.0113, EPE: 1.6356
[138700] Loss: 8.1261, EPE: 1.8481
[138800] Loss: 8.0800, EPE: 1.8271
[138900] Loss: 8.0032, EPE: 1.7258
[139000] Loss: 8.0661, EPE: 1.8385
[139100] Loss: 8.0709, EPE: 1.6596
[139200] Loss: 8.0482, EPE: 1.7560
[139300] Loss: 8.0862, EPE: 1.8736
[139400] Loss: 8.0115, EPE: 1.7693
[139500] Loss: 8.0505, EPE: 1.8169
[139600] Loss: 7.9915, EPE: 1.8855
[139700] Loss: 7.9733, EPE: 1.6170
[139800] Loss: 7.9448, EPE: 1.6742
[139900] Loss: 8.1823, EPE: 1.9912
[140000] Loss: 8.2388, EPE: 1.9443
[140100] Loss: 8.0469, EPE: 1.7141
[140200] Loss: 8.0328, EPE: 1.8089
[140300] Loss: 8.1396, EPE: 1.8699
[140400] Loss: 8.0588, EPE: 1.7022
[140500] Loss: 8.1721, EPE: 1.9856
[140600] Loss: 8.1937, EPE: 1.7223
[140700] Loss: 8.0353, EPE: 1.6285
[140800] Loss: 7.9892, EPE: 1.6914
[140900] Loss: 8.2018, EPE: 1.8728
[141000] Loss: 8.1001, EPE: 1.7972
[141100] Loss: 8.0926, EPE: 1.8465
[141200] Loss: 8.0053, EPE: 1.7976
[141300] Loss: 7.9452, EPE: 1.7532
[141400] Loss: 8.0237, EPE: 1.8561
[141500] Loss: 8.2713, EPE: 1.9998
[141600] Loss: 8.1617, EPE: 1.8858
[141700] Loss: 8.0558, EPE: 1.6583
[141800] Loss: 8.0340, EPE: 1.6852
[141900] Loss: 7.9752, EPE: 1.8626
[142000] Loss: 8.1151, EPE: 1.9263
[142100] Loss: 8.1132, EPE: 1.7232
[142200] Loss: 8.0333, EPE: 1.7640
[142300] Loss: 8.0441, EPE: 1.8124
[142400] Loss: 7.9445, EPE: 1.6941
[142500] Loss: 7.9097, EPE: 1.6137
[142600] Loss: 8.0329, EPE: 1.7392
[142700] Loss: 8.0700, EPE: 1.8455
[142800] Loss: 8.1860, EPE: 1.9928
[142900] Loss: 8.1153, EPE: 2.0408
[143000] Loss: 7.9823, EPE: 1.7893
[143100] Loss: 8.1201, EPE: 1.7652
[143200] Loss: 8.0185, EPE: 1.6802
[143300] Loss: 7.8120, EPE: 1.6144
[143400] Loss: 7.8791, EPE: 1.5829
[143500] Loss: 7.8613, EPE: 1.5696
[143600] Loss: 8.1147, EPE: 1.8624
[143700] Loss: 7.9273, EPE: 1.6954
[143800] Loss: 8.0880, EPE: 1.8584
[143900] Loss: 8.0295, EPE: 1.8269
[144000] Loss: 7.8812, EPE: 1.6939
[144100] Loss: 8.0104, EPE: 1.8425
[144200] Loss: 8.0088, EPE: 1.7573
[144300] Loss: 7.9453, EPE: 1.6755
[144400] Loss: 7.9048, EPE: 1.7701
[144500] Loss: 8.0346, EPE: 1.8149
[144600] Loss: 7.9488, EPE: 1.8725
[144700] Loss: 8.1568, EPE: 2.0370
[144800] Loss: 7.8481, EPE: 1.6459
[144900] Loss: 7.8709, EPE: 1.7767
[145000] Loss: 7.9482, EPE: 1.6455
[145100] Loss: 8.0412, EPE: 1.8366
[145200] Loss: 7.9291, EPE: 1.7062
[145300] Loss: 8.1517, EPE: 1.8893
[145400] Loss: 8.0301, EPE: 1.9209
[145500] Loss: 8.0738, EPE: 1.7423
[145600] Loss: 7.9803, EPE: 1.7018
[145700] Loss: 7.9789, EPE: 1.6808
[145800] Loss: 7.9560, EPE: 1.6807
[145900] Loss: 8.0274, EPE: 1.8659
[146000] Loss: 8.0051, EPE: 1.8318
[146100] Loss: 7.9740, EPE: 1.7393
[146200] Loss: 7.9613, EPE: 1.6781
[146300] Loss: 7.8850, EPE: 1.6736
[146400] Loss: 7.9087, EPE: 1.7418
[146500] Loss: 7.8710, EPE: 1.6371
[146600] Loss: 8.0191, EPE: 1.7626
[146700] Loss: 8.0000, EPE: 1.9398
[146800] Loss: 8.0637, EPE: 1.7759
[146900] Loss: 8.0337, EPE: 1.7835
[147000] Loss: 8.0067, EPE: 1.8845
[147100] Loss: 7.9649, EPE: 1.7869
[147200] Loss: 7.9377, EPE: 1.8012
[147300] Loss: 7.9700, EPE: 1.7632
[147400] Loss: 7.7960, EPE: 1.6358
[147500] Loss: 7.7336, EPE: 1.5787
[147600] Loss: 7.9615, EPE: 1.7934
[147700] Loss: 7.9616, EPE: 1.7959
[147800] Loss: 7.9305, EPE: 1.8608
[147900] Loss: 7.8663, EPE: 1.6820
[148000] Loss: 7.9565, EPE: 1.7779
[148100] Loss: 7.9549, EPE: 1.7745
[148200] Loss: 8.0871, EPE: 1.7709
[148300] Loss: 7.9930, EPE: 1.8282
[148400] Loss: 7.8818, EPE: 1.6105
[148500] Loss: 7.9477, EPE: 1.7411
[148600] Loss: 7.8601, EPE: 1.5525
[148700] Loss: 8.0243, EPE: 1.9273
[148800] Loss: 8.0465, EPE: 1.9572
[148900] Loss: 7.8392, EPE: 1.7404
[149000] Loss: 7.8656, EPE: 1.7156
[149100] Loss: 8.0179, EPE: 1.9362
[149200] Loss: 8.0686, EPE: 1.8243
[149300] Loss: 7.8833, EPE: 1.8167
[149400] Loss: 7.9273, EPE: 1.7045
[149500] Loss: 8.0002, EPE: 1.8699
[149600] Loss: 7.9155, EPE: 1.6914
[149700] Loss: 7.8515, EPE: 1.6822
[149800] Loss: 7.9066, EPE: 1.8186
[149900] Loss: 7.8264, EPE: 1.7044
[150000] Loss: 7.8728, EPE: 1.6799
[150100] Loss: 7.7986, EPE: 1.6321
[150200] Loss: 7.7819, EPE: 1.5626
[150300] Loss: 7.8977, EPE: 1.7550
[150400] Loss: 7.8750, EPE: 1.7437
[150500] Loss: 7.8009, EPE: 1.6138
[150600] Loss: 7.8858, EPE: 1.7614
[150700] Loss: 7.9251, EPE: 1.7603
[150800] Loss: 7.9014, EPE: 1.7707
[150900] Loss: 8.0384, EPE: 1.8084
[151000] Loss: 7.8575, EPE: 1.7829
[151100] Loss: 7.8960, EPE: 1.7074
[151200] Loss: 7.7487, EPE: 1.5271
[151300] Loss: 7.8787, EPE: 1.7721
[151400] Loss: 7.9554, EPE: 1.9102
[151500] Loss: 7.6975, EPE: 1.5490
[151600] Loss: 7.8395, EPE: 1.6829
[151700] Loss: 7.8619, EPE: 1.6883
[151800] Loss: 7.8627, EPE: 1.7258
[151900] Loss: 7.9437, EPE: 1.7799
[152000] Loss: 7.9840, EPE: 1.7650
[152100] Loss: 7.7557, EPE: 1.6670
[152200] Loss: 7.8851, EPE: 1.7398
[152300] Loss: 7.8278, EPE: 1.6409
[152400] Loss: 7.9022, EPE: 1.7718
[152500] Loss: 7.9364, EPE: 1.8243
[152600] Loss: 7.8923, EPE: 1.6990
[152700] Loss: 7.9335, EPE: 1.7955
[152800] Loss: 7.6905, EPE: 1.6879
[152900] Loss: 7.9378, EPE: 1.8644
[153000] Loss: 7.7392, EPE: 1.5329
[153100] Loss: 7.9350, EPE: 1.7459
[153200] Loss: 7.7312, EPE: 1.5741
[153300] Loss: 7.8530, EPE: 1.7348
[153400] Loss: 7.7989, EPE: 1.7830
[153500] Loss: 7.9769, EPE: 1.8535
[153600] Loss: 7.7408, EPE: 1.6706
[153700] Loss: 7.7845, EPE: 1.7346
[153800] Loss: 7.8122, EPE: 1.6474
[153900] Loss: 7.9003, EPE: 1.8307
[154000] Loss: 7.9667, EPE: 1.7948
[154100] Loss: 7.8528, EPE: 1.6864
[154200] Loss: 7.7509, EPE: 1.6173
[154300] Loss: 7.8376, EPE: 1.7869
[154400] Loss: 7.8673, EPE: 1.6579
[154500] Loss: 7.8602, EPE: 1.7988
[154600] Loss: 7.7183, EPE: 1.6012
[154700] Loss: 7.7651, EPE: 1.7307
[154800] Loss: 7.9736, EPE: 1.8285
[154900] Loss: 7.7507, EPE: 1.6834
[155000] Loss: 8.0226, EPE: 1.9504
[155100] Loss: 7.6873, EPE: 1.6893
[155200] Loss: 7.6505, EPE: 1.5779
[155300] Loss: 7.7775, EPE: 1.7369
[155400] Loss: 7.7071, EPE: 1.4903
[155500] Loss: 7.8064, EPE: 1.7069
[155600] Loss: 7.5979, EPE: 1.6136
[155700] Loss: 7.6775, EPE: 1.6041
[155800] Loss: 7.7837, EPE: 1.7476
[155900] Loss: 7.8825, EPE: 1.7912
[156000] Loss: 7.6999, EPE: 1.6416
[156100] Loss: 7.7312, EPE: 1.6240
[156200] Loss: 7.8266, EPE: 1.9212
[156300] Loss: 7.7195, EPE: 1.5771
[156400] Loss: 7.7307, EPE: 1.5030
[156500] Loss: 7.6844, EPE: 1.5125
[156600] Loss: 7.6592, EPE: 1.5836
[156700] Loss: 7.6448, EPE: 1.6341
[156800] Loss: 7.8596, EPE: 1.7655
[156900] Loss: 7.9525, EPE: 1.8196
[157000] Loss: 7.6230, EPE: 1.5467
[157100] Loss: 7.8584, EPE: 1.6813
[157200] Loss: 7.6950, EPE: 1.6797
[157300] Loss: 7.7171, EPE: 1.6351
[157400] Loss: 7.7498, EPE: 1.7365
[157500] Loss: 7.8725, EPE: 1.7150
[157600] Loss: 7.6439, EPE: 1.5851
[157700] Loss: 7.8307, EPE: 1.7906
[157800] Loss: 7.8499, EPE: 1.7879
[157900] Loss: 7.7678, EPE: 1.6877
[158000] Loss: 7.6382, EPE: 1.5360
[158100] Loss: 7.6839, EPE: 1.6380
[158200] Loss: 7.7560, EPE: 1.6802
[158300] Loss: 7.7627, EPE: 1.7057
[158400] Loss: 7.8039, EPE: 1.6325
[158500] Loss: 7.7564, EPE: 1.7238
[158600] Loss: 7.7818, EPE: 1.7810
[158700] Loss: 7.7204, EPE: 1.6169
[158800] Loss: 7.7067, EPE: 1.7507
[158900] Loss: 7.6023, EPE: 1.5863
[159000] Loss: 7.5753, EPE: 1.4610
[159100] Loss: 7.7418, EPE: 1.6361
[159200] Loss: 7.7341, EPE: 1.7043
[159300] Loss: 7.7059, EPE: 1.6471
[159400] Loss: 7.7347, EPE: 1.6016
[159500] Loss: 7.5883, EPE: 1.5511
[159600] Loss: 7.7327, EPE: 1.7530
[159700] Loss: 7.6492, EPE: 1.5370
[159800] Loss: 7.8070, EPE: 1.7914
[159900] Loss: 7.5150, EPE: 1.3884
[160000] Loss: 7.7511, EPE: 1.6467
[160100] Loss: 7.5956, EPE: 1.7861
[160200] Loss: 7.7033, EPE: 1.7298
[160300] Loss: 7.7095, EPE: 1.6083
[160400] Loss: 7.7692, EPE: 1.7748
[160500] Loss: 7.6851, EPE: 1.6786
[160600] Loss: 7.6825, EPE: 1.5513
[160700] Loss: 7.7522, EPE: 1.7296
[160800] Loss: 7.7177, EPE: 1.8315
[160900] Loss: 7.7035, EPE: 1.6729
[161000] Loss: 7.8258, EPE: 1.6876
[161100] Loss: 7.6075, EPE: 1.6568
[161200] Loss: 7.7383, EPE: 1.5837
[161300] Loss: 7.5536, EPE: 1.4375
[161400] Loss: 7.8187, EPE: 1.7961
[161500] Loss: 7.8967, EPE: 1.7740
[161600] Loss: 7.7233, EPE: 1.6297
[161700] Loss: 7.5814, EPE: 1.5182
[161800] Loss: 7.6641, EPE: 1.5903
[161900] Loss: 7.6174, EPE: 1.5496
[162000] Loss: 7.6881, EPE: 1.7119
[162100] Loss: 7.6832, EPE: 1.7005
[162200] Loss: 7.8431, EPE: 1.8586
[162300] Loss: 7.7133, EPE: 1.6315
[162400] Loss: 7.5825, EPE: 1.6115
[162500] Loss: 7.8360, EPE: 1.8656
[162600] Loss: 7.6796, EPE: 1.8324
[162700] Loss: 7.8383, EPE: 1.7896
[162800] Loss: 7.6748, EPE: 1.7061
[162900] Loss: 7.7438, EPE: 1.7968
[163000] Loss: 7.5688, EPE: 1.5191
[163100] Loss: 7.6799, EPE: 1.5903
[163200] Loss: 7.6752, EPE: 1.6932
[163300] Loss: 7.6553, EPE: 1.7788
[163400] Loss: 7.5897, EPE: 1.6452
[163500] Loss: 7.7332, EPE: 1.7127
[163600] Loss: 7.8868, EPE: 1.8334
[163700] Loss: 7.6587, EPE: 1.6768
[163800] Loss: 7.7636, EPE: 1.7878
[163900] Loss: 7.5979, EPE: 1.7305
[164000] Loss: 7.6973, EPE: 1.8556
[164100] Loss: 7.6743, EPE: 1.6295
[164200] Loss: 7.4949, EPE: 1.4693
[164300] Loss: 7.5820, EPE: 1.6073
[164400] Loss: 7.6822, EPE: 1.6896
[164500] Loss: 7.7642, EPE: 1.8104
[164600] Loss: 7.5978, EPE: 1.5946
[164700] Loss: 7.6797, EPE: 1.6757
[164800] Loss: 7.7149, EPE: 1.6643
[164900] Loss: 7.7798, EPE: 1.6727
[165000] Loss: 7.7412, EPE: 1.7211
[165100] Loss: 7.5223, EPE: 1.5540
[165200] Loss: 7.6724, EPE: 1.6728
[165300] Loss: 7.7254, EPE: 1.7817
[165400] Loss: 7.5691, EPE: 1.5869
[165500] Loss: 7.7495, EPE: 1.8254
[165600] Loss: 7.7212, EPE: 1.6932
[165700] Loss: 7.5744, EPE: 1.5675
[165800] Loss: 7.6055, EPE: 1.5546
[165900] Loss: 7.7398, EPE: 1.7415
[166000] Loss: 7.5072, EPE: 1.4436
[166100] Loss: 7.7420, EPE: 1.7486
[166200] Loss: 7.6127, EPE: 1.5598
[166300] Loss: 7.5577, EPE: 1.5081
[166400] Loss: 7.5144, EPE: 1.6552
[166500] Loss: 7.6867, EPE: 1.6335
[166600] Loss: 7.6974, EPE: 1.6809
[166700] Loss: 7.5656, EPE: 1.6704
[166800] Loss: 7.7257, EPE: 1.6105
[166900] Loss: 7.6619, EPE: 1.5888
[167000] Loss: 7.5541, EPE: 1.6038
[167100] Loss: 7.5287, EPE: 1.7073
[167200] Loss: 7.7230, EPE: 1.7438
[167300] Loss: 7.4721, EPE: 1.4648
[167400] Loss: 7.6664, EPE: 1.7033
[167500] Loss: 7.7234, EPE: 1.7822
[167600] Loss: 7.6222, EPE: 1.6204
[167700] Loss: 7.5475, EPE: 1.5301
[167800] Loss: 7.5394, EPE: 1.4963
[167900] Loss: 7.7288, EPE: 1.6877
[168000] Loss: 7.6055, EPE: 1.7562
[168100] Loss: 7.6037, EPE: 1.5885
[168200] Loss: 7.6849, EPE: 1.6163
[168300] Loss: 7.5268, EPE: 1.6001
[168400] Loss: 7.5380, EPE: 1.7232
[168500] Loss: 7.7164, EPE: 1.6170
[168600] Loss: 7.6609, EPE: 1.6153
[168700] Loss: 7.5893, EPE: 1.6115
[168800] Loss: 7.5493, EPE: 1.5275
[168900] Loss: 7.4938, EPE: 1.5277
[169000] Loss: 7.6060, EPE: 1.6471
[169100] Loss: 7.6311, EPE: 1.6995
[169200] Loss: 7.5776, EPE: 1.6159
[169300] Loss: 7.7468, EPE: 1.7669
[169400] Loss: 7.5898, EPE: 1.6012
[169500] Loss: 7.7542, EPE: 1.6586
[169600] Loss: 7.6279, EPE: 1.6517
[169700] Loss: 7.6474, EPE: 1.9163
[169800] Loss: 7.3930, EPE: 1.4363
[169900] Loss: 7.6205, EPE: 1.6990
[170000] Loss: 7.5742, EPE: 1.6084
[170100] Loss: 7.5777, EPE: 1.6286
[170200] Loss: 7.6481, EPE: 1.7386
[170300] Loss: 7.5393, EPE: 1.5616
[170400] Loss: 7.7597, EPE: 1.6998
[170500] Loss: 7.5820, EPE: 1.6135
[170600] Loss: 7.6893, EPE: 1.6406
[170700] Loss: 7.5884, EPE: 1.6065
[170800] Loss: 7.5922, EPE: 1.5520
[170900] Loss: 7.6421, EPE: 1.7016
[171000] Loss: 7.4632, EPE: 1.5200
[171100] Loss: 7.4762, EPE: 1.6212
[171200] Loss: 7.5610, EPE: 1.4790
[171300] Loss: 7.6313, EPE: 1.6406
[171400] Loss: 7.6149, EPE: 1.6089
[171500] Loss: 7.6698, EPE: 1.6322
[171600] Loss: 7.6398, EPE: 1.6966
[171700] Loss: 7.5388, EPE: 1.5300
[171800] Loss: 7.7040, EPE: 1.7965
[171900] Loss: 7.5566, EPE: 1.6740
[172000] Loss: 7.5827, EPE: 1.6302
[172100] Loss: 7.4873, EPE: 1.6640
[172200] Loss: 7.4734, EPE: 1.4850
[172300] Loss: 7.6075, EPE: 1.6453
[172400] Loss: 7.4953, EPE: 1.4950
[172500] Loss: 7.4507, EPE: 1.5405
[172600] Loss: 7.6120, EPE: 1.6568
[172700] Loss: 7.6411, EPE: 1.7743
[172800] Loss: 7.5304, EPE: 1.6326
[172900] Loss: 7.4651, EPE: 1.4692
[173000] Loss: 7.4971, EPE: 1.6803
[173100] Loss: 7.2929, EPE: 1.4027
[173200] Loss: 7.5477, EPE: 1.6491
[173300] Loss: 7.6894, EPE: 1.7323
[173400] Loss: 7.4005, EPE: 1.5407
[173500] Loss: 7.5324, EPE: 1.6105
[173600] Loss: 7.6037, EPE: 1.5747
[173700] Loss: 7.5023, EPE: 1.6133
[173800] Loss: 7.5046, EPE: 1.6053
[173900] Loss: 7.6113, EPE: 1.6104
[174000] Loss: 7.6046, EPE: 1.6219
[174100] Loss: 7.7249, EPE: 1.7895
[174200] Loss: 7.4876, EPE: 1.6557
[174300] Loss: 7.4126, EPE: 1.5604
[174400] Loss: 7.4597, EPE: 1.4841
[174500] Loss: 7.5896, EPE: 1.6541
[174600] Loss: 7.5311, EPE: 1.5930
[174700] Loss: 7.5620, EPE: 1.5956
[174800] Loss: 7.6453, EPE: 1.5300
[174900] Loss: 7.5434, EPE: 1.6935
[175000] Loss: 7.4939, EPE: 1.5293
[175100] Loss: 7.5561, EPE: 1.6623
[175200] Loss: 7.5368, EPE: 1.6235
[175300] Loss: 7.5865, EPE: 1.7635
[175400] Loss: 7.4111, EPE: 1.4405
[175500] Loss: 7.4770, EPE: 1.5818
[175600] Loss: 7.5546, EPE: 1.5129
[175700] Loss: 7.4722, EPE: 1.5182
[175800] Loss: 7.5533, EPE: 1.6045
[175900] Loss: 7.5037, EPE: 1.6314
[176000] Loss: 7.5818, EPE: 1.5593
[176100] Loss: 7.7049, EPE: 1.6969
[176200] Loss: 7.7063, EPE: 1.7105
[176300] Loss: 7.5555, EPE: 1.6673
[176400] Loss: 7.4620, EPE: 1.5771
[176500] Loss: 7.4180, EPE: 1.5179
[176600] Loss: 7.5396, EPE: 1.7176
[176700] Loss: 7.4514, EPE: 1.5527
[176800] Loss: 7.4347, EPE: 1.4474
[176900] Loss: 7.5929, EPE: 1.6176
[177000] Loss: 7.3987, EPE: 1.5541
[177100] Loss: 7.6315, EPE: 1.6710
[177200] Loss: 7.6020, EPE: 1.7141
[177300] Loss: 7.5368, EPE: 1.6201
[177400] Loss: 7.5993, EPE: 1.7215
[177500] Loss: 7.4290, EPE: 1.5264
[177600] Loss: 7.5148, EPE: 1.4945
[177700] Loss: 7.6209, EPE: 2.0247
[177800] Loss: 7.5342, EPE: 1.5611
[177900] Loss: 7.6451, EPE: 1.7872
[178000] Loss: 7.4202, EPE: 1.5254
[178100] Loss: 7.4316, EPE: 1.4903
[178200] Loss: 7.5232, EPE: 1.5883
[178300] Loss: 7.4649, EPE: 1.5355
[178400] Loss: 7.4108, EPE: 1.4919
[178500] Loss: 7.7567, EPE: 1.8044
[178600] Loss: 7.6654, EPE: 1.8483
[178700] Loss: 7.4775, EPE: 1.4880
[178800] Loss: 7.4020, EPE: 1.6049
[178900] Loss: 7.5801, EPE: 1.6493
[179000] Loss: 7.6236, EPE: 1.7203
[179100] Loss: 7.5439, EPE: 1.4784
[179200] Loss: 7.5284, EPE: 1.6352
[179300] Loss: 7.3406, EPE: 1.3097
[179400] Loss: 7.4609, EPE: 1.5835
[179500] Loss: 7.4231, EPE: 1.6602
[179600] Loss: 7.4403, EPE: 1.6435
[179700] Loss: 7.6061, EPE: 1.5529
[179800] Loss: 7.4306, EPE: 1.5782
[179900] Loss: 7.5147, EPE: 1.6719
[180000] Loss: 7.5350, EPE: 1.6981
[180100] Loss: 7.6531, EPE: 1.7143
[180200] Loss: 7.6000, EPE: 1.5909
[180300] Loss: 7.4694, EPE: 1.7086
[180400] Loss: 7.5001, EPE: 1.6054
[180500] Loss: 7.4964, EPE: 1.6139
[180600] Loss: 7.5083, EPE: 1.5998
[180700] Loss: 7.4688, EPE: 1.6873
[180800] Loss: 7.4474, EPE: 1.4836
[180900] Loss: 7.4439, EPE: 1.5658
[181000] Loss: 7.4393, EPE: 1.6730
[181100] Loss: 7.2748, EPE: 1.3565
[181200] Loss: 7.2708, EPE: 1.3899
[181300] Loss: 7.5070, EPE: 1.6176
[181400] Loss: 7.5404, EPE: 1.7291
[181500] Loss: 7.4160, EPE: 1.5052
[181600] Loss: 7.5330, EPE: 1.6128
[181700] Loss: 7.6046, EPE: 1.6748
[181800] Loss: 7.6075, EPE: 1.8410
[181900] Loss: 7.4814, EPE: 1.5460
[182000] Loss: 7.3413, EPE: 1.4344
[182100] Loss: 7.3721, EPE: 1.5752
[182200] Loss: 7.5643, EPE: 1.7317
[182300] Loss: 7.3962, EPE: 1.5070
[182400] Loss: 7.4798, EPE: 1.6017
[182500] Loss: 7.3388, EPE: 1.5012
[182600] Loss: 7.4861, EPE: 1.6100
[182700] Loss: 7.4132, EPE: 1.5706
[182800] Loss: 7.5696, EPE: 1.5591
[182900] Loss: 7.3920, EPE: 1.4864
[183000] Loss: 7.3331, EPE: 1.4704
[183100] Loss: 7.4198, EPE: 1.6295
[183200] Loss: 7.4485, EPE: 1.6015
[183300] Loss: 7.4369, EPE: 1.5330
[183400] Loss: 7.3858, EPE: 1.4713
[183500] Loss: 7.3830, EPE: 1.4914
[183600] Loss: 7.3888, EPE: 1.5414
[183700] Loss: 7.4508, EPE: 1.6974
[183800] Loss: 7.3347, EPE: 1.4999
[183900] Loss: 7.3259, EPE: 1.5431
[184000] Loss: 7.4903, EPE: 1.5447
[184100] Loss: 7.3886, EPE: 1.5601
[184200] Loss: 7.5696, EPE: 1.6156
[184300] Loss: 7.4696, EPE: 1.6350
[184400] Loss: 7.4582, EPE: 1.5857
[184500] Loss: 7.4300, EPE: 1.5344
[184600] Loss: 7.4544, EPE: 1.5180
[184700] Loss: 7.4555, EPE: 1.6292
[184800] Loss: 7.6489, EPE: 1.6347
[184900] Loss: 7.3084, EPE: 1.4597
[185000] Loss: 7.4450, EPE: 1.5790
[185100] Loss: 7.3555, EPE: 1.4658
[185200] Loss: 7.3818, EPE: 1.4917
[185300] Loss: 7.3798, EPE: 1.4277
[185400] Loss: 7.2928, EPE: 1.4638
[185500] Loss: 7.3953, EPE: 1.5602
[185600] Loss: 7.4430, EPE: 1.5908
[185700] Loss: 7.2179, EPE: 1.3766
[185800] Loss: 7.4001, EPE: 1.5301
[185900] Loss: 7.1576, EPE: 1.3257
[186000] Loss: 7.4884, EPE: 1.7261
[186100] Loss: 7.4105, EPE: 1.5787
[186200] Loss: 7.4049, EPE: 1.5356
[186300] Loss: 7.5293, EPE: 1.6888
[186400] Loss: 7.3853, EPE: 1.5215
[186500] Loss: 7.5252, EPE: 1.5706
[186600] Loss: 7.3638, EPE: 1.5255
[186700] Loss: 7.5151, EPE: 1.6691
[186800] Loss: 7.5150, EPE: 1.6258
[186900] Loss: 7.3708, EPE: 1.5648
[187000] Loss: 7.3951, EPE: 1.5093
[187100] Loss: 7.3733, EPE: 1.5527
[187200] Loss: 7.4492, EPE: 1.5244
[187300] Loss: 7.3904, EPE: 1.5048
[187400] Loss: 7.3056, EPE: 1.4507
[187500] Loss: 7.4615, EPE: 1.6630
[187600] Loss: 7.3983, EPE: 1.5213
[187700] Loss: 7.3266, EPE: 1.4993
[187800] Loss: 7.3313, EPE: 1.4241
[187900] Loss: 7.5775, EPE: 1.6796
[188000] Loss: 7.4265, EPE: 1.6305
[188100] Loss: 7.4501, EPE: 1.5216
[188200] Loss: 7.3877, EPE: 1.5043
[188300] Loss: 7.2428, EPE: 1.5182
[188400] Loss: 7.3829, EPE: 1.5059
[188500] Loss: 7.4352, EPE: 1.6491
[188600] Loss: 7.4430, EPE: 1.6548
[188700] Loss: 7.4961, EPE: 1.6419
[188800] Loss: 7.5111, EPE: 1.7212
[188900] Loss: 7.4692, EPE: 1.6084
[189000] Loss: 7.3687, EPE: 1.5002
[189100] Loss: 7.4897, EPE: 1.5407
[189200] Loss: 7.3393, EPE: 1.4866
[189300] Loss: 7.2899, EPE: 1.4610
[189400] Loss: 7.3770, EPE: 1.4651
[189500] Loss: 7.2252, EPE: 1.3703
[189600] Loss: 7.5207, EPE: 1.6205
[189700] Loss: 7.2989, EPE: 1.4905
[189800] Loss: 7.2473, EPE: 1.4778
[189900] Loss: 7.3555, EPE: 1.5667
[190000] Loss: 7.3950, EPE: 1.5715
[190100] Loss: 7.3459, EPE: 1.4826
[190200] Loss: 7.4568, EPE: 1.6712
[190300] Loss: 7.4281, EPE: 1.6180
[190400] Loss: 7.5240, EPE: 1.5996
[190500] Loss: 7.4061, EPE: 1.6016
[190600] Loss: 7.4134, EPE: 1.5640
[190700] Loss: 7.4881, EPE: 1.7804
[190800] Loss: 7.3179, EPE: 1.5011
[190900] Loss: 7.4874, EPE: 1.6465
[191000] Loss: 7.2192, EPE: 1.4872
[191100] Loss: 7.4593, EPE: 1.6135
[191200] Loss: 7.3569, EPE: 1.4609
[191300] Loss: 7.3677, EPE: 1.4889
[191400] Loss: 7.3486, EPE: 1.5171
[191500] Loss: 7.4304, EPE: 1.5408
[191600] Loss: 7.3251, EPE: 1.4000
[191700] Loss: 7.4175, EPE: 1.6628
[191800] Loss: 7.3156, EPE: 1.4912
[191900] Loss: 7.3457, EPE: 1.4893
[192000] Loss: 7.4841, EPE: 1.7087
[192100] Loss: 7.3705, EPE: 1.5451
[192200] Loss: 7.3279, EPE: 1.4785
[192300] Loss: 7.3667, EPE: 1.5153
[192400] Loss: 7.4828, EPE: 1.6031
[192500] Loss: 7.3694, EPE: 1.4672
[192600] Loss: 7.3797, EPE: 1.5999
[192700] Loss: 7.4268, EPE: 1.6556
[192800] Loss: 7.4095, EPE: 1.6191
[192900] Loss: 7.3374, EPE: 1.5982
[193000] Loss: 7.3731, EPE: 1.6694
[193100] Loss: 7.4909, EPE: 1.5768
[193200] Loss: 7.2377, EPE: 1.2753
[193300] Loss: 7.3578, EPE: 1.5553
[193400] Loss: 7.3680, EPE: 1.5708
[193500] Loss: 7.3981, EPE: 1.5631
[193600] Loss: 7.3380, EPE: 1.6035
[193700] Loss: 7.2848, EPE: 1.4478
[193800] Loss: 7.2843, EPE: 1.4309
[193900] Loss: 7.3307, EPE: 1.5136
[194000] Loss: 7.4142, EPE: 1.5818
[194100] Loss: 7.3586, EPE: 1.4112
[194200] Loss: 7.4816, EPE: 1.6711
[194300] Loss: 7.3784, EPE: 1.5432
[194400] Loss: 7.4766, EPE: 1.5767
[194500] Loss: 7.2851, EPE: 1.5090
[194600] Loss: 7.3630, EPE: 1.4556
[194700] Loss: 7.3329, EPE: 1.5290
[194800] Loss: 7.4471, EPE: 1.6025
[194900] Loss: 7.4537, EPE: 1.6540
[195000] Loss: 7.3298, EPE: 1.5679
[195100] Loss: 7.3782, EPE: 1.5345
[195200] Loss: 7.5716, EPE: 1.7650
[195300] Loss: 7.3162, EPE: 1.4957
[195400] Loss: 7.3797, EPE: 1.5291
[195500] Loss: 7.3570, EPE: 1.5355
[195600] Loss: 7.2498, EPE: 1.4049
[195700] Loss: 7.2834, EPE: 1.5079
[195800] Loss: 7.5359, EPE: 1.4837
[195900] Loss: 7.4017, EPE: 1.5356
[196000] Loss: 7.3815, EPE: 1.6506
[196100] Loss: 7.2269, EPE: 1.3500
[196200] Loss: 7.2246, EPE: 1.4183
[196300] Loss: 7.3445, EPE: 1.5123
[196400] Loss: 7.3985, EPE: 1.5136
[196500] Loss: 7.3479, EPE: 1.5019
[196600] Loss: 7.3789, EPE: 1.5860
[196700] Loss: 7.2351, EPE: 1.5136
[196800] Loss: 7.3474, EPE: 1.6405
[196900] Loss: 7.3188, EPE: 1.6122
[197000] Loss: 7.4129, EPE: 1.5762
[197100] Loss: 7.4683, EPE: 1.5708
[197200] Loss: 7.3881, EPE: 1.5781
[197300] Loss: 7.2645, EPE: 1.4066
[197400] Loss: 7.4044, EPE: 1.5273
[197500] Loss: 7.3442, EPE: 1.5998
[197600] Loss: 7.2657, EPE: 1.4566
[197700] Loss: 7.3101, EPE: 1.4554
[197800] Loss: 7.4075, EPE: 1.4841
[197900] Loss: 7.4322, EPE: 1.6847
[198000] Loss: 7.2300, EPE: 1.3782
[198100] Loss: 7.4450, EPE: 1.5731
[198200] Loss: 7.4037, EPE: 1.6099
[198300] Loss: 7.3413, EPE: 1.4622
[198400] Loss: 7.3490, EPE: 1.4449
[198500] Loss: 7.4666, EPE: 1.7305
[198600] Loss: 7.2054, EPE: 1.3952
[198700] Loss: 7.3521, EPE: 1.4962
[198800] Loss: 7.4418, EPE: 1.5780
[198900] Loss: 7.4256, EPE: 1.7099
[199000] Loss: 7.2983, EPE: 1.5112
[199100] Loss: 7.3936, EPE: 1.5690
[199200] Loss: 7.4488, EPE: 1.6769
[199300] Loss: 7.3805, EPE: 1.4324
[199400] Loss: 7.2495, EPE: 1.4823
[199500] Loss: 7.3842, EPE: 1.5930
[199600] Loss: 7.2875, EPE: 1.4363
[199700] Loss: 7.2640, EPE: 1.4087
[199800] Loss: 7.3205, EPE: 1.4797
[199900] Loss: 7.3258, EPE: 1.6339
[200000] Loss: 7.4699, EPE: 1.5816
Done!
