nohup: ignoring input
Training with 22232 image pairs
/venv/waft/lib/python3.12/site-packages/torch/functional.py:505: UserWarning: torch.meshgrid: in an upcoming release, it will be required to pass the indexing argument. (Triggered internally at /pytorch/aten/src/ATen/native/TensorShape.cpp:4317.)
  return _VF.meshgrid(tensors, **kwargs)  # type: ignore[attr-defined]
[000000] Loss: 62.8642, EPE: 24.2730
[000100] Loss: 39.6163, EPE: 23.7517
[000200] Loss: 18.2744, EPE: 22.4693
[000300] Loss: 18.2382, EPE: 23.0596
[000400] Loss: 18.1410, EPE: 23.0158
[000500] Loss: 18.0174, EPE: 22.8120
[000600] Loss: 17.8891, EPE: 22.6990
[000700] Loss: 18.0545, EPE: 23.8875
[000800] Loss: 17.7694, EPE: 22.3963
[000900] Loss: 17.7530, EPE: 23.0911
[001000] Loss: 17.7666, EPE: 23.1573
[001100] Loss: 17.6919, EPE: 22.7855
[001200] Loss: 17.6508, EPE: 22.3151
[001300] Loss: 17.5561, EPE: 21.8578
[001400] Loss: 17.6225, EPE: 22.4327
[001500] Loss: 17.2799, EPE: 21.0705
[001600] Loss: 17.4618, EPE: 21.9425
[001700] Loss: 17.5780, EPE: 22.6670
[001800] Loss: 17.2645, EPE: 21.0810
[001900] Loss: 17.4003, EPE: 21.7511
[002000] Loss: 17.4656, EPE: 22.1439
[002100] Loss: 17.3414, EPE: 21.8547
[002200] Loss: 17.5004, EPE: 22.4261
[002300] Loss: 17.6772, EPE: 23.1676
[002400] Loss: 17.4668, EPE: 22.6339
[002500] Loss: 17.0907, EPE: 21.0391
[002600] Loss: 17.3791, EPE: 22.4730
[002700] Loss: 17.2514, EPE: 21.8513
[002800] Loss: 17.0099, EPE: 20.6430
[002900] Loss: 16.8239, EPE: 19.8414
[003000] Loss: 16.7579, EPE: 19.4327
[003100] Loss: 16.3738, EPE: 17.9593
[003200] Loss: 16.5569, EPE: 19.8171
[003300] Loss: 16.8026, EPE: 20.4942
[003400] Loss: 16.4586, EPE: 19.1452
[003500] Loss: 15.9573, EPE: 17.7027
[003600] Loss: 15.9737, EPE: 17.1682
[003700] Loss: 15.7371, EPE: 16.3136
[003800] Loss: 15.5568, EPE: 16.0964
[003900] Loss: 15.4689, EPE: 15.2670
[004000] Loss: 15.4452, EPE: 14.6846
[004100] Loss: 14.9327, EPE: 13.2946
[004200] Loss: 15.2550, EPE: 14.1147
[004300] Loss: 15.1324, EPE: 13.8858
[004400] Loss: 14.8715, EPE: 13.6792
[004500] Loss: 14.5738, EPE: 12.9937
[004600] Loss: 14.6732, EPE: 13.1092
[004700] Loss: 14.4159, EPE: 12.4515
[004800] Loss: 14.7214, EPE: 13.1297
[004900] Loss: 14.1052, EPE: 11.7855
[005000] Loss: 14.0460, EPE: 11.4606
[005100] Loss: 13.8889, EPE: 11.3341
[005200] Loss: 13.9172, EPE: 11.3766
[005300] Loss: 13.7955, EPE: 11.5403
[005400] Loss: 13.5234, EPE: 10.3766
[005500] Loss: 13.9259, EPE: 11.9371
[005600] Loss: 13.4678, EPE: 10.4766
[005700] Loss: 13.8486, EPE: 11.4429
[005800] Loss: 13.4269, EPE: 10.4462
[005900] Loss: 13.2533, EPE: 10.1682
[006000] Loss: 13.2144, EPE: 10.1513
[006100] Loss: 13.4191, EPE: 10.8257
[006200] Loss: 13.2080, EPE: 10.2545
[006300] Loss: 13.1300, EPE: 10.4284
[006400] Loss: 13.1365, EPE: 10.6863
[006500] Loss: 12.7942, EPE: 10.0106
[006600] Loss: 13.1549, EPE: 10.8401
[006700] Loss: 12.5325, EPE: 9.9952
[006800] Loss: 12.5173, EPE: 9.0208
[006900] Loss: 12.4449, EPE: 9.5033
[007000] Loss: 12.4425, EPE: 9.6235
[007100] Loss: 12.3133, EPE: 9.5377
[007200] Loss: 11.9228, EPE: 8.7533
[007300] Loss: 12.1208, EPE: 8.8797
[007400] Loss: 12.1677, EPE: 10.2131
[007500] Loss: 11.7505, EPE: 8.2538
[007600] Loss: 11.6669, EPE: 8.3873
[007700] Loss: 11.5450, EPE: 8.2648
[007800] Loss: 11.6140, EPE: 8.8439
[007900] Loss: 11.4977, EPE: 8.6382
[008000] Loss: 11.3117, EPE: 8.8047
[008100] Loss: 11.4995, EPE: 9.3187
[008200] Loss: 11.2175, EPE: 8.0409
[008300] Loss: 10.9845, EPE: 8.2608
[008400] Loss: 11.3163, EPE: 9.5282
[008500] Loss: 11.0252, EPE: 8.5653
[008600] Loss: 10.8681, EPE: 8.1456
[008700] Loss: 10.3621, EPE: 7.4103
[008800] Loss: 11.6247, EPE: 9.1092
[008900] Loss: 10.6701, EPE: 7.9096
[009000] Loss: 11.1458, EPE: 9.2599
[009100] Loss: 10.5401, EPE: 7.3756
[009200] Loss: 10.6670, EPE: 8.1461
[009300] Loss: 10.9822, EPE: 8.3262
[009400] Loss: 10.7847, EPE: 8.8746
[009500] Loss: 11.0061, EPE: 9.4395
[009600] Loss: 10.5256, EPE: 8.2564
[009700] Loss: 10.1619, EPE: 7.5748
[009800] Loss: 10.3697, EPE: 8.1457
[009900] Loss: 10.2436, EPE: 7.2913
[010000] Loss: 10.2664, EPE: 8.2849
[010100] Loss: 10.3503, EPE: 8.2912
[010200] Loss: 9.7762, EPE: 7.3454
[010300] Loss: 10.0716, EPE: 8.8696
[010400] Loss: 9.9475, EPE: 7.8763
[010500] Loss: 10.2398, EPE: 7.2274
[010600] Loss: 10.5227, EPE: 9.0132
[010700] Loss: 11.5313, EPE: 9.3466
[010800] Loss: 10.5502, EPE: 9.0884
[010900] Loss: 10.1351, EPE: 8.7387
[011000] Loss: 9.8718, EPE: 7.9532
[011100] Loss: 10.3740, EPE: 8.3596
[011200] Loss: 9.7582, EPE: 7.5450
[011300] Loss: 9.8776, EPE: 8.1953
[011400] Loss: 10.6025, EPE: 9.5878
[011500] Loss: 10.1518, EPE: 8.7537
[011600] Loss: 9.7067, EPE: 7.9857
[011700] Loss: 9.8420, EPE: 8.8193
[011800] Loss: 10.4462, EPE: 9.3590
[011900] Loss: 9.8765, EPE: 7.7187
[012000] Loss: 11.5149, EPE: 11.8378
[012100] Loss: 9.6980, EPE: 8.9272
[012200] Loss: 9.4462, EPE: 7.2916
[012300] Loss: 9.5974, EPE: 7.6725
[012400] Loss: 9.6421, EPE: 7.9820
[012500] Loss: 9.5210, EPE: 7.0452
[012600] Loss: 9.3817, EPE: 7.0274
[012700] Loss: 9.4387, EPE: 7.3687
[012800] Loss: 9.8251, EPE: 8.1501
[012900] Loss: 11.0801, EPE: 10.8295
[013000] Loss: 10.2720, EPE: 9.2795
[013100] Loss: 9.8455, EPE: 8.2348
[013200] Loss: 10.6156, EPE: 8.7737
[013300] Loss: 9.3359, EPE: 7.1639
[013400] Loss: 9.2409, EPE: 7.2384
[013500] Loss: 9.5145, EPE: 7.7023
[013600] Loss: 9.4006, EPE: 8.4580
[013700] Loss: 9.2122, EPE: 7.3442
[013800] Loss: 9.3109, EPE: 7.6245
[013900] Loss: 9.4697, EPE: 7.2512
[014000] Loss: 9.2647, EPE: 7.0653
[014100] Loss: 9.2180, EPE: 6.9908
[014200] Loss: 9.2814, EPE: 7.0535
[014300] Loss: 9.4278, EPE: 7.7110
[014400] Loss: 9.5350, EPE: 7.3997
[014500] Loss: 9.4062, EPE: 7.8610
[014600] Loss: 9.6418, EPE: 8.3693
[014700] Loss: 10.6418, EPE: 9.0528
[014800] Loss: 9.8555, EPE: 8.0264
[014900] Loss: 9.4509, EPE: 7.8487
[015000] Loss: 9.0136, EPE: 6.8251
[015100] Loss: 9.0445, EPE: 7.2309
[015200] Loss: 9.3023, EPE: 7.3789
[015300] Loss: 8.9146, EPE: 6.8318
[015400] Loss: 8.9236, EPE: 6.5104
[015500] Loss: 9.0798, EPE: 7.2425
[015600] Loss: 8.7617, EPE: 6.1292
[015700] Loss: 9.0460, EPE: 6.7907
[015800] Loss: 8.9495, EPE: 6.7140
[015900] Loss: 9.2034, EPE: 7.2673
[016000] Loss: 9.1536, EPE: 7.7980
[016100] Loss: 9.0307, EPE: 7.0927
[016200] Loss: 8.9096, EPE: 6.9285
[016300] Loss: 9.3617, EPE: 7.8790
[016400] Loss: 8.7858, EPE: 6.3058
[016500] Loss: 8.9107, EPE: 7.2162
[016600] Loss: 8.7751, EPE: 5.8204
[016700] Loss: 8.7681, EPE: 6.9252
[016800] Loss: 8.7590, EPE: 6.0741
[016900] Loss: 9.5147, EPE: 8.0770
[017000] Loss: 9.0311, EPE: 6.9712
[017100] Loss: 9.2558, EPE: 7.0340
[017200] Loss: 8.6413, EPE: 6.3663
[017300] Loss: 8.7821, EPE: 6.7544
[017400] Loss: 9.3124, EPE: 7.6499
[017500] Loss: 9.1130, EPE: 6.2616
[017600] Loss: 8.5799, EPE: 5.8364
[017700] Loss: 8.7056, EPE: 6.7071
[017800] Loss: 8.7471, EPE: 6.3282
[017900] Loss: 8.5998, EPE: 6.4001
[018000] Loss: 9.2158, EPE: 7.8649
[018100] Loss: 8.6246, EPE: 5.9742
[018200] Loss: 8.7749, EPE: 6.4051
[018300] Loss: 9.7075, EPE: 7.6888
[018400] Loss: 8.8789, EPE: 6.4133
[018500] Loss: 8.5210, EPE: 6.2224
[018600] Loss: 8.8139, EPE: 6.9288
[018700] Loss: 8.8554, EPE: 6.7894
[018800] Loss: 8.8104, EPE: 6.6346
[018900] Loss: 8.7735, EPE: 6.2798
[019000] Loss: 8.6274, EPE: 5.8441
[019100] Loss: 9.0746, EPE: 7.3414
[019200] Loss: 8.7185, EPE: 5.7286
[019300] Loss: 8.4759, EPE: 6.1283
[019400] Loss: 8.8586, EPE: 7.1909
[019500] Loss: 8.5702, EPE: 5.9040
[019600] Loss: 8.4736, EPE: 6.1170
[019700] Loss: 8.2815, EPE: 5.7736
[019800] Loss: 8.2914, EPE: 5.4548
[019900] Loss: 8.2762, EPE: 5.6040
[020000] Loss: 8.8806, EPE: 6.9061
[020100] Loss: 8.4475, EPE: 7.0372
[020200] Loss: 8.7485, EPE: 6.4752
[020300] Loss: 8.7201, EPE: 7.0359
[020400] Loss: 8.5181, EPE: 5.9561
[020500] Loss: 8.5993, EPE: 6.7946
[020600] Loss: 8.3580, EPE: 6.0241
[020700] Loss: 8.5763, EPE: 5.8927
[020800] Loss: 8.1014, EPE: 5.7388
[020900] Loss: 8.7718, EPE: 6.1729
[021000] Loss: 8.3492, EPE: 5.4745
[021100] Loss: 8.4552, EPE: 6.5042
[021200] Loss: 8.3071, EPE: 5.9395
[021300] Loss: 8.5216, EPE: 6.5111
[021400] Loss: 8.1508, EPE: 5.6506
[021500] Loss: 8.1864, EPE: 5.3801
[021600] Loss: 8.0576, EPE: 5.5117
[021700] Loss: 8.2431, EPE: 6.3160
[021800] Loss: 8.2839, EPE: 5.3569
[021900] Loss: 9.0057, EPE: 7.3129
[022000] Loss: 8.4498, EPE: 6.6344
[022100] Loss: 8.3991, EPE: 5.4955
[022200] Loss: 8.7377, EPE: 6.7325
[022300] Loss: 10.3700, EPE: 10.0215
[022400] Loss: 8.9241, EPE: 6.9418
[022500] Loss: 8.4741, EPE: 6.5409
[022600] Loss: 8.2251, EPE: 6.1669
[022700] Loss: 8.2312, EPE: 6.5006
[022800] Loss: 8.4636, EPE: 7.0383
[022900] Loss: 8.2657, EPE: 5.3557
[023000] Loss: 8.2021, EPE: 5.6393
[023100] Loss: 8.0275, EPE: 5.8378
[023200] Loss: 8.0373, EPE: 5.2525
[023300] Loss: 8.0710, EPE: 5.4175
[023400] Loss: 8.2661, EPE: 6.6080
[023500] Loss: 8.4526, EPE: 6.6659
[023600] Loss: 8.2962, EPE: 6.6116
[023700] Loss: 8.2461, EPE: 5.5589
[023800] Loss: 8.3917, EPE: 6.3400
[023900] Loss: 8.1960, EPE: 6.2956
[024000] Loss: 8.1724, EPE: 6.0083
[024100] Loss: 7.6385, EPE: 4.9110
[024200] Loss: 8.0033, EPE: 5.2597
[024300] Loss: 7.9363, EPE: 5.6276
[024400] Loss: 8.2320, EPE: 6.0176
[024500] Loss: 8.0703, EPE: 6.1022
[024600] Loss: 8.2373, EPE: 6.1467
[024700] Loss: 7.9809, EPE: 6.1123
[024800] Loss: 8.1495, EPE: 5.6217
[024900] Loss: 8.0450, EPE: 5.9594
[025000] Loss: 7.9594, EPE: 5.9397
[025100] Loss: 7.9551, EPE: 5.9603
[025200] Loss: 8.1227, EPE: 6.2954
[025300] Loss: 8.0104, EPE: 5.9665
[025400] Loss: 7.9229, EPE: 5.0823
[025500] Loss: 7.9657, EPE: 5.4409
[025600] Loss: 8.3078, EPE: 6.3005
[025700] Loss: 8.4928, EPE: 6.2473
[025800] Loss: 8.2405, EPE: 5.5187
[025900] Loss: 8.0124, EPE: 5.9687
[026000] Loss: 8.2076, EPE: 6.3845
[026100] Loss: 8.1300, EPE: 6.6435
[026200] Loss: 7.9355, EPE: 5.4908
[026300] Loss: 8.2858, EPE: 6.1393
[026400] Loss: 8.4716, EPE: 6.5330
[026500] Loss: 8.0664, EPE: 5.7386
[026600] Loss: 8.4247, EPE: 7.0642
[026700] Loss: 7.9208, EPE: 5.6604
[026800] Loss: 8.0152, EPE: 5.9174
[026900] Loss: 8.0251, EPE: 6.1888
[027000] Loss: 7.7935, EPE: 5.6133
[027100] Loss: 7.9439, EPE: 5.6115
[027200] Loss: 7.6549, EPE: 5.1995
[027300] Loss: 7.8347, EPE: 6.0375
[027400] Loss: 8.0202, EPE: 5.7473
[027500] Loss: 7.8566, EPE: 5.5610
[027600] Loss: 8.2086, EPE: 5.9176
[027700] Loss: 7.7764, EPE: 5.1774
[027800] Loss: 7.8869, EPE: 5.5088
[027900] Loss: 7.8663, EPE: 6.0169
[028000] Loss: 8.0176, EPE: 6.0472
[028100] Loss: 7.7767, EPE: 5.5487
[028200] Loss: 7.7041, EPE: 5.2167
[028300] Loss: 7.7345, EPE: 5.3758
[028400] Loss: 7.7256, EPE: 5.2340
[028500] Loss: 7.6298, EPE: 5.2594
[028600] Loss: 7.4719, EPE: 4.4458
[028700] Loss: 7.6762, EPE: 5.1778
[028800] Loss: 7.7541, EPE: 5.7442
[028900] Loss: 7.7523, EPE: 5.2502
[029000] Loss: 7.6162, EPE: 5.0876
[029100] Loss: 7.8826, EPE: 6.4319
[029200] Loss: 7.9586, EPE: 6.3711
[029300] Loss: 7.8195, EPE: 5.7837
[029400] Loss: 7.8695, EPE: 6.1439
[029500] Loss: 7.6930, EPE: 5.5819
[029600] Loss: 7.5245, EPE: 5.0971
[029700] Loss: 7.5589, EPE: 4.8816
[029800] Loss: 7.6929, EPE: 5.3838
[029900] Loss: 7.4237, EPE: 4.8971
[030000] Loss: 7.6156, EPE: 5.4280
[030100] Loss: 7.6148, EPE: 5.4593
[030200] Loss: 7.8800, EPE: 5.6988
[030300] Loss: 7.6919, EPE: 5.3006
[030400] Loss: 7.4987, EPE: 5.1811
[030500] Loss: 7.8633, EPE: 6.1252
[030600] Loss: 7.7675, EPE: 5.5520
[030700] Loss: 7.6375, EPE: 5.4143
[030800] Loss: 7.5242, EPE: 5.0193
[030900] Loss: 7.5453, EPE: 4.8868
[031000] Loss: 7.4407, EPE: 5.2779
[031100] Loss: 7.4329, EPE: 4.7758
[031200] Loss: 7.6104, EPE: 5.4559
[031300] Loss: 7.6460, EPE: 5.6461
[031400] Loss: 7.8595, EPE: 5.5037
[031500] Loss: 7.6493, EPE: 5.5155
[031600] Loss: 7.8431, EPE: 6.6132
[031700] Loss: 7.6052, EPE: 4.8246
[031800] Loss: 7.5342, EPE: 4.7035
[031900] Loss: 7.6859, EPE: 5.5749
[032000] Loss: 7.8379, EPE: 5.8125
[032100] Loss: 7.8032, EPE: 6.5530
[032200] Loss: 7.7105, EPE: 5.3454
[032300] Loss: 7.2586, EPE: 4.1518
[032400] Loss: 7.8564, EPE: 5.7041
[032500] Loss: 7.5309, EPE: 5.1322
[032600] Loss: 7.7067, EPE: 5.6403
[032700] Loss: 7.6320, EPE: 4.6268
[032800] Loss: 7.6221, EPE: 5.6407
[032900] Loss: 7.1756, EPE: 4.6872
[033000] Loss: 7.2810, EPE: 5.0031
[033100] Loss: 7.5329, EPE: 5.3598
[033200] Loss: 7.7101, EPE: 5.4961
[033300] Loss: 7.4901, EPE: 5.1558
[033400] Loss: 7.8278, EPE: 6.1461
[033500] Loss: 7.5282, EPE: 5.0657
[033600] Loss: 7.4231, EPE: 5.0356
[033700] Loss: 7.5167, EPE: 4.9200
[033800] Loss: 7.4034, EPE: 5.2870
[033900] Loss: 7.3381, EPE: 4.9987
[034000] Loss: 7.1839, EPE: 4.4832
[034100] Loss: 7.4429, EPE: 5.1956
[034200] Loss: 7.7829, EPE: 4.8230
[034300] Loss: 7.5857, EPE: 4.8180
[034400] Loss: 7.5566, EPE: 5.4085
[034500] Loss: 7.6367, EPE: 5.2020
[034600] Loss: 7.4936, EPE: 5.2232
[034700] Loss: 7.0538, EPE: 4.2576
[034800] Loss: 7.3855, EPE: 4.7999
[034900] Loss: 7.2977, EPE: 4.9640
[035000] Loss: 7.5241, EPE: 5.2433
[035100] Loss: 7.3267, EPE: 5.1254
[035200] Loss: 7.7018, EPE: 5.5565
[035300] Loss: 7.3372, EPE: 4.6170
[035400] Loss: 7.4838, EPE: 5.6136
[035500] Loss: 7.2903, EPE: 4.8082
[035600] Loss: 7.3636, EPE: 5.2822
[035700] Loss: 7.4605, EPE: 5.1012
[035800] Loss: 7.5621, EPE: 5.3138
[035900] Loss: 7.2463, EPE: 4.8123
[036000] Loss: 7.6140, EPE: 5.5084
[036100] Loss: 7.3099, EPE: 4.7268
[036200] Loss: 7.2491, EPE: 4.9494
[036300] Loss: 7.4415, EPE: 4.9994
[036400] Loss: 7.4057, EPE: 5.1147
[036500] Loss: 7.4295, EPE: 5.3543
[036600] Loss: 7.2795, EPE: 4.7488
[036700] Loss: 7.5513, EPE: 5.5109
[036800] Loss: 7.2917, EPE: 4.8850
[036900] Loss: 7.2706, EPE: 4.7426
[037000] Loss: 7.4180, EPE: 5.8971
[037100] Loss: 7.1650, EPE: 5.0851
[037200] Loss: 7.2629, EPE: 4.9867
[037300] Loss: 7.3081, EPE: 5.2443
[037400] Loss: 7.2444, EPE: 5.1007
[037500] Loss: 7.1361, EPE: 4.9402
[037600] Loss: 7.2876, EPE: 4.9726
[037700] Loss: 7.2301, EPE: 4.5064
[037800] Loss: 7.4171, EPE: 5.7839
[037900] Loss: 7.2186, EPE: 4.7782
[038000] Loss: 7.2708, EPE: 4.7466
[038100] Loss: 7.2683, EPE: 5.0970
[038200] Loss: 7.2958, EPE: 5.2037
[038300] Loss: 7.5414, EPE: 5.6178
[038400] Loss: 7.3603, EPE: 5.1428
[038500] Loss: 7.1590, EPE: 4.5643
[038600] Loss: 7.2114, EPE: 4.8013
[038700] Loss: 6.9686, EPE: 4.3254
[038800] Loss: 7.1581, EPE: 4.3830
[038900] Loss: 7.2771, EPE: 5.4599
[039000] Loss: 7.3100, EPE: 4.9907
[039100] Loss: 7.5230, EPE: 4.8580
[039200] Loss: 7.2149, EPE: 4.4889
[039300] Loss: 7.2041, EPE: 5.1930
[039400] Loss: 7.3139, EPE: 5.3977
[039500] Loss: 7.3821, EPE: 5.3651
[039600] Loss: 6.9967, EPE: 4.5630
[039700] Loss: 7.0102, EPE: 4.9130
[039800] Loss: 7.2853, EPE: 4.9509
[039900] Loss: 7.1459, EPE: 5.0762
[040000] Loss: 7.2457, EPE: 4.6420
[040100] Loss: 6.9256, EPE: 4.5346
[040200] Loss: 7.1343, EPE: 4.8827
[040300] Loss: 6.9763, EPE: 4.2895
[040400] Loss: 7.1902, EPE: 4.6325
[040500] Loss: 7.2220, EPE: 4.9549
[040600] Loss: 7.0128, EPE: 4.2755
[040700] Loss: 7.1063, EPE: 4.2441
[040800] Loss: 7.2586, EPE: 4.9828
[040900] Loss: 7.1359, EPE: 4.7122
[041000] Loss: 6.9801, EPE: 4.3839
[041100] Loss: 7.2708, EPE: 5.1728
[041200] Loss: 7.0891, EPE: 5.2596
[041300] Loss: 6.9822, EPE: 5.1294
[041400] Loss: 7.3191, EPE: 5.1798
[041500] Loss: 7.2635, EPE: 4.8344
[041600] Loss: 7.2396, EPE: 4.6909
[041700] Loss: 7.2196, EPE: 5.1710
[041800] Loss: 7.3050, EPE: 4.8615
[041900] Loss: 7.0608, EPE: 4.5566
[042000] Loss: 7.1115, EPE: 5.0658
[042100] Loss: 7.0562, EPE: 4.9003
[042200] Loss: 7.1566, EPE: 5.7386
[042300] Loss: 7.0262, EPE: 4.7558
[042400] Loss: 7.0804, EPE: 4.6630
[042500] Loss: 7.2354, EPE: 5.0489
[042600] Loss: 6.8845, EPE: 4.2448
[042700] Loss: 7.1473, EPE: 4.8538
[042800] Loss: 7.1821, EPE: 4.9054
[042900] Loss: 7.3007, EPE: 4.5329
[043000] Loss: 7.1515, EPE: 4.8424
[043100] Loss: 7.2442, EPE: 4.8039
[043200] Loss: 7.2123, EPE: 4.8732
[043300] Loss: 7.0613, EPE: 4.5650
[043400] Loss: 6.9448, EPE: 4.6524
[043500] Loss: 7.0887, EPE: 4.4502
[043600] Loss: 7.1181, EPE: 4.5030
[043700] Loss: 7.0418, EPE: 4.3323
[043800] Loss: 6.9676, EPE: 4.3596
[043900] Loss: 6.9699, EPE: 4.4913
[044000] Loss: 7.0365, EPE: 4.2972
[044100] Loss: 6.8949, EPE: 4.4890
[044200] Loss: 7.0498, EPE: 4.3671
[044300] Loss: 6.9629, EPE: 4.9058
[044400] Loss: 7.0822, EPE: 4.8376
[044500] Loss: 6.8929, EPE: 4.4271
[044600] Loss: 7.1086, EPE: 4.8262
[044700] Loss: 6.8752, EPE: 4.1331
[044800] Loss: 7.0834, EPE: 4.7389
[044900] Loss: 7.1728, EPE: 4.7532
[045000] Loss: 7.3351, EPE: 5.1538
[045100] Loss: 7.3720, EPE: 5.2680
[045200] Loss: 6.9786, EPE: 4.1207
[045300] Loss: 7.0096, EPE: 4.5108
[045400] Loss: 7.1187, EPE: 5.1242
[045500] Loss: 6.9522, EPE: 4.4221
[045600] Loss: 7.0012, EPE: 4.4489
[045700] Loss: 7.0277, EPE: 5.2059
[045800] Loss: 6.8871, EPE: 4.4324
[045900] Loss: 6.8749, EPE: 4.6943
[046000] Loss: 6.9779, EPE: 4.2864
[046100] Loss: 6.9346, EPE: 4.6438
[046200] Loss: 7.0058, EPE: 4.8253
[046300] Loss: 7.0416, EPE: 5.2771
[046400] Loss: 7.2270, EPE: 5.4865
[046500] Loss: 7.1106, EPE: 4.8944
[046600] Loss: 6.8605, EPE: 4.2690
[046700] Loss: 6.9073, EPE: 4.6415
[046800] Loss: 7.0613, EPE: 5.1963
[046900] Loss: 6.7110, EPE: 4.1733
[047000] Loss: 7.1420, EPE: 5.1707
[047100] Loss: 7.0187, EPE: 4.6832
[047200] Loss: 7.0454, EPE: 4.6395
[047300] Loss: 6.8049, EPE: 4.6153
[047400] Loss: 7.1063, EPE: 5.1076
[047500] Loss: 7.0472, EPE: 4.7647
[047600] Loss: 6.9092, EPE: 4.4203
[047700] Loss: 7.1170, EPE: 5.2030
[047800] Loss: 6.9351, EPE: 4.4585
[047900] Loss: 6.7733, EPE: 4.3159
[048000] Loss: 6.8668, EPE: 4.6348
[048100] Loss: 7.0493, EPE: 4.6610
[048200] Loss: 6.9274, EPE: 4.7966
[048300] Loss: 6.9366, EPE: 4.7705
[048400] Loss: 6.7585, EPE: 4.2614
[048500] Loss: 6.8041, EPE: 4.0398
[048600] Loss: 7.1239, EPE: 4.6541
[048700] Loss: 6.6741, EPE: 3.9363
[048800] Loss: 6.9132, EPE: 4.2746
[048900] Loss: 7.3177, EPE: 5.6464
[049000] Loss: 6.9122, EPE: 4.6967
[049100] Loss: 6.9525, EPE: 4.4341
[049200] Loss: 7.1164, EPE: 4.8835
[049300] Loss: 6.8472, EPE: 4.3897
[049400] Loss: 6.9841, EPE: 4.5987
[049500] Loss: 6.8086, EPE: 4.0320
[049600] Loss: 6.7350, EPE: 4.3222
[049700] Loss: 6.7365, EPE: 4.1060
[049800] Loss: 6.8905, EPE: 4.4884
[049900] Loss: 6.7151, EPE: 4.1235
[050000] Loss: 6.7713, EPE: 4.4996
[050100] Loss: 6.8536, EPE: 4.5890
[050200] Loss: 6.8646, EPE: 5.1440
[050300] Loss: 6.8649, EPE: 4.5009
[050400] Loss: 6.9935, EPE: 4.7661
[050500] Loss: 6.8433, EPE: 4.2675
[050600] Loss: 6.6111, EPE: 3.9210
[050700] Loss: 6.6164, EPE: 3.9895
[050800] Loss: 6.5789, EPE: 4.0247
[050900] Loss: 6.8636, EPE: 4.5456
[051000] Loss: 6.5605, EPE: 3.8962
[051100] Loss: 6.8883, EPE: 4.5144
[051200] Loss: 6.6423, EPE: 4.2185
[051300] Loss: 6.9383, EPE: 4.4008
[051400] Loss: 6.8233, EPE: 4.3439
[051500] Loss: 6.9652, EPE: 4.3666
[051600] Loss: 6.8473, EPE: 4.4156
[051700] Loss: 7.0776, EPE: 4.6917
[051800] Loss: 6.8219, EPE: 4.4087
[051900] Loss: 6.8866, EPE: 4.2760
[052000] Loss: 6.7025, EPE: 4.1197
[052100] Loss: 6.7722, EPE: 4.2296
[052200] Loss: 6.9461, EPE: 4.8709
[052300] Loss: 6.5051, EPE: 3.7848
[052400] Loss: 6.9070, EPE: 4.5797
[052500] Loss: 6.6659, EPE: 3.8486
[052600] Loss: 6.8189, EPE: 4.5304
[052700] Loss: 6.4781, EPE: 4.1377
[052800] Loss: 7.1215, EPE: 5.0463
[052900] Loss: 6.7220, EPE: 4.2867
[053000] Loss: 6.9928, EPE: 4.4448
[053100] Loss: 7.0801, EPE: 5.2187
[053200] Loss: 6.8958, EPE: 4.9727
[053300] Loss: 6.7936, EPE: 5.3094
[053400] Loss: 6.9753, EPE: 5.1390
[053500] Loss: 6.7248, EPE: 3.7350
[053600] Loss: 6.9134, EPE: 4.4680
[053700] Loss: 6.9548, EPE: 5.5606
[053800] Loss: 6.8760, EPE: 4.7833
[053900] Loss: 6.8744, EPE: 4.1660
[054000] Loss: 6.6719, EPE: 4.2659
[054100] Loss: 6.8113, EPE: 4.3267
[054200] Loss: 7.0217, EPE: 4.9893
[054300] Loss: 7.0130, EPE: 4.7898
[054400] Loss: 6.9506, EPE: 5.1077
[054500] Loss: 7.0276, EPE: 5.0544
[054600] Loss: 6.8727, EPE: 4.5069
[054700] Loss: 6.7658, EPE: 4.3501
[054800] Loss: 6.9968, EPE: 4.7953
[054900] Loss: 6.7615, EPE: 4.8312
[055000] Loss: 6.8381, EPE: 4.2115
[055100] Loss: 6.9687, EPE: 4.6036
[055200] Loss: 6.9326, EPE: 4.7835
[055300] Loss: 6.7779, EPE: 4.4781
[055400] Loss: 6.7211, EPE: 4.3656
[055500] Loss: 6.8108, EPE: 4.3753
[055600] Loss: 6.8824, EPE: 4.8465
[055700] Loss: 7.0917, EPE: 5.0543
[055800] Loss: 6.7241, EPE: 4.2917
[055900] Loss: 6.7656, EPE: 4.2648
[056000] Loss: 6.9688, EPE: 4.7497
[056100] Loss: 6.7605, EPE: 4.1040
[056200] Loss: 6.7719, EPE: 4.4601
[056300] Loss: 6.6140, EPE: 4.0531
[056400] Loss: 6.6817, EPE: 4.3042
[056500] Loss: 6.5725, EPE: 4.0173
[056600] Loss: 6.7568, EPE: 4.4618
[056700] Loss: 6.5873, EPE: 3.8745
[056800] Loss: 6.6951, EPE: 4.3646
[056900] Loss: 6.6118, EPE: 4.4036
[057000] Loss: 6.8540, EPE: 4.5770
[057100] Loss: 6.8491, EPE: 4.2490
[057200] Loss: 6.8148, EPE: 4.4963
[057300] Loss: 6.6219, EPE: 4.5842
[057400] Loss: 6.6988, EPE: 4.4068
[057500] Loss: 6.6560, EPE: 4.1189
[057600] Loss: 6.6064, EPE: 4.1157
[057700] Loss: 6.6739, EPE: 4.6552
[057800] Loss: 7.3258, EPE: 5.2130
[057900] Loss: 6.7064, EPE: 4.0340
[058000] Loss: 6.8736, EPE: 4.7689
[058100] Loss: 6.9423, EPE: 5.0553
[058200] Loss: 6.7119, EPE: 4.4926
[058300] Loss: 6.7703, EPE: 4.7500
[058400] Loss: 6.6908, EPE: 4.4021
[058500] Loss: 6.6448, EPE: 4.7294
[058600] Loss: 6.7817, EPE: 4.8272
[058700] Loss: 6.5790, EPE: 4.0913
[058800] Loss: 6.6253, EPE: 4.0030
[058900] Loss: 6.7384, EPE: 4.6556
[059000] Loss: 6.5459, EPE: 4.0501
[059100] Loss: 6.7592, EPE: 4.7431
[059200] Loss: 7.5721, EPE: 7.9928
[059300] Loss: 6.7918, EPE: 4.4798
[059400] Loss: 6.8439, EPE: 4.1834
[059500] Loss: 7.3610, EPE: 6.1557
[059600] Loss: 6.6053, EPE: 4.0037
[059700] Loss: 6.3478, EPE: 3.6950
[059800] Loss: 6.4671, EPE: 3.8177
[059900] Loss: 6.6923, EPE: 4.1846
[060000] Loss: 6.5327, EPE: 3.8261
[060100] Loss: 6.8488, EPE: 4.4374
[060200] Loss: 6.5979, EPE: 4.8984
[060300] Loss: 6.7361, EPE: 4.2878
[060400] Loss: 6.5303, EPE: 4.1039
[060500] Loss: 6.5954, EPE: 4.5941
[060600] Loss: 6.6612, EPE: 4.0563
[060700] Loss: 6.5764, EPE: 3.8360
[060800] Loss: 6.6526, EPE: 4.7958
[060900] Loss: 6.7044, EPE: 4.1408
[061000] Loss: 6.5880, EPE: 4.3201
[061100] Loss: 6.5321, EPE: 3.8786
[061200] Loss: 6.5908, EPE: 4.0734
[061300] Loss: 6.8688, EPE: 4.6474
[061400] Loss: 6.5920, EPE: 4.3060
[061500] Loss: 6.5408, EPE: 4.1412
[061600] Loss: 6.8520, EPE: 4.8439
[061700] Loss: 6.5338, EPE: 4.2420
[061800] Loss: 6.8196, EPE: 4.9163
[061900] Loss: 6.6926, EPE: 4.4947
[062000] Loss: 6.6058, EPE: 4.1239
[062100] Loss: 6.4965, EPE: 4.3295
[062200] Loss: 6.5154, EPE: 3.9868
[062300] Loss: 7.1843, EPE: 4.9771
[062400] Loss: 6.7201, EPE: 4.5217
[062500] Loss: 6.8042, EPE: 4.5977
[062600] Loss: 6.6274, EPE: 4.1242
[062700] Loss: 6.7653, EPE: 4.4262
[062800] Loss: 6.5928, EPE: 4.1884
[062900] Loss: 6.6788, EPE: 4.2958
[063000] Loss: 6.4632, EPE: 4.0000
[063100] Loss: 6.6477, EPE: 4.6092
[063200] Loss: 6.6074, EPE: 4.0785
[063300] Loss: 6.5322, EPE: 4.1002
[063400] Loss: 6.7088, EPE: 4.5464
[063500] Loss: 6.5742, EPE: 4.2923
[063600] Loss: 7.1248, EPE: 5.6833
[063700] Loss: 6.6806, EPE: 4.2098
[063800] Loss: 6.8345, EPE: 4.9686
[063900] Loss: 6.8152, EPE: 5.1443
[064000] Loss: 6.5606, EPE: 4.5648
[064100] Loss: 6.5989, EPE: 4.8057
[064200] Loss: 6.8451, EPE: 5.2600
[064300] Loss: 6.6172, EPE: 4.3508
[064400] Loss: 6.4687, EPE: 4.2201
[064500] Loss: 6.5004, EPE: 3.9131
[064600] Loss: 6.6438, EPE: 4.1720
[064700] Loss: 6.4102, EPE: 3.5259
[064800] Loss: 6.6039, EPE: 4.7171
[064900] Loss: 6.4914, EPE: 3.8830
[065000] Loss: 6.4531, EPE: 3.7398
[065100] Loss: 6.4653, EPE: 3.8645
[065200] Loss: 6.5129, EPE: 3.9937
[065300] Loss: 6.5575, EPE: 3.9850
[065400] Loss: 6.5901, EPE: 4.3820
[065500] Loss: 6.4017, EPE: 3.5338
[065600] Loss: 6.4970, EPE: 4.0813
[065700] Loss: 6.5966, EPE: 3.9177
[065800] Loss: 6.6367, EPE: 4.1502
[065900] Loss: 6.4579, EPE: 4.4985
[066000] Loss: 6.4913, EPE: 4.5072
[066100] Loss: 6.5437, EPE: 4.3069
[066200] Loss: 6.5944, EPE: 4.3320
[066300] Loss: 6.7025, EPE: 5.0003
[066400] Loss: 6.6036, EPE: 4.0946
[066500] Loss: 6.3275, EPE: 3.6668
[066600] Loss: 6.6689, EPE: 4.3722
[066700] Loss: 6.6479, EPE: 4.0078
[066800] Loss: 6.5028, EPE: 4.1439
[066900] Loss: 6.3591, EPE: 3.7109
[067000] Loss: 6.4440, EPE: 3.9876
[067100] Loss: 6.4916, EPE: 4.4594
[067200] Loss: 6.5931, EPE: 4.2234
[067300] Loss: 6.6137, EPE: 4.5203
[067400] Loss: 6.4418, EPE: 3.8240
[067500] Loss: 6.7399, EPE: 4.9603
