nohup: ignoring input
Training with 22232 image pairs
/venv/waft/lib/python3.12/site-packages/torch/functional.py:505: UserWarning: torch.meshgrid: in an upcoming release, it will be required to pass the indexing argument. (Triggered internally at /pytorch/aten/src/ATen/native/TensorShape.cpp:4317.)
  return _VF.meshgrid(tensors, **kwargs)  # type: ignore[attr-defined]
[000000] Loss: 83.9390, EPE: 23.2434
[000100] Loss: 84.5986, EPE: 22.9247
[000200] Loss: 60.7865, EPE: 23.5205
[000300] Loss: 25.6065, EPE: 23.6769
[000400] Loss: 24.7782, EPE: 22.1912
[000500] Loss: 24.8042, EPE: 22.5766
[000600] Loss: 24.8319, EPE: 22.7037
[000700] Loss: 24.6638, EPE: 22.4698
[000800] Loss: 24.5064, EPE: 22.2149
[000900] Loss: 24.7217, EPE: 22.7460
[001000] Loss: 24.5554, EPE: 22.6594
[001100] Loss: 24.2441, EPE: 22.1499
[001200] Loss: 24.1962, EPE: 22.0366
[001300] Loss: 23.9148, EPE: 21.1724
[001400] Loss: 23.9623, EPE: 21.7223
[001500] Loss: 23.9119, EPE: 21.5078
[001600] Loss: 24.2114, EPE: 22.7159
[001700] Loss: 23.8009, EPE: 21.8289
[001800] Loss: 23.7968, EPE: 22.0334
[001900] Loss: 23.8775, EPE: 21.6928
[002000] Loss: 24.0571, EPE: 22.7653
[002100] Loss: 24.1352, EPE: 22.8471
[002200] Loss: 23.8883, EPE: 21.8432
[002300] Loss: 23.4358, EPE: 20.7464
[002400] Loss: 24.1509, EPE: 23.2881
[002500] Loss: 24.0615, EPE: 22.6436
[002600] Loss: 23.8903, EPE: 22.6500
[002700] Loss: 23.8179, EPE: 22.2418
[002800] Loss: 23.5582, EPE: 21.6980
[002900] Loss: 23.7914, EPE: 22.0172
[003000] Loss: 23.6597, EPE: 21.9232
[003100] Loss: 23.4494, EPE: 21.4477
[003200] Loss: 23.7381, EPE: 21.5796
[003300] Loss: 23.5377, EPE: 21.6036
[003400] Loss: 23.2325, EPE: 20.3473
[003500] Loss: 23.2227, EPE: 20.3956
[003600] Loss: 22.7664, EPE: 18.4341
[003700] Loss: 23.0616, EPE: 19.6195
[003800] Loss: 22.9131, EPE: 19.2348
[003900] Loss: 21.9554, EPE: 16.7976
[004000] Loss: 21.8706, EPE: 16.9322
[004100] Loss: 22.1726, EPE: 16.6451
[004200] Loss: 21.3325, EPE: 14.0909
[004300] Loss: 20.9750, EPE: 13.3257
[004400] Loss: 20.8046, EPE: 12.4600
[004500] Loss: 20.7688, EPE: 12.9426
[004600] Loss: 20.4690, EPE: 11.9361
[004700] Loss: 20.4111, EPE: 11.7843
[004800] Loss: 19.8550, EPE: 10.4105
[004900] Loss: 19.4572, EPE: 10.3965
[005000] Loss: 19.4953, EPE: 11.3524
[005100] Loss: 19.3082, EPE: 10.4110
[005200] Loss: 19.3301, EPE: 10.7919
[005300] Loss: 18.9470, EPE: 9.7120
[005400] Loss: 18.8115, EPE: 9.9034
[005500] Loss: 18.6192, EPE: 9.6770
[005600] Loss: 18.4732, EPE: 9.9223
[005700] Loss: 18.3868, EPE: 9.5276
[005800] Loss: 18.7569, EPE: 9.5630
[005900] Loss: 18.3895, EPE: 9.0317
[006000] Loss: 18.1746, EPE: 9.1424
[006100] Loss: 17.9989, EPE: 8.6928
[006200] Loss: 18.0240, EPE: 9.0453
[006300] Loss: 17.4153, EPE: 8.0498
[006400] Loss: 17.9128, EPE: 9.1277
[006500] Loss: 17.6884, EPE: 8.7496
[006600] Loss: 17.3394, EPE: 8.3173
[006700] Loss: 17.1299, EPE: 7.8261
[006800] Loss: 17.2804, EPE: 8.6458
[006900] Loss: 17.0235, EPE: 8.0766
[007000] Loss: 17.2181, EPE: 8.6145
[007100] Loss: 16.9920, EPE: 8.1925
[007200] Loss: 16.9651, EPE: 8.1075
[007300] Loss: 16.6088, EPE: 7.8182
[007400] Loss: 16.5550, EPE: 7.6347
[007500] Loss: 16.4954, EPE: 6.8426
[007600] Loss: 16.6410, EPE: 7.3748
[007700] Loss: 16.9442, EPE: 8.9982
[007800] Loss: 15.9913, EPE: 7.6928
[007900] Loss: 16.6481, EPE: 7.7786
[008000] Loss: 16.6016, EPE: 8.7720
[008100] Loss: 16.2728, EPE: 7.7116
[008200] Loss: 16.4162, EPE: 7.5723
[008300] Loss: 16.1249, EPE: 7.6371
[008400] Loss: 15.9323, EPE: 6.7281
[008500] Loss: 15.7285, EPE: 7.4491
[008600] Loss: 16.0914, EPE: 7.6458
[008700] Loss: 15.8548, EPE: 7.4510
[008800] Loss: 15.4170, EPE: 6.7198
[008900] Loss: 15.7098, EPE: 6.9750
[009000] Loss: 15.7951, EPE: 7.1236
[009100] Loss: 15.4699, EPE: 7.0593
[009200] Loss: 15.6853, EPE: 7.3024
[009300] Loss: 15.8340, EPE: 6.8967
[009400] Loss: 16.3170, EPE: 9.1489
[009500] Loss: 15.6799, EPE: 6.8940
[009600] Loss: 15.5178, EPE: 7.2189
[009700] Loss: 15.6297, EPE: 7.0198
[009800] Loss: 16.4298, EPE: 9.0919
[009900] Loss: 15.7666, EPE: 7.7301
[010000] Loss: 15.4789, EPE: 7.1518
[010100] Loss: 15.3150, EPE: 6.9473
[010200] Loss: 15.1331, EPE: 6.6196
[010300] Loss: 16.1476, EPE: 7.8216
[010400] Loss: 15.4126, EPE: 7.2752
[010500] Loss: 15.0620, EPE: 6.7320
[010600] Loss: 15.0268, EPE: 6.6687
[010700] Loss: 15.6393, EPE: 7.0988
[010800] Loss: 15.2735, EPE: 6.4157
[010900] Loss: 15.6130, EPE: 7.8190
[011000] Loss: 15.0352, EPE: 7.0484
[011100] Loss: 15.1954, EPE: 6.6354
[011200] Loss: 15.0024, EPE: 6.8864
[011300] Loss: 15.0591, EPE: 6.8032
[011400] Loss: 14.8333, EPE: 6.8302
[011500] Loss: 15.2751, EPE: 6.9901
[011600] Loss: 14.8457, EPE: 6.4853
[011700] Loss: 15.0252, EPE: 6.7218
[011800] Loss: 15.1189, EPE: 6.7721
[011900] Loss: 14.7717, EPE: 6.0815
[012000] Loss: 14.8767, EPE: 6.6782
[012100] Loss: 15.5572, EPE: 7.0781
[012200] Loss: 14.5370, EPE: 6.7897
[012300] Loss: 14.2815, EPE: 5.8999
[012400] Loss: 14.6686, EPE: 6.4880
[012500] Loss: 14.4352, EPE: 6.7635
[012600] Loss: 14.4340, EPE: 7.0048
[012700] Loss: 14.7181, EPE: 6.6725
[012800] Loss: 14.4826, EPE: 6.3145
[012900] Loss: 14.2255, EPE: 6.0546
[013000] Loss: 14.5088, EPE: 6.7788
[013100] Loss: 14.3228, EPE: 6.2227
[013200] Loss: 14.5425, EPE: 5.7673
[013300] Loss: 14.1706, EPE: 5.7380
[013400] Loss: 14.1553, EPE: 6.0650
[013500] Loss: 14.6843, EPE: 6.6220
[013600] Loss: 14.5612, EPE: 6.6814
[013700] Loss: 14.5872, EPE: 6.7096
[013800] Loss: 13.9879, EPE: 6.3917
[013900] Loss: 13.7645, EPE: 5.7884
[014000] Loss: 14.6833, EPE: 6.5746
[014100] Loss: 14.1428, EPE: 6.4040
[014200] Loss: 13.6873, EPE: 5.4916
[014300] Loss: 13.9739, EPE: 6.3792
[014400] Loss: 14.3012, EPE: 6.6957
[014500] Loss: 13.6486, EPE: 5.6953
[014600] Loss: 14.0073, EPE: 6.2398
[014700] Loss: 14.1079, EPE: 6.5358
[014800] Loss: 13.8456, EPE: 6.2303
[014900] Loss: 14.4426, EPE: 6.5911
[015000] Loss: 14.2189, EPE: 5.9005
[015100] Loss: 14.1112, EPE: 6.8531
[015200] Loss: 13.8454, EPE: 6.3774
[015300] Loss: 14.7448, EPE: 7.1757
[015400] Loss: 14.0818, EPE: 6.2459
[015500] Loss: 14.0601, EPE: 5.9402
[015600] Loss: 13.7669, EPE: 5.8852
[015700] Loss: 13.9311, EPE: 6.0712
[015800] Loss: 13.6937, EPE: 6.0755
[015900] Loss: 13.6610, EPE: 5.6609
[016000] Loss: 13.7701, EPE: 5.9740
[016100] Loss: 13.5011, EPE: 6.2841
[016200] Loss: 13.1297, EPE: 5.0897
[016300] Loss: 13.7835, EPE: 6.0414
[016400] Loss: 13.2463, EPE: 5.6140
[016500] Loss: 13.5922, EPE: 6.0769
[016600] Loss: 13.5190, EPE: 5.9287
[016700] Loss: 14.3759, EPE: 5.9668
[016800] Loss: 14.2312, EPE: 6.5761
[016900] Loss: 13.1585, EPE: 5.2861
[017000] Loss: 13.6282, EPE: 5.8102
[017100] Loss: 13.3992, EPE: 5.4051
[017200] Loss: 14.1954, EPE: 6.0692
[017300] Loss: 13.5823, EPE: 5.6080
[017400] Loss: 13.3277, EPE: 5.5801
[017500] Loss: 13.1700, EPE: 5.3639
[017600] Loss: 13.6580, EPE: 5.9803
[017700] Loss: 13.2569, EPE: 5.6972
[017800] Loss: 13.4316, EPE: 6.0783
[017900] Loss: 13.9423, EPE: 6.4555
[018000] Loss: 13.8721, EPE: 6.3464
[018100] Loss: 13.6945, EPE: 6.1562
[018200] Loss: 13.3129, EPE: 5.6537
[018300] Loss: 13.1013, EPE: 5.1444
[018400] Loss: 13.3303, EPE: 5.9241
[018500] Loss: 13.5099, EPE: 6.2488
[018600] Loss: 13.4839, EPE: 6.0793
[018700] Loss: 13.1648, EPE: 5.6492
[018800] Loss: 13.1845, EPE: 5.8809
[018900] Loss: 13.1771, EPE: 5.7732
[019000] Loss: 13.2205, EPE: 6.5397
[019100] Loss: 13.3610, EPE: 5.7124
[019200] Loss: 13.5595, EPE: 5.7348
[019300] Loss: 13.0770, EPE: 4.9348
[019400] Loss: 13.1833, EPE: 5.7354
[019500] Loss: 12.9620, EPE: 5.3852
[019600] Loss: 13.3898, EPE: 5.9847
[019700] Loss: 12.6680, EPE: 5.4697
[019800] Loss: 12.9137, EPE: 5.3430
[019900] Loss: 13.4542, EPE: 6.4547
[020000] Loss: 13.1387, EPE: 5.2184
[020100] Loss: 13.8671, EPE: 6.4284
[020200] Loss: 13.1190, EPE: 6.1606
[020300] Loss: 12.9803, EPE: 5.4329
[020400] Loss: 12.7426, EPE: 5.1376
[020500] Loss: 12.8595, EPE: 5.4451
[020600] Loss: 13.3103, EPE: 5.2570
[020700] Loss: 13.3007, EPE: 5.2635
[020800] Loss: 12.9246, EPE: 5.0834
[020900] Loss: 12.6986, EPE: 5.5932
[021000] Loss: 13.3553, EPE: 6.0518
[021100] Loss: 12.9516, EPE: 5.6304
[021200] Loss: 13.3090, EPE: 5.7778
[021300] Loss: 13.1153, EPE: 5.8358
[021400] Loss: 13.1558, EPE: 6.0621
[021500] Loss: 13.3134, EPE: 5.9046
[021600] Loss: 13.2997, EPE: 5.8965
[021700] Loss: 13.0073, EPE: 5.8895
[021800] Loss: 12.9041, EPE: 5.8820
[021900] Loss: 13.1958, EPE: 5.6974
[022000] Loss: 13.3628, EPE: 5.5144
[022100] Loss: 13.0065, EPE: 5.1595
[022200] Loss: 12.7351, EPE: 5.3772
[022300] Loss: 13.3660, EPE: 6.0486
[022400] Loss: 12.9023, EPE: 5.4965
[022500] Loss: 12.5877, EPE: 4.7961
[022600] Loss: 12.7332, EPE: 5.1882
[022700] Loss: 13.1664, EPE: 5.7122
[022800] Loss: 13.4065, EPE: 6.0154
[022900] Loss: 13.1707, EPE: 5.7324
[023000] Loss: 12.8995, EPE: 5.2915
[023100] Loss: 13.1575, EPE: 6.1107
[023200] Loss: 12.8957, EPE: 5.5135
[023300] Loss: 12.7802, EPE: 5.6907
[023400] Loss: 13.1211, EPE: 5.8434
[023500] Loss: 12.4585, EPE: 5.3031
[023600] Loss: 12.6964, EPE: 4.9884
[023700] Loss: 12.7169, EPE: 5.7106
[023800] Loss: 12.3602, EPE: 5.2859
[023900] Loss: 12.5573, EPE: 5.4112
[024000] Loss: 12.4916, EPE: 5.1165
[024100] Loss: 12.4850, EPE: 5.1482
[024200] Loss: 12.7744, EPE: 5.3458
[024300] Loss: 12.1988, EPE: 5.0585
[024400] Loss: 12.3744, EPE: 4.9152
[024500] Loss: 12.4321, EPE: 5.0168
[024600] Loss: 12.4908, EPE: 4.6439
[024700] Loss: 12.6020, EPE: 5.2902
[024800] Loss: 12.6208, EPE: 5.7103
[024900] Loss: 12.7243, EPE: 5.7448
[025000] Loss: 12.4576, EPE: 5.0245
[025100] Loss: 12.7210, EPE: 5.9459
[025200] Loss: 12.6287, EPE: 5.5804
[025300] Loss: 12.4350, EPE: 5.9185
[025400] Loss: 12.8097, EPE: 5.7199
[025500] Loss: 12.6930, EPE: 6.0331
[025600] Loss: 12.4720, EPE: 5.6013
[025700] Loss: 12.4194, EPE: 5.3724
[025800] Loss: 12.3817, EPE: 5.2273
[025900] Loss: 12.2818, EPE: 5.8599
[026000] Loss: 12.2511, EPE: 5.1749
[026100] Loss: 12.5429, EPE: 5.1461
[026200] Loss: 12.4350, EPE: 5.0912
[026300] Loss: 12.3199, EPE: 5.0558
[026400] Loss: 12.0526, EPE: 5.3112
[026500] Loss: 11.9935, EPE: 4.9048
[026600] Loss: 12.1012, EPE: 4.9330
[026700] Loss: 11.9417, EPE: 4.7047
[026800] Loss: 12.3285, EPE: 4.9518
[026900] Loss: 11.9750, EPE: 4.9128
[027000] Loss: 12.3002, EPE: 5.3110
[027100] Loss: 12.2305, EPE: 4.9955
[027200] Loss: 12.2707, EPE: 4.7762
[027300] Loss: 12.6821, EPE: 5.1185
[027400] Loss: 12.1686, EPE: 4.7477
[027500] Loss: 12.0701, EPE: 5.1712
[027600] Loss: 12.4510, EPE: 5.6314
[027700] Loss: 12.4123, EPE: 5.1752
[027800] Loss: 12.4514, EPE: 5.4074
[027900] Loss: 12.0172, EPE: 4.7755
[028000] Loss: 12.1334, EPE: 5.1489
[028100] Loss: 12.2694, EPE: 5.3399
[028200] Loss: 12.7752, EPE: 5.2633
[028300] Loss: 12.4447, EPE: 5.2364
[028400] Loss: 12.5783, EPE: 5.3818
[028500] Loss: 12.0456, EPE: 5.1517
[028600] Loss: 12.0650, EPE: 4.7193
[028700] Loss: 12.7244, EPE: 5.5826
[028800] Loss: 12.0700, EPE: 5.2699
[028900] Loss: 12.3072, EPE: 5.6956
[029000] Loss: 11.8678, EPE: 4.9175
[029100] Loss: 12.1889, EPE: 5.0486
[029200] Loss: 12.2095, EPE: 5.6447
[029300] Loss: 12.1995, EPE: 5.2232
[029400] Loss: 12.1197, EPE: 5.4160
[029500] Loss: 12.5819, EPE: 5.9590
[029600] Loss: 12.5220, EPE: 4.7647
[029700] Loss: 11.8512, EPE: 4.7316
[029800] Loss: 11.8359, EPE: 5.1660
[029900] Loss: 12.1928, EPE: 5.2016
[030000] Loss: 11.9007, EPE: 5.0489
[030100] Loss: 11.9048, EPE: 4.6876
[030200] Loss: 12.0033, EPE: 5.3199
[030300] Loss: 12.0116, EPE: 5.4289
[030400] Loss: 12.0752, EPE: 5.4827
[030500] Loss: 12.4298, EPE: 5.7085
[030600] Loss: 12.3339, EPE: 5.7685
[030700] Loss: 12.0177, EPE: 5.0333
[030800] Loss: 11.9995, EPE: 4.4486
[030900] Loss: 11.8657, EPE: 4.9159
[031000] Loss: 12.1422, EPE: 5.3561
[031100] Loss: 11.9284, EPE: 4.1916
[031200] Loss: 12.4870, EPE: 5.5081
[031300] Loss: 11.7435, EPE: 4.9073
[031400] Loss: 11.6414, EPE: 4.5076
[031500] Loss: 12.6112, EPE: 5.7585
[031600] Loss: 11.8872, EPE: 4.9366
[031700] Loss: 11.7818, EPE: 5.3327
[031800] Loss: 11.6310, EPE: 4.6595
[031900] Loss: 11.9948, EPE: 5.7353
[032000] Loss: 11.9710, EPE: 4.4077
[032100] Loss: 12.1616, EPE: 4.9927
[032200] Loss: 12.1671, EPE: 5.0522
[032300] Loss: 12.1320, EPE: 4.8574
[032400] Loss: 11.9315, EPE: 4.7060
[032500] Loss: 11.7121, EPE: 4.8648
[032600] Loss: 12.1488, EPE: 5.3942
[032700] Loss: 11.9257, EPE: 4.8941
[032800] Loss: 12.1819, EPE: 5.2665
[032900] Loss: 11.8354, EPE: 4.6197
[033000] Loss: 11.7671, EPE: 5.2312
[033100] Loss: 11.6569, EPE: 5.3127
[033200] Loss: 11.5606, EPE: 4.6064
[033300] Loss: 11.7471, EPE: 4.6104
[033400] Loss: 11.5092, EPE: 4.4829
[033500] Loss: 11.9862, EPE: 5.0979
[033600] Loss: 11.4012, EPE: 4.3895
[033700] Loss: 11.7484, EPE: 4.4626
[033800] Loss: 11.6950, EPE: 4.8679
[033900] Loss: 12.4193, EPE: 5.7589
[034000] Loss: 11.6437, EPE: 4.8770
[034100] Loss: 11.8229, EPE: 5.1424
[034200] Loss: 11.7577, EPE: 4.6752
[034300] Loss: 11.8176, EPE: 4.5171
[034400] Loss: 11.7847, EPE: 5.5220
[034500] Loss: 11.9678, EPE: 4.9974
[034600] Loss: 12.0844, EPE: 5.2361
[034700] Loss: 11.7068, EPE: 4.7609
[034800] Loss: 11.5025, EPE: 4.4191
[034900] Loss: 11.7760, EPE: 4.3542
[035000] Loss: 11.4909, EPE: 4.3735
[035100] Loss: 11.4490, EPE: 4.8091
[035200] Loss: 11.8059, EPE: 4.9736
[035300] Loss: 11.9952, EPE: 5.5926
[035400] Loss: 11.6944, EPE: 4.3927
[035500] Loss: 11.7541, EPE: 4.6925
[035600] Loss: 11.6953, EPE: 4.8055
[035700] Loss: 11.3504, EPE: 4.4233
[035800] Loss: 11.7450, EPE: 4.8533
[035900] Loss: 11.6403, EPE: 4.6678
[036000] Loss: 11.6971, EPE: 4.6693
[036100] Loss: 11.5756, EPE: 4.4372
[036200] Loss: 11.6411, EPE: 5.0347
[036300] Loss: 11.7696, EPE: 5.1458
[036400] Loss: 11.9191, EPE: 4.9875
[036500] Loss: 11.7526, EPE: 5.4984
[036600] Loss: 11.5040, EPE: 4.9356
[036700] Loss: 11.2913, EPE: 4.8963
[036800] Loss: 11.8873, EPE: 5.5830
[036900] Loss: 11.6493, EPE: 5.1567
[037000] Loss: 11.5326, EPE: 4.7583
[037100] Loss: 11.8099, EPE: 4.8277
[037200] Loss: 11.8000, EPE: 4.5311
[037300] Loss: 11.6281, EPE: 4.2937
[037400] Loss: 11.8026, EPE: 4.7600
[037500] Loss: 11.6766, EPE: 4.5742
[037600] Loss: 11.4841, EPE: 4.6138
[037700] Loss: 11.3634, EPE: 4.0586
[037800] Loss: 12.3965, EPE: 6.7092
[037900] Loss: 11.6053, EPE: 4.7855
[038000] Loss: 11.6024, EPE: 4.8209
[038100] Loss: 11.4811, EPE: 4.9942
[038200] Loss: 11.4963, EPE: 4.5380
[038300] Loss: 11.5315, EPE: 4.1526
[038400] Loss: 11.3757, EPE: 4.8468
[038500] Loss: 11.4353, EPE: 4.6828
[038600] Loss: 11.6698, EPE: 5.4122
[038700] Loss: 11.4760, EPE: 4.6417
[038800] Loss: 11.4406, EPE: 4.6275
[038900] Loss: 11.5885, EPE: 4.8698
[039000] Loss: 11.4604, EPE: 4.7627
[039100] Loss: 11.4168, EPE: 5.2698
[039200] Loss: 11.6154, EPE: 5.0980
[039300] Loss: 11.5460, EPE: 4.5175
[039400] Loss: 11.4972, EPE: 5.1259
[039500] Loss: 11.6052, EPE: 5.0154
[039600] Loss: 11.1681, EPE: 4.5744
[039700] Loss: 11.8588, EPE: 5.3652
[039800] Loss: 11.5715, EPE: 4.7846
[039900] Loss: 11.6743, EPE: 5.2588
[040000] Loss: 12.0576, EPE: 5.4288
[040100] Loss: 11.8314, EPE: 4.7220
[040200] Loss: 11.4829, EPE: 4.9375
[040300] Loss: 11.4463, EPE: 5.3845
[040400] Loss: 11.5195, EPE: 5.0081
[040500] Loss: 11.6793, EPE: 5.0298
[040600] Loss: 11.7386, EPE: 4.9053
[040700] Loss: 11.7817, EPE: 4.8109
[040800] Loss: 11.6595, EPE: 4.5932
[040900] Loss: 11.5266, EPE: 5.0307
[041000] Loss: 11.9134, EPE: 5.3564
[041100] Loss: 11.6979, EPE: 4.8326
[041200] Loss: 11.1542, EPE: 3.9295
[041300] Loss: 11.7508, EPE: 4.6755
[041400] Loss: 11.6311, EPE: 4.7431
[041500] Loss: 11.4577, EPE: 4.0977
[041600] Loss: 11.3782, EPE: 4.8832
[041700] Loss: 11.0938, EPE: 4.3326
[041800] Loss: 11.3239, EPE: 4.5553
[041900] Loss: 11.3601, EPE: 4.9540
[042000] Loss: 11.4494, EPE: 5.1592
[042100] Loss: 11.2964, EPE: 4.9303
[042200] Loss: 11.2082, EPE: 4.4627
[042300] Loss: 11.4611, EPE: 4.8646
[042400] Loss: 11.1710, EPE: 4.2071
[042500] Loss: 11.1168, EPE: 4.2723
[042600] Loss: 11.5123, EPE: 4.7051
[042700] Loss: 11.2592, EPE: 4.6257
[042800] Loss: 11.1978, EPE: 4.3207
[042900] Loss: 11.0177, EPE: 4.3616
[043000] Loss: 11.4258, EPE: 4.9321
[043100] Loss: 11.1471, EPE: 4.4538
[043200] Loss: 11.1680, EPE: 4.3796
[043300] Loss: 10.9087, EPE: 4.3025
[043400] Loss: 11.0199, EPE: 4.2197
[043500] Loss: 11.2608, EPE: 4.4202
[043600] Loss: 10.8584, EPE: 4.4339
[043700] Loss: 11.1106, EPE: 4.3598
[043800] Loss: 11.1685, EPE: 4.9567
[043900] Loss: 10.9062, EPE: 4.1768
[044000] Loss: 11.1967, EPE: 4.6663
[044100] Loss: 11.1256, EPE: 4.5359
[044200] Loss: 11.2638, EPE: 4.6448
[044300] Loss: 10.8919, EPE: 4.3549
[044400] Loss: 11.1669, EPE: 4.7374
[044500] Loss: 11.2907, EPE: 5.1283
[044600] Loss: 10.6846, EPE: 3.7149
[044700] Loss: 11.0385, EPE: 4.2839
[044800] Loss: 11.0646, EPE: 4.3842
[044900] Loss: 11.0454, EPE: 4.5900
[045000] Loss: 10.9200, EPE: 4.4243
[045100] Loss: 11.1953, EPE: 4.4932
[045200] Loss: 11.4187, EPE: 4.7866
[045300] Loss: 11.2423, EPE: 4.6834
[045400] Loss: 11.2958, EPE: 4.9750
[045500] Loss: 11.0899, EPE: 4.7280
[045600] Loss: 11.0946, EPE: 4.1272
[045700] Loss: 11.0752, EPE: 4.2504
[045800] Loss: 10.9860, EPE: 4.7802
[045900] Loss: 11.1597, EPE: 5.3250
[046000] Loss: 10.6997, EPE: 3.9113
[046100] Loss: 10.7684, EPE: 4.4887
[046200] Loss: 10.9172, EPE: 4.4227
[046300] Loss: 10.9163, EPE: 3.8088
[046400] Loss: 10.9701, EPE: 4.1951
[046500] Loss: 11.2378, EPE: 5.0761
[046600] Loss: 10.8745, EPE: 3.9913
[046700] Loss: 11.1510, EPE: 4.7865
[046800] Loss: 10.8441, EPE: 4.3404
[046900] Loss: 10.9779, EPE: 4.6369
[047000] Loss: 10.7597, EPE: 4.2506
[047100] Loss: 10.7763, EPE: 4.5953
[047200] Loss: 10.8982, EPE: 4.1075
[047300] Loss: 10.9012, EPE: 4.1933
[047400] Loss: 10.8779, EPE: 4.6996
[047500] Loss: 10.6833, EPE: 4.0333
[047600] Loss: 10.9620, EPE: 4.5350
[047700] Loss: 10.8277, EPE: 4.0540
[047800] Loss: 10.8486, EPE: 4.5326
[047900] Loss: 10.9168, EPE: 4.3842
[048000] Loss: 11.0495, EPE: 4.0431
[048100] Loss: 10.8476, EPE: 4.5699
[048200] Loss: 10.6756, EPE: 4.3151
[048300] Loss: 11.4050, EPE: 4.6480
[048400] Loss: 10.8341, EPE: 3.9998
[048500] Loss: 11.0253, EPE: 4.4112
[048600] Loss: 10.9435, EPE: 4.4237
[048700] Loss: 10.6518, EPE: 4.1663
[048800] Loss: 10.6272, EPE: 4.1746
[048900] Loss: 10.9229, EPE: 4.0419
[049000] Loss: 10.8853, EPE: 4.2373
[049100] Loss: 10.5770, EPE: 4.1640
[049200] Loss: 10.6906, EPE: 4.2709
[049300] Loss: 10.8356, EPE: 4.3044
[049400] Loss: 10.9240, EPE: 5.0797
[049500] Loss: 10.4813, EPE: 3.7452
[049600] Loss: 10.7571, EPE: 4.2020
[049700] Loss: 10.6951, EPE: 4.0375
[049800] Loss: 11.4095, EPE: 5.8569
[049900] Loss: 10.6803, EPE: 4.1408
[050000] Loss: 10.7720, EPE: 4.3981
[050100] Loss: 10.8243, EPE: 3.9469
[050200] Loss: 11.0348, EPE: 4.5374
[050300] Loss: 11.0493, EPE: 4.5882
[050400] Loss: 10.7054, EPE: 4.5346
[050500] Loss: 10.6887, EPE: 3.8854
[050600] Loss: 10.7409, EPE: 4.1853
[050700] Loss: 10.7492, EPE: 4.4685
[050800] Loss: 10.4700, EPE: 4.1703
[050900] Loss: 10.9024, EPE: 4.2910
[051000] Loss: 10.6493, EPE: 4.2651
[051100] Loss: 10.6865, EPE: 3.8790
[051200] Loss: 10.8353, EPE: 4.5718
[051300] Loss: 10.7696, EPE: 4.5124
[051400] Loss: 11.1264, EPE: 5.0623
[051500] Loss: 10.7969, EPE: 4.4518
[051600] Loss: 11.0694, EPE: 4.5280
[051700] Loss: 10.8919, EPE: 4.4190
