nohup: ignoring input
 -- denoise steps: 4 

 -- recurrent iterations: 6 

Training with 22232 image pairs
/venv/waft/lib/python3.12/site-packages/torch/functional.py:505: UserWarning: torch.meshgrid: in an upcoming release, it will be required to pass the indexing argument. (Triggered internally at /pytorch/aten/src/ATen/native/TensorShape.cpp:4317.)
  return _VF.meshgrid(tensors, **kwargs)  # type: ignore[attr-defined]
[000000] Loss: 61.2679, EPE: 21.7330
[000100] Loss: 56.9677, EPE: 20.3693
[000200] Loss: 56.5794, EPE: 20.2325
[000300] Loss: 58.0560, EPE: 20.8039
[000400] Loss: 61.4142, EPE: 22.1704
[000500] Loss: 56.7249, EPE: 20.2552
[000600] Loss: 57.3164, EPE: 20.5345
[000700] Loss: 56.1564, EPE: 20.1399
[000800] Loss: 57.2185, EPE: 20.5432
[000900] Loss: 58.5481, EPE: 20.9634
[001000] Loss: 62.2967, EPE: 22.3687
[001100] Loss: 59.0133, EPE: 21.1264
[001200] Loss: 57.0553, EPE: 20.2493
[001300] Loss: 58.8454, EPE: 20.8617
[001400] Loss: 50.8757, EPE: 20.3405
[001500] Loss: 18.9014, EPE: 23.0846
[001600] Loss: 18.5394, EPE: 22.2652
[001700] Loss: 17.7132, EPE: 20.3322
[001800] Loss: 17.7111, EPE: 19.9329
[001900] Loss: 17.7032, EPE: 20.7972
[002000] Loss: 17.7626, EPE: 21.1900
[002100] Loss: 17.6239, EPE: 21.5017
[002200] Loss: 17.5024, EPE: 21.0770
[002300] Loss: 17.3886, EPE: 21.0612
[002400] Loss: 17.2197, EPE: 20.7744
[002500] Loss: 17.0556, EPE: 20.1454
[002600] Loss: 16.8812, EPE: 19.4464
[002700] Loss: 17.0177, EPE: 20.0702
[002800] Loss: 16.6166, EPE: 18.6289
[002900] Loss: 17.0816, EPE: 20.5167
[003000] Loss: 16.7651, EPE: 20.1394
[003100] Loss: 16.7615, EPE: 19.0641
[003200] Loss: 17.2724, EPE: 21.2712
[003300] Loss: 16.8454, EPE: 19.5355
[003400] Loss: 17.0547, EPE: 21.0293
[003500] Loss: 17.2179, EPE: 20.6531
[003600] Loss: 16.9086, EPE: 20.3200
[003700] Loss: 16.7557, EPE: 19.8476
[003800] Loss: 16.8159, EPE: 20.1165
[003900] Loss: 16.7862, EPE: 20.0376
[004000] Loss: 16.4895, EPE: 18.5980
[004100] Loss: 16.8111, EPE: 19.3179
[004200] Loss: 17.2775, EPE: 22.4251
[004300] Loss: 16.4273, EPE: 18.7938
[004400] Loss: 16.4034, EPE: 18.8059
[004500] Loss: 16.3945, EPE: 18.2437
[004600] Loss: 16.7688, EPE: 20.1054
[004700] Loss: 15.8947, EPE: 17.2726
[004800] Loss: 16.2689, EPE: 18.2685
[004900] Loss: 16.2472, EPE: 17.7932
[005000] Loss: 16.2398, EPE: 17.8423
[005100] Loss: 15.7403, EPE: 16.8677
[005200] Loss: 15.9544, EPE: 16.5094
[005300] Loss: 16.0479, EPE: 18.4008
[005400] Loss: 16.3340, EPE: 19.6218
[005500] Loss: 15.9127, EPE: 16.4778
[005600] Loss: 16.0131, EPE: 17.7711
[005700] Loss: 16.3605, EPE: 18.4612
[005800] Loss: 15.9862, EPE: 16.6285
[005900] Loss: 15.7360, EPE: 16.1810
[006000] Loss: 15.7176, EPE: 16.2560
[006100] Loss: 15.9996, EPE: 17.3235
[006200] Loss: 15.7553, EPE: 16.7129
[006300] Loss: 15.5337, EPE: 15.5053
[006400] Loss: 15.7894, EPE: 16.6790
[006500] Loss: 15.4128, EPE: 15.0832
[006600] Loss: 15.4997, EPE: 15.9714
[006700] Loss: 15.3701, EPE: 14.7102
[006800] Loss: 15.3939, EPE: 15.9755
[006900] Loss: 15.2416, EPE: 14.4551
[007000] Loss: 15.8379, EPE: 18.0798
[007100] Loss: 15.2645, EPE: 14.5019
[007200] Loss: 14.9942, EPE: 14.2452
[007300] Loss: 15.0152, EPE: 14.4042
[007400] Loss: 14.7908, EPE: 13.6864
[007500] Loss: 15.0969, EPE: 14.8220
[007600] Loss: 14.8641, EPE: 14.1860
[007700] Loss: 14.6771, EPE: 13.2539
[007800] Loss: 14.6001, EPE: 13.7117
[007900] Loss: 15.0006, EPE: 13.9486
[008000] Loss: 14.8051, EPE: 13.7103
[008100] Loss: 14.3431, EPE: 12.3807
[008200] Loss: 14.5788, EPE: 13.0369
[008300] Loss: 14.8809, EPE: 14.0056
[008400] Loss: 15.0751, EPE: 14.6502
[008500] Loss: 14.5367, EPE: 13.1969
[008600] Loss: 14.7162, EPE: 13.6280
[008700] Loss: 14.6007, EPE: 13.4878
[008800] Loss: 15.4666, EPE: 16.5332
[008900] Loss: 14.1903, EPE: 12.9191
[009000] Loss: 14.2937, EPE: 12.7669
[009100] Loss: 14.4474, EPE: 13.0873
[009200] Loss: 13.7039, EPE: 11.3608
[009300] Loss: 14.5120, EPE: 13.6468
[009400] Loss: 14.2393, EPE: 12.3813
[009500] Loss: 13.9176, EPE: 12.4038
[009600] Loss: 14.4303, EPE: 14.3686
[009700] Loss: 14.1099, EPE: 12.4558
[009800] Loss: 13.6163, EPE: 11.4244
[009900] Loss: 14.7026, EPE: 13.5586
[010000] Loss: 14.0331, EPE: 12.4370
[010100] Loss: 14.3465, EPE: 13.2541
[010200] Loss: 13.7925, EPE: 11.9560
[010300] Loss: 13.5663, EPE: 11.6381
[010400] Loss: 13.6511, EPE: 11.2820
[010500] Loss: 14.7653, EPE: 15.1521
[010600] Loss: 14.3216, EPE: 13.6880
[010700] Loss: 14.1545, EPE: 12.9158
[010800] Loss: 13.2970, EPE: 11.6195
[010900] Loss: 13.3525, EPE: 10.8719
[011000] Loss: 13.5015, EPE: 11.5308
[011100] Loss: 12.8306, EPE: 10.1742
[011200] Loss: 12.7404, EPE: 9.2234
[011300] Loss: 13.9873, EPE: 12.4436
[011400] Loss: 12.7658, EPE: 10.5059
[011500] Loss: 13.1394, EPE: 10.8131
[011600] Loss: 12.8460, EPE: 10.2248
[011700] Loss: 12.5360, EPE: 10.3020
[011800] Loss: 12.7960, EPE: 10.5560
[011900] Loss: 12.1831, EPE: 9.9386
[012000] Loss: 12.6888, EPE: 10.5029
[012100] Loss: 11.8419, EPE: 8.8190
[012200] Loss: 11.2573, EPE: 9.3002
[012300] Loss: 11.5874, EPE: 8.8168
[012400] Loss: 10.8490, EPE: 8.2545
[012500] Loss: 10.9746, EPE: 8.1989
[012600] Loss: 10.6577, EPE: 8.3037
[012700] Loss: 11.5724, EPE: 9.6851
[012800] Loss: 11.1047, EPE: 9.4118
[012900] Loss: 11.5032, EPE: 9.4276
[013000] Loss: 11.1309, EPE: 8.8098
[013100] Loss: 12.8971, EPE: 11.9877
[013200] Loss: 13.3336, EPE: 11.7572
[013300] Loss: 11.7780, EPE: 9.6727
[013400] Loss: 12.4112, EPE: 10.8643
[013500] Loss: 11.7087, EPE: 9.5759
[013600] Loss: 12.1201, EPE: 9.7429
[013700] Loss: 11.4087, EPE: 9.5778
[013800] Loss: 11.3745, EPE: 9.3505
[013900] Loss: 11.9942, EPE: 9.9752
[014000] Loss: 10.7160, EPE: 8.4409
[014100] Loss: 11.4991, EPE: 9.2645
[014200] Loss: 11.1450, EPE: 8.7610
[014300] Loss: 10.5810, EPE: 7.7966
[014400] Loss: 11.8654, EPE: 9.8658
[014500] Loss: 11.5770, EPE: 9.9948
[014600] Loss: 12.6662, EPE: 10.5210
[014700] Loss: 10.4728, EPE: 8.0317
[014800] Loss: 10.8470, EPE: 8.7855
[014900] Loss: 11.6000, EPE: 9.5078
[015000] Loss: 10.9107, EPE: 9.2293
[015100] Loss: 10.4109, EPE: 8.7380
[015200] Loss: 10.6042, EPE: 8.6372
[015300] Loss: 11.3170, EPE: 11.0483
[015400] Loss: 11.1340, EPE: 9.3273
[015500] Loss: 10.7436, EPE: 8.2647
[015600] Loss: 11.0096, EPE: 8.7246
[015700] Loss: 11.0846, EPE: 9.0393
[015800] Loss: 10.4727, EPE: 8.0180
[015900] Loss: 10.1455, EPE: 8.4778
[016000] Loss: 9.6713, EPE: 6.8103
[016100] Loss: 11.8095, EPE: 11.1203
[016200] Loss: 10.3776, EPE: 8.5773
[016300] Loss: 9.9725, EPE: 7.8859
[016400] Loss: 11.0136, EPE: 8.9219
[016500] Loss: 11.5381, EPE: 10.2008
[016600] Loss: 11.5335, EPE: 9.3250
[016700] Loss: 10.5022, EPE: 8.7460
[016800] Loss: 10.4892, EPE: 9.0614
[016900] Loss: 10.8582, EPE: 8.9904
[017000] Loss: 9.9655, EPE: 7.3962
[017100] Loss: 10.6197, EPE: 8.0751
[017200] Loss: 10.4472, EPE: 7.8578
[017300] Loss: 10.0797, EPE: 7.9058
[017400] Loss: 10.5928, EPE: 9.2711
[017500] Loss: 10.6511, EPE: 8.6650
[017600] Loss: 10.1231, EPE: 7.8056
[017700] Loss: 9.8685, EPE: 7.5671
[017800] Loss: 10.2975, EPE: 8.1089
[017900] Loss: 11.5296, EPE: 8.8751
[018000] Loss: 10.5744, EPE: 8.5339
[018100] Loss: 10.3923, EPE: 7.5732
[018200] Loss: 10.3846, EPE: 7.7924
[018300] Loss: 9.5554, EPE: 7.2447
[018400] Loss: 9.5722, EPE: 7.4275
[018500] Loss: 10.0466, EPE: 8.1291
[018600] Loss: 12.3960, EPE: 10.0966
[018700] Loss: 9.9944, EPE: 7.7626
[018800] Loss: 9.4134, EPE: 7.6318
[018900] Loss: 10.0706, EPE: 8.3345
[019000] Loss: 9.5041, EPE: 6.9996
[019100] Loss: 10.1162, EPE: 8.5823
[019200] Loss: 10.9459, EPE: 9.0225
[019300] Loss: 9.6373, EPE: 7.4830
[019400] Loss: 9.8778, EPE: 7.5679
[019500] Loss: 9.7254, EPE: 7.7404
[019600] Loss: 9.7684, EPE: 6.8863
[019700] Loss: 9.4610, EPE: 6.7540
[019800] Loss: 9.4519, EPE: 7.7301
[019900] Loss: 9.6949, EPE: 7.9532
[020000] Loss: 9.5565, EPE: 7.5742
[020100] Loss: 9.4814, EPE: 6.8814
[020200] Loss: 9.1041, EPE: 6.6529
[020300] Loss: 9.2710, EPE: 6.4885
[020400] Loss: 9.3610, EPE: 7.2546
[020500] Loss: 10.0209, EPE: 7.7047
[020600] Loss: 9.1092, EPE: 7.2716
[020700] Loss: 9.0618, EPE: 7.7545
[020800] Loss: 9.3549, EPE: 7.2161
[020900] Loss: 9.1655, EPE: 7.0444
[021000] Loss: 9.5587, EPE: 7.7235
[021100] Loss: 8.7195, EPE: 6.7865
[021200] Loss: 9.1364, EPE: 6.6675
[021300] Loss: 9.0768, EPE: 7.2542
[021400] Loss: 8.8207, EPE: 6.7510
[021500] Loss: 9.1439, EPE: 7.5421
[021600] Loss: 8.9127, EPE: 6.5369
[021700] Loss: 8.6966, EPE: 6.2307
[021800] Loss: 8.9820, EPE: 6.4074
[021900] Loss: 9.0104, EPE: 6.8475
[022000] Loss: 8.8836, EPE: 6.9035
[022100] Loss: 9.0720, EPE: 6.8449
[022200] Loss: 8.9928, EPE: 6.8094
[022300] Loss: 8.6640, EPE: 6.9474
[022400] Loss: 9.0450, EPE: 7.3317
[022500] Loss: 8.5557, EPE: 6.2496
[022600] Loss: 8.9458, EPE: 6.8696
[022700] Loss: 8.7073, EPE: 6.1419
[022800] Loss: 8.4298, EPE: 5.2588
[022900] Loss: 8.9267, EPE: 6.8106
[023000] Loss: 8.6235, EPE: 6.5525
[023100] Loss: 8.4409, EPE: 6.2711
[023200] Loss: 8.7312, EPE: 6.8300
[023300] Loss: 8.4342, EPE: 5.7672
[023400] Loss: 9.3789, EPE: 7.6618
[023500] Loss: 8.9949, EPE: 7.1713
[023600] Loss: 8.8873, EPE: 7.6355
[023700] Loss: 8.8902, EPE: 6.7785
[023800] Loss: 9.3722, EPE: 7.1293
[023900] Loss: 8.8611, EPE: 7.0153
[024000] Loss: 8.7640, EPE: 6.0635
[024100] Loss: 9.0647, EPE: 6.7599
[024200] Loss: 8.8771, EPE: 6.5117
[024300] Loss: 8.8834, EPE: 6.3052
[024400] Loss: 8.5817, EPE: 5.9950
[024500] Loss: 8.8223, EPE: 6.8232
[024600] Loss: 8.6281, EPE: 6.4614
[024700] Loss: 8.6544, EPE: 6.5491
[024800] Loss: 8.6279, EPE: 5.9384
[024900] Loss: 9.0746, EPE: 6.7308
[025000] Loss: 8.2917, EPE: 6.0482
[025100] Loss: 8.3065, EPE: 5.7489
[025200] Loss: 8.6090, EPE: 5.9492
[025300] Loss: 8.5251, EPE: 6.5335
[025400] Loss: 8.9789, EPE: 6.0291
[025500] Loss: 9.2359, EPE: 7.1676
[025600] Loss: 8.5026, EPE: 6.6440
[025700] Loss: 8.8516, EPE: 6.5316
[025800] Loss: 8.5820, EPE: 6.2843
[025900] Loss: 8.5979, EPE: 6.5168
[026000] Loss: 8.8857, EPE: 6.1461
[026100] Loss: 8.4215, EPE: 6.1812
[026200] Loss: 8.3162, EPE: 6.0724
[026300] Loss: 8.4930, EPE: 6.4031
[026400] Loss: 8.6349, EPE: 6.3891
[026500] Loss: 8.2629, EPE: 5.6714
[026600] Loss: 8.5894, EPE: 6.2312
[026700] Loss: 8.0814, EPE: 5.5548
[026800] Loss: 8.6015, EPE: 6.2402
[026900] Loss: 8.3473, EPE: 6.2380
[027000] Loss: 8.1540, EPE: 6.0394
[027100] Loss: 8.3583, EPE: 5.7659
[027200] Loss: 8.3233, EPE: 5.9002
[027300] Loss: 8.1984, EPE: 5.3780
[027400] Loss: 8.5127, EPE: 6.0189
[027500] Loss: 8.6281, EPE: 6.5678
[027600] Loss: 8.6889, EPE: 6.0292
[027700] Loss: 8.3510, EPE: 5.5827
[027800] Loss: 8.5599, EPE: 6.0547
[027900] Loss: 8.3186, EPE: 6.6509
[028000] Loss: 7.9864, EPE: 5.8345
[028100] Loss: 8.7440, EPE: 6.7239
[028200] Loss: 8.3245, EPE: 6.0559
[028300] Loss: 8.2215, EPE: 5.8084
[028400] Loss: 8.5117, EPE: 5.7767
[028500] Loss: 8.3287, EPE: 5.9132
[028600] Loss: 8.1139, EPE: 5.4754
[028700] Loss: 8.3438, EPE: 6.2179
[028800] Loss: 8.1236, EPE: 5.2840
[028900] Loss: 8.0205, EPE: 5.3122
[029000] Loss: 8.9931, EPE: 7.7528
[029100] Loss: 8.6890, EPE: 6.3854
[029200] Loss: 8.2446, EPE: 5.5863
[029300] Loss: 8.3290, EPE: 6.0670
[029400] Loss: 8.5251, EPE: 5.8694
[029500] Loss: 8.6092, EPE: 6.1701
[029600] Loss: 8.8850, EPE: 6.7004
[029700] Loss: 8.2214, EPE: 5.9246
[029800] Loss: 8.2118, EPE: 5.6944
[029900] Loss: 8.5976, EPE: 5.9292
[030000] Loss: 8.2835, EPE: 5.9742
[030100] Loss: 8.0463, EPE: 6.2088
[030200] Loss: 8.0618, EPE: 5.5307
[030300] Loss: 8.2358, EPE: 6.0375
[030400] Loss: 8.0395, EPE: 5.6523
[030500] Loss: 8.3802, EPE: 5.7763
[030600] Loss: 8.5068, EPE: 6.2516
[030700] Loss: 8.3098, EPE: 6.5048
[030800] Loss: 8.4482, EPE: 6.3650
[030900] Loss: 7.9271, EPE: 5.3356
[031000] Loss: 8.0478, EPE: 5.6754
[031100] Loss: 8.2465, EPE: 6.0436
[031200] Loss: 8.2661, EPE: 6.2036
[031300] Loss: 7.9081, EPE: 5.4298
[031400] Loss: 8.3555, EPE: 6.1604
[031500] Loss: 8.7092, EPE: 6.1139
[031600] Loss: 8.2505, EPE: 6.4924
[031700] Loss: 7.9834, EPE: 5.7505
[031800] Loss: 8.0820, EPE: 6.0340
[031900] Loss: 8.2137, EPE: 5.7581
[032000] Loss: 7.9927, EPE: 5.3781
[032100] Loss: 8.4218, EPE: 6.3908
[032200] Loss: 8.3926, EPE: 6.3343
[032300] Loss: 8.4687, EPE: 6.6687
[032400] Loss: 8.0645, EPE: 5.4743
[032500] Loss: 8.4305, EPE: 6.9808
[032600] Loss: 8.4221, EPE: 5.7767
[032700] Loss: 8.1957, EPE: 5.7710
[032800] Loss: 8.1272, EPE: 6.0147
[032900] Loss: 8.1700, EPE: 5.7692
[033000] Loss: 8.0387, EPE: 5.5703
[033100] Loss: 8.1724, EPE: 5.8282
[033200] Loss: 8.0532, EPE: 5.9334
[033300] Loss: 8.0989, EPE: 5.0614
[033400] Loss: 8.0938, EPE: 5.6247
[033500] Loss: 7.9251, EPE: 4.8926
[033600] Loss: 8.1163, EPE: 5.1217
[033700] Loss: 8.2683, EPE: 6.1045
[033800] Loss: 8.1144, EPE: 5.5214
[033900] Loss: 7.8189, EPE: 5.1630
[034000] Loss: 7.9544, EPE: 5.9724
[034100] Loss: 8.0179, EPE: 5.8627
[034200] Loss: 7.9880, EPE: 5.5382
[034300] Loss: 7.8287, EPE: 5.1585
[034400] Loss: 7.8356, EPE: 4.8520
[034500] Loss: 8.0979, EPE: 5.4938
[034600] Loss: 8.0457, EPE: 5.8694
[034700] Loss: 8.1333, EPE: 4.8869
[034800] Loss: 8.2472, EPE: 5.9898
[034900] Loss: 7.9694, EPE: 5.4145
[035000] Loss: 7.8366, EPE: 5.8083
[035100] Loss: 7.7904, EPE: 5.3577
[035200] Loss: 8.0643, EPE: 5.5220
[035300] Loss: 8.0512, EPE: 6.0058
[035400] Loss: 8.1774, EPE: 5.7746
[035500] Loss: 8.6034, EPE: 6.6396
[035600] Loss: 8.2276, EPE: 5.7066
[035700] Loss: 7.9543, EPE: 5.3393
[035800] Loss: 8.3821, EPE: 6.9919
[035900] Loss: 7.8386, EPE: 5.3582
[036000] Loss: 7.9891, EPE: 5.7496
[036100] Loss: 8.2147, EPE: 5.7471
[036200] Loss: 8.3027, EPE: 6.2585
[036300] Loss: 7.9153, EPE: 5.5766
[036400] Loss: 7.9070, EPE: 5.7259
[036500] Loss: 7.9704, EPE: 6.4358
[036600] Loss: 7.6956, EPE: 5.1792
[036700] Loss: 8.1000, EPE: 6.2740
[036800] Loss: 8.0251, EPE: 5.9061
[036900] Loss: 7.5500, EPE: 4.4119
[037000] Loss: 8.0798, EPE: 6.1517
[037100] Loss: 8.0160, EPE: 5.7317
[037200] Loss: 7.7485, EPE: 5.2913
[037300] Loss: 7.8046, EPE: 5.7667
[037400] Loss: 7.7594, EPE: 5.0896
[037500] Loss: 7.9950, EPE: 5.4952
[037600] Loss: 8.4999, EPE: 6.4713
[037700] Loss: 7.9767, EPE: 4.9870
[037800] Loss: 7.8139, EPE: 4.8568
[037900] Loss: 7.8541, EPE: 6.1014
[038000] Loss: 7.6653, EPE: 4.7600
[038100] Loss: 8.0765, EPE: 5.1292
[038200] Loss: 7.9296, EPE: 5.3106
[038300] Loss: 7.8869, EPE: 5.4155
[038400] Loss: 8.1905, EPE: 6.5735
[038500] Loss: 8.2408, EPE: 6.0576
[038600] Loss: 8.1330, EPE: 6.3077
[038700] Loss: 8.0916, EPE: 6.4198
[038800] Loss: 7.7511, EPE: 5.3879
[038900] Loss: 7.6375, EPE: 5.1846
[039000] Loss: 7.8036, EPE: 5.4490
[039100] Loss: 7.4009, EPE: 5.0413
[039200] Loss: 8.0141, EPE: 5.5027
[039300] Loss: 7.7942, EPE: 5.0497
[039400] Loss: 7.7045, EPE: 4.7949
[039500] Loss: 7.7030, EPE: 5.4532
[039600] Loss: 8.0859, EPE: 5.6218
[039700] Loss: 8.0583, EPE: 5.5327
[039800] Loss: 7.6003, EPE: 4.5652
[039900] Loss: 7.5673, EPE: 5.4016
[040000] Loss: 8.0887, EPE: 6.1313
[040100] Loss: 7.7758, EPE: 5.2332
[040200] Loss: 7.8800, EPE: 6.1289
[040300] Loss: 8.0785, EPE: 5.7508
[040400] Loss: 7.9334, EPE: 5.6224
[040500] Loss: 7.6396, EPE: 5.1249
[040600] Loss: 7.6671, EPE: 5.2202
[040700] Loss: 7.7276, EPE: 5.2382
[040800] Loss: 7.9539, EPE: 5.1850
[040900] Loss: 7.7606, EPE: 5.1802
[041000] Loss: 7.5785, EPE: 5.3270
[041100] Loss: 7.5044, EPE: 5.3890
[041200] Loss: 7.7606, EPE: 5.2444
[041300] Loss: 7.8081, EPE: 5.5505
[041400] Loss: 7.7724, EPE: 5.8020
[041500] Loss: 8.0767, EPE: 5.9541
[041600] Loss: 7.8768, EPE: 5.6036
[041700] Loss: 7.7363, EPE: 5.5287
[041800] Loss: 8.0607, EPE: 5.4232
[041900] Loss: 8.0651, EPE: 5.8026
[042000] Loss: 7.4828, EPE: 4.4448
[042100] Loss: 7.6000, EPE: 4.9370
[042200] Loss: 7.9039, EPE: 5.6657
[042300] Loss: 7.7045, EPE: 5.3950
[042400] Loss: 7.5033, EPE: 5.0470
[042500] Loss: 8.0119, EPE: 5.7643
[042600] Loss: 7.8628, EPE: 5.1368
[042700] Loss: 8.0885, EPE: 5.4191
[042800] Loss: 7.8874, EPE: 5.7692
[042900] Loss: 7.7471, EPE: 5.1581
[043000] Loss: 7.6212, EPE: 4.9023
[043100] Loss: 7.7291, EPE: 5.2943
[043200] Loss: 7.7028, EPE: 5.4660
[043300] Loss: 7.5352, EPE: 4.9453
[043400] Loss: 8.1520, EPE: 5.2790
[043500] Loss: 7.9577, EPE: 5.4110
[043600] Loss: 8.0123, EPE: 5.7228
[043700] Loss: 7.7586, EPE: 5.2203
[043800] Loss: 7.6223, EPE: 4.8020
[043900] Loss: 7.8551, EPE: 6.0266
[044000] Loss: 7.4849, EPE: 4.7680
[044100] Loss: 7.9114, EPE: 5.2658
[044200] Loss: 7.4796, EPE: 4.8578
[044300] Loss: 7.9334, EPE: 6.5123
[044400] Loss: 7.5798, EPE: 4.9366
[044500] Loss: 7.8653, EPE: 5.1216
[044600] Loss: 7.7735, EPE: 5.9940
[044700] Loss: 7.6703, EPE: 5.2119
[044800] Loss: 7.5817, EPE: 4.8942
[044900] Loss: 7.5747, EPE: 5.2339
[045000] Loss: 7.8761, EPE: 6.2425
[045100] Loss: 7.8055, EPE: 5.4588
[045200] Loss: 7.4142, EPE: 5.0521
[045300] Loss: 7.4496, EPE: 4.9345
[045400] Loss: 7.8363, EPE: 5.5121
[045500] Loss: 7.6032, EPE: 5.1906
[045600] Loss: 7.6892, EPE: 5.2384
[045700] Loss: 7.4914, EPE: 4.7628
[045800] Loss: 7.4259, EPE: 4.5814
[045900] Loss: 7.6223, EPE: 5.7969
[046000] Loss: 7.7139, EPE: 5.4551
[046100] Loss: 7.5862, EPE: 4.9142
[046200] Loss: 7.5649, EPE: 4.6504
[046300] Loss: 7.7726, EPE: 5.8296
[046400] Loss: 7.8087, EPE: 5.2753
[046500] Loss: 7.5852, EPE: 4.8110
[046600] Loss: 7.7318, EPE: 5.2466
[046700] Loss: 7.9215, EPE: 5.2601
[046800] Loss: 7.8583, EPE: 5.3577
[046900] Loss: 7.9470, EPE: 5.7897
[047000] Loss: 7.3843, EPE: 4.5266
[047100] Loss: 7.8322, EPE: 5.2621
[047200] Loss: 7.7604, EPE: 4.9748
[047300] Loss: 7.3449, EPE: 4.9589
[047400] Loss: 7.4679, EPE: 5.5765
[047500] Loss: 7.3807, EPE: 4.8968
[047600] Loss: 7.4027, EPE: 5.0122
[047700] Loss: 8.0257, EPE: 5.0885
[047800] Loss: 7.6727, EPE: 5.1357
[047900] Loss: 7.5448, EPE: 4.6005
[048000] Loss: 7.4941, EPE: 4.2473
[048100] Loss: 7.5376, EPE: 5.1397
[048200] Loss: 7.5612, EPE: 4.6891
[048300] Loss: 7.4577, EPE: 5.3759
[048400] Loss: 7.6466, EPE: 5.2487
[048500] Loss: 7.4499, EPE: 5.2699
[048600] Loss: 7.6224, EPE: 5.5241
[048700] Loss: 7.5181, EPE: 4.6766
[048800] Loss: 7.5223, EPE: 5.2160
[048900] Loss: 7.1876, EPE: 4.3005
[049000] Loss: 7.4581, EPE: 5.1191
[049100] Loss: 7.2808, EPE: 5.0341
[049200] Loss: 7.4854, EPE: 5.0329
[049300] Loss: 7.3108, EPE: 4.3996
[049400] Loss: 7.4623, EPE: 4.7804
[049500] Loss: 7.3678, EPE: 4.3486
