nohup: ignoring input
 -- denoise steps: 4 

 -- recurrent iterations: 6 

Training with 22232 image pairs
/venv/waft/lib/python3.12/site-packages/torch/functional.py:505: UserWarning: torch.meshgrid: in an upcoming release, it will be required to pass the indexing argument. (Triggered internally at /pytorch/aten/src/ATen/native/TensorShape.cpp:4317.)
  return _VF.meshgrid(tensors, **kwargs)  # type: ignore[attr-defined]
[000000] Loss: 73.9782, EPE: 19.7980
[000100] Loss: 51.1509, EPE: 20.7092
[000200] Loss: 25.7560, EPE: 21.4775
[000300] Loss: 27.0086, EPE: 20.6321
[000400] Loss: 29.4080, EPE: 23.2418
[000500] Loss: 29.0865, EPE: 24.8929
[000600] Loss: 27.6895, EPE: 22.9743
[000700] Loss: 25.3829, EPE: 22.6209
[000800] Loss: 24.2712, EPE: 20.5215
[000900] Loss: 24.3556, EPE: 21.6579
[001000] Loss: 24.3719, EPE: 21.1718
[001100] Loss: 24.4694, EPE: 21.0149
[001200] Loss: 24.4798, EPE: 20.9451
[001300] Loss: 24.9652, EPE: 20.5085
[001400] Loss: 25.8599, EPE: 22.3779
[001500] Loss: 23.8509, EPE: 19.6767
[001600] Loss: 24.5474, EPE: 21.4732
[001700] Loss: 24.3113, EPE: 21.7779
[001800] Loss: 23.3599, EPE: 19.1769
[001900] Loss: 23.7224, EPE: 20.3834
[002000] Loss: 23.5107, EPE: 20.4412
[002100] Loss: 23.3877, EPE: 19.7340
[002200] Loss: 23.9640, EPE: 20.1808
[002300] Loss: 25.1866, EPE: 21.3036
[002400] Loss: 24.1184, EPE: 21.1199
[002500] Loss: 23.4641, EPE: 19.5572
[002600] Loss: 23.4473, EPE: 20.1059
[002700] Loss: 23.3426, EPE: 19.9775
[002800] Loss: 23.5863, EPE: 20.4882
[002900] Loss: 23.5640, EPE: 20.8325
[003000] Loss: 23.8661, EPE: 21.7787
[003100] Loss: 23.4386, EPE: 20.4481
[003200] Loss: 23.1145, EPE: 19.0221
[003300] Loss: 23.1312, EPE: 19.8604
[003400] Loss: 23.5307, EPE: 20.7638
[003500] Loss: 23.4866, EPE: 20.8751
[003600] Loss: 23.1686, EPE: 19.7454
[003700] Loss: 22.9624, EPE: 18.8670
[003800] Loss: 23.0336, EPE: 20.0176
[003900] Loss: 23.5791, EPE: 21.2351
[004000] Loss: 23.2845, EPE: 20.1515
[004100] Loss: 22.9781, EPE: 19.2194
[004200] Loss: 23.0638, EPE: 19.6647
[004300] Loss: 22.5737, EPE: 18.4187
[004400] Loss: 23.1677, EPE: 19.9673
[004500] Loss: 22.2474, EPE: 17.1424
[004600] Loss: 23.0066, EPE: 20.0203
[004700] Loss: 22.7997, EPE: 19.4349
[004800] Loss: 22.5884, EPE: 18.2425
[004900] Loss: 21.9896, EPE: 16.9736
[005000] Loss: 22.3215, EPE: 17.0316
[005100] Loss: 22.3644, EPE: 17.8780
[005200] Loss: 22.3942, EPE: 17.8460
[005300] Loss: 21.8726, EPE: 15.7720
[005400] Loss: 21.7514, EPE: 15.7158
[005500] Loss: 22.3887, EPE: 17.4671
[005600] Loss: 21.8271, EPE: 16.3459
[005700] Loss: 21.7434, EPE: 16.7462
[005800] Loss: 21.2509, EPE: 15.3486
[005900] Loss: 21.0829, EPE: 14.5169
[006000] Loss: 21.2101, EPE: 15.1923
[006100] Loss: 21.1602, EPE: 15.0801
[006200] Loss: 20.8091, EPE: 14.3873
[006300] Loss: 21.2146, EPE: 15.3607
[006400] Loss: 20.8270, EPE: 14.4395
[006500] Loss: 21.2069, EPE: 14.7022
[006600] Loss: 20.9988, EPE: 13.9601
[006700] Loss: 20.0286, EPE: 12.7238
[006800] Loss: 20.3215, EPE: 13.9049
[006900] Loss: 20.3633, EPE: 14.3912
[007000] Loss: 20.4690, EPE: 13.4827
[007100] Loss: 20.0356, EPE: 12.9313
[007200] Loss: 19.9118, EPE: 13.2168
[007300] Loss: 20.0065, EPE: 12.4389
[007400] Loss: 19.9143, EPE: 12.8508
[007500] Loss: 20.0587, EPE: 13.0859
[007600] Loss: 19.9512, EPE: 12.2126
[007700] Loss: 19.4942, EPE: 11.7607
[007800] Loss: 19.4916, EPE: 11.5349
[007900] Loss: 19.7343, EPE: 12.4850
[008000] Loss: 19.4828, EPE: 12.8704
[008100] Loss: 19.3942, EPE: 11.8948
[008200] Loss: 19.4280, EPE: 11.9996
[008300] Loss: 19.0997, EPE: 11.0524
[008400] Loss: 19.2856, EPE: 11.2603
[008500] Loss: 19.3529, EPE: 11.9897
[008600] Loss: 18.8147, EPE: 10.7001
[008700] Loss: 19.2454, EPE: 11.4910
[008800] Loss: 19.0721, EPE: 11.6517
[008900] Loss: 18.7237, EPE: 11.2240
[009000] Loss: 18.5566, EPE: 11.0723
[009100] Loss: 18.2814, EPE: 10.9542
[009200] Loss: 18.0890, EPE: 10.6818
[009300] Loss: 17.4036, EPE: 9.6404
[009400] Loss: 17.1637, EPE: 9.6950
[009500] Loss: 15.8884, EPE: 8.2991
[009600] Loss: 15.4491, EPE: 8.1480
[009700] Loss: 15.5406, EPE: 8.0986
[009800] Loss: 15.7788, EPE: 8.1606
[009900] Loss: 16.2168, EPE: 9.9840
[010000] Loss: 15.6349, EPE: 9.1143
[010100] Loss: 15.4015, EPE: 8.9854
[010200] Loss: 15.3242, EPE: 8.5319
[010300] Loss: 14.6398, EPE: 7.5608
[010400] Loss: 15.1765, EPE: 8.1128
[010500] Loss: 14.7750, EPE: 7.9955
[010600] Loss: 14.9061, EPE: 7.5093
[010700] Loss: 14.9370, EPE: 7.5925
[010800] Loss: 14.9910, EPE: 8.1606
[010900] Loss: 14.7045, EPE: 7.9863
[011000] Loss: 14.8208, EPE: 8.3869
[011100] Loss: 14.3022, EPE: 8.0722
[011200] Loss: 14.4081, EPE: 8.2209
[011300] Loss: 13.9400, EPE: 7.2168
[011400] Loss: 14.3607, EPE: 7.8539
[011500] Loss: 13.9662, EPE: 8.1645
[011600] Loss: 14.6151, EPE: 7.4583
[011700] Loss: 14.3340, EPE: 7.5439
[011800] Loss: 14.0075, EPE: 7.1305
[011900] Loss: 13.6374, EPE: 7.2402
[012000] Loss: 14.0853, EPE: 7.9643
[012100] Loss: 13.9861, EPE: 7.8060
[012200] Loss: 14.0860, EPE: 7.4771
[012300] Loss: 13.6928, EPE: 8.1860
[012400] Loss: 13.6584, EPE: 7.7900
[012500] Loss: 14.2105, EPE: 7.6509
[012600] Loss: 13.9885, EPE: 7.3850
[012700] Loss: 13.2535, EPE: 6.4797
[012800] Loss: 13.5830, EPE: 7.4579
[012900] Loss: 13.2632, EPE: 6.3854
[013000] Loss: 13.6673, EPE: 7.9707
[013100] Loss: 13.5865, EPE: 7.4056
[013200] Loss: 13.1746, EPE: 6.5452
[013300] Loss: 13.3988, EPE: 6.2549
[013400] Loss: 13.7965, EPE: 7.6056
[013500] Loss: 13.3229, EPE: 6.4297
[013600] Loss: 13.1205, EPE: 7.0212
[013700] Loss: 13.3274, EPE: 7.2057
[013800] Loss: 13.7185, EPE: 7.7489
[013900] Loss: 13.2984, EPE: 6.5235
[014000] Loss: 12.9668, EPE: 7.0316
[014100] Loss: 13.1701, EPE: 7.3900
[014200] Loss: 13.8348, EPE: 7.3274
[014300] Loss: 13.3429, EPE: 7.2932
[014400] Loss: 13.6399, EPE: 7.0360
[014500] Loss: 12.9816, EPE: 7.1231
[014600] Loss: 13.3769, EPE: 7.7821
[014700] Loss: 13.0239, EPE: 7.1749
[014800] Loss: 13.1753, EPE: 6.9404
[014900] Loss: 12.7209, EPE: 6.5954
[015000] Loss: 12.9940, EPE: 6.6444
[015100] Loss: 13.0690, EPE: 6.8221
[015200] Loss: 12.8240, EPE: 7.0077
[015300] Loss: 13.2851, EPE: 7.5095
[015400] Loss: 13.2179, EPE: 7.6731
[015500] Loss: 13.2145, EPE: 7.2141
[015600] Loss: 12.7566, EPE: 6.5413
[015700] Loss: 13.1581, EPE: 7.0053
[015800] Loss: 12.8954, EPE: 6.6841
[015900] Loss: 12.9603, EPE: 6.9734
[016000] Loss: 12.3347, EPE: 6.0657
[016100] Loss: 12.1375, EPE: 5.7461
[016200] Loss: 12.3511, EPE: 6.4305
[016300] Loss: 12.9089, EPE: 7.0403
[016400] Loss: 12.3217, EPE: 6.5732
[016500] Loss: 12.9240, EPE: 6.8705
[016600] Loss: 12.5583, EPE: 7.1758
[016700] Loss: 12.7190, EPE: 6.6395
[016800] Loss: 12.3172, EPE: 6.5852
[016900] Loss: 12.5588, EPE: 6.9587
[017000] Loss: 12.3680, EPE: 6.6873
[017100] Loss: 12.0694, EPE: 6.1979
[017200] Loss: 12.7141, EPE: 6.6580
[017300] Loss: 12.4693, EPE: 6.3492
[017400] Loss: 11.9901, EPE: 5.9934
[017500] Loss: 12.3914, EPE: 6.8373
[017600] Loss: 12.4255, EPE: 6.5388
[017700] Loss: 11.8276, EPE: 5.5625
[017800] Loss: 12.3481, EPE: 7.2727
[017900] Loss: 12.4167, EPE: 6.2733
[018000] Loss: 12.2606, EPE: 6.1896
[018100] Loss: 12.3794, EPE: 6.9772
[018200] Loss: 12.3364, EPE: 6.6619
[018300] Loss: 12.0773, EPE: 6.0123
[018400] Loss: 12.3449, EPE: 6.8401
[018500] Loss: 12.0439, EPE: 6.2231
[018600] Loss: 12.5142, EPE: 6.3083
[018700] Loss: 12.3786, EPE: 6.7864
[018800] Loss: 12.3978, EPE: 6.4402
[018900] Loss: 12.3244, EPE: 6.8182
[019000] Loss: 12.1475, EPE: 6.0802
[019100] Loss: 12.1231, EPE: 6.0120
[019200] Loss: 11.8866, EPE: 6.2278
[019300] Loss: 12.0547, EPE: 5.9371
[019400] Loss: 12.3015, EPE: 6.3628
[019500] Loss: 12.1856, EPE: 6.4897
[019600] Loss: 12.1176, EPE: 6.4575
[019700] Loss: 11.9657, EPE: 6.0207
[019800] Loss: 11.9096, EPE: 5.6436
[019900] Loss: 12.3467, EPE: 7.1542
[020000] Loss: 12.3134, EPE: 6.4447
[020100] Loss: 12.3953, EPE: 7.2587
[020200] Loss: 12.2668, EPE: 6.2420
[020300] Loss: 11.6157, EPE: 5.5413
[020400] Loss: 11.9552, EPE: 6.0337
[020500] Loss: 12.3996, EPE: 6.8802
[020600] Loss: 11.8697, EPE: 5.9863
[020700] Loss: 11.8046, EPE: 6.2882
[020800] Loss: 11.9506, EPE: 6.5509
[020900] Loss: 11.6622, EPE: 6.1537
[021000] Loss: 11.8475, EPE: 6.5780
[021100] Loss: 11.7332, EPE: 5.7808
[021200] Loss: 11.6892, EPE: 5.6812
[021300] Loss: 12.0418, EPE: 6.8882
[021400] Loss: 11.6289, EPE: 5.6366
